[ 2013-09-08T13:44:26+08:00 ] 127.0.0.1 /papawithme/
INFO: [ app_begin ] --START--
INFO: Run ReadHtmlCache Behavior [ RunTime:0.012472s ]
INFO: [ app_begin ] --END-- [ RunTime:0.038468s ]
INFO: [ view_template ] --START--
INFO: Run LocationTemplate Behavior [ RunTime:0.014827s ]
INFO: [ view_template ] --END-- [ RunTime:0.014920s ]
INFO: [ view_parse ] --START--
INFO: Run ParseTemplate Behavior [ RunTime:0.021481s ]
INFO: [ view_parse ] --END-- [ RunTime:0.021631s ]
INFO: [ view_filter ] --START--
INFO: Run ContentReplace Behavior [ RunTime:0.008421s ]
INFO: Run TokenBuild Behavior [ RunTime:0.009634s ]
INFO: Run WriteHtmlCache Behavior [ RunTime:0.012309s ]
INFO: Run ShowRuntime Behavior [ RunTime:0.000741s ]
INFO: [ view_filter ] --END-- [ RunTime:0.031342s ]
INFO: [ view_end ] --START--
INFO: Run ShowPageTrace Behavior [ RunTime:0.009594s ]
INFO: [ view_end ] --END-- [ RunTime:0.009675s ]

[ 2013-09-08T13:44:30+08:00 ] 127.0.0.1 /papawithme/index.php/Home
INFO: [ route_check ] --START--
INFO: Run CheckRoute Behavior [ RunTime:0.048134s ]
INFO: [ route_check ] --END-- [ RunTime:0.048229s ]
INFO: [ app_begin ] --START--
INFO: Run ReadHtmlCache Behavior [ RunTime:0.000476s ]
INFO: [ app_begin ] --END-- [ RunTime:0.000546s ]
INFO: [ view_template ] --START--
INFO: Run LocationTemplate Behavior [ RunTime:0.000402s ]
INFO: [ view_template ] --END-- [ RunTime:0.000476s ]
INFO: [ view_parse ] --START--
INFO: Run ParseTemplate Behavior [ RunTime:0.008028s ]
INFO: [ view_parse ] --END-- [ RunTime:0.008258s ]
INFO: [ view_filter ] --START--
INFO: Run ContentReplace Behavior [ RunTime:0.000834s ]
INFO: Run TokenBuild Behavior [ RunTime:0.000678s ]
INFO: Run WriteHtmlCache Behavior [ RunTime:0.000278s ]
INFO: Run ShowRuntime Behavior [ RunTime:0.000391s ]
INFO: [ view_filter ] --END-- [ RunTime:0.002466s ]
INFO: [ view_end ] --START--
INFO: Run ShowPageTrace Behavior [ RunTime:0.000448s ]
INFO: [ view_end ] --END-- [ RunTime:0.000514s ]
INFO: [ view_template ] --START--
INFO: Run LocationTemplate Behavior [ RunTime:0.000178s ]
INFO: [ view_template ] --END-- [ RunTime:-0.011593s ]
INFO: [ view_parse ] --START--
INFO: Run ParseTemplate Behavior [ RunTime:0.001874s ]
INFO: [ view_parse ] --END-- [ RunTime:-0.003576s ]
INFO: [ view_filter ] --START--
INFO: Run ContentReplace Behavior [ RunTime:0.000059s ]
INFO: Run TokenBuild Behavior [ RunTime:0.000052s ]
INFO: Run WriteHtmlCache Behavior [ RunTime:0.000012s ]
INFO: Run ShowRuntime Behavior [ RunTime:0.000084s ]
INFO: [ view_filter ] --END-- [ RunTime:-0.002949s ]
INFO: [ view_end ] --START--
INFO: Run ShowPageTrace Behavior [ RunTime:0.000041s ]
INFO: [ view_end ] --END-- [ RunTime:-0.002764s ]

[ 2013-09-08T13:59:12+08:00 ] 127.0.0.1 /papawithme/index.php/Home
INFO: [ route_check ] --START--
INFO: Run CheckRoute Behavior [ RunTime:0.000798s ]
INFO: [ route_check ] --END-- [ RunTime:0.000888s ]
INFO: [ app_begin ] --START--
INFO: Run ReadHtmlCache Behavior [ RunTime:0.000604s ]
INFO: [ app_begin ] --END-- [ RunTime:0.000674s ]
INFO: [ view_template ] --START--
INFO: Run LocationTemplate Behavior [ RunTime:0.000583s ]
INFO: [ view_template ] --END-- [ RunTime:0.000659s ]
INFO: [ view_parse ] --START--
INFO: Run ParseTemplate Behavior [ RunTime:0.007839s ]
INFO: [ view_parse ] --END-- [ RunTime:0.007921s ]
INFO: [ view_filter ] --START--
INFO: Run ContentReplace Behavior [ RunTime:0.000517s ]
INFO: Run TokenBuild Behavior [ RunTime:0.000469s ]
INFO: Run WriteHtmlCache Behavior [ RunTime:0.000387s ]
INFO: Run ShowRuntime Behavior [ RunTime:0.000524s ]
INFO: [ view_filter ] --END-- [ RunTime:0.002082s ]
INFO: [ view_end ] --START--
INFO: Run ShowPageTrace Behavior [ RunTime:0.000590s ]
INFO: [ view_end ] --END-- [ RunTime:0.000654s ]
INFO: [ view_template ] --START--
INFO: Run LocationTemplate Behavior [ RunTime:0.000161s ]
INFO: [ view_template ] --END-- [ RunTime:-0.010895s ]
INFO: [ view_parse ] --START--
INFO: Run ParseTemplate Behavior [ RunTime:0.003617s ]
INFO: [ view_parse ] --END-- [ RunTime:-0.003187s ]
INFO: [ view_filter ] --START--
INFO: Run ContentReplace Behavior [ RunTime:0.000082s ]
INFO: Run TokenBuild Behavior [ RunTime:0.000053s ]
INFO: Run WriteHtmlCache Behavior [ RunTime:0.000011s ]
INFO: Run ShowRuntime Behavior [ RunTime:0.000085s ]
INFO: [ view_filter ] --END-- [ RunTime:-0.004783s ]
INFO: [ view_end ] --START--
INFO: Run ShowPageTrace Behavior [ RunTime:0.000042s ]
INFO: [ view_end ] --END-- [ RunTime:-0.004488s ]

[ 2013-09-08T14:00:12+08:00 ] 127.0.0.1 /papawithme/index.php/Home
INFO: [ route_check ] --START--
INFO: Run CheckRoute Behavior [ RunTime:0.000730s ]
INFO: [ route_check ] --END-- [ RunTime:0.000818s ]
INFO: [ app_begin ] --START--
INFO: Run ReadHtmlCache Behavior [ RunTime:0.000561s ]
INFO: [ app_begin ] --END-- [ RunTime:0.000629s ]
INFO: [ view_template ] --START--
INFO: Run LocationTemplate Behavior [ RunTime:0.000624s ]
INFO: [ view_template ] --END-- [ RunTime:0.000702s ]
INFO: [ view_parse ] --START--
INFO: Run ParseTemplate Behavior [ RunTime:0.007349s ]
INFO: [ view_parse ] --END-- [ RunTime:0.007427s ]
INFO: [ view_filter ] --START--
INFO: Run ContentReplace Behavior [ RunTime:0.000497s ]
INFO: Run TokenBuild Behavior [ RunTime:0.000467s ]
INFO: Run WriteHtmlCache Behavior [ RunTime:0.000383s ]
INFO: Run ShowRuntime Behavior [ RunTime:0.000526s ]
INFO: [ view_filter ] --END-- [ RunTime:0.002059s ]
INFO: [ view_end ] --START--
INFO: Run ShowPageTrace Behavior [ RunTime:0.000572s ]
INFO: [ view_end ] --END-- [ RunTime:0.000634s ]
INFO: [ view_template ] --START--
INFO: Run LocationTemplate Behavior [ RunTime:0.000174s ]
INFO: [ view_template ] --END-- [ RunTime:-0.010358s ]
INFO: [ view_parse ] --START--
INFO: Run ParseTemplate Behavior [ RunTime:0.003623s ]
INFO: [ view_parse ] --END-- [ RunTime:-0.003158s ]
INFO: [ view_filter ] --START--
INFO: Run ContentReplace Behavior [ RunTime:0.000081s ]
INFO: Run TokenBuild Behavior [ RunTime:0.000055s ]
INFO: Run WriteHtmlCache Behavior [ RunTime:0.000012s ]
INFO: Run ShowRuntime Behavior [ RunTime:0.000085s ]
INFO: [ view_filter ] --END-- [ RunTime:-0.004785s ]
INFO: [ view_end ] --START--
INFO: Run ShowPageTrace Behavior [ RunTime:0.000041s ]
INFO: [ view_end ] --END-- [ RunTime:-0.004516s ]

[ 2013-09-08T14:00:22+08:00 ] 127.0.0.1 /papawithme/index.php/Home
INFO: [ route_check ] --START--
INFO: Run CheckRoute Behavior [ RunTime:0.000664s ]
INFO: [ route_check ] --END-- [ RunTime:0.000755s ]
INFO: [ app_begin ] --START--
INFO: Run ReadHtmlCache Behavior [ RunTime:0.000459s ]
INFO: [ app_begin ] --END-- [ RunTime:0.000529s ]
INFO: [ view_template ] --START--
INFO: Run LocationTemplate Behavior [ RunTime:0.000486s ]
INFO: [ view_template ] --END-- [ RunTime:0.000570s ]
INFO: [ view_parse ] --START--
INFO: Run ParseTemplate Behavior [ RunTime:0.007036s ]
INFO: [ view_parse ] --END-- [ RunTime:0.007113s ]
INFO: [ view_filter ] --START--
INFO: Run ContentReplace Behavior [ RunTime:0.000370s ]
INFO: Run TokenBuild Behavior [ RunTime:0.000361s ]
INFO: Run WriteHtmlCache Behavior [ RunTime:0.000277s ]
INFO: Run ShowRuntime Behavior [ RunTime:0.000420s ]
INFO: [ view_filter ] --END-- [ RunTime:0.001616s ]
INFO: [ view_end ] --START--
INFO: Run ShowPageTrace Behavior [ RunTime:0.000595s ]
INFO: [ view_end ] --END-- [ RunTime:0.000691s ]
INFO: [ view_template ] --START--
INFO: Run LocationTemplate Behavior [ RunTime:0.000216s ]
INFO: [ view_template ] --END-- [ RunTime:-0.009773s ]
INFO: [ view_parse ] --START--
INFO: Run ParseTemplate Behavior [ RunTime:0.003896s ]
INFO: [ view_parse ] --END-- [ RunTime:-0.002928s ]
INFO: [ view_filter ] --START--
INFO: Run ContentReplace Behavior [ RunTime:0.000079s ]
INFO: Run TokenBuild Behavior [ RunTime:0.000055s ]
INFO: Run WriteHtmlCache Behavior [ RunTime:0.000011s ]
INFO: Run ShowRuntime Behavior [ RunTime:0.000085s ]
INFO: [ view_filter ] --END-- [ RunTime:-0.005274s ]
INFO: [ view_end ] --START--
INFO: Run ShowPageTrace Behavior [ RunTime:0.000041s ]
INFO: [ view_end ] --END-- [ RunTime:-0.004871s ]

[ 2013-09-08T14:00:55+08:00 ] 127.0.0.1 /papawithme/index.php/Home
INFO: [ route_check ] --START--
INFO: Run CheckRoute Behavior [ RunTime:0.000662s ]
INFO: [ route_check ] --END-- [ RunTime:0.000754s ]
INFO: [ app_begin ] --START--
INFO: Run ReadHtmlCache Behavior [ RunTime:0.000463s ]
INFO: [ app_begin ] --END-- [ RunTime:0.000532s ]
INFO: [ view_template ] --START--
INFO: Run LocationTemplate Behavior [ RunTime:0.000484s ]
INFO: [ view_template ] --END-- [ RunTime:0.000561s ]
INFO: [ view_parse ] --START--
INFO: Run ParseTemplate Behavior [ RunTime:0.006943s ]
INFO: [ view_parse ] --END-- [ RunTime:0.007017s ]
INFO: [ view_filter ] --START--
INFO: Run ContentReplace Behavior [ RunTime:0.000413s ]
INFO: Run TokenBuild Behavior [ RunTime:0.000361s ]
INFO: Run WriteHtmlCache Behavior [ RunTime:0.000287s ]
INFO: Run ShowRuntime Behavior [ RunTime:0.000464s ]
INFO: [ view_filter ] --END-- [ RunTime:0.001713s ]
INFO: [ view_end ] --START--
INFO: Run ShowPageTrace Behavior [ RunTime:0.000470s ]
INFO: [ view_end ] --END-- [ RunTime:0.000538s ]
INFO: [ view_template ] --START--
INFO: Run LocationTemplate Behavior [ RunTime:0.000158s ]
INFO: [ view_template ] --END-- [ RunTime:-0.009508s ]
INFO: [ view_parse ] --START--
INFO: Run ParseTemplate Behavior [ RunTime:0.004099s ]
INFO: [ view_parse ] --END-- [ RunTime:-0.002703s ]
INFO: [ view_filter ] --START--
INFO: Run ContentReplace Behavior [ RunTime:0.000160s ]
INFO: Run TokenBuild Behavior [ RunTime:0.000077s ]
INFO: Run WriteHtmlCache Behavior [ RunTime:0.000017s ]
INFO: Run ShowRuntime Behavior [ RunTime:0.000113s ]
INFO: [ view_filter ] --END-- [ RunTime:-0.005224s ]
INFO: [ view_end ] --START--
INFO: Run ShowPageTrace Behavior [ RunTime:0.000052s ]
INFO: [ view_end ] --END-- [ RunTime:-0.005318s ]

[ 2013-09-08T14:01:38+08:00 ] 127.0.0.1 /papawithme/index.php/Home
INFO: [ route_check ] --START--
INFO: Run CheckRoute Behavior [ RunTime:0.000682s ]
INFO: [ route_check ] --END-- [ RunTime:0.000764s ]
INFO: [ app_begin ] --START--
INFO: Run ReadHtmlCache Behavior [ RunTime:0.000427s ]
INFO: [ app_begin ] --END-- [ RunTime:0.000494s ]
INFO: [ view_template ] --START--
INFO: Run LocationTemplate Behavior [ RunTime:0.000477s ]
INFO: [ view_template ] --END-- [ RunTime:0.000556s ]
INFO: [ view_parse ] --START--
INFO: Run ParseTemplate Behavior [ RunTime:0.006794s ]
INFO: [ view_parse ] --END-- [ RunTime:0.006873s ]
INFO: [ view_filter ] --START--
INFO: Run ContentReplace Behavior [ RunTime:0.000403s ]
INFO: Run TokenBuild Behavior [ RunTime:0.000387s ]
INFO: Run WriteHtmlCache Behavior [ RunTime:0.000298s ]
INFO: Run ShowRuntime Behavior [ RunTime:0.000497s ]
INFO: [ view_filter ] --END-- [ RunTime:0.001780s ]
INFO: [ view_end ] --START--
INFO: Run ShowPageTrace Behavior [ RunTime:0.000530s ]
INFO: [ view_end ] --END-- [ RunTime:0.000595s ]
INFO: [ view_template ] --START--
INFO: Run LocationTemplate Behavior [ RunTime:0.000162s ]
INFO: [ view_template ] --END-- [ RunTime:-0.009516s ]
INFO: [ view_parse ] --START--
INFO: Run ParseTemplate Behavior [ RunTime:0.002041s ]
INFO: [ view_parse ] --END-- [ RunTime:-0.002880s ]
INFO: [ view_filter ] --START--
INFO: Run ContentReplace Behavior [ RunTime:0.000056s ]
INFO: Run TokenBuild Behavior [ RunTime:0.000051s ]
INFO: Run WriteHtmlCache Behavior [ RunTime:0.000012s ]
INFO: Run ShowRuntime Behavior [ RunTime:0.000075s ]
INFO: [ view_filter ] --END-- [ RunTime:-0.003214s ]
INFO: [ view_end ] --START--
INFO: Run ShowPageTrace Behavior [ RunTime:0.000042s ]
INFO: [ view_end ] --END-- [ RunTime:-0.002933s ]

[ 2013-09-08T14:01:41+08:00 ] 127.0.0.1 /papawithme/index.php/Home
INFO: [ route_check ] --START--
INFO: Run CheckRoute Behavior [ RunTime:0.000558s ]
INFO: [ route_check ] --END-- [ RunTime:0.000641s ]
INFO: [ app_begin ] --START--
INFO: Run ReadHtmlCache Behavior [ RunTime:0.000407s ]
INFO: [ app_begin ] --END-- [ RunTime:0.000477s ]
INFO: [ view_template ] --START--
INFO: Run LocationTemplate Behavior [ RunTime:0.000353s ]
INFO: [ view_template ] --END-- [ RunTime:0.000432s ]
INFO: [ view_parse ] --START--
INFO: Run ParseTemplate Behavior [ RunTime:0.006547s ]
INFO: [ view_parse ] --END-- [ RunTime:0.006625s ]
INFO: [ view_filter ] --START--
INFO: Run ContentReplace Behavior [ RunTime:0.000335s ]
INFO: Run TokenBuild Behavior [ RunTime:0.000309s ]
INFO: Run WriteHtmlCache Behavior [ RunTime:0.000228s ]
INFO: Run ShowRuntime Behavior [ RunTime:0.000367s ]
INFO: [ view_filter ] --END-- [ RunTime:0.001418s ]
INFO: [ view_end ] --START--
INFO: Run ShowPageTrace Behavior [ RunTime:0.000418s ]
INFO: [ view_end ] --END-- [ RunTime:0.000480s ]
INFO: [ view_template ] --START--
INFO: Run LocationTemplate Behavior [ RunTime:0.000119s ]
INFO: [ view_template ] --END-- [ RunTime:-0.008761s ]
INFO: [ view_parse ] --START--
INFO: Run ParseTemplate Behavior [ RunTime:0.001852s ]
INFO: [ view_parse ] --END-- [ RunTime:-0.002304s ]
INFO: [ view_filter ] --START--
INFO: Run ContentReplace Behavior [ RunTime:0.000056s ]
INFO: Run TokenBuild Behavior [ RunTime:0.000051s ]
INFO: Run WriteHtmlCache Behavior [ RunTime:0.000011s ]
INFO: Run ShowRuntime Behavior [ RunTime:0.000086s ]
INFO: [ view_filter ] --END-- [ RunTime:-0.002803s ]
INFO: [ view_end ] --START--
INFO: Run ShowPageTrace Behavior [ RunTime:0.000041s ]
INFO: [ view_end ] --END-- [ RunTime:-0.002647s ]

[ 2013-09-08T14:13:38+08:00 ] 127.0.0.1 /papawithme/index.php/Home
INFO: [ route_check ] --START--
INFO: Run CheckRoute Behavior [ RunTime:0.000719s ]
INFO: [ route_check ] --END-- [ RunTime:0.000802s ]
INFO: [ app_begin ] --START--
INFO: Run ReadHtmlCache Behavior [ RunTime:0.000549s ]
INFO: [ app_begin ] --END-- [ RunTime:0.000617s ]
INFO: [ view_template ] --START--
INFO: Run LocationTemplate Behavior [ RunTime:0.000580s ]
INFO: [ view_template ] --END-- [ RunTime:0.000654s ]
INFO: [ view_parse ] --START--
INFO: Run ParseTemplate Behavior [ RunTime:0.007284s ]
INFO: [ view_parse ] --END-- [ RunTime:0.007361s ]
INFO: [ view_filter ] --START--
INFO: Run ContentReplace Behavior [ RunTime:0.000499s ]
INFO: Run TokenBuild Behavior [ RunTime:0.000465s ]
INFO: Run WriteHtmlCache Behavior [ RunTime:0.000393s ]
INFO: Run ShowRuntime Behavior [ RunTime:0.000527s ]
INFO: [ view_filter ] --END-- [ RunTime:0.002069s ]
INFO: [ view_end ] --START--
INFO: Run ShowPageTrace Behavior [ RunTime:0.000588s ]
INFO: [ view_end ] --END-- [ RunTime:0.000650s ]
INFO: [ view_template ] --START--
INFO: Run LocationTemplate Behavior [ RunTime:0.000158s ]
INFO: [ view_template ] --END-- [ RunTime:-0.010316s ]
INFO: [ view_parse ] --START--
INFO: Run ParseTemplate Behavior [ RunTime:0.001863s ]
INFO: [ view_parse ] --END-- [ RunTime:-0.003164s ]
INFO: [ view_filter ] --START--
INFO: Run ContentReplace Behavior [ RunTime:0.000056s ]
INFO: Run TokenBuild Behavior [ RunTime:0.000051s ]
INFO: Run WriteHtmlCache Behavior [ RunTime:0.000011s ]
INFO: Run ShowRuntime Behavior [ RunTime:0.000077s ]
INFO: [ view_filter ] --END-- [ RunTime:-0.003020s ]
INFO: [ view_end ] --START--
INFO: Run ShowPageTrace Behavior [ RunTime:0.000041s ]
INFO: [ view_end ] --END-- [ RunTime:-0.002690s ]

[ 2013-09-08T14:13:51+08:00 ] 127.0.0.1 /papawithme/index.php/Home
INFO: [ route_check ] --START--
INFO: Run CheckRoute Behavior [ RunTime:0.000695s ]
INFO: [ route_check ] --END-- [ RunTime:0.000792s ]
INFO: [ app_begin ] --START--
INFO: Run ReadHtmlCache Behavior [ RunTime:0.000473s ]
INFO: [ app_begin ] --END-- [ RunTime:0.000543s ]
INFO: [ view_template ] --START--
INFO: Run LocationTemplate Behavior [ RunTime:0.000488s ]
INFO: [ view_template ] --END-- [ RunTime:0.000569s ]
INFO: [ view_parse ] --START--
INFO: Run ParseTemplate Behavior [ RunTime:0.006872s ]
INFO: [ view_parse ] --END-- [ RunTime:0.006948s ]
INFO: [ view_filter ] --START--
INFO: Run ContentReplace Behavior [ RunTime:0.000403s ]
INFO: Run TokenBuild Behavior [ RunTime:0.000405s ]
INFO: Run WriteHtmlCache Behavior [ RunTime:0.000314s ]
INFO: Run ShowRuntime Behavior [ RunTime:0.000489s ]
INFO: [ view_filter ] --END-- [ RunTime:0.001810s ]
INFO: [ view_end ] --START--
INFO: Run ShowPageTrace Behavior [ RunTime:0.000530s ]
INFO: [ view_end ] --END-- [ RunTime:0.000597s ]
INFO: [ view_template ] --START--
INFO: Run LocationTemplate Behavior [ RunTime:0.000164s ]
INFO: [ view_template ] --END-- [ RunTime:-0.009606s ]
INFO: [ view_parse ] --START--
INFO: Run ParseTemplate Behavior [ RunTime:0.001915s ]
INFO: [ view_parse ] --END-- [ RunTime:-0.002882s ]
INFO: [ view_filter ] --START--
INFO: Run ContentReplace Behavior [ RunTime:0.000059s ]
INFO: Run TokenBuild Behavior [ RunTime:0.000052s ]
INFO: Run WriteHtmlCache Behavior [ RunTime:0.000012s ]
INFO: Run ShowRuntime Behavior [ RunTime:0.000082s ]
INFO: [ view_filter ] --END-- [ RunTime:-0.003046s ]
INFO: [ view_end ] --START--
INFO: Run ShowPageTrace Behavior [ RunTime:0.000041s ]
INFO: [ view_end ] --END-- [ RunTime:-0.002772s ]

[ 2013-09-08T14:14:04+08:00 ] 127.0.0.1 /papawithme/index.php/Home
INFO: [ route_check ] --START--
INFO: Run CheckRoute Behavior [ RunTime:0.000650s ]
INFO: [ route_check ] --END-- [ RunTime:0.000738s ]
INFO: [ app_begin ] --START--
INFO: Run ReadHtmlCache Behavior [ RunTime:0.000505s ]
INFO: [ app_begin ] --END-- [ RunTime:0.000574s ]
INFO: [ view_template ] --START--
INFO: Run LocationTemplate Behavior [ RunTime:0.000526s ]
INFO: [ view_template ] --END-- [ RunTime:0.000617s ]
INFO: [ view_parse ] --START--
INFO: Run ParseTemplate Behavior [ RunTime:0.007094s ]
INFO: [ view_parse ] --END-- [ RunTime:0.007174s ]
INFO: [ view_filter ] --START--
INFO: Run ContentReplace Behavior [ RunTime:0.000425s ]
INFO: Run TokenBuild Behavior [ RunTime:0.000392s ]
INFO: Run WriteHtmlCache Behavior [ RunTime:0.000285s ]
INFO: Run ShowRuntime Behavior [ RunTime:0.000411s ]
INFO: [ view_filter ] --END-- [ RunTime:0.001696s ]
INFO: [ view_end ] --START--
INFO: Run ShowPageTrace Behavior [ RunTime:0.000474s ]
INFO: [ view_end ] --END-- [ RunTime:0.000538s ]
INFO: [ view_template ] --START--
INFO: Run LocationTemplate Behavior [ RunTime:0.000164s ]
INFO: [ view_template ] --END-- [ RunTime:-0.009652s ]
INFO: [ view_parse ] --START--
INFO: Run ParseTemplate Behavior [ RunTime:0.001896s ]
INFO: [ view_parse ] --END-- [ RunTime:-0.002689s ]
INFO: [ view_filter ] --START--
INFO: Run ContentReplace Behavior [ RunTime:0.000055s ]
INFO: Run TokenBuild Behavior [ RunTime:0.000052s ]
INFO: Run WriteHtmlCache Behavior [ RunTime:0.000011s ]
INFO: Run ShowRuntime Behavior [ RunTime:0.000077s ]
INFO: [ view_filter ] --END-- [ RunTime:-0.002948s ]
INFO: [ view_end ] --START--
INFO: Run ShowPageTrace Behavior [ RunTime:0.000041s ]
INFO: [ view_end ] --END-- [ RunTime:-0.002730s ]

[ 2013-09-08T14:14:29+08:00 ] 127.0.0.1 /papawithme/index.php/Home
INFO: [ route_check ] --START--
INFO: Run CheckRoute Behavior [ RunTime:0.000558s ]
INFO: [ route_check ] --END-- [ RunTime:0.000643s ]
INFO: [ app_begin ] --START--
INFO: Run ReadHtmlCache Behavior [ RunTime:0.000402s ]
INFO: [ app_begin ] --END-- [ RunTime:0.000470s ]
INFO: [ view_template ] --START--
INFO: Run LocationTemplate Behavior [ RunTime:0.000361s ]
INFO: [ view_template ] --END-- [ RunTime:0.000438s ]
INFO: [ view_parse ] --START--
INFO: Run ParseTemplate Behavior [ RunTime:0.006510s ]
INFO: [ view_parse ] --END-- [ RunTime:0.006582s ]
INFO: [ view_filter ] --START--
INFO: Run ContentReplace Behavior [ RunTime:0.000345s ]
INFO: Run TokenBuild Behavior [ RunTime:0.000313s ]
INFO: Run WriteHtmlCache Behavior [ RunTime:0.000269s ]
INFO: Run ShowRuntime Behavior [ RunTime:0.000516s ]
INFO: [ view_filter ] --END-- [ RunTime:0.001635s ]
INFO: [ view_end ] --START--
INFO: Run ShowPageTrace Behavior [ RunTime:0.000541s ]
INFO: [ view_end ] --END-- [ RunTime:0.000610s ]
INFO: [ view_template ] --START--
INFO: Run LocationTemplate Behavior [ RunTime:0.000174s ]
INFO: [ view_template ] --END-- [ RunTime:-0.009120s ]
INFO: [ view_parse ] --START--
INFO: Run ParseTemplate Behavior [ RunTime:0.001943s ]
INFO: [ view_parse ] --END-- [ RunTime:-0.002776s ]
INFO: [ view_filter ] --START--
INFO: Run ContentReplace Behavior [ RunTime:0.000057s ]
INFO: Run TokenBuild Behavior [ RunTime:0.000052s ]
INFO: Run WriteHtmlCache Behavior [ RunTime:0.000012s ]
INFO: Run ShowRuntime Behavior [ RunTime:0.000078s ]
INFO: [ view_filter ] --END-- [ RunTime:-0.003142s ]
INFO: [ view_end ] --START--
INFO: Run ShowPageTrace Behavior [ RunTime:0.000047s ]
INFO: [ view_end ] --END-- [ RunTime:-0.002822s ]

[ 2013-09-08T14:16:34+08:00 ] 127.0.0.1 /papawithme/index.php/Home
INFO: [ route_check ] --START--
INFO: Run CheckRoute Behavior [ RunTime:0.000730s ]
INFO: [ route_check ] --END-- [ RunTime:0.000815s ]
INFO: [ app_begin ] --START--
INFO: Run ReadHtmlCache Behavior [ RunTime:0.000647s ]
INFO: [ app_begin ] --END-- [ RunTime:0.000720s ]
INFO: [ view_template ] --START--
INFO: Run LocationTemplate Behavior [ RunTime:0.000650s ]
INFO: [ view_template ] --END-- [ RunTime:0.000745s ]
INFO: [ view_parse ] --START--
INFO: Run ParseTemplate Behavior [ RunTime:0.007745s ]
INFO: [ view_parse ] --END-- [ RunTime:0.007829s ]
INFO: [ view_filter ] --START--
INFO: Run ContentReplace Behavior [ RunTime:0.000579s ]
INFO: Run TokenBuild Behavior [ RunTime:0.000492s ]
INFO: Run WriteHtmlCache Behavior [ RunTime:0.000444s ]
INFO: Run ShowRuntime Behavior [ RunTime:0.000550s ]
INFO: [ view_filter ] --END-- [ RunTime:0.002256s ]
INFO: [ view_end ] --START--
INFO: Run ShowPageTrace Behavior [ RunTime:0.000645s ]
INFO: [ view_end ] --END-- [ RunTime:0.000709s ]
INFO: [ view_template ] --START--
INFO: Run LocationTemplate Behavior [ RunTime:0.000165s ]
INFO: [ view_template ] --END-- [ RunTime:-0.011039s ]
INFO: [ view_parse ] --START--
INFO: Run ParseTemplate Behavior [ RunTime:0.001968s ]
INFO: [ view_parse ] --END-- [ RunTime:-0.003427s ]
INFO: [ view_filter ] --START--
INFO: Run ContentReplace Behavior [ RunTime:0.000057s ]
INFO: Run TokenBuild Behavior [ RunTime:0.000054s ]
INFO: Run WriteHtmlCache Behavior [ RunTime:0.000012s ]
INFO: Run ShowRuntime Behavior [ RunTime:0.000076s ]
INFO: [ view_filter ] --END-- [ RunTime:-0.003199s ]
INFO: [ view_end ] --START--
INFO: Run ShowPageTrace Behavior [ RunTime:0.000042s ]
INFO: [ view_end ] --END-- [ RunTime:-0.002832s ]

[ 2013-09-08T14:16:39+08:00 ] 127.0.0.1 /papawithme/index.php/Home/login
INFO: [ route_check ] --START--
INFO: Run CheckRoute Behavior [ RunTime:0.000617s ]
INFO: [ route_check ] --END-- [ RunTime:0.000704s ]
INFO: [ app_begin ] --START--
INFO: Run ReadHtmlCache Behavior [ RunTime:0.000464s ]
INFO: [ app_begin ] --END-- [ RunTime:0.000547s ]
INFO: [ view_template ] --START--
INFO: Run LocationTemplate Behavior [ RunTime:0.000711s ]
INFO: [ view_template ] --END-- [ RunTime:0.000809s ]
INFO: [ view_parse ] --START--
INFO: Run ParseTemplate Behavior [ RunTime:0.013895s ]
INFO: [ view_parse ] --END-- [ RunTime:0.013976s ]
INFO: [ view_filter ] --START--
INFO: Run ContentReplace Behavior [ RunTime:0.000378s ]
INFO: Run TokenBuild Behavior [ RunTime:0.000387s ]
INFO: Run WriteHtmlCache Behavior [ RunTime:0.000288s ]
INFO: Run ShowRuntime Behavior [ RunTime:0.000418s ]
INFO: [ view_filter ] --END-- [ RunTime:0.001655s ]
INFO: [ view_end ] --START--
INFO: Run ShowPageTrace Behavior [ RunTime:0.000468s ]
INFO: [ view_end ] --END-- [ RunTime:0.000532s ]
INFO: [ view_template ] --START--
INFO: Run LocationTemplate Behavior [ RunTime:0.000160s ]
INFO: [ view_template ] --END-- [ RunTime:-0.016411s ]
INFO: [ view_parse ] --START--
INFO: Run ParseTemplate Behavior [ RunTime:0.001917s ]
INFO: [ view_parse ] --END-- [ RunTime:-0.002643s ]
INFO: [ view_filter ] --START--
INFO: Run ContentReplace Behavior [ RunTime:0.000058s ]
INFO: Run TokenBuild Behavior [ RunTime:0.000051s ]
INFO: Run WriteHtmlCache Behavior [ RunTime:0.000012s ]
INFO: Run ShowRuntime Behavior [ RunTime:0.000089s ]
INFO: [ view_filter ] --END-- [ RunTime:-0.002973s ]
INFO: [ view_end ] --START--
INFO: Run ShowPageTrace Behavior [ RunTime:0.000041s ]
INFO: [ view_end ] --END-- [ RunTime:-0.002777s ]

[ 2013-09-08T14:16:44+08:00 ] 127.0.0.1 /papawithme/index.php/Home/register
INFO: [ route_check ] --START--
INFO: Run CheckRoute Behavior [ RunTime:0.000551s ]
INFO: [ route_check ] --END-- [ RunTime:0.000632s ]
INFO: [ app_begin ] --START--
INFO: Run ReadHtmlCache Behavior [ RunTime:0.000428s ]
INFO: [ app_begin ] --END-- [ RunTime:0.000499s ]
INFO: [ view_template ] --START--
INFO: Run LocationTemplate Behavior [ RunTime:0.000477s ]
INFO: [ view_template ] --END-- [ RunTime:0.000553s ]
INFO: [ view_parse ] --START--
INFO: Run ParseTemplate Behavior [ RunTime:0.020725s ]
INFO: [ view_parse ] --END-- [ RunTime:0.020826s ]
INFO: [ view_filter ] --START--
INFO: Run ContentReplace Behavior [ RunTime:0.000328s ]
INFO: Run TokenBuild Behavior [ RunTime:0.000308s ]
INFO: Run WriteHtmlCache Behavior [ RunTime:0.000235s ]
INFO: Run ShowRuntime Behavior [ RunTime:0.000398s ]
INFO: [ view_filter ] --END-- [ RunTime:0.001456s ]
INFO: [ view_end ] --START--
INFO: Run ShowPageTrace Behavior [ RunTime:0.000487s ]
INFO: [ view_end ] --END-- [ RunTime:0.000553s ]
INFO: [ view_template ] --START--
INFO: Run LocationTemplate Behavior [ RunTime:0.000128s ]
INFO: [ view_template ] --END-- [ RunTime:-0.023089s ]
INFO: [ view_parse ] --START--
INFO: Run ParseTemplate Behavior [ RunTime:0.001927s ]
INFO: [ view_parse ] --END-- [ RunTime:-0.002443s ]
INFO: [ view_filter ] --START--
INFO: Run ContentReplace Behavior [ RunTime:0.000057s ]
INFO: Run TokenBuild Behavior [ RunTime:0.000052s ]
INFO: Run WriteHtmlCache Behavior [ RunTime:0.000012s ]
INFO: Run ShowRuntime Behavior [ RunTime:0.000077s ]
INFO: [ view_filter ] --END-- [ RunTime:-0.002980s ]
INFO: [ view_end ] --START--
INFO: Run ShowPageTrace Behavior [ RunTime:0.000042s ]
INFO: [ view_end ] --END-- [ RunTime:-0.002748s ]

[ 2013-09-08T14:16:47+08:00 ] 127.0.0.1 /papawithme/index.php/Home/login
INFO: [ route_check ] --START--
INFO: Run CheckRoute Behavior [ RunTime:0.000561s ]
INFO: [ route_check ] --END-- [ RunTime:0.000651s ]
INFO: [ app_begin ] --START--
INFO: Run ReadHtmlCache Behavior [ RunTime:0.000404s ]
INFO: [ app_begin ] --END-- [ RunTime:0.000473s ]
INFO: [ view_template ] --START--
INFO: Run LocationTemplate Behavior [ RunTime:0.000344s ]
INFO: [ view_template ] --END-- [ RunTime:0.000421s ]
INFO: [ view_parse ] --START--
INFO: Run ParseTemplate Behavior [ RunTime:0.004934s ]
INFO: [ view_parse ] --END-- [ RunTime:0.005019s ]
INFO: [ view_filter ] --START--
INFO: Run ContentReplace Behavior [ RunTime:0.000314s ]
INFO: Run TokenBuild Behavior [ RunTime:0.000313s ]
INFO: Run WriteHtmlCache Behavior [ RunTime:0.000242s ]
INFO: Run ShowRuntime Behavior [ RunTime:0.000367s ]
INFO: [ view_filter ] --END-- [ RunTime:0.001421s ]
INFO: [ view_end ] --START--
INFO: Run ShowPageTrace Behavior [ RunTime:0.000476s ]
INFO: [ view_end ] --END-- [ RunTime:0.000544s ]
INFO: [ view_template ] --START--
INFO: Run LocationTemplate Behavior [ RunTime:0.000166s ]
INFO: [ view_template ] --END-- [ RunTime:-0.007231s ]
INFO: [ view_parse ] --START--
INFO: Run ParseTemplate Behavior [ RunTime:0.001985s ]
INFO: [ view_parse ] --END-- [ RunTime:-0.002446s ]
INFO: [ view_filter ] --START--
INFO: Run ContentReplace Behavior [ RunTime:0.000060s ]
INFO: Run TokenBuild Behavior [ RunTime:0.000051s ]
INFO: Run WriteHtmlCache Behavior [ RunTime:0.000013s ]
INFO: Run ShowRuntime Behavior [ RunTime:0.000078s ]
INFO: [ view_filter ] --END-- [ RunTime:-0.003081s ]
INFO: [ view_end ] --START--
INFO: Run ShowPageTrace Behavior [ RunTime:0.000042s ]
INFO: [ view_end ] --END-- [ RunTime:-0.002866s ]

[ 2013-09-08T14:16:50+08:00 ] 127.0.0.1 /papawithme/index.php/Home
INFO: [ route_check ] --START--
INFO: Run CheckRoute Behavior [ RunTime:0.000683s ]
INFO: [ route_check ] --END-- [ RunTime:0.000794s ]
INFO: [ app_begin ] --START--
INFO: Run ReadHtmlCache Behavior [ RunTime:0.000423s ]
INFO: [ app_begin ] --END-- [ RunTime:0.000499s ]
INFO: [ view_template ] --START--
INFO: Run LocationTemplate Behavior [ RunTime:0.000380s ]
INFO: [ view_template ] --END-- [ RunTime:0.000455s ]
INFO: [ view_parse ] --START--
INFO: Run ParseTemplate Behavior [ RunTime:0.006803s ]
INFO: [ view_parse ] --END-- [ RunTime:0.006884s ]
INFO: [ view_filter ] --START--
INFO: Run ContentReplace Behavior [ RunTime:0.000382s ]
INFO: Run TokenBuild Behavior [ RunTime:0.000321s ]
INFO: Run WriteHtmlCache Behavior [ RunTime:0.000264s ]
INFO: Run ShowRuntime Behavior [ RunTime:0.000412s ]
INFO: [ view_filter ] --END-- [ RunTime:0.001573s ]
INFO: [ view_end ] --START--
INFO: Run ShowPageTrace Behavior [ RunTime:0.000432s ]
INFO: [ view_end ] --END-- [ RunTime:0.000503s ]
INFO: [ view_template ] --START--
INFO: Run LocationTemplate Behavior [ RunTime:0.000123s ]
INFO: [ view_template ] --END-- [ RunTime:-0.009227s ]
INFO: [ view_parse ] --START--
INFO: Run ParseTemplate Behavior [ RunTime:0.001885s ]
INFO: [ view_parse ] --END-- [ RunTime:-0.002509s ]
INFO: [ view_filter ] --START--
INFO: Run ContentReplace Behavior [ RunTime:0.000061s ]
INFO: Run TokenBuild Behavior [ RunTime:0.000051s ]
INFO: Run WriteHtmlCache Behavior [ RunTime:0.000012s ]
INFO: Run ShowRuntime Behavior [ RunTime:0.000078s ]
INFO: [ view_filter ] --END-- [ RunTime:-0.002869s ]
INFO: [ view_end ] --START--
INFO: Run ShowPageTrace Behavior [ RunTime:0.000041s ]
INFO: [ view_end ] --END-- [ RunTime:-0.002700s ]

[ 2013-09-08T14:16:51+08:00 ] 127.0.0.1 /papawithme/index.php/Board
INFO: [ route_check ] --START--
INFO: Run CheckRoute Behavior [ RunTime:0.002058s ]
INFO: [ route_check ] --END-- [ RunTime:0.002199s ]
INFO: [ app_begin ] --START--
INFO: Run ReadHtmlCache Behavior [ RunTime:0.000639s ]
INFO: [ app_begin ] --END-- [ RunTime:0.000748s ]
INFO: [ view_template ] --START--
INFO: Run LocationTemplate Behavior [ RunTime:0.001247s ]
INFO: [ view_template ] --END-- [ RunTime:0.001495s ]
INFO: [ view_parse ] --START--
INFO: Run ParseTemplate Behavior [ RunTime:0.028103s ]
INFO: [ view_parse ] --END-- [ RunTime:0.028195s ]
INFO: [ view_filter ] --START--
INFO: Run ContentReplace Behavior [ RunTime:0.000502s ]
INFO: Run TokenBuild Behavior [ RunTime:0.000393s ]
INFO: Run WriteHtmlCache Behavior [ RunTime:0.000311s ]
INFO: Run ShowRuntime Behavior [ RunTime:0.000448s ]
INFO: [ view_filter ] --END-- [ RunTime:0.001870s ]
INFO: [ view_end ] --START--
INFO: Run ShowPageTrace Behavior [ RunTime:0.000637s ]
INFO: [ view_end ] --END-- [ RunTime:0.000719s ]
INFO: [ view_template ] --START--
INFO: Run LocationTemplate Behavior [ RunTime:0.000252s ]
INFO: [ view_template ] --END-- [ RunTime:-0.031088s ]
INFO: [ view_parse ] --START--
INFO: Run ParseTemplate Behavior [ RunTime:0.002198s ]
INFO: [ view_parse ] --END-- [ RunTime:-0.003216s ]
INFO: [ view_filter ] --START--
INFO: Run ContentReplace Behavior [ RunTime:0.000060s ]
INFO: Run TokenBuild Behavior [ RunTime:0.000056s ]
INFO: Run WriteHtmlCache Behavior [ RunTime:0.000012s ]
INFO: Run ShowRuntime Behavior [ RunTime:0.000080s ]
INFO: [ view_filter ] --END-- [ RunTime:-0.003608s ]
INFO: [ view_end ] --START--
INFO: Run ShowPageTrace Behavior [ RunTime:0.000042s ]
INFO: [ view_end ] --END-- [ RunTime:-0.003227s ]

[ 2013-09-08T14:16:52+08:00 ] 127.0.0.1 /papawithme/index.php/Home
INFO: [ route_check ] --START--
INFO: Run CheckRoute Behavior [ RunTime:0.000587s ]
INFO: [ route_check ] --END-- [ RunTime:0.000669s ]
INFO: [ app_begin ] --START--
INFO: Run ReadHtmlCache Behavior [ RunTime:0.000522s ]
INFO: [ app_begin ] --END-- [ RunTime:0.000604s ]
INFO: [ view_template ] --START--
INFO: Run LocationTemplate Behavior [ RunTime:0.000467s ]
INFO: [ view_template ] --END-- [ RunTime:0.000545s ]
INFO: [ view_parse ] --START--
INFO: Run ParseTemplate Behavior [ RunTime:0.006551s ]
INFO: [ view_parse ] --END-- [ RunTime:0.006626s ]
INFO: [ view_filter ] --START--
INFO: Run ContentReplace Behavior [ RunTime:0.000455s ]
INFO: Run TokenBuild Behavior [ RunTime:0.000387s ]
INFO: Run WriteHtmlCache Behavior [ RunTime:0.000310s ]
INFO: Run ShowRuntime Behavior [ RunTime:0.000426s ]
INFO: [ view_filter ] --END-- [ RunTime:0.001767s ]
INFO: [ view_end ] --START--
INFO: Run ShowPageTrace Behavior [ RunTime:0.000482s ]
INFO: [ view_end ] --END-- [ RunTime:0.000545s ]
INFO: [ view_template ] --START--
INFO: Run LocationTemplate Behavior [ RunTime:0.000157s ]
INFO: [ view_template ] --END-- [ RunTime:-0.009175s ]
INFO: [ view_parse ] --START--
INFO: Run ParseTemplate Behavior [ RunTime:0.001823s ]
INFO: [ view_parse ] --END-- [ RunTime:-0.002759s ]
INFO: [ view_filter ] --START--
INFO: Run ContentReplace Behavior [ RunTime:0.000054s ]
INFO: Run TokenBuild Behavior [ RunTime:0.000050s ]
INFO: Run WriteHtmlCache Behavior [ RunTime:0.000011s ]
INFO: Run ShowRuntime Behavior [ RunTime:0.000076s ]
INFO: [ view_filter ] --END-- [ RunTime:-0.002874s ]
INFO: [ view_end ] --START--
INFO: Run ShowPageTrace Behavior [ RunTime:0.000075s ]
INFO: [ view_end ] --END-- [ RunTime:-0.002652s ]

[ 2013-09-08T14:21:53+08:00 ] 127.0.0.1 /papawithme/index.php/Home/login
INFO: [ route_check ] --START--
INFO: Run CheckRoute Behavior [ RunTime:0.000724s ]
INFO: [ route_check ] --END-- [ RunTime:0.000815s ]
INFO: [ app_begin ] --START--
INFO: Run ReadHtmlCache Behavior [ RunTime:0.000558s ]
INFO: [ app_begin ] --END-- [ RunTime:0.000628s ]
INFO: [ view_template ] --START--
INFO: Run LocationTemplate Behavior [ RunTime:0.000602s ]
INFO: [ view_template ] --END-- [ RunTime:0.000677s ]
INFO: [ view_parse ] --START--
INFO: Run ParseTemplate Behavior [ RunTime:0.005429s ]
INFO: [ view_parse ] --END-- [ RunTime:0.005509s ]
INFO: [ view_filter ] --START--
INFO: Run ContentReplace Behavior [ RunTime:0.000594s ]
INFO: Run TokenBuild Behavior [ RunTime:0.000523s ]
INFO: Run WriteHtmlCache Behavior [ RunTime:0.000480s ]
INFO: Run ShowRuntime Behavior [ RunTime:0.000540s ]
INFO: [ view_filter ] --END-- [ RunTime:0.002341s ]
INFO: [ view_end ] --START--
INFO: Run ShowPageTrace Behavior [ RunTime:0.000590s ]
INFO: [ view_end ] --END-- [ RunTime:0.000654s ]
INFO: [ view_template ] --START--
INFO: Run LocationTemplate Behavior [ RunTime:0.000158s ]
INFO: [ view_template ] --END-- [ RunTime:-0.008751s ]
INFO: [ view_parse ] --START--
INFO: Run ParseTemplate Behavior [ RunTime:0.001894s ]
INFO: [ view_parse ] --END-- [ RunTime:-0.003449s ]
INFO: [ view_filter ] --START--
INFO: Run ContentReplace Behavior [ RunTime:0.000060s ]
INFO: Run TokenBuild Behavior [ RunTime:0.000050s ]
INFO: Run WriteHtmlCache Behavior [ RunTime:0.000011s ]
INFO: Run ShowRuntime Behavior [ RunTime:0.000077s ]
INFO: [ view_filter ] --END-- [ RunTime:-0.003067s ]
INFO: [ view_end ] --START--
INFO: Run ShowPageTrace Behavior [ RunTime:0.000041s ]
INFO: [ view_end ] --END-- [ RunTime:-0.002735s ]

[ 2013-09-08T14:22:19+08:00 ] 127.0.0.1 /papawithme/index.php/Board
INFO: [ route_check ] --START--
INFO: Run CheckRoute Behavior [ RunTime:0.000542s ]
INFO: [ route_check ] --END-- [ RunTime:0.000630s ]
INFO: [ app_begin ] --START--
INFO: Run ReadHtmlCache Behavior [ RunTime:0.000395s ]
INFO: [ app_begin ] --END-- [ RunTime:0.000462s ]
INFO: [ view_template ] --START--
INFO: Run LocationTemplate Behavior [ RunTime:0.000413s ]
INFO: [ view_template ] --END-- [ RunTime:0.000484s ]
INFO: [ view_parse ] --START--
INFO: Run ParseTemplate Behavior [ RunTime:0.009556s ]
INFO: [ view_parse ] --END-- [ RunTime:0.009639s ]
INFO: [ view_filter ] --START--
INFO: Run ContentReplace Behavior [ RunTime:0.000372s ]
INFO: Run TokenBuild Behavior [ RunTime:0.000314s ]
INFO: Run WriteHtmlCache Behavior [ RunTime:0.000230s ]
INFO: Run ShowRuntime Behavior [ RunTime:0.000368s ]
INFO: [ view_filter ] --END-- [ RunTime:0.001465s ]
INFO: [ view_end ] --START--
INFO: Run ShowPageTrace Behavior [ RunTime:0.000407s ]
INFO: [ view_end ] --END-- [ RunTime:0.000469s ]
INFO: [ view_template ] --START--
INFO: Run LocationTemplate Behavior [ RunTime:0.000146s ]
INFO: [ view_template ] --END-- [ RunTime:-0.011811s ]
INFO: [ view_parse ] --START--
INFO: Run ParseTemplate Behavior [ RunTime:0.001860s ]
INFO: [ view_parse ] --END-- [ RunTime:-0.002373s ]
INFO: [ view_filter ] --START--
INFO: Run ContentReplace Behavior [ RunTime:0.000055s ]
INFO: Run TokenBuild Behavior [ RunTime:0.000050s ]
INFO: Run WriteHtmlCache Behavior [ RunTime:0.000011s ]
INFO: Run ShowRuntime Behavior [ RunTime:0.000076s ]
INFO: [ view_filter ] --END-- [ RunTime:-0.002822s ]
INFO: [ view_end ] --START--
INFO: Run ShowPageTrace Behavior [ RunTime:0.000041s ]
INFO: [ view_end ] --END-- [ RunTime:-0.002670s ]

[ 2013-09-08T14:22:21+08:00 ] 127.0.0.1 /papawithme/index.php/Home/login
INFO: [ route_check ] --START--
INFO: Run CheckRoute Behavior [ RunTime:0.000558s ]
INFO: [ route_check ] --END-- [ RunTime:0.000648s ]
INFO: [ app_begin ] --START--
INFO: Run ReadHtmlCache Behavior [ RunTime:0.000433s ]
INFO: [ app_begin ] --END-- [ RunTime:0.000519s ]
INFO: [ view_template ] --START--
INFO: Run LocationTemplate Behavior [ RunTime:0.000339s ]
INFO: [ view_template ] --END-- [ RunTime:0.000413s ]
INFO: [ view_parse ] --START--
INFO: Run ParseTemplate Behavior [ RunTime:0.004562s ]
INFO: [ view_parse ] --END-- [ RunTime:0.004634s ]
INFO: [ view_filter ] --START--
INFO: Run ContentReplace Behavior [ RunTime:0.000303s ]
INFO: Run TokenBuild Behavior [ RunTime:0.000304s ]
INFO: Run WriteHtmlCache Behavior [ RunTime:0.000227s ]
INFO: Run ShowRuntime Behavior [ RunTime:0.000353s ]
INFO: [ view_filter ] --END-- [ RunTime:0.001361s ]
INFO: [ view_end ] --START--
INFO: Run ShowPageTrace Behavior [ RunTime:0.000416s ]
INFO: [ view_end ] --END-- [ RunTime:0.000479s ]
INFO: [ view_template ] --START--
INFO: Run LocationTemplate Behavior [ RunTime:0.000119s ]
INFO: [ view_template ] --END-- [ RunTime:-0.006704s ]
INFO: [ view_parse ] --START--
INFO: Run ParseTemplate Behavior [ RunTime:0.001972s ]
INFO: [ view_parse ] --END-- [ RunTime:-0.002240s ]
INFO: [ view_filter ] --START--
INFO: Run ContentReplace Behavior [ RunTime:0.000061s ]
INFO: Run TokenBuild Behavior [ RunTime:0.000056s ]
INFO: Run WriteHtmlCache Behavior [ RunTime:0.000013s ]
INFO: Run ShowRuntime Behavior [ RunTime:0.000078s ]
INFO: [ view_filter ] --END-- [ RunTime:-0.002932s ]
INFO: [ view_end ] --START--
INFO: Run ShowPageTrace Behavior [ RunTime:0.000044s ]
INFO: [ view_end ] --END-- [ RunTime:-0.002818s ]

[ 2013-09-08T14:22:22+08:00 ] 127.0.0.1 /papawithme/index.php/Home/register
INFO: [ route_check ] --START--
INFO: Run CheckRoute Behavior [ RunTime:0.000505s ]
INFO: [ route_check ] --END-- [ RunTime:0.000584s ]
INFO: [ app_begin ] --START--
INFO: Run ReadHtmlCache Behavior [ RunTime:0.000383s ]
INFO: [ app_begin ] --END-- [ RunTime:0.000448s ]
INFO: [ view_template ] --START--
INFO: Run LocationTemplate Behavior [ RunTime:0.000398s ]
INFO: [ view_template ] --END-- [ RunTime:0.000472s ]
INFO: [ view_parse ] --START--
INFO: Run ParseTemplate Behavior [ RunTime:0.004772s ]
INFO: [ view_parse ] --END-- [ RunTime:0.004849s ]
INFO: [ view_filter ] --START--
INFO: Run ContentReplace Behavior [ RunTime:0.000310s ]
INFO: Run TokenBuild Behavior [ RunTime:0.000303s ]
INFO: Run WriteHtmlCache Behavior [ RunTime:0.000222s ]
INFO: Run ShowRuntime Behavior [ RunTime:0.000355s ]
INFO: [ view_filter ] --END-- [ RunTime:0.001361s ]
INFO: [ view_end ] --START--
INFO: Run ShowPageTrace Behavior [ RunTime:0.000424s ]
INFO: [ view_end ] --END-- [ RunTime:0.000485s ]
INFO: [ view_template ] --START--
INFO: Run LocationTemplate Behavior [ RunTime:0.000120s ]
INFO: [ view_template ] --END-- [ RunTime:-0.006933s ]
INFO: [ view_parse ] --START--
INFO: Run ParseTemplate Behavior [ RunTime:0.001823s ]
INFO: [ view_parse ] --END-- [ RunTime:-0.002254s ]
INFO: [ view_filter ] --START--
INFO: Run ContentReplace Behavior [ RunTime:0.000055s ]
INFO: Run TokenBuild Behavior [ RunTime:0.000050s ]
INFO: Run WriteHtmlCache Behavior [ RunTime:0.000012s ]
INFO: Run ShowRuntime Behavior [ RunTime:0.000075s ]
INFO: [ view_filter ] --END-- [ RunTime:-0.002781s ]
INFO: [ view_end ] --START--
INFO: Run ShowPageTrace Behavior [ RunTime:0.000042s ]
INFO: [ view_end ] --END-- [ RunTime:-0.002613s ]

[ 2013-09-08T14:22:23+08:00 ] 127.0.0.1 /papawithme/index.php/Home/login
INFO: [ route_check ] --START--
INFO: Run CheckRoute Behavior [ RunTime:0.000507s ]
INFO: [ route_check ] --END-- [ RunTime:0.000587s ]
INFO: [ app_begin ] --START--
INFO: Run ReadHtmlCache Behavior [ RunTime:0.000381s ]
INFO: [ app_begin ] --END-- [ RunTime:0.000446s ]
INFO: [ view_template ] --START--
INFO: Run LocationTemplate Behavior [ RunTime:0.000322s ]
INFO: [ view_template ] --END-- [ RunTime:0.000397s ]
INFO: [ view_parse ] --START--
INFO: Run ParseTemplate Behavior [ RunTime:0.005083s ]
INFO: [ view_parse ] --END-- [ RunTime:0.005163s ]
INFO: [ view_filter ] --START--
INFO: Run ContentReplace Behavior [ RunTime:0.000325s ]
INFO: Run TokenBuild Behavior [ RunTime:0.000307s ]
INFO: Run WriteHtmlCache Behavior [ RunTime:0.000237s ]
INFO: Run ShowRuntime Behavior [ RunTime:0.000359s ]
INFO: [ view_filter ] --END-- [ RunTime:0.001403s ]
INFO: [ view_end ] --START--
INFO: Run ShowPageTrace Behavior [ RunTime:0.000455s ]
INFO: [ view_end ] --END-- [ RunTime:0.000521s ]
INFO: [ view_template ] --START--
INFO: Run LocationTemplate Behavior [ RunTime:0.000121s ]
INFO: [ view_template ] --END-- [ RunTime:-0.007321s ]
INFO: [ view_parse ] --START--
INFO: Run ParseTemplate Behavior [ RunTime:0.001858s ]
INFO: [ view_parse ] --END-- [ RunTime:-0.002331s ]
INFO: [ view_filter ] --START--
INFO: Run ContentReplace Behavior [ RunTime:0.000055s ]
INFO: Run TokenBuild Behavior [ RunTime:0.000050s ]
INFO: Run WriteHtmlCache Behavior [ RunTime:0.000012s ]
INFO: Run ShowRuntime Behavior [ RunTime:0.000076s ]
INFO: [ view_filter ] --END-- [ RunTime:-0.002851s ]
INFO: [ view_end ] --START--
INFO: Run ShowPageTrace Behavior [ RunTime:0.000041s ]
INFO: [ view_end ] --END-- [ RunTime:-0.002644s ]

[ 2013-09-08T14:22:25+08:00 ] 127.0.0.1 /papawithme/index.php/Board
INFO: [ route_check ] --START--
INFO: Run CheckRoute Behavior [ RunTime:0.000515s ]
INFO: [ route_check ] --END-- [ RunTime:0.000599s ]
INFO: [ app_begin ] --START--
INFO: Run ReadHtmlCache Behavior [ RunTime:0.000388s ]
INFO: [ app_begin ] --END-- [ RunTime:0.000451s ]
INFO: [ view_template ] --START--
INFO: Run LocationTemplate Behavior [ RunTime:0.000324s ]
INFO: [ view_template ] --END-- [ RunTime:0.000394s ]
INFO: [ view_parse ] --START--
INFO: Run ParseTemplate Behavior [ RunTime:0.009490s ]
INFO: [ view_parse ] --END-- [ RunTime:0.009572s ]
INFO: [ view_filter ] --START--
INFO: Run ContentReplace Behavior [ RunTime:0.000363s ]
INFO: Run TokenBuild Behavior [ RunTime:0.000315s ]
INFO: Run WriteHtmlCache Behavior [ RunTime:0.000272s ]
INFO: Run ShowRuntime Behavior [ RunTime:0.000376s ]
INFO: [ view_filter ] --END-- [ RunTime:0.001500s ]
INFO: [ view_end ] --START--
INFO: Run ShowPageTrace Behavior [ RunTime:0.000412s ]
INFO: [ view_end ] --END-- [ RunTime:0.000474s ]
INFO: [ view_template ] --START--
INFO: Run LocationTemplate Behavior [ RunTime:0.000123s ]
INFO: [ view_template ] --END-- [ RunTime:-0.011784s ]
INFO: [ view_parse ] --START--
INFO: Run ParseTemplate Behavior [ RunTime:0.001827s ]
INFO: [ view_parse ] --END-- [ RunTime:-0.002388s ]
INFO: [ view_filter ] --START--
INFO: Run ContentReplace Behavior [ RunTime:0.000054s ]
INFO: Run TokenBuild Behavior [ RunTime:0.000050s ]
INFO: Run WriteHtmlCache Behavior [ RunTime:0.000012s ]
INFO: Run ShowRuntime Behavior [ RunTime:0.000077s ]
INFO: [ view_filter ] --END-- [ RunTime:-0.002771s ]
INFO: [ view_end ] --START--
INFO: Run ShowPageTrace Behavior [ RunTime:0.000041s ]
INFO: [ view_end ] --END-- [ RunTime:-0.002613s ]

[ 2013-09-08T14:22:26+08:00 ] 127.0.0.1 /papawithme/index.php/Home
INFO: [ route_check ] --START--
INFO: Run CheckRoute Behavior [ RunTime:0.000516s ]
INFO: [ route_check ] --END-- [ RunTime:0.000598s ]
INFO: [ app_begin ] --START--
INFO: Run ReadHtmlCache Behavior [ RunTime:0.000477s ]
INFO: [ app_begin ] --END-- [ RunTime:0.000543s ]
INFO: [ view_template ] --START--
INFO: Run LocationTemplate Behavior [ RunTime:0.000456s ]
INFO: [ view_template ] --END-- [ RunTime:0.000534s ]
INFO: [ view_parse ] --START--
INFO: Run ParseTemplate Behavior [ RunTime:0.006454s ]
INFO: [ view_parse ] --END-- [ RunTime:0.006532s ]
INFO: [ view_filter ] --START--
INFO: Run ContentReplace Behavior [ RunTime:0.000345s ]
INFO: Run TokenBuild Behavior [ RunTime:0.000311s ]
INFO: Run WriteHtmlCache Behavior [ RunTime:0.000232s ]
INFO: Run ShowRuntime Behavior [ RunTime:0.000372s ]
INFO: [ view_filter ] --END-- [ RunTime:0.001446s ]
INFO: [ view_end ] --START--
INFO: Run ShowPageTrace Behavior [ RunTime:0.000434s ]
INFO: [ view_end ] --END-- [ RunTime:0.000496s ]
INFO: [ view_template ] --START--
INFO: Run LocationTemplate Behavior [ RunTime:0.000121s ]
INFO: [ view_template ] --END-- [ RunTime:-0.008710s ]
INFO: [ view_parse ] --START--
INFO: Run ParseTemplate Behavior [ RunTime:0.001838s ]
INFO: [ view_parse ] --END-- [ RunTime:-0.002347s ]
INFO: [ view_filter ] --START--
INFO: Run ContentReplace Behavior [ RunTime:0.000056s ]
INFO: Run TokenBuild Behavior [ RunTime:0.000050s ]
INFO: Run WriteHtmlCache Behavior [ RunTime:0.000011s ]
INFO: Run ShowRuntime Behavior [ RunTime:0.000076s ]
INFO: [ view_filter ] --END-- [ RunTime:-0.002802s ]
INFO: [ view_end ] --START--
INFO: Run ShowPageTrace Behavior [ RunTime:0.000041s ]
INFO: [ view_end ] --END-- [ RunTime:-0.002623s ]

[ 2013-09-08T14:22:56+08:00 ] 127.0.0.1 /papawithme/index.php/Home
INFO: [ route_check ] --START--
INFO: Run CheckRoute Behavior [ RunTime:0.000671s ]
INFO: [ route_check ] --END-- [ RunTime:0.000767s ]
INFO: [ app_begin ] --START--
INFO: Run ReadHtmlCache Behavior [ RunTime:0.000441s ]
INFO: [ app_begin ] --END-- [ RunTime:0.000509s ]
INFO: [ view_template ] --START--
INFO: Run LocationTemplate Behavior [ RunTime:0.000336s ]
INFO: [ view_template ] --END-- [ RunTime:0.000410s ]
INFO: [ view_parse ] --START--
INFO: Run ParseTemplate Behavior [ RunTime:0.006499s ]
INFO: [ view_parse ] --END-- [ RunTime:0.006584s ]
INFO: [ view_filter ] --START--
INFO: Run ContentReplace Behavior [ RunTime:0.000461s ]
INFO: Run TokenBuild Behavior [ RunTime:0.000316s ]
INFO: Run WriteHtmlCache Behavior [ RunTime:0.000266s ]
INFO: Run ShowRuntime Behavior [ RunTime:0.000384s ]
INFO: [ view_filter ] --END-- [ RunTime:0.001619s ]
INFO: [ view_end ] --START--
INFO: Run ShowPageTrace Behavior [ RunTime:0.000454s ]
INFO: [ view_end ] --END-- [ RunTime:0.000516s ]
INFO: [ view_template ] --START--
INFO: Run LocationTemplate Behavior [ RunTime:0.000124s ]
INFO: [ view_template ] --END-- [ RunTime:-0.008973s ]
INFO: [ view_parse ] --START--
INFO: Run ParseTemplate Behavior [ RunTime:0.001857s ]
INFO: [ view_parse ] --END-- [ RunTime:-0.002566s ]
INFO: [ view_filter ] --START--
INFO: Run ContentReplace Behavior [ RunTime:0.000055s ]
INFO: Run TokenBuild Behavior [ RunTime:0.000050s ]
INFO: Run WriteHtmlCache Behavior [ RunTime:0.000011s ]
INFO: Run ShowRuntime Behavior [ RunTime:0.000076s ]
INFO: [ view_filter ] --END-- [ RunTime:-0.002852s ]
INFO: [ view_end ] --START--
INFO: Run ShowPageTrace Behavior [ RunTime:0.000041s ]
INFO: [ view_end ] --END-- [ RunTime:-0.002672s ]

[ 2013-09-08T14:23:55+08:00 ] 127.0.0.1 /papawithme/index.php/Board
INFO: [ route_check ] --START--
INFO: Run CheckRoute Behavior [ RunTime:0.000610s ]
INFO: [ route_check ] --END-- [ RunTime:0.000697s ]
INFO: [ app_begin ] --START--
INFO: Run ReadHtmlCache Behavior [ RunTime:0.000427s ]
INFO: [ app_begin ] --END-- [ RunTime:0.000495s ]
INFO: [ view_template ] --START--
INFO: Run LocationTemplate Behavior [ RunTime:0.000373s ]
INFO: [ view_template ] --END-- [ RunTime:0.000445s ]
INFO: [ view_parse ] --START--
INFO: Run ParseTemplate Behavior [ RunTime:0.010058s ]
INFO: [ view_parse ] --END-- [ RunTime:0.010138s ]
INFO: [ view_filter ] --START--
INFO: Run ContentReplace Behavior [ RunTime:0.000460s ]
INFO: Run TokenBuild Behavior [ RunTime:0.000376s ]
INFO: Run WriteHtmlCache Behavior [ RunTime:0.000280s ]
INFO: Run ShowRuntime Behavior [ RunTime:0.000481s ]
INFO: [ view_filter ] --END-- [ RunTime:0.001789s ]
INFO: [ view_end ] --START--
INFO: Run ShowPageTrace Behavior [ RunTime:0.000468s ]
INFO: [ view_end ] --END-- [ RunTime:0.000532s ]
INFO: [ view_template ] --START--
INFO: Run LocationTemplate Behavior [ RunTime:0.000158s ]
INFO: [ view_template ] --END-- [ RunTime:-0.012716s ]
INFO: [ view_parse ] --START--
INFO: Run ParseTemplate Behavior [ RunTime:0.001848s ]
INFO: [ view_parse ] --END-- [ RunTime:-0.002791s ]
INFO: [ view_filter ] --START--
INFO: Run ContentReplace Behavior [ RunTime:0.000057s ]
INFO: Run TokenBuild Behavior [ RunTime:0.000053s ]
INFO: Run WriteHtmlCache Behavior [ RunTime:0.000011s ]
INFO: Run ShowRuntime Behavior [ RunTime:0.000081s ]
INFO: [ view_filter ] --END-- [ RunTime:-0.002907s ]
INFO: [ view_end ] --START--
INFO: Run ShowPageTrace Behavior [ RunTime:0.000041s ]
INFO: [ view_end ] --END-- [ RunTime:-0.002689s ]

[ 2013-09-08T14:24:12+08:00 ] 127.0.0.1 /papawithme/index.php/Home
INFO: [ route_check ] --START--
INFO: Run CheckRoute Behavior [ RunTime:0.000626s ]
INFO: [ route_check ] --END-- [ RunTime:0.000745s ]
INFO: [ app_begin ] --START--
INFO: Run ReadHtmlCache Behavior [ RunTime:0.000379s ]
INFO: [ app_begin ] --END-- [ RunTime:0.000443s ]
INFO: [ view_template ] --START--
INFO: Run LocationTemplate Behavior [ RunTime:0.000333s ]
INFO: [ view_template ] --END-- [ RunTime:0.000407s ]
INFO: [ view_parse ] --START--
INFO: Run ParseTemplate Behavior [ RunTime:0.006186s ]
INFO: [ view_parse ] --END-- [ RunTime:0.006256s ]
INFO: [ view_filter ] --START--
INFO: Run ContentReplace Behavior [ RunTime:0.000324s ]
INFO: Run TokenBuild Behavior [ RunTime:0.000298s ]
INFO: Run WriteHtmlCache Behavior [ RunTime:0.000223s ]
INFO: Run ShowRuntime Behavior [ RunTime:0.000363s ]
INFO: [ view_filter ] --END-- [ RunTime:0.001385s ]
INFO: [ view_end ] --START--
INFO: Run ShowPageTrace Behavior [ RunTime:0.000458s ]
INFO: [ view_end ] --END-- [ RunTime:0.000521s ]
INFO: [ view_template ] --START--
INFO: Run LocationTemplate Behavior [ RunTime:0.000175s ]
INFO: [ view_template ] --END-- [ RunTime:-0.008395s ]
INFO: [ view_parse ] --START--
INFO: Run ParseTemplate Behavior [ RunTime:0.001801s ]
INFO: [ view_parse ] --END-- [ RunTime:-0.002365s ]
INFO: [ view_filter ] --START--
INFO: Run ContentReplace Behavior [ RunTime:0.000054s ]
INFO: Run TokenBuild Behavior [ RunTime:0.000049s ]
INFO: Run WriteHtmlCache Behavior [ RunTime:0.000011s ]
INFO: Run ShowRuntime Behavior [ RunTime:0.000076s ]
INFO: [ view_filter ] --END-- [ RunTime:-0.002842s ]
INFO: [ view_end ] --START--
INFO: Run ShowPageTrace Behavior [ RunTime:0.000041s ]
INFO: [ view_end ] --END-- [ RunTime:-0.002634s ]

[ 2013-09-08T14:24:20+08:00 ] 127.0.0.1 /papawithme/index.php/Home/login
INFO: [ route_check ] --START--
INFO: Run CheckRoute Behavior [ RunTime:0.000543s ]
INFO: [ route_check ] --END-- [ RunTime:0.000634s ]
INFO: [ app_begin ] --START--
INFO: Run ReadHtmlCache Behavior [ RunTime:0.000387s ]
INFO: [ app_begin ] --END-- [ RunTime:0.000452s ]
INFO: [ view_template ] --START--
INFO: Run LocationTemplate Behavior [ RunTime:0.000390s ]
INFO: [ view_template ] --END-- [ RunTime:0.000464s ]
INFO: [ view_parse ] --START--
INFO: Run ParseTemplate Behavior [ RunTime:0.004570s ]
INFO: [ view_parse ] --END-- [ RunTime:0.004646s ]
INFO: [ view_filter ] --START--
INFO: Run ContentReplace Behavior [ RunTime:0.000512s ]
INFO: Run TokenBuild Behavior [ RunTime:0.000330s ]
INFO: Run WriteHtmlCache Behavior [ RunTime:0.000236s ]
INFO: Run ShowRuntime Behavior [ RunTime:0.000373s ]
INFO: [ view_filter ] --END-- [ RunTime:0.001647s ]
INFO: [ view_end ] --START--
INFO: Run ShowPageTrace Behavior [ RunTime:0.000428s ]
INFO: [ view_end ] --END-- [ RunTime:0.000489s ]
INFO: [ view_template ] --START--
INFO: Run LocationTemplate Behavior [ RunTime:0.000124s ]
INFO: [ view_template ] --END-- [ RunTime:-0.007022s ]
INFO: [ view_parse ] --START--
INFO: Run ParseTemplate Behavior [ RunTime:0.001908s ]
INFO: [ view_parse ] --END-- [ RunTime:-0.002552s ]
INFO: [ view_filter ] --START--
INFO: Run ContentReplace Behavior [ RunTime:0.000056s ]
INFO: Run TokenBuild Behavior [ RunTime:0.000051s ]
INFO: Run WriteHtmlCache Behavior [ RunTime:0.000011s ]
INFO: Run ShowRuntime Behavior [ RunTime:0.000077s ]
INFO: [ view_filter ] --END-- [ RunTime:-0.002879s ]
INFO: [ view_end ] --START--
INFO: Run ShowPageTrace Behavior [ RunTime:0.000041s ]
INFO: [ view_end ] --END-- [ RunTime:-0.002714s ]

[ 2013-09-08T14:24:21+08:00 ] 127.0.0.1 /papawithme/index.php/Index/Login
INFO: [ route_check ] --START--
INFO: Run CheckRoute Behavior [ RunTime:0.000506s ]
INFO: [ route_check ] --END-- [ RunTime:0.000584s ]
INFO: [ app_begin ] --START--
INFO: Run ReadHtmlCache Behavior [ RunTime:0.000387s ]
INFO: [ app_begin ] --END-- [ RunTime:0.000442s ]
SQL: SHOW COLUMNS FROM `think_user` [ RunTime:0.002506s ]
NOTIC: I_param
NOTIC: I_param
SQL: SELECT * FROM `think_user` WHERE ( `user_email` = 'root@papawith.me' ) AND ( `user_psd` = 'papawithme~' )  [ RunTime:0.000232s ]

[ 2013-09-08T14:24:21+08:00 ] 127.0.0.1 /papawithme/index.php/Home
INFO: [ route_check ] --START--
INFO: Run CheckRoute Behavior [ RunTime:0.000501s ]
INFO: [ route_check ] --END-- [ RunTime:0.000580s ]
INFO: [ app_begin ] --START--
INFO: Run ReadHtmlCache Behavior [ RunTime:0.000375s ]
INFO: [ app_begin ] --END-- [ RunTime:0.000439s ]
INFO: [ view_template ] --START--
INFO: Run LocationTemplate Behavior [ RunTime:0.000345s ]
INFO: [ view_template ] --END-- [ RunTime:0.000421s ]
INFO: [ view_parse ] --START--
INFO: Run ParseTemplate Behavior [ RunTime:0.007043s ]
INFO: [ view_parse ] --END-- [ RunTime:0.007272s ]
INFO: [ view_filter ] --START--
INFO: Run ContentReplace Behavior [ RunTime:0.000982s ]
INFO: Run TokenBuild Behavior [ RunTime:0.000405s ]
INFO: Run WriteHtmlCache Behavior [ RunTime:0.000265s ]
INFO: Run ShowRuntime Behavior [ RunTime:0.000471s ]
INFO: [ view_filter ] --END-- [ RunTime:0.002359s ]
INFO: [ view_end ] --START--
INFO: Run ShowPageTrace Behavior [ RunTime:0.000461s ]
INFO: [ view_end ] --END-- [ RunTime:0.000527s ]
INFO: [ view_template ] --START--
INFO: Run LocationTemplate Behavior [ RunTime:0.000141s ]
INFO: [ view_template ] --END-- [ RunTime:-0.010471s ]
INFO: [ view_parse ] --START--
INFO: Run ParseTemplate Behavior [ RunTime:0.001889s ]
INFO: [ view_parse ] --END-- [ RunTime:-0.003389s ]
INFO: [ view_filter ] --START--
INFO: Run ContentReplace Behavior [ RunTime:0.000056s ]
INFO: Run TokenBuild Behavior [ RunTime:0.000050s ]
INFO: Run WriteHtmlCache Behavior [ RunTime:0.000011s ]
INFO: Run ShowRuntime Behavior [ RunTime:0.000076s ]
INFO: [ view_filter ] --END-- [ RunTime:-0.002911s ]
INFO: [ view_end ] --START--
INFO: Run ShowPageTrace Behavior [ RunTime:0.000041s ]
INFO: [ view_end ] --END-- [ RunTime:-0.002689s ]

[ 2013-09-08T14:24:25+08:00 ] 127.0.0.1 /papawithme/index.php/Home/profile
INFO: [ route_check ] --START--
INFO: Run CheckRoute Behavior [ RunTime:0.000524s ]
INFO: [ route_check ] --END-- [ RunTime:0.000621s ]
INFO: [ app_begin ] --START--
INFO: Run ReadHtmlCache Behavior [ RunTime:0.000407s ]
INFO: [ app_begin ] --END-- [ RunTime:0.000476s ]
SQL: SHOW COLUMNS FROM `think_user_profile` [ RunTime:0.003329s ]
SQL: SELECT * FROM `think_user_profile` WHERE ( `user_name` = 'root' )  [ RunTime:0.000243s ]
SQL: SHOW COLUMNS FROM `think_user_attribute` [ RunTime:0.002230s ]
SQL: SELECT * FROM `think_user_attribute` WHERE ( `user_name` = 'root' )  [ RunTime:0.000171s ]
INFO: [ view_template ] --START--
INFO: Run LocationTemplate Behavior [ RunTime:0.000487s ]
INFO: [ view_template ] --END-- [ RunTime:0.000566s ]
INFO: [ view_parse ] --START--
INFO: Run ParseTemplate Behavior [ RunTime:0.005180s ]
INFO: [ view_parse ] --END-- [ RunTime:0.005255s ]
INFO: [ view_filter ] --START--
INFO: Run ContentReplace Behavior [ RunTime:0.000301s ]
INFO: Run TokenBuild Behavior [ RunTime:0.000302s ]
INFO: Run WriteHtmlCache Behavior [ RunTime:0.000219s ]
INFO: Run ShowRuntime Behavior [ RunTime:0.000812s ]
INFO: [ view_filter ] --END-- [ RunTime:0.001810s ]
INFO: [ view_end ] --START--
INFO: Run ShowPageTrace Behavior [ RunTime:0.000490s ]
INFO: [ view_end ] --END-- [ RunTime:0.000552s ]
INFO: [ view_template ] --START--
INFO: Run LocationTemplate Behavior [ RunTime:0.000124s ]
INFO: [ view_template ] --END-- [ RunTime:-0.007888s ]
INFO: [ view_parse ] --START--
INFO: Run ParseTemplate Behavior [ RunTime:0.001899s ]
INFO: [ view_parse ] --END-- [ RunTime:-0.002800s ]
INFO: [ view_filter ] --START--
INFO: Run ContentReplace Behavior [ RunTime:0.000057s ]
INFO: Run TokenBuild Behavior [ RunTime:0.000050s ]
INFO: Run WriteHtmlCache Behavior [ RunTime:0.000012s ]
INFO: Run ShowRuntime Behavior [ RunTime:0.000076s ]
INFO: [ view_filter ] --END-- [ RunTime:-0.002955s ]
INFO: [ view_end ] --START--
INFO: Run ShowPageTrace Behavior [ RunTime:0.000041s ]
INFO: [ view_end ] --END-- [ RunTime:-0.002692s ]

[ 2013-09-08T14:24:27+08:00 ] 127.0.0.1 /papawithme/index.php/Home/editAttribute
INFO: [ route_check ] --START--
INFO: Run CheckRoute Behavior [ RunTime:0.000729s ]
INFO: [ route_check ] --END-- [ RunTime:0.000846s ]
INFO: [ app_begin ] --START--
INFO: Run ReadHtmlCache Behavior [ RunTime:0.000511s ]
INFO: [ app_begin ] --END-- [ RunTime:0.000583s ]
SQL: SHOW COLUMNS FROM `think_user_attribute` [ RunTime:0.002531s ]
SQL: SELECT * FROM `think_user_attribute` WHERE ( `user_name` = 'root' )  [ RunTime:0.000239s ]
INFO: [ view_template ] --START--
INFO: Run LocationTemplate Behavior [ RunTime:0.000542s ]
INFO: [ view_template ] --END-- [ RunTime:0.000617s ]
INFO: [ view_parse ] --START--
INFO: Run ParseTemplate Behavior [ RunTime:0.006304s ]
INFO: [ view_parse ] --END-- [ RunTime:0.006391s ]
INFO: [ view_filter ] --START--
INFO: Run ContentReplace Behavior [ RunTime:0.000317s ]
INFO: Run TokenBuild Behavior [ RunTime:0.000301s ]
INFO: Run WriteHtmlCache Behavior [ RunTime:0.000224s ]
INFO: Run ShowRuntime Behavior [ RunTime:0.000383s ]
INFO: [ view_filter ] --END-- [ RunTime:0.001402s ]
INFO: [ view_end ] --START--
INFO: Run ShowPageTrace Behavior [ RunTime:0.000441s ]
INFO: [ view_end ] --END-- [ RunTime:0.000506s ]
INFO: [ view_template ] --START--
INFO: Run LocationTemplate Behavior [ RunTime:0.000123s ]
INFO: [ view_template ] --END-- [ RunTime:-0.008557s ]
INFO: [ view_parse ] --START--
INFO: Run ParseTemplate Behavior [ RunTime:0.002060s ]
INFO: [ view_parse ] --END-- [ RunTime:-0.002336s ]
INFO: [ view_filter ] --START--
INFO: Run ContentReplace Behavior [ RunTime:0.000056s ]
INFO: Run TokenBuild Behavior [ RunTime:0.000063s ]
INFO: Run WriteHtmlCache Behavior [ RunTime:0.000014s ]
INFO: Run ShowRuntime Behavior [ RunTime:0.000093s ]
INFO: [ view_filter ] --END-- [ RunTime:-0.003053s ]
INFO: [ view_end ] --START--
INFO: Run ShowPageTrace Behavior [ RunTime:0.000050s ]
INFO: [ view_end ] --END-- [ RunTime:-0.002918s ]

[ 2013-09-08T14:43:10+08:00 ] 127.0.0.1 /papawithme/
INFO: [ app_begin ] --START--
INFO: Run ReadHtmlCache Behavior [ RunTime:0.000656s ]
INFO: [ app_begin ] --END-- [ RunTime:0.000743s ]
INFO: [ view_template ] --START--
INFO: Run LocationTemplate Behavior [ RunTime:0.000599s ]
INFO: [ view_template ] --END-- [ RunTime:0.000669s ]
INFO: [ view_parse ] --START--
INFO: Run ParseTemplate Behavior [ RunTime:0.005998s ]
INFO: [ view_parse ] --END-- [ RunTime:0.006075s ]
INFO: [ view_filter ] --START--
INFO: Run ContentReplace Behavior [ RunTime:0.000470s ]
INFO: Run TokenBuild Behavior [ RunTime:0.000473s ]
INFO: Run WriteHtmlCache Behavior [ RunTime:0.000394s ]
INFO: Run ShowRuntime Behavior [ RunTime:0.000537s ]
INFO: [ view_filter ] --END-- [ RunTime:0.002049s ]
INFO: [ view_end ] --START--
INFO: Run ShowPageTrace Behavior [ RunTime:0.000666s ]
INFO: [ view_end ] --END-- [ RunTime:0.000733s ]

[ 2013-09-08T14:43:14+08:00 ] 127.0.0.1 /papawithme/index.php/Index/intro
INFO: [ route_check ] --START--
INFO: Run CheckRoute Behavior [ RunTime:0.000726s ]
INFO: [ route_check ] --END-- [ RunTime:0.000809s ]
INFO: [ app_begin ] --START--
INFO: Run ReadHtmlCache Behavior [ RunTime:0.000446s ]
INFO: [ app_begin ] --END-- [ RunTime:0.000515s ]
INFO: [ view_template ] --START--
INFO: Run LocationTemplate Behavior [ RunTime:0.000478s ]
INFO: [ view_template ] --END-- [ RunTime:0.000547s ]
INFO: [ view_parse ] --START--
INFO: Run ParseTemplate Behavior [ RunTime:0.015765s ]
INFO: [ view_parse ] --END-- [ RunTime:0.015847s ]
INFO: [ view_filter ] --START--
INFO: Run ContentReplace Behavior [ RunTime:0.000318s ]
INFO: Run TokenBuild Behavior [ RunTime:0.000337s ]
INFO: Run WriteHtmlCache Behavior [ RunTime:0.000244s ]
INFO: Run ShowRuntime Behavior [ RunTime:0.000393s ]
INFO: [ view_filter ] --END-- [ RunTime:0.001472s ]
INFO: [ view_end ] --START--
INFO: Run ShowPageTrace Behavior [ RunTime:0.000471s ]
INFO: [ view_end ] --END-- [ RunTime:0.000538s ]

[ 2013-09-08T14:43:17+08:00 ] 127.0.0.1 /papawithme/index.php/Home
INFO: [ route_check ] --START--
INFO: Run CheckRoute Behavior [ RunTime:0.000638s ]
INFO: [ route_check ] --END-- [ RunTime:0.000734s ]
INFO: [ app_begin ] --START--
INFO: Run ReadHtmlCache Behavior [ RunTime:0.000509s ]
INFO: [ app_begin ] --END-- [ RunTime:0.000590s ]
INFO: [ view_template ] --START--
INFO: Run LocationTemplate Behavior [ RunTime:0.000527s ]
INFO: [ view_template ] --END-- [ RunTime:0.000607s ]
INFO: [ view_parse ] --START--
INFO: Run ParseTemplate Behavior [ RunTime:0.006654s ]
INFO: [ view_parse ] --END-- [ RunTime:0.006728s ]
INFO: [ view_filter ] --START--
INFO: Run ContentReplace Behavior [ RunTime:0.000408s ]
INFO: Run TokenBuild Behavior [ RunTime:0.000360s ]
INFO: Run WriteHtmlCache Behavior [ RunTime:0.000278s ]
INFO: Run ShowRuntime Behavior [ RunTime:0.000451s ]
INFO: [ view_filter ] --END-- [ RunTime:0.001693s ]
INFO: [ view_end ] --START--
INFO: Run ShowPageTrace Behavior [ RunTime:0.000489s ]
INFO: [ view_end ] --END-- [ RunTime:0.000551s ]
INFO: [ view_template ] --START--
INFO: Run LocationTemplate Behavior [ RunTime:0.000159s ]
INFO: [ view_template ] --END-- [ RunTime:-0.009208s ]
INFO: [ view_parse ] --START--
INFO: Run ParseTemplate Behavior [ RunTime:0.001919s ]
INFO: [ view_parse ] --END-- [ RunTime:-0.002689s ]
INFO: [ view_filter ] --START--
INFO: Run ContentReplace Behavior [ RunTime:0.000058s ]
INFO: Run TokenBuild Behavior [ RunTime:0.000053s ]
INFO: Run WriteHtmlCache Behavior [ RunTime:0.000012s ]
INFO: Run ShowRuntime Behavior [ RunTime:0.000077s ]
INFO: [ view_filter ] --END-- [ RunTime:-0.002978s ]
INFO: [ view_end ] --START--
INFO: Run ShowPageTrace Behavior [ RunTime:0.000040s ]
INFO: [ view_end ] --END-- [ RunTime:-0.002755s ]

[ 2013-09-08T14:44:19+08:00 ] 127.0.0.1 /papawithme/index.php/Home
INFO: [ route_check ] --START--
INFO: Run CheckRoute Behavior [ RunTime:0.000687s ]
INFO: [ route_check ] --END-- [ RunTime:0.000776s ]
INFO: [ app_begin ] --START--
INFO: Run ReadHtmlCache Behavior [ RunTime:0.000441s ]
INFO: [ app_begin ] --END-- [ RunTime:0.000512s ]
INFO: [ view_template ] --START--
INFO: Run LocationTemplate Behavior [ RunTime:0.000488s ]
INFO: [ view_template ] --END-- [ RunTime:0.000562s ]
INFO: [ view_parse ] --START--
INFO: Run ParseTemplate Behavior [ RunTime:0.007101s ]
INFO: [ view_parse ] --END-- [ RunTime:0.007184s ]
INFO: [ view_filter ] --START--
INFO: Run ContentReplace Behavior [ RunTime:0.000402s ]
INFO: Run TokenBuild Behavior [ RunTime:0.000357s ]
INFO: Run WriteHtmlCache Behavior [ RunTime:0.000333s ]
INFO: Run ShowRuntime Behavior [ RunTime:0.000429s ]
INFO: [ view_filter ] --END-- [ RunTime:0.001715s ]
INFO: [ view_end ] --START--
INFO: Run ShowPageTrace Behavior [ RunTime:0.000480s ]
INFO: [ view_end ] --END-- [ RunTime:0.000543s ]
INFO: [ view_template ] --START--
INFO: Run LocationTemplate Behavior [ RunTime:0.000161s ]
INFO: [ view_template ] --END-- [ RunTime:-0.009686s ]
INFO: [ view_parse ] --START--
INFO: Run ParseTemplate Behavior [ RunTime:0.001906s ]
INFO: [ view_parse ] --END-- [ RunTime:-0.002717s ]
INFO: [ view_filter ] --START--
INFO: Run ContentReplace Behavior [ RunTime:0.000057s ]
INFO: Run TokenBuild Behavior [ RunTime:0.000050s ]
INFO: Run WriteHtmlCache Behavior [ RunTime:0.000011s ]
INFO: Run ShowRuntime Behavior [ RunTime:0.000076s ]
INFO: [ view_filter ] --END-- [ RunTime:-0.002963s ]
INFO: [ view_end ] --START--
INFO: Run ShowPageTrace Behavior [ RunTime:0.000041s ]
INFO: [ view_end ] --END-- [ RunTime:-0.002741s ]

[ 2013-09-08T14:44:39+08:00 ] 127.0.0.1 /papawithme/index.php/Home
INFO: [ route_check ] --START--
INFO: Run CheckRoute Behavior [ RunTime:0.000806s ]
INFO: [ route_check ] --END-- [ RunTime:0.000890s ]
INFO: [ app_begin ] --START--
INFO: Run ReadHtmlCache Behavior [ RunTime:0.000601s ]
INFO: [ app_begin ] --END-- [ RunTime:0.000673s ]
INFO: [ view_template ] --START--
INFO: Run LocationTemplate Behavior [ RunTime:0.000622s ]
INFO: [ view_template ] --END-- [ RunTime:0.000706s ]
INFO: [ view_parse ] --START--
INFO: Run ParseTemplate Behavior [ RunTime:0.007330s ]
INFO: [ view_parse ] --END-- [ RunTime:0.007409s ]
INFO: [ view_filter ] --START--
INFO: Run ContentReplace Behavior [ RunTime:0.000523s ]
INFO: Run TokenBuild Behavior [ RunTime:0.000493s ]
INFO: Run WriteHtmlCache Behavior [ RunTime:0.000398s ]
INFO: Run ShowRuntime Behavior [ RunTime:0.000567s ]
INFO: [ view_filter ] --END-- [ RunTime:0.002171s ]
INFO: [ view_end ] --START--
INFO: Run ShowPageTrace Behavior [ RunTime:0.000581s ]
INFO: [ view_end ] --END-- [ RunTime:0.000645s ]
INFO: [ view_template ] --START--
INFO: Run LocationTemplate Behavior [ RunTime:0.000160s ]
INFO: [ view_template ] --END-- [ RunTime:-0.010473s ]
INFO: [ view_parse ] --START--
INFO: Run ParseTemplate Behavior [ RunTime:0.001913s ]
INFO: [ view_parse ] --END-- [ RunTime:-0.003279s ]
INFO: [ view_filter ] --START--
INFO: Run ContentReplace Behavior [ RunTime:0.000058s ]
INFO: Run TokenBuild Behavior [ RunTime:0.000050s ]
INFO: Run WriteHtmlCache Behavior [ RunTime:0.000011s ]
INFO: Run ShowRuntime Behavior [ RunTime:0.000076s ]
INFO: [ view_filter ] --END-- [ RunTime:-0.003084s ]
INFO: [ view_end ] --START--
INFO: Run ShowPageTrace Behavior [ RunTime:0.000041s ]
INFO: [ view_end ] --END-- [ RunTime:-0.002749s ]

[ 2013-09-08T14:44:47+08:00 ] 127.0.0.1 /papawithme/index.php/Home
INFO: [ route_check ] --START--
INFO: Run CheckRoute Behavior [ RunTime:0.000558s ]
INFO: [ route_check ] --END-- [ RunTime:0.000645s ]
INFO: [ app_begin ] --START--
INFO: Run ReadHtmlCache Behavior [ RunTime:0.000428s ]
INFO: [ app_begin ] --END-- [ RunTime:0.000501s ]
INFO: [ view_template ] --START--
INFO: Run LocationTemplate Behavior [ RunTime:0.000367s ]
INFO: [ view_template ] --END-- [ RunTime:0.000451s ]
INFO: [ view_parse ] --START--
INFO: Run ParseTemplate Behavior [ RunTime:0.007109s ]
INFO: [ view_parse ] --END-- [ RunTime:0.007221s ]
INFO: [ view_filter ] --START--
INFO: Run ContentReplace Behavior [ RunTime:0.000443s ]
INFO: Run TokenBuild Behavior [ RunTime:0.000366s ]
INFO: Run WriteHtmlCache Behavior [ RunTime:0.000297s ]
INFO: Run ShowRuntime Behavior [ RunTime:0.000456s ]
INFO: [ view_filter ] --END-- [ RunTime:0.001795s ]
INFO: [ view_end ] --START--
INFO: Run ShowPageTrace Behavior [ RunTime:0.000561s ]
INFO: [ view_end ] --END-- [ RunTime:0.000643s ]
INFO: [ view_template ] --START--
INFO: Run LocationTemplate Behavior [ RunTime:0.000161s ]
INFO: [ view_template ] --END-- [ RunTime:-0.009954s ]
INFO: [ view_parse ] --START--
INFO: Run ParseTemplate Behavior [ RunTime:0.001875s ]
INFO: [ view_parse ] --END-- [ RunTime:-0.002961s ]
INFO: [ view_filter ] --START--
INFO: Run ContentReplace Behavior [ RunTime:0.000058s ]
INFO: Run TokenBuild Behavior [ RunTime:0.000053s ]
INFO: Run WriteHtmlCache Behavior [ RunTime:0.000012s ]
INFO: Run ShowRuntime Behavior [ RunTime:0.000092s ]
INFO: [ view_filter ] --END-- [ RunTime:-0.003116s ]
INFO: [ view_end ] --START--
INFO: Run ShowPageTrace Behavior [ RunTime:0.000043s ]
INFO: [ view_end ] --END-- [ RunTime:-0.002816s ]

[ 2013-09-08T14:45:00+08:00 ] 127.0.0.1 /papawithme/index.php/Home
INFO: [ route_check ] --START--
INFO: Run CheckRoute Behavior [ RunTime:0.000662s ]
INFO: [ route_check ] --END-- [ RunTime:0.000761s ]
INFO: [ app_begin ] --START--
INFO: Run ReadHtmlCache Behavior [ RunTime:0.000466s ]
INFO: [ app_begin ] --END-- [ RunTime:0.000534s ]
INFO: [ view_template ] --START--
INFO: Run LocationTemplate Behavior [ RunTime:0.000531s ]
INFO: [ view_template ] --END-- [ RunTime:0.000606s ]
INFO: [ view_parse ] --START--
INFO: Run ParseTemplate Behavior [ RunTime:0.007165s ]
INFO: [ view_parse ] --END-- [ RunTime:0.007243s ]
INFO: [ view_filter ] --START--
INFO: Run ContentReplace Behavior [ RunTime:0.000409s ]
INFO: Run TokenBuild Behavior [ RunTime:0.000367s ]
INFO: Run WriteHtmlCache Behavior [ RunTime:0.000298s ]
INFO: Run ShowRuntime Behavior [ RunTime:0.000412s ]
INFO: [ view_filter ] --END-- [ RunTime:0.001674s ]
INFO: [ view_end ] --START--
INFO: Run ShowPageTrace Behavior [ RunTime:0.000459s ]
INFO: [ view_end ] --END-- [ RunTime:0.000521s ]
INFO: [ view_template ] --START--
INFO: Run LocationTemplate Behavior [ RunTime:0.000157s ]
INFO: [ view_template ] --END-- [ RunTime:-0.009673s ]
INFO: [ view_parse ] --START--
INFO: Run ParseTemplate Behavior [ RunTime:0.001982s ]
INFO: [ view_parse ] --END-- [ RunTime:-0.002638s ]
INFO: [ view_filter ] --START--
INFO: Run ContentReplace Behavior [ RunTime:0.000060s ]
INFO: Run TokenBuild Behavior [ RunTime:0.000058s ]
INFO: Run WriteHtmlCache Behavior [ RunTime:0.000011s ]
INFO: Run ShowRuntime Behavior [ RunTime:0.000077s ]
INFO: [ view_filter ] --END-- [ RunTime:-0.003010s ]
INFO: [ view_end ] --START--
INFO: Run ShowPageTrace Behavior [ RunTime:0.000041s ]
INFO: [ view_end ] --END-- [ RunTime:-0.002822s ]

[ 2013-09-08T14:48:33+08:00 ] 127.0.0.1 /papawithme/index.php/Home
INFO: [ route_check ] --START--
INFO: Run CheckRoute Behavior [ RunTime:0.000741s ]
INFO: [ route_check ] --END-- [ RunTime:0.000830s ]
INFO: [ app_begin ] --START--
INFO: Run ReadHtmlCache Behavior [ RunTime:0.000590s ]
INFO: [ app_begin ] --END-- [ RunTime:0.000662s ]
INFO: [ view_template ] --START--
INFO: Run LocationTemplate Behavior [ RunTime:0.000622s ]
INFO: [ view_template ] --END-- [ RunTime:0.000705s ]
INFO: [ view_parse ] --START--
INFO: Run ParseTemplate Behavior [ RunTime:0.007259s ]
INFO: [ view_parse ] --END-- [ RunTime:0.007335s ]
INFO: [ view_filter ] --START--
INFO: Run ContentReplace Behavior [ RunTime:0.000531s ]
INFO: Run TokenBuild Behavior [ RunTime:0.000509s ]
INFO: Run WriteHtmlCache Behavior [ RunTime:0.000463s ]
INFO: Run ShowRuntime Behavior [ RunTime:0.000568s ]
INFO: [ view_filter ] --END-- [ RunTime:0.002266s ]
INFO: [ view_end ] --START--
INFO: Run ShowPageTrace Behavior [ RunTime:0.000639s ]
INFO: [ view_end ] --END-- [ RunTime:0.000706s ]
INFO: [ view_template ] --START--
INFO: Run LocationTemplate Behavior [ RunTime:0.000180s ]
INFO: [ view_template ] --END-- [ RunTime:-0.010577s ]
INFO: [ view_parse ] --START--
INFO: Run ParseTemplate Behavior [ RunTime:0.001950s ]
INFO: [ view_parse ] --END-- [ RunTime:-0.003486s ]
INFO: [ view_filter ] --START--
INFO: Run ContentReplace Behavior [ RunTime:0.000058s ]
INFO: Run TokenBuild Behavior [ RunTime:0.000050s ]
INFO: Run WriteHtmlCache Behavior [ RunTime:0.000012s ]
INFO: Run ShowRuntime Behavior [ RunTime:0.000100s ]
INFO: [ view_filter ] --END-- [ RunTime:-0.003237s ]
INFO: [ view_end ] --START--
INFO: Run ShowPageTrace Behavior [ RunTime:0.000048s ]
INFO: [ view_end ] --END-- [ RunTime:-0.002880s ]

[ 2013-09-08T14:48:33+08:00 ] 127.0.0.1 /papawithme/index.php/%7Bpublic%7D/resources/bg/bg.gif
INFO: [ route_check ] --START--
INFO: Run CheckRoute Behavior [ RunTime:0.000674s ]
INFO: [ route_check ] --END-- [ RunTime:0.000768s ]
INFO: [ app_begin ] --START--
INFO: Run ReadHtmlCache Behavior [ RunTime:0.000442s ]
INFO: [ app_begin ] --END-- [ RunTime:0.000510s ]
NOTIC: [8] Undefined variable: group C:\wamp\www\papawithme\ThinkPHP\Lib\Core\App.class.php  120 .
ERR: :{public}

[ 2013-09-08T14:48:57+08:00 ] 127.0.0.1 /papawithme/index.php/Home
INFO: [ route_check ] --START--
INFO: Run CheckRoute Behavior [ RunTime:0.000780s ]
INFO: [ route_check ] --END-- [ RunTime:0.000864s ]
INFO: [ app_begin ] --START--
INFO: Run ReadHtmlCache Behavior [ RunTime:0.000580s ]
INFO: [ app_begin ] --END-- [ RunTime:0.000653s ]
INFO: [ view_template ] --START--
INFO: Run LocationTemplate Behavior [ RunTime:0.000643s ]
INFO: [ view_template ] --END-- [ RunTime:0.000717s ]
INFO: [ view_parse ] --START--
INFO: Run ParseTemplate Behavior [ RunTime:0.007483s ]
INFO: [ view_parse ] --END-- [ RunTime:0.007570s ]
INFO: [ view_filter ] --START--
INFO: Run ContentReplace Behavior [ RunTime:0.000615s ]
INFO: Run TokenBuild Behavior [ RunTime:0.000496s ]
INFO: Run WriteHtmlCache Behavior [ RunTime:0.000432s ]
INFO: Run ShowRuntime Behavior [ RunTime:0.000565s ]
INFO: [ view_filter ] --END-- [ RunTime:0.002302s ]
INFO: [ view_end ] --START--
INFO: Run ShowPageTrace Behavior [ RunTime:0.000662s ]
INFO: [ view_end ] --END-- [ RunTime:0.000740s ]
INFO: [ view_template ] --START--
INFO: Run LocationTemplate Behavior [ RunTime:0.000177s ]
INFO: [ view_template ] --END-- [ RunTime:-0.010876s ]
INFO: [ view_parse ] --START--
INFO: Run ParseTemplate Behavior [ RunTime:0.001988s ]
INFO: [ view_parse ] --END-- [ RunTime:-0.003553s ]
INFO: [ view_filter ] --START--
INFO: Run ContentReplace Behavior [ RunTime:0.000057s ]
INFO: Run TokenBuild Behavior [ RunTime:0.000051s ]
INFO: Run WriteHtmlCache Behavior [ RunTime:0.000011s ]
INFO: Run ShowRuntime Behavior [ RunTime:0.000076s ]
INFO: [ view_filter ] --END-- [ RunTime:-0.003306s ]
INFO: [ view_end ] --START--
INFO: Run ShowPageTrace Behavior [ RunTime:0.000041s ]
INFO: [ view_end ] --END-- [ RunTime:-0.002875s ]

[ 2013-09-08T14:50:09+08:00 ] 127.0.0.1 /papawithme/index.php/Home
INFO: [ route_check ] --START--
INFO: Run CheckRoute Behavior [ RunTime:0.000770s ]
INFO: [ route_check ] --END-- [ RunTime:0.000862s ]
INFO: [ app_begin ] --START--
INFO: Run ReadHtmlCache Behavior [ RunTime:0.000585s ]
INFO: [ app_begin ] --END-- [ RunTime:0.000662s ]
INFO: [ view_template ] --START--
INFO: Run LocationTemplate Behavior [ RunTime:0.000692s ]
INFO: [ view_template ] --END-- [ RunTime:0.000787s ]
INFO: [ view_parse ] --START--
INFO: Run ParseTemplate Behavior [ RunTime:0.007239s ]
INFO: [ view_parse ] --END-- [ RunTime:0.007318s ]
INFO: [ view_filter ] --START--
INFO: Run ContentReplace Behavior [ RunTime:0.000528s ]
INFO: Run TokenBuild Behavior [ RunTime:0.000478s ]
INFO: Run WriteHtmlCache Behavior [ RunTime:0.000422s ]
INFO: Run ShowRuntime Behavior [ RunTime:0.000631s ]
INFO: [ view_filter ] --END-- [ RunTime:0.002259s ]
INFO: [ view_end ] --START--
INFO: Run ShowPageTrace Behavior [ RunTime:0.000734s ]
INFO: [ view_end ] --END-- [ RunTime:0.000807s ]
INFO: [ view_template ] --START--
INFO: Run LocationTemplate Behavior [ RunTime:0.000173s ]
INFO: [ view_template ] --END-- [ RunTime:-0.010635s ]
INFO: [ view_parse ] --START--
INFO: Run ParseTemplate Behavior [ RunTime:0.002016s ]
INFO: [ view_parse ] --END-- [ RunTime:-0.003542s ]
INFO: [ view_filter ] --START--
INFO: Run ContentReplace Behavior [ RunTime:0.000064s ]
INFO: Run TokenBuild Behavior [ RunTime:0.000051s ]
INFO: Run WriteHtmlCache Behavior [ RunTime:0.000012s ]
INFO: Run ShowRuntime Behavior [ RunTime:0.000078s ]
INFO: [ view_filter ] --END-- [ RunTime:-0.003366s ]
INFO: [ view_end ] --START--
INFO: Run ShowPageTrace Behavior [ RunTime:0.000041s ]
INFO: [ view_end ] --END-- [ RunTime:-0.002887s ]

