[ 2013-07-22T16:59:33+08:00 ] 127.0.0.1 /papawithme/
INFO: [ app_begin ] --START--
INFO: Run ReadHtmlCache Behavior [ RunTime:0.003577s ]
INFO: [ app_begin ] --END-- [ RunTime:0.003765s ]
INFO: [ view_template ] --START--
INFO: Run LocationTemplate Behavior [ RunTime:0.002768s ]
INFO: [ view_template ] --END-- [ RunTime:0.002911s ]
INFO: [ view_parse ] --START--
INFO: Run ParseTemplate Behavior [ RunTime:0.032926s ]
INFO: [ view_parse ] --END-- [ RunTime:0.033060s ]
INFO: [ view_filter ] --START--
INFO: Run ContentReplace Behavior [ RunTime:0.025885s ]
INFO: Run TokenBuild Behavior [ RunTime:0.016030s ]
INFO: Run WriteHtmlCache Behavior [ RunTime:0.000988s ]
INFO: Run ShowRuntime Behavior [ RunTime:0.001249s ]
INFO: [ view_filter ] --END-- [ RunTime:0.044515s ]
INFO: [ view_end ] --START--
INFO: Run ShowPageTrace Behavior [ RunTime:0.001585s ]
INFO: [ view_end ] --END-- [ RunTime:0.001699s ]

[ 2013-07-22T16:59:43+08:00 ] 127.0.0.1 /papawithme/
INFO: [ app_begin ] --START--
INFO: Run ReadHtmlCache Behavior [ RunTime:0.001200s ]
INFO: [ app_begin ] --END-- [ RunTime:0.001331s ]
INFO: [ view_template ] --START--
INFO: Run LocationTemplate Behavior [ RunTime:0.002414s ]
INFO: [ view_template ] --END-- [ RunTime:0.002561s ]
INFO: [ view_parse ] --START--
INFO: Run ParseTemplate Behavior [ RunTime:0.011957s ]
INFO: [ view_parse ] --END-- [ RunTime:0.012093s ]
INFO: [ view_filter ] --START--
INFO: Run ContentReplace Behavior [ RunTime:0.000823s ]
INFO: Run TokenBuild Behavior [ RunTime:0.000786s ]
INFO: Run WriteHtmlCache Behavior [ RunTime:0.000669s ]
INFO: Run ShowRuntime Behavior [ RunTime:0.000911s ]
INFO: [ view_filter ] --END-- [ RunTime:0.003483s ]
INFO: [ view_end ] --START--
INFO: Run ShowPageTrace Behavior [ RunTime:0.000940s ]
INFO: [ view_end ] --END-- [ RunTime:0.001048s ]

[ 2013-07-22T17:00:01+08:00 ] 127.0.0.1 /papawithme/index.php/Index/Login
INFO: [ route_check ] --START--
INFO: Run CheckRoute Behavior [ RunTime:0.016697s ]
INFO: [ route_check ] --END-- [ RunTime:0.016853s ]
INFO: [ app_begin ] --START--
INFO: Run ReadHtmlCache Behavior [ RunTime:0.001080s ]
INFO: [ app_begin ] --END-- [ RunTime:0.001219s ]
SQL: SHOW COLUMNS FROM `think_user` [ RunTime:0.052921s ]
NOTIC: 建议使用I方法替代_param
NOTIC: 建议使用I方法替代_param
SQL: SELECT * FROM `think_user` WHERE ( `user_email` = 'root@papawith.me' ) AND ( `user_psd` = 'papawithme~' )  [ RunTime:0.000859s ]

[ 2013-07-22T17:00:01+08:00 ] 127.0.0.1 /papawithme/index.php/Home
INFO: [ route_check ] --START--
INFO: Run CheckRoute Behavior [ RunTime:0.000951s ]
INFO: [ route_check ] --END-- [ RunTime:0.001079s ]
INFO: [ app_begin ] --START--
INFO: Run ReadHtmlCache Behavior [ RunTime:0.000735s ]
INFO: [ app_begin ] --END-- [ RunTime:0.000842s ]
INFO: [ view_template ] --START--
INFO: Run LocationTemplate Behavior [ RunTime:0.001188s ]
INFO: [ view_template ] --END-- [ RunTime:0.001347s ]
INFO: [ view_parse ] --START--
INFO: Run ParseTemplate Behavior [ RunTime:0.012430s ]
INFO: [ view_parse ] --END-- [ RunTime:0.012561s ]
INFO: [ view_filter ] --START--
INFO: Run ContentReplace Behavior [ RunTime:0.000628s ]
INFO: Run TokenBuild Behavior [ RunTime:0.000670s ]
INFO: Run WriteHtmlCache Behavior [ RunTime:0.000556s ]
INFO: Run ShowRuntime Behavior [ RunTime:0.000880s ]
INFO: [ view_filter ] --END-- [ RunTime:0.003617s ]
INFO: [ view_end ] --START--
INFO: Run ShowPageTrace Behavior [ RunTime:0.002158s ]
INFO: [ view_end ] --END-- [ RunTime:0.002294s ]

[ 2013-07-22T17:01:00+08:00 ] 127.0.0.1 /papawithme/index.php/Index/Login
INFO: [ route_check ] --START--
INFO: Run CheckRoute Behavior [ RunTime:0.002087s ]
INFO: [ route_check ] --END-- [ RunTime:0.002272s ]
INFO: [ app_begin ] --START--
INFO: Run ReadHtmlCache Behavior [ RunTime:0.001141s ]
INFO: [ app_begin ] --END-- [ RunTime:0.001376s ]
SQL: SHOW COLUMNS FROM `think_user` [ RunTime:0.006503s ]
NOTIC: 建议使用I方法替代_param
NOTIC: 建议使用I方法替代_param
SQL: SELECT * FROM `think_user` WHERE ( `user_email` = 'root@papawith.me' ) AND ( `user_psd` = 'asas' )  [ RunTime:0.000320s ]

[ 2013-07-22T17:02:10+08:00 ] 127.0.0.1 /papawithme/index.php/Index/Login
INFO: [ route_check ] --START--
INFO: Run CheckRoute Behavior [ RunTime:0.001514s ]
INFO: [ route_check ] --END-- [ RunTime:0.001665s ]
INFO: [ app_begin ] --START--
INFO: Run ReadHtmlCache Behavior [ RunTime:0.000879s ]
INFO: [ app_begin ] --END-- [ RunTime:0.000975s ]
SQL: SHOW COLUMNS FROM `think_user` [ RunTime:0.005578s ]
NOTIC: 建议使用I方法替代_param
NOTIC: 建议使用I方法替代_param
SQL: SELECT * FROM `think_user` WHERE ( `user_email` = 'root@papawith.me' ) AND ( `user_psd` = 'papawithme~' )  [ RunTime:0.000330s ]

[ 2013-07-22T17:02:10+08:00 ] 127.0.0.1 /papawithme/index.php/Home
INFO: [ route_check ] --START--
INFO: Run CheckRoute Behavior [ RunTime:0.001031s ]
INFO: [ route_check ] --END-- [ RunTime:0.001170s ]
INFO: [ app_begin ] --START--
INFO: Run ReadHtmlCache Behavior [ RunTime:0.000754s ]
INFO: [ app_begin ] --END-- [ RunTime:0.000862s ]
INFO: [ view_template ] --START--
INFO: Run LocationTemplate Behavior [ RunTime:0.001526s ]
INFO: [ view_template ] --END-- [ RunTime:0.001737s ]
INFO: [ view_parse ] --START--
INFO: Run ParseTemplate Behavior [ RunTime:0.012199s ]
INFO: [ view_parse ] --END-- [ RunTime:0.012339s ]
INFO: [ view_filter ] --START--
INFO: Run ContentReplace Behavior [ RunTime:0.000823s ]
INFO: Run TokenBuild Behavior [ RunTime:0.000796s ]
INFO: Run WriteHtmlCache Behavior [ RunTime:0.000692s ]
INFO: Run ShowRuntime Behavior [ RunTime:0.000907s ]
INFO: [ view_filter ] --END-- [ RunTime:0.003512s ]
INFO: [ view_end ] --START--
INFO: Run ShowPageTrace Behavior [ RunTime:0.000997s ]
INFO: [ view_end ] --END-- [ RunTime:0.001106s ]

[ 2013-07-22T17:02:43+08:00 ] 127.0.0.1 /papawithme/index.php/Install
INFO: [ route_check ] --START--
INFO: Run CheckRoute Behavior [ RunTime:0.001578s ]
INFO: [ route_check ] --END-- [ RunTime:0.001754s ]
INFO: [ app_begin ] --START--
INFO: Run ReadHtmlCache Behavior [ RunTime:0.001008s ]
INFO: [ app_begin ] --END-- [ RunTime:0.001138s ]
SQL: drop table if exists `papawithme`.`think_user`; [ RunTime:0.082664s ]
SQL: CREATE  TABLE `papawithme`.`think_user` (
					  `user_id` INT NOT NULL AUTO_INCREMENT ,
					  `user_name` VARCHAR(45) NOT NULL ,
					  `user_psd` VARCHAR(45) NOT NULL ,
					  `user_email` VARCHAR(145) NOT NULL ,
					  PRIMARY KEY (`user_id`) ,
					  UNIQUE INDEX `user_name_UNIQUE` (`user_name` ASC) ,
					  UNIQUE INDEX `user_psd_UNIQUE` (`user_psd` ASC) ,
					  UNIQUE INDEX `user_email_UNIQUE` (`user_email` ASC) 
					  ); [ RunTime:0.066412s ]
SQL: INSERT INTO `papawithme`.`think_user` (`user_name`, `user_psd`, `user_email`) VALUES ('root', 'papawithme~', 'root@papawith.me'); [ RunTime:0.041216s ]
SQL: SHOW COLUMNS FROM `think_user` [ RunTime:0.006410s ]
SQL: SELECT * FROM `think_user`  [ RunTime:0.000269s ]

[ 2013-07-22T17:07:59+08:00 ] 127.0.0.1 /papawithme/index.php/Index/Login
INFO: [ route_check ] --START--
INFO: Run CheckRoute Behavior [ RunTime:0.001874s ]
INFO: [ route_check ] --END-- [ RunTime:0.002029s ]
INFO: [ app_begin ] --START--
INFO: Run ReadHtmlCache Behavior [ RunTime:0.001591s ]
INFO: [ app_begin ] --END-- [ RunTime:0.001696s ]
SQL: SHOW COLUMNS FROM `think_user` [ RunTime:0.005432s ]
NOTIC: 建议使用I方法替代_param
NOTIC: 建议使用I方法替代_param
SQL: SELECT * FROM `think_user` WHERE ( `user_email` = 'root@papawith.me' ) AND ( `user_psd` = 'papawithme~' )  [ RunTime:0.000332s ]

[ 2013-07-22T17:07:59+08:00 ] 127.0.0.1 /papawithme/index.php/Home
INFO: [ route_check ] --START--
INFO: Run CheckRoute Behavior [ RunTime:0.001675s ]
INFO: [ route_check ] --END-- [ RunTime:0.001820s ]
INFO: [ app_begin ] --START--
INFO: Run ReadHtmlCache Behavior [ RunTime:0.002493s ]
INFO: [ app_begin ] --END-- [ RunTime:0.002725s ]
INFO: [ view_template ] --START--
INFO: Run LocationTemplate Behavior [ RunTime:0.002250s ]
INFO: [ view_template ] --END-- [ RunTime:0.002432s ]
INFO: [ view_parse ] --START--
INFO: Run ParseTemplate Behavior [ RunTime:0.016291s ]
INFO: [ view_parse ] --END-- [ RunTime:0.016449s ]
INFO: [ view_filter ] --START--
INFO: Run ContentReplace Behavior [ RunTime:0.001368s ]
INFO: Run TokenBuild Behavior [ RunTime:0.001342s ]
INFO: Run WriteHtmlCache Behavior [ RunTime:0.001114s ]
INFO: Run ShowRuntime Behavior [ RunTime:0.001352s ]
INFO: [ view_filter ] --END-- [ RunTime:0.005517s ]
INFO: [ view_end ] --START--
INFO: Run ShowPageTrace Behavior [ RunTime:0.001763s ]
INFO: [ view_end ] --END-- [ RunTime:0.001892s ]

[ 2013-07-22T17:10:22+08:00 ] 127.0.0.1 /papawithme/index.php/Home/Logout
INFO: [ route_check ] --START--
INFO: Run CheckRoute Behavior [ RunTime:0.001750s ]
INFO: [ route_check ] --END-- [ RunTime:0.001890s ]
INFO: [ app_begin ] --START--
INFO: Run ReadHtmlCache Behavior [ RunTime:0.001488s ]
INFO: [ app_begin ] --END-- [ RunTime:0.001616s ]

[ 2013-07-22T17:10:22+08:00 ] 127.0.0.1 /papawithme/index.php/Home/index
INFO: [ route_check ] --START--
INFO: Run CheckRoute Behavior [ RunTime:0.001819s ]
INFO: [ route_check ] --END-- [ RunTime:0.002206s ]
INFO: [ app_begin ] --START--
INFO: Run ReadHtmlCache Behavior [ RunTime:0.001937s ]
INFO: [ app_begin ] --END-- [ RunTime:0.002111s ]
INFO: [ view_template ] --START--
INFO: Run LocationTemplate Behavior [ RunTime:0.002446s ]
INFO: [ view_template ] --END-- [ RunTime:0.002639s ]
INFO: [ view_parse ] --START--
INFO: Run ParseTemplate Behavior [ RunTime:0.015881s ]
INFO: [ view_parse ] --END-- [ RunTime:0.016042s ]
INFO: [ view_filter ] --START--
INFO: Run ContentReplace Behavior [ RunTime:0.001282s ]
INFO: Run TokenBuild Behavior [ RunTime:0.001512s ]
INFO: Run WriteHtmlCache Behavior [ RunTime:0.001336s ]
INFO: Run ShowRuntime Behavior [ RunTime:0.001535s ]
INFO: [ view_filter ] --END-- [ RunTime:0.006045s ]
INFO: [ view_end ] --START--
INFO: Run ShowPageTrace Behavior [ RunTime:0.001876s ]
INFO: [ view_end ] --END-- [ RunTime:0.002007s ]

[ 2013-07-22T17:10:24+08:00 ] 127.0.0.1 /papawithme/index.php/Home/login
INFO: [ route_check ] --START--
INFO: Run CheckRoute Behavior [ RunTime:0.002345s ]
INFO: [ route_check ] --END-- [ RunTime:0.002544s ]
INFO: [ app_begin ] --START--
INFO: Run ReadHtmlCache Behavior [ RunTime:0.002070s ]
INFO: [ app_begin ] --END-- [ RunTime:0.002278s ]
INFO: [ view_template ] --START--
INFO: Run LocationTemplate Behavior [ RunTime:0.002582s ]
INFO: [ view_template ] --END-- [ RunTime:0.002886s ]
INFO: [ view_parse ] --START--
INFO: Run ParseTemplate Behavior [ RunTime:0.026516s ]
INFO: [ view_parse ] --END-- [ RunTime:0.026670s ]
INFO: [ view_filter ] --START--
INFO: Run ContentReplace Behavior [ RunTime:0.001358s ]
INFO: Run TokenBuild Behavior [ RunTime:0.001381s ]
INFO: Run WriteHtmlCache Behavior [ RunTime:0.001124s ]
INFO: Run ShowRuntime Behavior [ RunTime:0.001374s ]
INFO: [ view_filter ] --END-- [ RunTime:0.005584s ]
INFO: [ view_end ] --START--
INFO: Run ShowPageTrace Behavior [ RunTime:0.001435s ]
INFO: [ view_end ] --END-- [ RunTime:0.001546s ]

[ 2013-07-22T18:46:27+08:00 ] 127.0.0.1 /papawithme/index.php/Home/index
INFO: [ route_check ] --START--
INFO: Run CheckRoute Behavior [ RunTime:0.001582s ]
INFO: [ route_check ] --END-- [ RunTime:0.001731s ]
INFO: [ app_begin ] --START--
INFO: Run ReadHtmlCache Behavior [ RunTime:0.001616s ]
INFO: [ app_begin ] --END-- [ RunTime:0.001745s ]
INFO: [ view_template ] --START--
INFO: Run LocationTemplate Behavior [ RunTime:0.001901s ]
INFO: [ view_template ] --END-- [ RunTime:0.002029s ]
INFO: [ view_parse ] --START--
INFO: Run ParseTemplate Behavior [ RunTime:0.014808s ]
INFO: [ view_parse ] --END-- [ RunTime:0.014969s ]
INFO: [ view_filter ] --START--
INFO: Run ContentReplace Behavior [ RunTime:0.001435s ]
INFO: Run TokenBuild Behavior [ RunTime:0.001263s ]
INFO: Run WriteHtmlCache Behavior [ RunTime:0.001168s ]
INFO: Run ShowRuntime Behavior [ RunTime:0.001158s ]
INFO: [ view_filter ] --END-- [ RunTime:0.005383s ]
INFO: [ view_end ] --START--
INFO: Run ShowPageTrace Behavior [ RunTime:0.001156s ]
INFO: [ view_end ] --END-- [ RunTime:0.001276s ]

[ 2013-07-22T18:46:32+08:00 ] 127.0.0.1 /papawithme/index.php/Home/login
INFO: [ route_check ] --START--
INFO: Run CheckRoute Behavior [ RunTime:0.001893s ]
INFO: [ route_check ] --END-- [ RunTime:0.002067s ]
INFO: [ app_begin ] --START--
INFO: Run ReadHtmlCache Behavior [ RunTime:0.001356s ]
INFO: [ app_begin ] --END-- [ RunTime:0.001505s ]
INFO: [ view_template ] --START--
INFO: Run LocationTemplate Behavior [ RunTime:0.002001s ]
INFO: [ view_template ] --END-- [ RunTime:0.002188s ]
INFO: [ view_parse ] --START--
INFO: Run ParseTemplate Behavior [ RunTime:0.035907s ]
INFO: [ view_parse ] --END-- [ RunTime:0.036062s ]
INFO: [ view_filter ] --START--
INFO: Run ContentReplace Behavior [ RunTime:0.001040s ]
INFO: Run TokenBuild Behavior [ RunTime:0.000916s ]
INFO: Run WriteHtmlCache Behavior [ RunTime:0.001022s ]
INFO: Run ShowRuntime Behavior [ RunTime:0.001125s ]
INFO: [ view_filter ] --END-- [ RunTime:0.004450s ]
INFO: [ view_end ] --START--
INFO: Run ShowPageTrace Behavior [ RunTime:0.001231s ]
INFO: [ view_end ] --END-- [ RunTime:0.001354s ]

[ 2013-07-22T18:46:36+08:00 ] 127.0.0.1 /papawithme/index.php/Index/Login
INFO: [ route_check ] --START--
INFO: Run CheckRoute Behavior [ RunTime:0.001439s ]
INFO: [ route_check ] --END-- [ RunTime:0.001828s ]
INFO: [ app_begin ] --START--
INFO: Run ReadHtmlCache Behavior [ RunTime:0.001203s ]
INFO: [ app_begin ] --END-- [ RunTime:0.001312s ]
SQL: SHOW COLUMNS FROM `think_user` [ RunTime:0.006262s ]
NOTIC: 建议使用I方法替代_param
NOTIC: 建议使用I方法替代_param
SQL: SELECT * FROM `think_user` WHERE ( `user_email` = 'root@papawith.me' ) AND ( `user_psd` = 'papawithme~' )  [ RunTime:0.000648s ]

[ 2013-07-22T18:46:37+08:00 ] 127.0.0.1 /papawithme/index.php/Home
INFO: [ route_check ] --START--
INFO: Run CheckRoute Behavior [ RunTime:0.001769s ]
INFO: [ route_check ] --END-- [ RunTime:0.001923s ]
INFO: [ app_begin ] --START--
INFO: Run ReadHtmlCache Behavior [ RunTime:0.001144s ]
INFO: [ app_begin ] --END-- [ RunTime:0.001268s ]
INFO: [ view_template ] --START--
INFO: Run LocationTemplate Behavior [ RunTime:0.002020s ]
INFO: [ view_template ] --END-- [ RunTime:0.002196s ]
INFO: [ view_parse ] --START--
INFO: Run ParseTemplate Behavior [ RunTime:0.014564s ]
INFO: [ view_parse ] --END-- [ RunTime:0.014711s ]
INFO: [ view_filter ] --START--
INFO: Run ContentReplace Behavior [ RunTime:0.001008s ]
INFO: Run TokenBuild Behavior [ RunTime:0.001153s ]
INFO: Run WriteHtmlCache Behavior [ RunTime:0.001201s ]
INFO: Run ShowRuntime Behavior [ RunTime:0.001257s ]
INFO: [ view_filter ] --END-- [ RunTime:0.005139s ]
INFO: [ view_end ] --START--
INFO: Run ShowPageTrace Behavior [ RunTime:0.001318s ]
INFO: [ view_end ] --END-- [ RunTime:0.001471s ]

[ 2013-07-22T18:54:19+08:00 ] 127.0.0.1 /papawithme/index.php/Home/Logout
INFO: [ route_check ] --START--
INFO: Run CheckRoute Behavior [ RunTime:0.002558s ]
INFO: [ route_check ] --END-- [ RunTime:0.002719s ]
INFO: [ app_begin ] --START--
INFO: Run ReadHtmlCache Behavior [ RunTime:0.001701s ]
INFO: [ app_begin ] --END-- [ RunTime:0.001826s ]

[ 2013-07-22T18:54:19+08:00 ] 127.0.0.1 /papawithme/index.php/Home/index
INFO: [ route_check ] --START--
INFO: Run CheckRoute Behavior [ RunTime:0.001799s ]
INFO: [ route_check ] --END-- [ RunTime:0.001938s ]
INFO: [ app_begin ] --START--
INFO: Run ReadHtmlCache Behavior [ RunTime:0.001907s ]
INFO: [ app_begin ] --END-- [ RunTime:0.002042s ]
INFO: [ view_template ] --START--
INFO: Run LocationTemplate Behavior [ RunTime:0.002692s ]
INFO: [ view_template ] --END-- [ RunTime:0.002864s ]
INFO: [ view_parse ] --START--
INFO: Run ParseTemplate Behavior [ RunTime:0.016796s ]
INFO: [ view_parse ] --END-- [ RunTime:0.016948s ]
INFO: [ view_filter ] --START--
INFO: Run ContentReplace Behavior [ RunTime:0.001182s ]
INFO: Run TokenBuild Behavior [ RunTime:0.001053s ]
INFO: Run WriteHtmlCache Behavior [ RunTime:0.000882s ]
INFO: Run ShowRuntime Behavior [ RunTime:0.001126s ]
INFO: [ view_filter ] --END-- [ RunTime:0.004584s ]
INFO: [ view_end ] --START--
INFO: Run ShowPageTrace Behavior [ RunTime:0.001447s ]
INFO: [ view_end ] --END-- [ RunTime:0.001580s ]

[ 2013-07-22T18:54:24+08:00 ] 127.0.0.1 /papawithme/index.php/Home/login
INFO: [ route_check ] --START--
INFO: Run CheckRoute Behavior [ RunTime:0.001356s ]
INFO: [ route_check ] --END-- [ RunTime:0.001497s ]
INFO: [ app_begin ] --START--
INFO: Run ReadHtmlCache Behavior [ RunTime:0.001225s ]
INFO: [ app_begin ] --END-- [ RunTime:0.001346s ]
INFO: [ view_template ] --START--
INFO: Run LocationTemplate Behavior [ RunTime:0.001888s ]
INFO: [ view_template ] --END-- [ RunTime:0.002042s ]
INFO: [ view_parse ] --START--
INFO: Run ParseTemplate Behavior [ RunTime:0.015075s ]
INFO: [ view_parse ] --END-- [ RunTime:0.015218s ]
INFO: [ view_filter ] --START--
INFO: Run ContentReplace Behavior [ RunTime:0.000941s ]
INFO: Run TokenBuild Behavior [ RunTime:0.001026s ]
INFO: Run WriteHtmlCache Behavior [ RunTime:0.001076s ]
INFO: Run ShowRuntime Behavior [ RunTime:0.001199s ]
INFO: [ view_filter ] --END-- [ RunTime:0.004590s ]
INFO: [ view_end ] --START--
INFO: Run ShowPageTrace Behavior [ RunTime:0.001195s ]
INFO: [ view_end ] --END-- [ RunTime:0.001314s ]

[ 2013-07-22T19:41:31+08:00 ] 127.0.0.1 /papawithme/index.php/Index/Login
INFO: [ route_check ] --START--
INFO: Run CheckRoute Behavior [ RunTime:0.001622s ]
INFO: [ route_check ] --END-- [ RunTime:0.001762s ]
INFO: [ app_begin ] --START--
INFO: Run ReadHtmlCache Behavior [ RunTime:0.001154s ]
INFO: [ app_begin ] --END-- [ RunTime:0.001255s ]
SQL: SHOW COLUMNS FROM `think_user` [ RunTime:0.005531s ]
NOTIC: 建议使用I方法替代_param
NOTIC: 建议使用I方法替代_param
SQL: SELECT * FROM `think_user` WHERE ( `user_email` = 'root@papawith.me' ) AND ( `user_psd` = 'papawithme~' )  [ RunTime:0.000345s ]

[ 2013-07-22T19:41:31+08:00 ] 127.0.0.1 /papawithme/index.php/Home
INFO: [ route_check ] --START--
INFO: Run CheckRoute Behavior [ RunTime:0.002052s ]
INFO: [ route_check ] --END-- [ RunTime:0.002244s ]
INFO: [ app_begin ] --START--
INFO: Run ReadHtmlCache Behavior [ RunTime:0.001954s ]
INFO: [ app_begin ] --END-- [ RunTime:0.002161s ]
INFO: [ view_template ] --START--
INFO: Run LocationTemplate Behavior [ RunTime:0.002368s ]
INFO: [ view_template ] --END-- [ RunTime:0.002580s ]
INFO: [ view_parse ] --START--
INFO: Run ParseTemplate Behavior [ RunTime:0.014373s ]
INFO: [ view_parse ] --END-- [ RunTime:0.014519s ]
INFO: [ view_filter ] --START--
INFO: Run ContentReplace Behavior [ RunTime:0.001528s ]
INFO: Run TokenBuild Behavior [ RunTime:0.001243s ]
INFO: Run WriteHtmlCache Behavior [ RunTime:0.001070s ]
INFO: Run ShowRuntime Behavior [ RunTime:0.001310s ]
INFO: [ view_filter ] --END-- [ RunTime:0.005561s ]
INFO: [ view_end ] --START--
INFO: Run ShowPageTrace Behavior [ RunTime:0.001381s ]
INFO: [ view_end ] --END-- [ RunTime:0.001508s ]

[ 2013-07-22T19:41:34+08:00 ] 127.0.0.1 /papawithme/index.php/Home/Logout
INFO: [ route_check ] --START--
INFO: Run CheckRoute Behavior [ RunTime:0.001468s ]
INFO: [ route_check ] --END-- [ RunTime:0.001614s ]
INFO: [ app_begin ] --START--
INFO: Run ReadHtmlCache Behavior [ RunTime:0.001154s ]
INFO: [ app_begin ] --END-- [ RunTime:0.001271s ]

[ 2013-07-22T19:41:34+08:00 ] 127.0.0.1 /papawithme/index.php/Home/index
INFO: [ route_check ] --START--
INFO: Run CheckRoute Behavior [ RunTime:0.001359s ]
INFO: [ route_check ] --END-- [ RunTime:0.001495s ]
INFO: [ app_begin ] --START--
INFO: Run ReadHtmlCache Behavior [ RunTime:0.001132s ]
INFO: [ app_begin ] --END-- [ RunTime:0.001249s ]
INFO: [ view_template ] --START--
INFO: Run LocationTemplate Behavior [ RunTime:0.001875s ]
INFO: [ view_template ] --END-- [ RunTime:0.002023s ]
INFO: [ view_parse ] --START--
INFO: Run ParseTemplate Behavior [ RunTime:0.014259s ]
INFO: [ view_parse ] --END-- [ RunTime:0.014425s ]
INFO: [ view_filter ] --START--
INFO: Run ContentReplace Behavior [ RunTime:0.001376s ]
INFO: Run TokenBuild Behavior [ RunTime:0.001165s ]
INFO: Run WriteHtmlCache Behavior [ RunTime:0.000942s ]
INFO: Run ShowRuntime Behavior [ RunTime:0.001212s ]
INFO: [ view_filter ] --END-- [ RunTime:0.005120s ]
INFO: [ view_end ] --START--
INFO: Run ShowPageTrace Behavior [ RunTime:0.001560s ]
INFO: [ view_end ] --END-- [ RunTime:0.001699s ]

[ 2013-07-22T19:59:01+08:00 ] 127.0.0.1 /papawithme/index.php/Home/index
INFO: [ route_check ] --START--
INFO: Run CheckRoute Behavior [ RunTime:0.001692s ]
INFO: [ route_check ] --END-- [ RunTime:0.001826s ]
INFO: [ app_begin ] --START--
INFO: Run ReadHtmlCache Behavior [ RunTime:0.001290s ]
INFO: [ app_begin ] --END-- [ RunTime:0.001424s ]
INFO: [ view_template ] --START--
INFO: Run LocationTemplate Behavior [ RunTime:0.001700s ]
INFO: [ view_template ] --END-- [ RunTime:0.001842s ]
INFO: [ view_parse ] --START--
INFO: Run ParseTemplate Behavior [ RunTime:0.014790s ]
INFO: [ view_parse ] --END-- [ RunTime:0.014936s ]
INFO: [ view_filter ] --START--
INFO: Run ContentReplace Behavior [ RunTime:0.001087s ]
INFO: Run TokenBuild Behavior [ RunTime:0.001041s ]
INFO: Run WriteHtmlCache Behavior [ RunTime:0.000856s ]
INFO: Run ShowRuntime Behavior [ RunTime:0.001110s ]
INFO: [ view_filter ] --END-- [ RunTime:0.004425s ]
INFO: [ view_end ] --START--
INFO: Run ShowPageTrace Behavior [ RunTime:0.001177s ]
INFO: [ view_end ] --END-- [ RunTime:0.001285s ]

[ 2013-07-22T19:59:02+08:00 ] 127.0.0.1 /papawithme/index.php/Home/register
INFO: [ route_check ] --START--
INFO: Run CheckRoute Behavior [ RunTime:0.001674s ]
INFO: [ route_check ] --END-- [ RunTime:0.001819s ]
INFO: [ app_begin ] --START--
INFO: Run ReadHtmlCache Behavior [ RunTime:0.001270s ]
INFO: [ app_begin ] --END-- [ RunTime:0.001411s ]
INFO: [ view_template ] --START--
INFO: Run LocationTemplate Behavior [ RunTime:0.008420s ]
INFO: [ view_template ] --END-- [ RunTime:0.008710s ]
INFO: [ view_parse ] --START--
INFO: Run ParseTemplate Behavior [ RunTime:0.016800s ]
INFO: [ view_parse ] --END-- [ RunTime:0.016984s ]
INFO: [ view_filter ] --START--
INFO: Run ContentReplace Behavior [ RunTime:0.001068s ]
INFO: Run TokenBuild Behavior [ RunTime:0.001304s ]
INFO: Run WriteHtmlCache Behavior [ RunTime:0.001459s ]
INFO: Run ShowRuntime Behavior [ RunTime:0.001796s ]
INFO: [ view_filter ] --END-- [ RunTime:0.006078s ]
INFO: [ view_end ] --START--
INFO: Run ShowPageTrace Behavior [ RunTime:0.001903s ]
INFO: [ view_end ] --END-- [ RunTime:0.002057s ]

[ 2013-07-22T19:59:05+08:00 ] 127.0.0.1 /papawithme/index.php/Home/register
INFO: [ route_check ] --START--
INFO: Run CheckRoute Behavior [ RunTime:0.001516s ]
INFO: [ route_check ] --END-- [ RunTime:0.001659s ]
INFO: [ app_begin ] --START--
INFO: Run ReadHtmlCache Behavior [ RunTime:0.001226s ]
INFO: [ app_begin ] --END-- [ RunTime:0.001356s ]
INFO: [ view_template ] --START--
INFO: Run LocationTemplate Behavior [ RunTime:0.001625s ]
INFO: [ view_template ] --END-- [ RunTime:0.001771s ]
INFO: [ view_parse ] --START--
INFO: Run ParseTemplate Behavior [ RunTime:0.013553s ]
INFO: [ view_parse ] --END-- [ RunTime:0.013695s ]
INFO: [ view_filter ] --START--
INFO: Run ContentReplace Behavior [ RunTime:0.001002s ]
INFO: Run TokenBuild Behavior [ RunTime:0.000904s ]
INFO: Run WriteHtmlCache Behavior [ RunTime:0.000845s ]
INFO: Run ShowRuntime Behavior [ RunTime:0.001161s ]
INFO: [ view_filter ] --END-- [ RunTime:0.004217s ]
INFO: [ view_end ] --START--
INFO: Run ShowPageTrace Behavior [ RunTime:0.001189s ]
INFO: [ view_end ] --END-- [ RunTime:0.001298s ]

[ 2013-07-22T19:59:12+08:00 ] 127.0.0.1 /papawithme/index.php/Home/login
INFO: [ route_check ] --START--
INFO: Run CheckRoute Behavior [ RunTime:0.001345s ]
INFO: [ route_check ] --END-- [ RunTime:0.001482s ]
INFO: [ app_begin ] --START--
INFO: Run ReadHtmlCache Behavior [ RunTime:0.001127s ]
INFO: [ app_begin ] --END-- [ RunTime:0.001255s ]
INFO: [ view_template ] --START--
INFO: Run LocationTemplate Behavior [ RunTime:0.001623s ]
INFO: [ view_template ] --END-- [ RunTime:0.001771s ]
INFO: [ view_parse ] --START--
INFO: Run ParseTemplate Behavior [ RunTime:0.014172s ]
INFO: [ view_parse ] --END-- [ RunTime:0.014317s ]
INFO: [ view_filter ] --START--
INFO: Run ContentReplace Behavior [ RunTime:0.001060s ]
INFO: Run TokenBuild Behavior [ RunTime:0.000927s ]
INFO: Run WriteHtmlCache Behavior [ RunTime:0.000869s ]
INFO: Run ShowRuntime Behavior [ RunTime:0.001097s ]
INFO: [ view_filter ] --END-- [ RunTime:0.004281s ]
INFO: [ view_end ] --START--
INFO: Run ShowPageTrace Behavior [ RunTime:0.001229s ]
INFO: [ view_end ] --END-- [ RunTime:0.001519s ]

[ 2013-07-22T19:59:13+08:00 ] 127.0.0.1 /papawithme/index.php/Home/register
INFO: [ route_check ] --START--
INFO: Run CheckRoute Behavior [ RunTime:0.001802s ]
INFO: [ route_check ] --END-- [ RunTime:0.001975s ]
INFO: [ app_begin ] --START--
INFO: Run ReadHtmlCache Behavior [ RunTime:0.001267s ]
INFO: [ app_begin ] --END-- [ RunTime:0.001409s ]
INFO: [ view_template ] --START--
INFO: Run LocationTemplate Behavior [ RunTime:0.001976s ]
INFO: [ view_template ] --END-- [ RunTime:0.002147s ]
INFO: [ view_parse ] --START--
INFO: Run ParseTemplate Behavior [ RunTime:0.013813s ]
INFO: [ view_parse ] --END-- [ RunTime:0.013953s ]
INFO: [ view_filter ] --START--
INFO: Run ContentReplace Behavior [ RunTime:0.001005s ]
INFO: Run TokenBuild Behavior [ RunTime:0.001037s ]
INFO: Run WriteHtmlCache Behavior [ RunTime:0.001055s ]
INFO: Run ShowRuntime Behavior [ RunTime:0.001263s ]
INFO: [ view_filter ] --END-- [ RunTime:0.004711s ]
INFO: [ view_end ] --START--
INFO: Run ShowPageTrace Behavior [ RunTime:0.001211s ]
INFO: [ view_end ] --END-- [ RunTime:0.001323s ]

[ 2013-07-22T19:59:17+08:00 ] 127.0.0.1 /papawithme/index.php/Home/login
INFO: [ route_check ] --START--
INFO: Run CheckRoute Behavior [ RunTime:0.001408s ]
INFO: [ route_check ] --END-- [ RunTime:0.001547s ]
INFO: [ app_begin ] --START--
INFO: Run ReadHtmlCache Behavior [ RunTime:0.001174s ]
INFO: [ app_begin ] --END-- [ RunTime:0.001307s ]
INFO: [ view_template ] --START--
INFO: Run LocationTemplate Behavior [ RunTime:0.001726s ]
INFO: [ view_template ] --END-- [ RunTime:0.001902s ]
INFO: [ view_parse ] --START--
INFO: Run ParseTemplate Behavior [ RunTime:0.013641s ]
INFO: [ view_parse ] --END-- [ RunTime:0.013790s ]
INFO: [ view_filter ] --START--
INFO: Run ContentReplace Behavior [ RunTime:0.001001s ]
INFO: Run TokenBuild Behavior [ RunTime:0.001054s ]
INFO: Run WriteHtmlCache Behavior [ RunTime:0.000949s ]
INFO: Run ShowRuntime Behavior [ RunTime:0.001111s ]
INFO: [ view_filter ] --END-- [ RunTime:0.004445s ]
INFO: [ view_end ] --START--
INFO: Run ShowPageTrace Behavior [ RunTime:0.001170s ]
INFO: [ view_end ] --END-- [ RunTime:0.001280s ]

[ 2013-07-22T19:59:17+08:00 ] 127.0.0.1 /papawithme/index.php/Home/login
INFO: [ route_check ] --START--
INFO: Run CheckRoute Behavior [ RunTime:0.001919s ]
INFO: [ route_check ] --END-- [ RunTime:0.002071s ]
INFO: [ app_begin ] --START--
INFO: Run ReadHtmlCache Behavior [ RunTime:0.001137s ]
INFO: [ app_begin ] --END-- [ RunTime:0.001264s ]
INFO: [ view_template ] --START--
INFO: Run LocationTemplate Behavior [ RunTime:0.001771s ]
INFO: [ view_template ] --END-- [ RunTime:0.001921s ]
INFO: [ view_parse ] --START--
INFO: Run ParseTemplate Behavior [ RunTime:0.013373s ]
INFO: [ view_parse ] --END-- [ RunTime:0.013532s ]
INFO: [ view_filter ] --START--
INFO: Run ContentReplace Behavior [ RunTime:0.001488s ]
INFO: Run TokenBuild Behavior [ RunTime:0.000983s ]
INFO: Run WriteHtmlCache Behavior [ RunTime:0.000873s ]
INFO: Run ShowRuntime Behavior [ RunTime:0.001119s ]
INFO: [ view_filter ] --END-- [ RunTime:0.004804s ]
INFO: [ view_end ] --START--
INFO: Run ShowPageTrace Behavior [ RunTime:0.001173s ]
INFO: [ view_end ] --END-- [ RunTime:0.001284s ]

[ 2013-07-22T19:59:19+08:00 ] 127.0.0.1 /papawithme/index.php/Home/register
INFO: [ route_check ] --START--
INFO: Run CheckRoute Behavior [ RunTime:0.001415s ]
INFO: [ route_check ] --END-- [ RunTime:0.001559s ]
INFO: [ app_begin ] --START--
INFO: Run ReadHtmlCache Behavior [ RunTime:0.001191s ]
INFO: [ app_begin ] --END-- [ RunTime:0.001328s ]
INFO: [ view_template ] --START--
INFO: Run LocationTemplate Behavior [ RunTime:0.001811s ]
INFO: [ view_template ] --END-- [ RunTime:0.001984s ]
INFO: [ view_parse ] --START--
INFO: Run ParseTemplate Behavior [ RunTime:0.014319s ]
INFO: [ view_parse ] --END-- [ RunTime:0.014473s ]
INFO: [ view_filter ] --START--
INFO: Run ContentReplace Behavior [ RunTime:0.001184s ]
INFO: Run TokenBuild Behavior [ RunTime:0.001097s ]
INFO: Run WriteHtmlCache Behavior [ RunTime:0.001294s ]
INFO: Run ShowRuntime Behavior [ RunTime:0.001299s ]
INFO: [ view_filter ] --END-- [ RunTime:0.005281s ]
INFO: [ view_end ] --START--
INFO: Run ShowPageTrace Behavior [ RunTime:0.001455s ]
INFO: [ view_end ] --END-- [ RunTime:0.001630s ]

[ 2013-07-22T19:59:20+08:00 ] 127.0.0.1 /papawithme/index.php/Home/login
INFO: [ route_check ] --START--
INFO: Run CheckRoute Behavior [ RunTime:0.001450s ]
INFO: [ route_check ] --END-- [ RunTime:0.001593s ]
INFO: [ app_begin ] --START--
INFO: Run ReadHtmlCache Behavior [ RunTime:0.001152s ]
INFO: [ app_begin ] --END-- [ RunTime:0.001287s ]
INFO: [ view_template ] --START--
INFO: Run LocationTemplate Behavior [ RunTime:0.002727s ]
INFO: [ view_template ] --END-- [ RunTime:0.002911s ]
INFO: [ view_parse ] --START--
INFO: Run ParseTemplate Behavior [ RunTime:0.013027s ]
INFO: [ view_parse ] --END-- [ RunTime:0.013172s ]
INFO: [ view_filter ] --START--
INFO: Run ContentReplace Behavior [ RunTime:0.001154s ]
INFO: Run TokenBuild Behavior [ RunTime:0.001021s ]
INFO: Run WriteHtmlCache Behavior [ RunTime:0.000861s ]
INFO: Run ShowRuntime Behavior [ RunTime:0.001106s ]
INFO: [ view_filter ] --END-- [ RunTime:0.004486s ]
INFO: [ view_end ] --START--
INFO: Run ShowPageTrace Behavior [ RunTime:0.001217s ]
INFO: [ view_end ] --END-- [ RunTime:0.001327s ]

[ 2013-07-22T19:59:21+08:00 ] 127.0.0.1 /papawithme/index.php/Home/register
INFO: [ route_check ] --START--
INFO: Run CheckRoute Behavior [ RunTime:0.001332s ]
INFO: [ route_check ] --END-- [ RunTime:0.001465s ]
INFO: [ app_begin ] --START--
INFO: Run ReadHtmlCache Behavior [ RunTime:0.001141s ]
INFO: [ app_begin ] --END-- [ RunTime:0.001269s ]
INFO: [ view_template ] --START--
INFO: Run LocationTemplate Behavior [ RunTime:0.001638s ]
INFO: [ view_template ] --END-- [ RunTime:0.001790s ]
INFO: [ view_parse ] --START--
INFO: Run ParseTemplate Behavior [ RunTime:0.016254s ]
INFO: [ view_parse ] --END-- [ RunTime:0.016406s ]
INFO: [ view_filter ] --START--
INFO: Run ContentReplace Behavior [ RunTime:0.001176s ]
INFO: Run TokenBuild Behavior [ RunTime:0.001089s ]
INFO: Run WriteHtmlCache Behavior [ RunTime:0.001323s ]
INFO: Run ShowRuntime Behavior [ RunTime:0.001557s ]
INFO: [ view_filter ] --END-- [ RunTime:0.005563s ]
INFO: [ view_end ] --START--
INFO: Run ShowPageTrace Behavior [ RunTime:0.001363s ]
INFO: [ view_end ] --END-- [ RunTime:0.001485s ]

[ 2013-07-22T21:05:40+08:00 ] 127.0.0.1 /papawithme/
INFO: [ app_begin ] --START--
INFO: Run ReadHtmlCache Behavior [ RunTime:0.001447s ]
INFO: [ app_begin ] --END-- [ RunTime:0.001591s ]
INFO: [ view_template ] --START--
INFO: Run LocationTemplate Behavior [ RunTime:0.001697s ]
INFO: [ view_template ] --END-- [ RunTime:0.001833s ]
INFO: [ view_parse ] --START--
INFO: Run ParseTemplate Behavior [ RunTime:0.014852s ]
INFO: [ view_parse ] --END-- [ RunTime:0.015014s ]
INFO: [ view_filter ] --START--
INFO: Run ContentReplace Behavior [ RunTime:0.001042s ]
INFO: Run TokenBuild Behavior [ RunTime:0.001000s ]
INFO: Run WriteHtmlCache Behavior [ RunTime:0.000880s ]
INFO: Run ShowRuntime Behavior [ RunTime:0.001099s ]
INFO: [ view_filter ] --END-- [ RunTime:0.004360s ]
INFO: [ view_end ] --START--
INFO: Run ShowPageTrace Behavior [ RunTime:0.001154s ]
INFO: [ view_end ] --END-- [ RunTime:0.001271s ]

