[ 2013-07-29T17:14:52+08:00 ] 127.0.0.1 /papawithme/
INFO: [ app_begin ] --START--
INFO: Run ReadHtmlCache Behavior [ RunTime:0.001836s ]
INFO: [ app_begin ] --END-- [ RunTime:0.002308s ]
INFO: [ view_template ] --START--
INFO: Run LocationTemplate Behavior [ RunTime:0.001775s ]
INFO: [ view_template ] --END-- [ RunTime:0.001903s ]
INFO: [ view_parse ] --START--
INFO: Run ParseTemplate Behavior [ RunTime:0.042193s ]
INFO: [ view_parse ] --END-- [ RunTime:0.042330s ]
INFO: [ view_filter ] --START--
INFO: Run ContentReplace Behavior [ RunTime:0.010109s ]
INFO: Run TokenBuild Behavior [ RunTime:0.001199s ]
INFO: Run WriteHtmlCache Behavior [ RunTime:0.000963s ]
INFO: Run ShowRuntime Behavior [ RunTime:0.001236s ]
INFO: [ view_filter ] --END-- [ RunTime:0.013851s ]
INFO: [ view_end ] --START--
INFO: Run ShowPageTrace Behavior [ RunTime:0.001272s ]
INFO: [ view_end ] --END-- [ RunTime:0.001380s ]

[ 2013-07-29T17:14:57+08:00 ] 127.0.0.1 /papawithme/index.php/Index/Login
INFO: [ route_check ] --START--
INFO: Run CheckRoute Behavior [ RunTime:0.018009s ]
INFO: [ route_check ] --END-- [ RunTime:0.018158s ]
INFO: [ app_begin ] --START--
INFO: Run ReadHtmlCache Behavior [ RunTime:0.001067s ]
INFO: [ app_begin ] --END-- [ RunTime:0.001176s ]
SQL: SHOW COLUMNS FROM `think_user` [ RunTime:0.040431s ]
NOTIC: 建议使用I方法替代_param
NOTIC: 建议使用I方法替代_param
SQL: SELECT * FROM `think_user` WHERE ( `user_email` = 'root@papawith.me' ) AND ( `user_psd` = 'papawithme~' )  [ RunTime:0.000568s ]

[ 2013-07-29T17:14:57+08:00 ] 127.0.0.1 /papawithme/index.php/Home
INFO: [ route_check ] --START--
INFO: Run CheckRoute Behavior [ RunTime:0.000928s ]
INFO: [ route_check ] --END-- [ RunTime:0.001054s ]
INFO: [ app_begin ] --START--
INFO: Run ReadHtmlCache Behavior [ RunTime:0.000736s ]
INFO: [ app_begin ] --END-- [ RunTime:0.000852s ]
INFO: [ view_template ] --START--
INFO: Run LocationTemplate Behavior [ RunTime:0.002330s ]
INFO: [ view_template ] --END-- [ RunTime:0.002589s ]
INFO: [ view_parse ] --START--
INFO: Run ParseTemplate Behavior [ RunTime:0.026895s ]
INFO: [ view_parse ] --END-- [ RunTime:0.027037s ]
INFO: [ view_filter ] --START--
INFO: Run ContentReplace Behavior [ RunTime:0.000816s ]
INFO: Run TokenBuild Behavior [ RunTime:0.000805s ]
INFO: Run WriteHtmlCache Behavior [ RunTime:0.000663s ]
INFO: Run ShowRuntime Behavior [ RunTime:0.000949s ]
INFO: [ view_filter ] --END-- [ RunTime:0.003524s ]
INFO: [ view_end ] --START--
INFO: Run ShowPageTrace Behavior [ RunTime:0.000985s ]
INFO: [ view_end ] --END-- [ RunTime:0.001093s ]
INFO: [ view_template ] --START--
INFO: Run LocationTemplate Behavior [ RunTime:0.000446s ]
INFO: [ view_template ] --END-- [ RunTime:-0.032114s ]
INFO: [ view_parse ] --START--
INFO: Run ParseTemplate Behavior [ RunTime:0.008078s ]
INFO: [ view_parse ] --END-- [ RunTime:-0.005582s ]
INFO: [ view_filter ] --START--
INFO: Run ContentReplace Behavior [ RunTime:0.000099s ]
INFO: Run TokenBuild Behavior [ RunTime:0.000105s ]
INFO: Run WriteHtmlCache Behavior [ RunTime:0.000024s ]
INFO: Run ShowRuntime Behavior [ RunTime:0.000161s ]
INFO: [ view_filter ] --END-- [ RunTime:-0.010280s ]
INFO: [ view_end ] --START--
INFO: Run ShowPageTrace Behavior [ RunTime:0.000084s ]
INFO: [ view_end ] --END-- [ RunTime:-0.009836s ]

[ 2013-07-29T17:24:45+08:00 ] 127.0.0.1 /papawithme/index.php/Home/profile
INFO: [ route_check ] --START--
INFO: Run CheckRoute Behavior [ RunTime:0.001539s ]
INFO: [ route_check ] --END-- [ RunTime:0.001685s ]
INFO: [ app_begin ] --START--
INFO: Run ReadHtmlCache Behavior [ RunTime:0.000982s ]
INFO: [ app_begin ] --END-- [ RunTime:0.001090s ]
SQL: SHOW COLUMNS FROM `think_user_profile` [ RunTime:0.040772s ]
SQL: SELECT * FROM `think_user_profile` WHERE ( `user_name` = 'root' )  [ RunTime:0.000389s ]
INFO: [ view_template ] --START--
INFO: Run LocationTemplate Behavior [ RunTime:0.001581s ]
INFO: [ view_template ] --END-- [ RunTime:0.001696s ]
INFO: [ view_parse ] --START--
INFO: Run ParseTemplate Behavior [ RunTime:0.025516s ]
INFO: [ view_parse ] --END-- [ RunTime:0.025654s ]
INFO: [ view_filter ] --START--
INFO: Run ContentReplace Behavior [ RunTime:0.001021s ]
INFO: Run TokenBuild Behavior [ RunTime:0.001103s ]
INFO: Run WriteHtmlCache Behavior [ RunTime:0.000796s ]
INFO: Run ShowRuntime Behavior [ RunTime:0.000917s ]
INFO: [ view_filter ] --END-- [ RunTime:0.004192s ]
INFO: [ view_end ] --START--
INFO: Run ShowPageTrace Behavior [ RunTime:0.001037s ]
INFO: [ view_end ] --END-- [ RunTime:0.001143s ]
INFO: [ view_template ] --START--
INFO: Run LocationTemplate Behavior [ RunTime:0.000427s ]
INFO: [ view_template ] --END-- [ RunTime:-0.031423s ]
INFO: [ view_parse ] --START--
INFO: Run ParseTemplate Behavior [ RunTime:0.003843s ]
INFO: [ view_parse ] --END-- [ RunTime:-0.006296s ]
INFO: [ view_filter ] --START--
INFO: Run ContentReplace Behavior [ RunTime:0.000104s ]
INFO: Run TokenBuild Behavior [ RunTime:0.000103s ]
INFO: Run WriteHtmlCache Behavior [ RunTime:0.000025s ]
INFO: Run ShowRuntime Behavior [ RunTime:0.000161s ]
INFO: [ view_filter ] --END-- [ RunTime:-0.006064s ]
INFO: [ view_end ] --START--
INFO: Run ShowPageTrace Behavior [ RunTime:0.000086s ]
INFO: [ view_end ] --END-- [ RunTime:-0.005565s ]

[ 2013-07-29T17:24:48+08:00 ] 127.0.0.1 /papawithme/index.php/Home/editProfile
INFO: [ route_check ] --START--
INFO: Run CheckRoute Behavior [ RunTime:0.001139s ]
INFO: [ route_check ] --END-- [ RunTime:0.001292s ]
INFO: [ app_begin ] --START--
INFO: Run ReadHtmlCache Behavior [ RunTime:0.000942s ]
INFO: [ app_begin ] --END-- [ RunTime:0.001066s ]
SQL: SHOW COLUMNS FROM `think_user_profile` [ RunTime:0.005851s ]
SQL: SELECT * FROM `think_user_profile` WHERE ( `user_name` = 'root' )  [ RunTime:0.000316s ]
INFO: [ view_template ] --START--
INFO: Run LocationTemplate Behavior [ RunTime:0.001010s ]
INFO: [ view_template ] --END-- [ RunTime:0.001123s ]
INFO: [ view_parse ] --START--
INFO: Run ParseTemplate Behavior [ RunTime:0.027612s ]
INFO: [ view_parse ] --END-- [ RunTime:0.027749s ]
INFO: [ view_filter ] --START--
INFO: Run ContentReplace Behavior [ RunTime:0.000597s ]
INFO: Run TokenBuild Behavior [ RunTime:0.000600s ]
INFO: Run WriteHtmlCache Behavior [ RunTime:0.000457s ]
INFO: Run ShowRuntime Behavior [ RunTime:0.000707s ]
INFO: [ view_filter ] --END-- [ RunTime:0.002648s ]
INFO: [ view_end ] --START--
INFO: Run ShowPageTrace Behavior [ RunTime:0.001089s ]
INFO: [ view_end ] --END-- [ RunTime:0.001205s ]
INFO: [ view_template ] --START--
INFO: Run LocationTemplate Behavior [ RunTime:0.000266s ]
INFO: [ view_template ] --END-- [ RunTime:-0.032029s ]
INFO: [ view_parse ] --START--
INFO: Run ParseTemplate Behavior [ RunTime:0.003632s ]
INFO: [ view_parse ] --END-- [ RunTime:-0.004646s ]
INFO: [ view_filter ] --START--
INFO: Run ContentReplace Behavior [ RunTime:0.000106s ]
INFO: Run TokenBuild Behavior [ RunTime:0.000104s ]
INFO: Run WriteHtmlCache Behavior [ RunTime:0.000025s ]
INFO: Run ShowRuntime Behavior [ RunTime:0.000178s ]
INFO: [ view_filter ] --END-- [ RunTime:-0.005763s ]
INFO: [ view_end ] --START--
INFO: Run ShowPageTrace Behavior [ RunTime:0.000089s ]
INFO: [ view_end ] --END-- [ RunTime:-0.005298s ]

[ 2013-07-29T17:24:53+08:00 ] 127.0.0.1 /papawithme/index.php/Home/editProfile
INFO: [ route_check ] --START--
INFO: Run CheckRoute Behavior [ RunTime:0.001250s ]
INFO: [ route_check ] --END-- [ RunTime:0.001408s ]
INFO: [ app_begin ] --START--
INFO: Run ReadHtmlCache Behavior [ RunTime:0.001166s ]
INFO: [ app_begin ] --END-- [ RunTime:0.001304s ]
SQL: SHOW COLUMNS FROM `think_user_profile` [ RunTime:0.005809s ]
SQL: SELECT * FROM `think_user_profile` WHERE ( `user_name` = 'root' )  [ RunTime:0.000314s ]
INFO: [ view_template ] --START--
INFO: Run LocationTemplate Behavior [ RunTime:0.000792s ]
INFO: [ view_template ] --END-- [ RunTime:0.000906s ]
INFO: [ view_parse ] --START--
INFO: Run ParseTemplate Behavior [ RunTime:0.008500s ]
INFO: [ view_parse ] --END-- [ RunTime:0.008628s ]
INFO: [ view_filter ] --START--
INFO: Run ContentReplace Behavior [ RunTime:0.000580s ]
INFO: Run TokenBuild Behavior [ RunTime:0.000599s ]
INFO: Run WriteHtmlCache Behavior [ RunTime:0.000457s ]
INFO: Run ShowRuntime Behavior [ RunTime:0.000859s ]
INFO: [ view_filter ] --END-- [ RunTime:0.002791s ]
INFO: [ view_end ] --START--
INFO: Run ShowPageTrace Behavior [ RunTime:0.000814s ]
INFO: [ view_end ] --END-- [ RunTime:0.000924s ]
INFO: [ view_template ] --START--
INFO: Run LocationTemplate Behavior [ RunTime:0.000241s ]
INFO: [ view_template ] --END-- [ RunTime:-0.012768s ]
INFO: [ view_parse ] --START--
INFO: Run ParseTemplate Behavior [ RunTime:0.003485s ]
INFO: [ view_parse ] --END-- [ RunTime:-0.004481s ]
INFO: [ view_filter ] --START--
INFO: Run ContentReplace Behavior [ RunTime:0.000097s ]
INFO: Run TokenBuild Behavior [ RunTime:0.000104s ]
INFO: Run WriteHtmlCache Behavior [ RunTime:0.000024s ]
INFO: Run ShowRuntime Behavior [ RunTime:0.000160s ]
INFO: [ view_filter ] --END-- [ RunTime:-0.005286s ]
INFO: [ view_end ] --START--
INFO: Run ShowPageTrace Behavior [ RunTime:0.000085s ]
INFO: [ view_end ] --END-- [ RunTime:-0.005004s ]

[ 2013-07-29T17:24:59+08:00 ] 127.0.0.1 /papawithme/index.php/Home/editProfile
INFO: [ route_check ] --START--
INFO: Run CheckRoute Behavior [ RunTime:0.000946s ]
INFO: [ route_check ] --END-- [ RunTime:0.001075s ]
INFO: [ app_begin ] --START--
INFO: Run ReadHtmlCache Behavior [ RunTime:0.000854s ]
INFO: [ app_begin ] --END-- [ RunTime:0.000968s ]
SQL: SHOW COLUMNS FROM `think_user_profile` [ RunTime:0.005883s ]
SQL: SELECT * FROM `think_user_profile` WHERE ( `user_name` = 'root' )  [ RunTime:0.000341s ]
INFO: [ view_template ] --START--
INFO: Run LocationTemplate Behavior [ RunTime:0.000787s ]
INFO: [ view_template ] --END-- [ RunTime:0.000899s ]
INFO: [ view_parse ] --START--
INFO: Run ParseTemplate Behavior [ RunTime:0.008588s ]
INFO: [ view_parse ] --END-- [ RunTime:0.008720s ]
INFO: [ view_filter ] --START--
INFO: Run ContentReplace Behavior [ RunTime:0.000580s ]
INFO: Run TokenBuild Behavior [ RunTime:0.000602s ]
INFO: Run WriteHtmlCache Behavior [ RunTime:0.000460s ]
INFO: Run ShowRuntime Behavior [ RunTime:0.000809s ]
INFO: [ view_filter ] --END-- [ RunTime:0.002743s ]
INFO: [ view_end ] --START--
INFO: Run ShowPageTrace Behavior [ RunTime:0.000825s ]
INFO: [ view_end ] --END-- [ RunTime:0.000934s ]
INFO: [ view_template ] --START--
INFO: Run LocationTemplate Behavior [ RunTime:0.000242s ]
INFO: [ view_template ] --END-- [ RunTime:-0.012823s ]
INFO: [ view_parse ] --START--
INFO: Run ParseTemplate Behavior [ RunTime:0.003462s ]
INFO: [ view_parse ] --END-- [ RunTime:-0.004442s ]
INFO: [ view_filter ] --START--
INFO: Run ContentReplace Behavior [ RunTime:0.000097s ]
INFO: Run TokenBuild Behavior [ RunTime:0.000103s ]
INFO: Run WriteHtmlCache Behavior [ RunTime:0.000023s ]
INFO: Run ShowRuntime Behavior [ RunTime:0.000161s ]
INFO: [ view_filter ] --END-- [ RunTime:-0.005271s ]
INFO: [ view_end ] --START--
INFO: Run ShowPageTrace Behavior [ RunTime:0.000085s ]
INFO: [ view_end ] --END-- [ RunTime:-0.004978s ]

[ 2013-07-29T19:55:52+08:00 ] 127.0.0.1 /papawithme/index.php/Home/editProfile
INFO: [ route_check ] --START--
INFO: Run CheckRoute Behavior [ RunTime:0.001833s ]
INFO: [ route_check ] --END-- [ RunTime:0.001997s ]
INFO: [ app_begin ] --START--
INFO: Run ReadHtmlCache Behavior [ RunTime:0.002339s ]
INFO: [ app_begin ] --END-- [ RunTime:0.002502s ]
SQL: SHOW COLUMNS FROM `think_user_profile` [ RunTime:0.005735s ]
SQL: SELECT * FROM `think_user_profile` WHERE ( `user_name` = 'root' )  [ RunTime:0.000336s ]
INFO: [ view_template ] --START--
INFO: Run LocationTemplate Behavior [ RunTime:0.002777s ]
INFO: [ view_template ] --END-- [ RunTime:0.002938s ]
INFO: [ view_parse ] --START--
INFO: Run ParseTemplate Behavior [ RunTime:0.014399s ]
INFO: [ view_parse ] --END-- [ RunTime:0.014556s ]
INFO: [ view_filter ] --START--
INFO: Run ContentReplace Behavior [ RunTime:0.001300s ]
INFO: Run TokenBuild Behavior [ RunTime:0.001001s ]
INFO: Run WriteHtmlCache Behavior [ RunTime:0.000858s ]
INFO: Run ShowRuntime Behavior [ RunTime:0.001146s ]
INFO: [ view_filter ] --END-- [ RunTime:0.004615s ]
INFO: [ view_end ] --START--
INFO: Run ShowPageTrace Behavior [ RunTime:0.001232s ]
INFO: [ view_end ] --END-- [ RunTime:0.001344s ]
INFO: [ view_template ] --START--
INFO: Run LocationTemplate Behavior [ RunTime:0.001205s ]
INFO: [ view_template ] --END-- [ RunTime:-0.020986s ]
INFO: [ view_parse ] --START--
INFO: Run ParseTemplate Behavior [ RunTime:0.005077s ]
INFO: [ view_parse ] --END-- [ RunTime:-0.007723s ]
INFO: [ view_filter ] --START--
INFO: Run ContentReplace Behavior [ RunTime:0.000110s ]
INFO: Run TokenBuild Behavior [ RunTime:0.000119s ]
INFO: Run WriteHtmlCache Behavior [ RunTime:0.000026s ]
INFO: Run ShowRuntime Behavior [ RunTime:0.000186s ]
INFO: [ view_filter ] --END-- [ RunTime:-0.008315s ]
INFO: [ view_end ] --START--
INFO: Run ShowPageTrace Behavior [ RunTime:0.000095s ]
INFO: [ view_end ] --END-- [ RunTime:-0.007678s ]

[ 2013-07-29T19:57:43+08:00 ] 127.0.0.1 /papawithme/index.php/Home/editProfile
INFO: [ route_check ] --START--
INFO: Run CheckRoute Behavior [ RunTime:0.001788s ]
INFO: [ route_check ] --END-- [ RunTime:0.001926s ]
INFO: [ app_begin ] --START--
INFO: Run ReadHtmlCache Behavior [ RunTime:0.001643s ]
INFO: [ app_begin ] --END-- [ RunTime:0.001782s ]
SQL: SHOW COLUMNS FROM `think_user_profile` [ RunTime:0.005380s ]
SQL: SELECT * FROM `think_user_profile` WHERE ( `user_name` = 'root' )  [ RunTime:0.000344s ]
INFO: [ view_template ] --START--
INFO: Run LocationTemplate Behavior [ RunTime:0.002920s ]
INFO: [ view_template ] --END-- [ RunTime:0.003057s ]
INFO: [ view_parse ] --START--
INFO: Run ParseTemplate Behavior [ RunTime:0.014345s ]
INFO: [ view_parse ] --END-- [ RunTime:0.014493s ]
INFO: [ view_filter ] --START--
INFO: Run ContentReplace Behavior [ RunTime:0.001113s ]
INFO: Run TokenBuild Behavior [ RunTime:0.000982s ]
INFO: Run WriteHtmlCache Behavior [ RunTime:0.000962s ]
INFO: Run ShowRuntime Behavior [ RunTime:0.001106s ]
INFO: [ view_filter ] --END-- [ RunTime:0.004472s ]
INFO: [ view_end ] --START--
INFO: Run ShowPageTrace Behavior [ RunTime:0.001171s ]
INFO: [ view_end ] --END-- [ RunTime:0.001280s ]
INFO: [ view_template ] --START--
INFO: Run LocationTemplate Behavior [ RunTime:0.001126s ]
INFO: [ view_template ] --END-- [ RunTime:-0.020706s ]
INFO: [ view_parse ] --START--
INFO: Run ParseTemplate Behavior [ RunTime:0.004705s ]
INFO: [ view_parse ] --END-- [ RunTime:-0.007424s ]
INFO: [ view_filter ] --START--
INFO: Run ContentReplace Behavior [ RunTime:0.000106s ]
INFO: Run TokenBuild Behavior [ RunTime:0.000232s ]
INFO: Run WriteHtmlCache Behavior [ RunTime:0.000025s ]
INFO: Run ShowRuntime Behavior [ RunTime:0.000225s ]
INFO: [ view_filter ] --END-- [ RunTime:-0.007771s ]
INFO: [ view_end ] --START--
INFO: Run ShowPageTrace Behavior [ RunTime:0.000096s ]
INFO: [ view_end ] --END-- [ RunTime:-0.007484s ]

[ 2013-07-29T19:58:35+08:00 ] 127.0.0.1 /papawithme/index.php/Home/editProfile
INFO: [ route_check ] --START--
INFO: Run CheckRoute Behavior [ RunTime:0.001588s ]
INFO: [ route_check ] --END-- [ RunTime:0.001747s ]
INFO: [ app_begin ] --START--
INFO: Run ReadHtmlCache Behavior [ RunTime:0.001229s ]
INFO: [ app_begin ] --END-- [ RunTime:0.001376s ]
SQL: SHOW COLUMNS FROM `think_user_profile` [ RunTime:0.006034s ]
SQL: SELECT * FROM `think_user_profile` WHERE ( `user_name` = 'root' )  [ RunTime:0.000350s ]
INFO: [ view_template ] --START--
INFO: Run LocationTemplate Behavior [ RunTime:0.002213s ]
INFO: [ view_template ] --END-- [ RunTime:0.002345s ]
INFO: [ view_parse ] --START--
INFO: Run ParseTemplate Behavior [ RunTime:0.013989s ]
INFO: [ view_parse ] --END-- [ RunTime:0.014130s ]
INFO: [ view_filter ] --START--
INFO: Run ContentReplace Behavior [ RunTime:0.000914s ]
INFO: Run TokenBuild Behavior [ RunTime:0.001024s ]
INFO: Run WriteHtmlCache Behavior [ RunTime:0.000891s ]
INFO: Run ShowRuntime Behavior [ RunTime:0.001105s ]
INFO: [ view_filter ] --END-- [ RunTime:0.004247s ]
INFO: [ view_end ] --START--
INFO: Run ShowPageTrace Behavior [ RunTime:0.001072s ]
INFO: [ view_end ] --END-- [ RunTime:0.001182s ]
INFO: [ view_template ] --START--
INFO: Run LocationTemplate Behavior [ RunTime:0.001116s ]
INFO: [ view_template ] --END-- [ RunTime:-0.020015s ]
INFO: [ view_parse ] --START--
INFO: Run ParseTemplate Behavior [ RunTime:0.004734s ]
INFO: [ view_parse ] --END-- [ RunTime:-0.007097s ]
INFO: [ view_filter ] --START--
INFO: Run ContentReplace Behavior [ RunTime:0.000103s ]
INFO: Run TokenBuild Behavior [ RunTime:0.000118s ]
INFO: Run WriteHtmlCache Behavior [ RunTime:0.000025s ]
INFO: Run ShowRuntime Behavior [ RunTime:0.000184s ]
INFO: [ view_filter ] --END-- [ RunTime:-0.007700s ]
INFO: [ view_end ] --START--
INFO: Run ShowPageTrace Behavior [ RunTime:0.000094s ]
INFO: [ view_end ] --END-- [ RunTime:-0.007212s ]

[ 2013-07-29T20:09:46+08:00 ] 127.0.0.1 /papawithme/index.php/Home/editProfile
INFO: [ route_check ] --START--
INFO: Run CheckRoute Behavior [ RunTime:0.002379s ]
INFO: [ route_check ] --END-- [ RunTime:0.002592s ]
INFO: [ app_begin ] --START--
INFO: Run ReadHtmlCache Behavior [ RunTime:0.001568s ]
INFO: [ app_begin ] --END-- [ RunTime:0.001702s ]
SQL: SHOW COLUMNS FROM `think_user_profile` [ RunTime:0.005801s ]
SQL: SELECT * FROM `think_user_profile` WHERE ( `user_name` = 'root' )  [ RunTime:0.000338s ]
INFO: [ view_template ] --START--
INFO: Run LocationTemplate Behavior [ RunTime:0.002193s ]
INFO: [ view_template ] --END-- [ RunTime:0.002321s ]
INFO: [ view_parse ] --START--
INFO: Run ParseTemplate Behavior [ RunTime:0.014723s ]
INFO: [ view_parse ] --END-- [ RunTime:0.014874s ]
INFO: [ view_filter ] --START--
INFO: Run ContentReplace Behavior [ RunTime:0.001136s ]
INFO: Run TokenBuild Behavior [ RunTime:0.001103s ]
INFO: Run WriteHtmlCache Behavior [ RunTime:0.000910s ]
INFO: Run ShowRuntime Behavior [ RunTime:0.001133s ]
INFO: [ view_filter ] --END-- [ RunTime:0.004612s ]
INFO: [ view_end ] --START--
INFO: Run ShowPageTrace Behavior [ RunTime:0.001259s ]
INFO: [ view_end ] --END-- [ RunTime:0.001631s ]
INFO: [ view_template ] --START--
INFO: Run LocationTemplate Behavior [ RunTime:0.000801s ]
INFO: [ view_template ] --END-- [ RunTime:-0.021582s ]
INFO: [ view_parse ] --START--
INFO: Run ParseTemplate Behavior [ RunTime:0.004515s ]
INFO: [ view_parse ] --END-- [ RunTime:-0.007633s ]
INFO: [ view_filter ] --START--
INFO: Run ContentReplace Behavior [ RunTime:0.000100s ]
INFO: Run TokenBuild Behavior [ RunTime:0.000108s ]
INFO: Run WriteHtmlCache Behavior [ RunTime:0.000026s ]
INFO: Run ShowRuntime Behavior [ RunTime:0.000166s ]
INFO: [ view_filter ] --END-- [ RunTime:-0.007671s ]
INFO: [ view_end ] --START--
INFO: Run ShowPageTrace Behavior [ RunTime:0.000086s ]
INFO: [ view_end ] --END-- [ RunTime:-0.006748s ]

[ 2013-07-29T20:16:04+08:00 ] 127.0.0.1 /papawithme/index.php/Home/editProfile
INFO: [ route_check ] --START--
INFO: Run CheckRoute Behavior [ RunTime:0.002283s ]
INFO: [ route_check ] --END-- [ RunTime:0.002592s ]
INFO: [ app_begin ] --START--
INFO: Run ReadHtmlCache Behavior [ RunTime:0.001250s ]
INFO: [ app_begin ] --END-- [ RunTime:0.001384s ]
SQL: SHOW COLUMNS FROM `think_user_profile` [ RunTime:0.006063s ]
SQL: SELECT * FROM `think_user_profile` WHERE ( `user_name` = 'root' )  [ RunTime:0.000339s ]
INFO: [ view_template ] --START--
INFO: Run LocationTemplate Behavior [ RunTime:0.002217s ]
INFO: [ view_template ] --END-- [ RunTime:0.002335s ]
INFO: [ view_parse ] --START--
INFO: Run ParseTemplate Behavior [ RunTime:0.014495s ]
INFO: [ view_parse ] --END-- [ RunTime:0.014649s ]
INFO: [ view_filter ] --START--
INFO: Run ContentReplace Behavior [ RunTime:0.001048s ]
INFO: Run TokenBuild Behavior [ RunTime:0.001214s ]
INFO: Run WriteHtmlCache Behavior [ RunTime:0.000998s ]
INFO: Run ShowRuntime Behavior [ RunTime:0.001113s ]
INFO: [ view_filter ] --END-- [ RunTime:0.004699s ]
INFO: [ view_end ] --START--
INFO: Run ShowPageTrace Behavior [ RunTime:0.001167s ]
INFO: [ view_end ] --END-- [ RunTime:0.001275s ]
INFO: [ view_template ] --START--
INFO: Run LocationTemplate Behavior [ RunTime:0.001238s ]
INFO: [ view_template ] --END-- [ RunTime:-0.021079s ]
INFO: [ view_parse ] --START--
INFO: Run ParseTemplate Behavior [ RunTime:0.005944s ]
INFO: [ view_parse ] --END-- [ RunTime:-0.007792s ]
INFO: [ view_filter ] --START--
INFO: Run ContentReplace Behavior [ RunTime:0.000111s ]
INFO: Run TokenBuild Behavior [ RunTime:0.000119s ]
INFO: Run WriteHtmlCache Behavior [ RunTime:0.000026s ]
INFO: Run ShowRuntime Behavior [ RunTime:0.000186s ]
INFO: [ view_filter ] --END-- [ RunTime:-0.009174s ]
INFO: [ view_end ] --START--
INFO: Run ShowPageTrace Behavior [ RunTime:0.000095s ]
INFO: [ view_end ] --END-- [ RunTime:-0.008616s ]

[ 2013-07-29T20:31:13+08:00 ] 127.0.0.1 /papawithme/index.php/Home/updateProfile
INFO: [ route_check ] --START--
INFO: Run CheckRoute Behavior [ RunTime:0.001946s ]
INFO: [ route_check ] --END-- [ RunTime:0.002094s ]
INFO: [ app_begin ] --START--
INFO: Run ReadHtmlCache Behavior [ RunTime:0.001187s ]
INFO: [ app_begin ] --END-- [ RunTime:0.001314s ]
INFO: [ view_template ] --START--
INFO: Run LocationTemplate Behavior [ RunTime:0.001566s ]
INFO: [ view_template ] --END-- [ RunTime:0.001707s ]
INFO: [ view_parse ] --START--
INFO: Run ParseTemplate Behavior [ RunTime:0.035216s ]
INFO: [ view_parse ] --END-- [ RunTime:0.035361s ]
INFO: [ view_filter ] --START--
INFO: Run ContentReplace Behavior [ RunTime:0.001032s ]
INFO: Run TokenBuild Behavior [ RunTime:0.001012s ]
INFO: Run WriteHtmlCache Behavior [ RunTime:0.000909s ]
INFO: Run ShowRuntime Behavior [ RunTime:0.001206s ]
INFO: [ view_filter ] --END-- [ RunTime:0.004468s ]
INFO: [ view_end ] --START--
INFO: Run ShowPageTrace Behavior [ RunTime:0.001211s ]
INFO: [ view_end ] --END-- [ RunTime:0.001327s ]

[ 2013-07-29T20:31:23+08:00 ] 127.0.0.1 /papawithme/index.php/Home/updateProfile
INFO: [ route_check ] --START--
INFO: Run CheckRoute Behavior [ RunTime:0.001534s ]
INFO: [ route_check ] --END-- [ RunTime:0.001773s ]
INFO: [ app_begin ] --START--
INFO: Run ReadHtmlCache Behavior [ RunTime:0.001212s ]
INFO: [ app_begin ] --END-- [ RunTime:0.001341s ]
INFO: [ view_template ] --START--
INFO: Run LocationTemplate Behavior [ RunTime:0.001406s ]
INFO: [ view_template ] --END-- [ RunTime:0.001569s ]
INFO: [ view_parse ] --START--
INFO: Run ParseTemplate Behavior [ RunTime:0.014160s ]
INFO: [ view_parse ] --END-- [ RunTime:0.014302s ]
INFO: [ view_filter ] --START--
INFO: Run ContentReplace Behavior [ RunTime:0.000945s ]
INFO: Run TokenBuild Behavior [ RunTime:0.001058s ]
INFO: Run WriteHtmlCache Behavior [ RunTime:0.000878s ]
INFO: Run ShowRuntime Behavior [ RunTime:0.001120s ]
INFO: [ view_filter ] --END-- [ RunTime:0.004304s ]
INFO: [ view_end ] --START--
INFO: Run ShowPageTrace Behavior [ RunTime:0.001083s ]
INFO: [ view_end ] --END-- [ RunTime:0.001195s ]

[ 2013-07-29T20:32:23+08:00 ] 127.0.0.1 /papawithme/index.php/Home/updateProfile
INFO: [ route_check ] --START--
INFO: Run CheckRoute Behavior [ RunTime:0.001775s ]
INFO: [ route_check ] --END-- [ RunTime:0.001957s ]
INFO: [ app_begin ] --START--
INFO: Run ReadHtmlCache Behavior [ RunTime:0.001288s ]
INFO: [ app_begin ] --END-- [ RunTime:0.001427s ]
INFO: [ view_template ] --START--
INFO: Run LocationTemplate Behavior [ RunTime:0.001385s ]
INFO: [ view_template ] --END-- [ RunTime:0.001515s ]
INFO: [ view_parse ] --START--
INFO: Run ParseTemplate Behavior [ RunTime:0.012778s ]
INFO: [ view_parse ] --END-- [ RunTime:0.012925s ]
INFO: [ view_filter ] --START--
INFO: Run ContentReplace Behavior [ RunTime:0.000935s ]
INFO: Run TokenBuild Behavior [ RunTime:0.001008s ]
INFO: Run WriteHtmlCache Behavior [ RunTime:0.000876s ]
INFO: Run ShowRuntime Behavior [ RunTime:0.001117s ]
INFO: [ view_filter ] --END-- [ RunTime:0.004233s ]
INFO: [ view_end ] --START--
INFO: Run ShowPageTrace Behavior [ RunTime:0.001222s ]
INFO: [ view_end ] --END-- [ RunTime:0.001354s ]

[ 2013-07-29T20:37:59+08:00 ] 127.0.0.1 /papawithme/index.php/Home/updateProfile
INFO: [ route_check ] --START--
INFO: Run CheckRoute Behavior [ RunTime:0.001713s ]
INFO: [ route_check ] --END-- [ RunTime:0.001858s ]
INFO: [ app_begin ] --START--
INFO: Run ReadHtmlCache Behavior [ RunTime:0.001186s ]
INFO: [ app_begin ] --END-- [ RunTime:0.001312s ]
INFO: [ view_template ] --START--
INFO: Run LocationTemplate Behavior [ RunTime:0.001391s ]
INFO: [ view_template ] --END-- [ RunTime:0.001530s ]
INFO: [ view_parse ] --START--
INFO: Run ParseTemplate Behavior [ RunTime:0.014305s ]
INFO: [ view_parse ] --END-- [ RunTime:0.014445s ]
INFO: [ view_filter ] --START--
INFO: Run ContentReplace Behavior [ RunTime:0.001021s ]
INFO: Run TokenBuild Behavior [ RunTime:0.001754s ]
INFO: Run WriteHtmlCache Behavior [ RunTime:0.000909s ]
INFO: Run ShowRuntime Behavior [ RunTime:0.001130s ]
INFO: [ view_filter ] --END-- [ RunTime:0.005137s ]
INFO: [ view_end ] --START--
INFO: Run ShowPageTrace Behavior [ RunTime:0.001172s ]
INFO: [ view_end ] --END-- [ RunTime:0.001292s ]

[ 2013-07-29T20:38:37+08:00 ] 127.0.0.1 /papawithme/index.php/Home/editProfile
INFO: [ route_check ] --START--
INFO: Run CheckRoute Behavior [ RunTime:0.001826s ]
INFO: [ route_check ] --END-- [ RunTime:0.002035s ]
INFO: [ app_begin ] --START--
INFO: Run ReadHtmlCache Behavior [ RunTime:0.001587s ]
INFO: [ app_begin ] --END-- [ RunTime:0.001771s ]
SQL: SHOW COLUMNS FROM `think_user_profile` [ RunTime:0.011558s ]
SQL: SELECT * FROM `think_user_profile` WHERE ( `user_name` = 'root' )  [ RunTime:0.000387s ]
INFO: [ view_template ] --START--
INFO: Run LocationTemplate Behavior [ RunTime:0.002312s ]
INFO: [ view_template ] --END-- [ RunTime:0.002447s ]
INFO: [ view_parse ] --START--
INFO: Run ParseTemplate Behavior [ RunTime:0.013906s ]
INFO: [ view_parse ] --END-- [ RunTime:0.014046s ]
INFO: [ view_filter ] --START--
INFO: Run ContentReplace Behavior [ RunTime:0.000929s ]
INFO: Run TokenBuild Behavior [ RunTime:0.000914s ]
INFO: Run WriteHtmlCache Behavior [ RunTime:0.000788s ]
INFO: Run ShowRuntime Behavior [ RunTime:0.001152s ]
INFO: [ view_filter ] --END-- [ RunTime:0.004295s ]
INFO: [ view_end ] --START--
INFO: Run ShowPageTrace Behavior [ RunTime:0.001342s ]
INFO: [ view_end ] --END-- [ RunTime:0.001459s ]
INFO: [ view_template ] --START--
INFO: Run LocationTemplate Behavior [ RunTime:0.001078s ]
INFO: [ view_template ] --END-- [ RunTime:-0.020310s ]
INFO: [ view_parse ] --START--
INFO: Run ParseTemplate Behavior [ RunTime:0.004702s ]
INFO: [ view_parse ] --END-- [ RunTime:-0.007438s ]
INFO: [ view_filter ] --START--
INFO: Run ContentReplace Behavior [ RunTime:0.000111s ]
INFO: Run TokenBuild Behavior [ RunTime:0.000125s ]
INFO: Run WriteHtmlCache Behavior [ RunTime:0.000026s ]
INFO: Run ShowRuntime Behavior [ RunTime:0.000195s ]
INFO: [ view_filter ] --END-- [ RunTime:-0.007965s ]
INFO: [ view_end ] --START--
INFO: Run ShowPageTrace Behavior [ RunTime:0.000092s ]
INFO: [ view_end ] --END-- [ RunTime:-0.007176s ]

[ 2013-07-29T20:38:39+08:00 ] 127.0.0.1 /papawithme/index.php/Home/updateProfile
INFO: [ route_check ] --START--
INFO: Run CheckRoute Behavior [ RunTime:0.001352s ]
INFO: [ route_check ] --END-- [ RunTime:0.001484s ]
INFO: [ app_begin ] --START--
INFO: Run ReadHtmlCache Behavior [ RunTime:0.001324s ]
INFO: [ app_begin ] --END-- [ RunTime:0.001465s ]
SQL: SHOW COLUMNS FROM `think_user_profile` [ RunTime:0.005734s ]
SQL: INSERT INTO `think_user_profile` (`profile_name`,`profile_motto`,`profile_skill`,`profile_hobby`,`profile_now`,`profile_department`,`profile_birthday`,`profile_autobiography`,`user_name`,`profile_head`) VALUES ('','','','','','','','','root','51f6624f2e1d4.jpg') [ RunTime:0.246880s ]
INFO: [ view_template ] --START--
INFO: Run LocationTemplate Behavior [ RunTime:0.001566s ]
INFO: [ view_template ] --END-- [ RunTime:0.001693s ]
INFO: [ view_parse ] --START--
INFO: Run ParseTemplate Behavior [ RunTime:0.013089s ]
INFO: [ view_parse ] --END-- [ RunTime:0.013230s ]
INFO: [ view_filter ] --START--
INFO: Run ContentReplace Behavior [ RunTime:0.000949s ]
INFO: Run TokenBuild Behavior [ RunTime:0.000887s ]
INFO: Run WriteHtmlCache Behavior [ RunTime:0.000718s ]
INFO: Run ShowRuntime Behavior [ RunTime:0.001078s ]
INFO: [ view_filter ] --END-- [ RunTime:0.003958s ]
INFO: [ view_end ] --START--
INFO: Run ShowPageTrace Behavior [ RunTime:0.001147s ]
INFO: [ view_end ] --END-- [ RunTime:0.001271s ]

[ 2013-07-29T20:38:40+08:00 ] 127.0.0.1 /papawithme/index.php/Home/editProfile
INFO: [ route_check ] --START--
INFO: Run CheckRoute Behavior [ RunTime:0.002115s ]
INFO: [ route_check ] --END-- [ RunTime:0.002345s ]
INFO: [ app_begin ] --START--
INFO: Run ReadHtmlCache Behavior [ RunTime:0.001628s ]
INFO: [ app_begin ] --END-- [ RunTime:0.001826s ]
SQL: SHOW COLUMNS FROM `think_user_profile` [ RunTime:0.006092s ]
SQL: SELECT * FROM `think_user_profile` WHERE ( `user_name` = 'root' )  [ RunTime:0.000365s ]
INFO: [ view_template ] --START--
INFO: Run LocationTemplate Behavior [ RunTime:0.002021s ]
INFO: [ view_template ] --END-- [ RunTime:0.002146s ]
INFO: [ view_parse ] --START--
INFO: Run ParseTemplate Behavior [ RunTime:0.013741s ]
INFO: [ view_parse ] --END-- [ RunTime:0.014134s ]
INFO: [ view_filter ] --START--
INFO: Run ContentReplace Behavior [ RunTime:0.000983s ]
INFO: Run TokenBuild Behavior [ RunTime:0.000851s ]
INFO: Run WriteHtmlCache Behavior [ RunTime:0.000697s ]
INFO: Run ShowRuntime Behavior [ RunTime:0.001052s ]
INFO: [ view_filter ] --END-- [ RunTime:0.003880s ]
INFO: [ view_end ] --START--
INFO: Run ShowPageTrace Behavior [ RunTime:0.001338s ]
INFO: [ view_end ] --END-- [ RunTime:0.001459s ]
INFO: [ view_template ] --START--
INFO: Run LocationTemplate Behavior [ RunTime:0.002057s ]
INFO: [ view_template ] --END-- [ RunTime:-0.019936s ]
INFO: [ view_parse ] --START--
INFO: Run ParseTemplate Behavior [ RunTime:0.004882s ]
INFO: [ view_parse ] --END-- [ RunTime:-0.008379s ]
INFO: [ view_filter ] --START--
INFO: Run ContentReplace Behavior [ RunTime:0.000115s ]
INFO: Run TokenBuild Behavior [ RunTime:0.000125s ]
INFO: Run WriteHtmlCache Behavior [ RunTime:0.000026s ]
INFO: Run ShowRuntime Behavior [ RunTime:0.000196s ]
INFO: [ view_filter ] --END-- [ RunTime:-0.009507s ]
INFO: [ view_end ] --START--
INFO: Run ShowPageTrace Behavior [ RunTime:0.000092s ]
INFO: [ view_end ] --END-- [ RunTime:-0.008793s ]

[ 2013-07-29T20:51:02+08:00 ] 127.0.0.1 /papawithme/index.php/Home/editProfile
INFO: [ route_check ] --START--
INFO: Run CheckRoute Behavior [ RunTime:0.002788s ]
INFO: [ route_check ] --END-- [ RunTime:0.002978s ]
INFO: [ app_begin ] --START--
INFO: Run ReadHtmlCache Behavior [ RunTime:0.001295s ]
INFO: [ app_begin ] --END-- [ RunTime:0.001415s ]
SQL: SHOW COLUMNS FROM `think_user_profile` [ RunTime:0.006982s ]
SQL: SELECT * FROM `think_user_profile` WHERE ( `user_name` = 'root' )  [ RunTime:0.000542s ]
INFO: [ view_template ] --START--
INFO: Run LocationTemplate Behavior [ RunTime:0.002170s ]
INFO: [ view_template ] --END-- [ RunTime:0.002287s ]
INFO: [ view_parse ] --START--
INFO: Run ParseTemplate Behavior [ RunTime:0.012785s ]
INFO: [ view_parse ] --END-- [ RunTime:0.012927s ]
INFO: [ view_filter ] --START--
INFO: Run ContentReplace Behavior [ RunTime:0.001019s ]
INFO: Run TokenBuild Behavior [ RunTime:0.001126s ]
INFO: Run WriteHtmlCache Behavior [ RunTime:0.000853s ]
INFO: Run ShowRuntime Behavior [ RunTime:0.001053s ]
INFO: [ view_filter ] --END-- [ RunTime:0.004364s ]
INFO: [ view_end ] --START--
INFO: Run ShowPageTrace Behavior [ RunTime:0.001126s ]
INFO: [ view_end ] --END-- [ RunTime:0.001241s ]
INFO: [ view_template ] --START--
INFO: Run LocationTemplate Behavior [ RunTime:0.000985s ]
INFO: [ view_template ] --END-- [ RunTime:-0.018983s ]
INFO: [ view_parse ] --START--
INFO: Run ParseTemplate Behavior [ RunTime:0.004516s ]
INFO: [ view_parse ] --END-- [ RunTime:-0.007153s ]
INFO: [ view_filter ] --START--
INFO: Run ContentReplace Behavior [ RunTime:0.000114s ]
INFO: Run TokenBuild Behavior [ RunTime:0.000114s ]
INFO: Run WriteHtmlCache Behavior [ RunTime:0.000027s ]
INFO: Run ShowRuntime Behavior [ RunTime:0.000176s ]
INFO: [ view_filter ] --END-- [ RunTime:-0.007437s ]
INFO: [ view_end ] --START--
INFO: Run ShowPageTrace Behavior [ RunTime:0.000089s ]
INFO: [ view_end ] --END-- [ RunTime:-0.006917s ]

[ 2013-07-29T20:51:05+08:00 ] 127.0.0.1 /papawithme/index.php/Home/updateProfile
INFO: [ route_check ] --START--
INFO: Run CheckRoute Behavior [ RunTime:0.002174s ]
INFO: [ route_check ] --END-- [ RunTime:0.002347s ]
INFO: [ app_begin ] --START--
INFO: Run ReadHtmlCache Behavior [ RunTime:0.001981s ]
INFO: [ app_begin ] --END-- [ RunTime:0.002119s ]
SQL: SHOW COLUMNS FROM `think_user_profile` [ RunTime:0.005777s ]
NOTIC: 建议使用I方法替代_param
NOTIC: 建议使用I方法替代_param
INFO: [ view_template ] --START--
INFO: Run LocationTemplate Behavior [ RunTime:0.001398s ]
INFO: [ view_template ] --END-- [ RunTime:0.001525s ]
INFO: [ view_parse ] --START--
INFO: Run ParseTemplate Behavior [ RunTime:0.011293s ]
INFO: [ view_parse ] --END-- [ RunTime:0.011442s ]
INFO: [ view_filter ] --START--
INFO: Run ContentReplace Behavior [ RunTime:0.000987s ]
INFO: Run TokenBuild Behavior [ RunTime:0.000981s ]
INFO: Run WriteHtmlCache Behavior [ RunTime:0.000787s ]
INFO: Run ShowRuntime Behavior [ RunTime:0.001050s ]
INFO: [ view_filter ] --END-- [ RunTime:0.004141s ]
INFO: [ view_end ] --START--
INFO: Run ShowPageTrace Behavior [ RunTime:0.001116s ]
INFO: [ view_end ] --END-- [ RunTime:0.001239s ]

[ 2013-07-29T20:51:07+08:00 ] 127.0.0.1 /papawithme/index.php/Home/editProfile
INFO: [ route_check ] --START--
INFO: Run CheckRoute Behavior [ RunTime:0.001495s ]
INFO: [ route_check ] --END-- [ RunTime:0.001669s ]
INFO: [ app_begin ] --START--
INFO: Run ReadHtmlCache Behavior [ RunTime:0.001820s ]
INFO: [ app_begin ] --END-- [ RunTime:0.002051s ]
SQL: SHOW COLUMNS FROM `think_user_profile` [ RunTime:0.006039s ]
SQL: SELECT * FROM `think_user_profile` WHERE ( `user_name` = 'root' )  [ RunTime:0.000338s ]
INFO: [ view_template ] --START--
INFO: Run LocationTemplate Behavior [ RunTime:0.001814s ]
INFO: [ view_template ] --END-- [ RunTime:0.001930s ]
INFO: [ view_parse ] --START--
INFO: Run ParseTemplate Behavior [ RunTime:0.012363s ]
INFO: [ view_parse ] --END-- [ RunTime:0.012518s ]
INFO: [ view_filter ] --START--
INFO: Run ContentReplace Behavior [ RunTime:0.001053s ]
INFO: Run TokenBuild Behavior [ RunTime:0.001018s ]
INFO: Run WriteHtmlCache Behavior [ RunTime:0.000902s ]
INFO: Run ShowRuntime Behavior [ RunTime:0.001824s ]
INFO: [ view_filter ] --END-- [ RunTime:0.005155s ]
INFO: [ view_end ] --START--
INFO: Run ShowPageTrace Behavior [ RunTime:0.001412s ]
INFO: [ view_end ] --END-- [ RunTime:0.001536s ]
INFO: [ view_template ] --START--
INFO: Run LocationTemplate Behavior [ RunTime:0.001006s ]
INFO: [ view_template ] --END-- [ RunTime:-0.019703s ]
INFO: [ view_parse ] --START--
INFO: Run ParseTemplate Behavior [ RunTime:0.004379s ]
INFO: [ view_parse ] --END-- [ RunTime:-0.008304s ]
INFO: [ view_filter ] --START--
INFO: Run ContentReplace Behavior [ RunTime:0.000116s ]
INFO: Run TokenBuild Behavior [ RunTime:0.000114s ]
INFO: Run WriteHtmlCache Behavior [ RunTime:0.000027s ]
INFO: Run ShowRuntime Behavior [ RunTime:0.000177s ]
INFO: [ view_filter ] --END-- [ RunTime:-0.007662s ]
INFO: [ view_end ] --START--
INFO: Run ShowPageTrace Behavior [ RunTime:0.000091s ]
INFO: [ view_end ] --END-- [ RunTime:-0.006812s ]

[ 2013-07-29T20:57:31+08:00 ] 127.0.0.1 /papawithme/index.php/Home/editProfile
INFO: [ route_check ] --START--
INFO: Run CheckRoute Behavior [ RunTime:0.003122s ]
INFO: [ route_check ] --END-- [ RunTime:0.003350s ]
INFO: [ app_begin ] --START--
INFO: Run ReadHtmlCache Behavior [ RunTime:0.002010s ]
INFO: [ app_begin ] --END-- [ RunTime:0.002152s ]
SQL: SHOW COLUMNS FROM `think_user_profile` [ RunTime:0.006685s ]
SQL: SELECT * FROM `think_user_profile` WHERE ( `user_name` = 'root' )  [ RunTime:0.001024s ]
INFO: [ view_template ] --START--
INFO: Run LocationTemplate Behavior [ RunTime:0.002942s ]
INFO: [ view_template ] --END-- [ RunTime:0.003076s ]
INFO: [ view_parse ] --START--
INFO: Run ParseTemplate Behavior [ RunTime:0.013512s ]
INFO: [ view_parse ] --END-- [ RunTime:0.013653s ]
INFO: [ view_filter ] --START--
INFO: Run ContentReplace Behavior [ RunTime:0.001056s ]
INFO: Run TokenBuild Behavior [ RunTime:0.000968s ]
INFO: Run WriteHtmlCache Behavior [ RunTime:0.000837s ]
INFO: Run ShowRuntime Behavior [ RunTime:0.001039s ]
INFO: [ view_filter ] --END-- [ RunTime:0.004207s ]
INFO: [ view_end ] --START--
INFO: Run ShowPageTrace Behavior [ RunTime:0.001115s ]
INFO: [ view_end ] --END-- [ RunTime:0.001228s ]
INFO: [ view_template ] --START--
INFO: Run LocationTemplate Behavior [ RunTime:0.001583s ]
INFO: [ view_template ] --END-- [ RunTime:-0.019531s ]
INFO: [ view_parse ] --START--
INFO: Run ParseTemplate Behavior [ RunTime:0.004634s ]
INFO: [ view_parse ] --END-- [ RunTime:-0.007668s ]
INFO: [ view_filter ] --START--
INFO: Run ContentReplace Behavior [ RunTime:0.000115s ]
INFO: Run TokenBuild Behavior [ RunTime:0.000114s ]
INFO: Run WriteHtmlCache Behavior [ RunTime:0.000028s ]
INFO: Run ShowRuntime Behavior [ RunTime:0.000176s ]
INFO: [ view_filter ] --END-- [ RunTime:-0.008232s ]
INFO: [ view_end ] --START--
INFO: Run ShowPageTrace Behavior [ RunTime:0.000092s ]
INFO: [ view_end ] --END-- [ RunTime:-0.007729s ]

[ 2013-07-29T20:57:37+08:00 ] 127.0.0.1 /papawithme/index.php/Install
INFO: [ route_check ] --START--
INFO: Run CheckRoute Behavior [ RunTime:0.002111s ]
INFO: [ route_check ] --END-- [ RunTime:0.002313s ]
INFO: [ app_begin ] --START--
INFO: Run ReadHtmlCache Behavior [ RunTime:0.001142s ]
INFO: [ app_begin ] --END-- [ RunTime:0.001270s ]
SQL: drop table if exists `papawithme`.`think_user`; [ RunTime:0.047226s ]
SQL: CREATE  TABLE `papawithme`.`think_user` (
					  `user_id` INT NOT NULL AUTO_INCREMENT ,
					  `user_name` VARCHAR(45) NOT NULL ,
					  `user_psd` VARCHAR(45) NOT NULL ,
					  `user_email` VARCHAR(145) NOT NULL ,
					  PRIMARY KEY (`user_id`) ,
					  UNIQUE INDEX `user_name_UNIQUE` (`user_name` ASC) ,
					  UNIQUE INDEX `user_psd_UNIQUE` (`user_psd` ASC) ,
					  UNIQUE INDEX `user_email_UNIQUE` (`user_email` ASC) 
					  ); [ RunTime:0.058671s ]
SQL: INSERT INTO `papawithme`.`think_user` (`user_name`, `user_psd`, `user_email`) VALUES ('root', 'papawithme~', 'root@papawith.me'); [ RunTime:0.044868s ]
SQL: drop table if exists `papawithme`.`think_user_profile`; [ RunTime:0.022292s ]
SQL: 
					CREATE TABLE IF NOT EXISTS `think_user_profile` (
					  `profile_id` bigint(20) NOT NULL AUTO_INCREMENT,
					  `user_name` varchar(45) NOT NULL,
					  `profile_name` varchar(45) NOT NULL,
					  `profile_motto` varchar(145) DEFAULT NULL,
					  `profile_head` varchar(45) DEFAULT NULL,
					  `profile_skill` varchar(145) DEFAULT NULL,
					  `profile_hobby` varchar(145) DEFAULT NULL,
					  `profile_now` varchar(25) DEFAULT NULL,
					  `profile_department` varchar(145) DEFAULT NULL,
					  `profile_birthday` date DEFAULT NULL,
					  `profile_autobiography` tinytext,
					  PRIMARY KEY (`profile_id`),
					  UNIQUE KEY `user_name` (`user_name`)
					) ENGINE=InnoDB DEFAULT CHARSET=latin1 AUTO_INCREMENT=1 ;
				 [ RunTime:0.052447s ]
SQL: SHOW COLUMNS FROM `think_user` [ RunTime:0.005779s ]
SQL: SELECT * FROM `think_user`  [ RunTime:0.000270s ]

[ 2013-07-29T20:59:36+08:00 ] 127.0.0.1 /papawithme/index.php/Home/editProfile
INFO: [ route_check ] --START--
INFO: Run CheckRoute Behavior [ RunTime:0.002409s ]
INFO: [ route_check ] --END-- [ RunTime:0.002560s ]
INFO: [ app_begin ] --START--
INFO: Run ReadHtmlCache Behavior [ RunTime:0.002197s ]
INFO: [ app_begin ] --END-- [ RunTime:0.002327s ]
SQL: SHOW COLUMNS FROM `think_user_profile` [ RunTime:0.006001s ]
SQL: SELECT * FROM `think_user_profile` WHERE ( `user_name` = 'root' )  [ RunTime:0.000346s ]
INFO: [ view_template ] --START--
INFO: Run LocationTemplate Behavior [ RunTime:0.003118s ]
INFO: [ view_template ] --END-- [ RunTime:0.003249s ]
INFO: [ view_parse ] --START--
INFO: Run ParseTemplate Behavior [ RunTime:0.016034s ]
INFO: [ view_parse ] --END-- [ RunTime:0.016181s ]
INFO: [ view_filter ] --START--
INFO: Run ContentReplace Behavior [ RunTime:0.001613s ]
INFO: Run TokenBuild Behavior [ RunTime:0.001836s ]
INFO: Run WriteHtmlCache Behavior [ RunTime:0.001423s ]
INFO: Run ShowRuntime Behavior [ RunTime:0.001661s ]
INFO: [ view_filter ] --END-- [ RunTime:0.006860s ]
INFO: [ view_end ] --START--
INFO: Run ShowPageTrace Behavior [ RunTime:0.001736s ]
INFO: [ view_end ] --END-- [ RunTime:0.001843s ]
INFO: [ view_template ] --START--
INFO: Run LocationTemplate Behavior [ RunTime:0.001430s ]
INFO: [ view_template ] --END-- [ RunTime:-0.025358s ]
INFO: [ view_parse ] --START--
INFO: Run ParseTemplate Behavior [ RunTime:0.005283s ]
INFO: [ view_parse ] --END-- [ RunTime:-0.010695s ]
INFO: [ view_filter ] --START--
INFO: Run ContentReplace Behavior [ RunTime:0.000105s ]
INFO: Run TokenBuild Behavior [ RunTime:0.000110s ]
INFO: Run WriteHtmlCache Behavior [ RunTime:0.000025s ]
INFO: Run ShowRuntime Behavior [ RunTime:0.000172s ]
INFO: [ view_filter ] --END-- [ RunTime:-0.009232s ]
INFO: [ view_end ] --START--
INFO: Run ShowPageTrace Behavior [ RunTime:0.000101s ]
INFO: [ view_end ] --END-- [ RunTime:-0.008054s ]

[ 2013-07-29T20:59:43+08:00 ] 127.0.0.1 /papawithme/index.php/Home/updateProfile
INFO: [ route_check ] --START--
INFO: Run CheckRoute Behavior [ RunTime:0.002105s ]
INFO: [ route_check ] --END-- [ RunTime:0.002336s ]
INFO: [ app_begin ] --START--
INFO: Run ReadHtmlCache Behavior [ RunTime:0.001560s ]
INFO: [ app_begin ] --END-- [ RunTime:0.001716s ]
SQL: SHOW COLUMNS FROM `think_user_profile` [ RunTime:0.006748s ]
NOTIC: 建议使用I方法替代_param
NOTIC: 建议使用I方法替代_param
INFO: [ view_template ] --START--
INFO: Run LocationTemplate Behavior [ RunTime:0.001561s ]
INFO: [ view_template ] --END-- [ RunTime:0.001695s ]
INFO: [ view_parse ] --START--
INFO: Run ParseTemplate Behavior [ RunTime:0.011971s ]
INFO: [ view_parse ] --END-- [ RunTime:0.012109s ]
INFO: [ view_filter ] --START--
INFO: Run ContentReplace Behavior [ RunTime:0.000990s ]
INFO: Run TokenBuild Behavior [ RunTime:0.001310s ]
INFO: Run WriteHtmlCache Behavior [ RunTime:0.000828s ]
INFO: Run ShowRuntime Behavior [ RunTime:0.001082s ]
INFO: [ view_filter ] --END-- [ RunTime:0.004538s ]
INFO: [ view_end ] --START--
INFO: Run ShowPageTrace Behavior [ RunTime:0.001125s ]
INFO: [ view_end ] --END-- [ RunTime:0.001244s ]

[ 2013-07-29T20:59:44+08:00 ] 127.0.0.1 /papawithme/index.php/Home/editProfile
INFO: [ route_check ] --START--
INFO: Run CheckRoute Behavior [ RunTime:0.001400s ]
INFO: [ route_check ] --END-- [ RunTime:0.001552s ]
INFO: [ app_begin ] --START--
INFO: Run ReadHtmlCache Behavior [ RunTime:0.001796s ]
INFO: [ app_begin ] --END-- [ RunTime:0.002020s ]
SQL: SHOW COLUMNS FROM `think_user_profile` [ RunTime:0.005781s ]
SQL: SELECT * FROM `think_user_profile` WHERE ( `user_name` = 'root' )  [ RunTime:0.000326s ]
INFO: [ view_template ] --START--
INFO: Run LocationTemplate Behavior [ RunTime:0.002029s ]
INFO: [ view_template ] --END-- [ RunTime:0.002146s ]
INFO: [ view_parse ] --START--
INFO: Run ParseTemplate Behavior [ RunTime:0.013039s ]
INFO: [ view_parse ] --END-- [ RunTime:0.013223s ]
INFO: [ view_filter ] --START--
INFO: Run ContentReplace Behavior [ RunTime:0.001180s ]
INFO: Run TokenBuild Behavior [ RunTime:0.000915s ]
INFO: Run WriteHtmlCache Behavior [ RunTime:0.000798s ]
INFO: Run ShowRuntime Behavior [ RunTime:0.001050s ]
INFO: [ view_filter ] --END-- [ RunTime:0.004249s ]
INFO: [ view_end ] --START--
INFO: Run ShowPageTrace Behavior [ RunTime:0.001118s ]
INFO: [ view_end ] --END-- [ RunTime:0.001224s ]
INFO: [ view_template ] --START--
INFO: Run LocationTemplate Behavior [ RunTime:0.001247s ]
INFO: [ view_template ] --END-- [ RunTime:-0.019136s ]
INFO: [ view_parse ] --START--
INFO: Run ParseTemplate Behavior [ RunTime:0.005012s ]
INFO: [ view_parse ] --END-- [ RunTime:-0.007264s ]
INFO: [ view_filter ] --START--
INFO: Run ContentReplace Behavior [ RunTime:0.000125s ]
INFO: Run TokenBuild Behavior [ RunTime:0.000129s ]
INFO: Run WriteHtmlCache Behavior [ RunTime:0.000026s ]
INFO: Run ShowRuntime Behavior [ RunTime:0.000197s ]
INFO: [ view_filter ] --END-- [ RunTime:-0.008184s ]
INFO: [ view_end ] --START--
INFO: Run ShowPageTrace Behavior [ RunTime:0.000092s ]
INFO: [ view_end ] --END-- [ RunTime:-0.007725s ]

[ 2013-07-29T21:00:03+08:00 ] 127.0.0.1 /papawithme/index.php/Home/editProfile
INFO: [ route_check ] --START--
INFO: Run CheckRoute Behavior [ RunTime:0.001451s ]
INFO: [ route_check ] --END-- [ RunTime:0.001614s ]
INFO: [ app_begin ] --START--
INFO: Run ReadHtmlCache Behavior [ RunTime:0.001303s ]
INFO: [ app_begin ] --END-- [ RunTime:0.001438s ]
SQL: SHOW COLUMNS FROM `think_user_profile` [ RunTime:0.006119s ]
SQL: SELECT * FROM `think_user_profile` WHERE ( `user_name` = 'root' )  [ RunTime:0.000340s ]
INFO: [ view_template ] --START--
INFO: Run LocationTemplate Behavior [ RunTime:0.002372s ]
INFO: [ view_template ] --END-- [ RunTime:0.002496s ]
INFO: [ view_parse ] --START--
INFO: Run ParseTemplate Behavior [ RunTime:0.013252s ]
INFO: [ view_parse ] --END-- [ RunTime:0.013398s ]
INFO: [ view_filter ] --START--
INFO: Run ContentReplace Behavior [ RunTime:0.000972s ]
INFO: Run TokenBuild Behavior [ RunTime:0.000837s ]
INFO: Run WriteHtmlCache Behavior [ RunTime:0.000851s ]
INFO: Run ShowRuntime Behavior [ RunTime:0.001051s ]
INFO: [ view_filter ] --END-- [ RunTime:0.004303s ]
INFO: [ view_end ] --START--
INFO: Run ShowPageTrace Behavior [ RunTime:0.001340s ]
INFO: [ view_end ] --END-- [ RunTime:0.001458s ]
INFO: [ view_template ] --START--
INFO: Run LocationTemplate Behavior [ RunTime:0.001273s ]
INFO: [ view_template ] --END-- [ RunTime:-0.019621s ]
INFO: [ view_parse ] --START--
INFO: Run ParseTemplate Behavior [ RunTime:0.004680s ]
INFO: [ view_parse ] --END-- [ RunTime:-0.007598s ]
INFO: [ view_filter ] --START--
INFO: Run ContentReplace Behavior [ RunTime:0.000112s ]
INFO: Run TokenBuild Behavior [ RunTime:0.000123s ]
INFO: Run WriteHtmlCache Behavior [ RunTime:0.000026s ]
INFO: Run ShowRuntime Behavior [ RunTime:0.000194s ]
INFO: [ view_filter ] --END-- [ RunTime:-0.008098s ]
INFO: [ view_end ] --START--
INFO: Run ShowPageTrace Behavior [ RunTime:0.000092s ]
INFO: [ view_end ] --END-- [ RunTime:-0.007362s ]

