[ 2013-08-28T15:04:26+08:00 ] 0.0.0.0 /papawithme/
INFO: [ app_begin ] --START--
INFO: Run ReadHtmlCache Behavior [ RunTime:0.012296s ]
INFO: [ app_begin ] --END-- [ RunTime:0.043583s ]
INFO: [ view_template ] --START--
INFO: Run LocationTemplate Behavior [ RunTime:0.013939s ]
INFO: [ view_template ] --END-- [ RunTime:0.014298s ]
INFO: [ view_parse ] --START--
INFO: Run ParseTemplate Behavior [ RunTime:0.079307s ]
INFO: [ view_parse ] --END-- [ RunTime:0.079656s ]
INFO: [ view_filter ] --START--
INFO: Run ContentReplace Behavior [ RunTime:0.018986s ]
INFO: Run TokenBuild Behavior [ RunTime:0.001866s ]
INFO: Run WriteHtmlCache Behavior [ RunTime:0.036409s ]
INFO: Run ShowRuntime Behavior [ RunTime:0.001651s ]
INFO: [ view_filter ] --END-- [ RunTime:0.059699s ]
INFO: [ view_end ] --START--
INFO: Run ShowPageTrace Behavior [ RunTime:0.081951s ]
INFO: [ view_end ] --END-- [ RunTime:0.082191s ]

[ 2013-08-28T15:04:27+08:00 ] 0.0.0.0 /papawithme/index.php/Home
INFO: [ route_check ] --START--
INFO: Run CheckRoute Behavior [ RunTime:0.001156s ]
INFO: [ route_check ] --END-- [ RunTime:0.001289s ]
INFO: [ app_begin ] --START--
INFO: Run ReadHtmlCache Behavior [ RunTime:0.000662s ]
INFO: [ app_begin ] --END-- [ RunTime:0.000755s ]
INFO: [ view_template ] --START--
INFO: Run LocationTemplate Behavior [ RunTime:0.019445s ]
INFO: [ view_template ] --END-- [ RunTime:0.019589s ]
INFO: [ view_parse ] --START--
INFO: Run ParseTemplate Behavior [ RunTime:0.014635s ]
INFO: [ view_parse ] --END-- [ RunTime:0.014749s ]
INFO: [ view_filter ] --START--
INFO: Run ContentReplace Behavior [ RunTime:0.000686s ]
INFO: Run TokenBuild Behavior [ RunTime:0.000701s ]
INFO: Run WriteHtmlCache Behavior [ RunTime:0.000479s ]
INFO: Run ShowRuntime Behavior [ RunTime:0.000738s ]
INFO: [ view_filter ] --END-- [ RunTime:0.002912s ]
INFO: [ view_end ] --START--
INFO: Run ShowPageTrace Behavior [ RunTime:0.000892s ]
INFO: [ view_end ] --END-- [ RunTime:0.001012s ]
INFO: [ view_template ] --START--
INFO: Run LocationTemplate Behavior [ RunTime:0.000295s ]
INFO: [ view_template ] --END-- [ RunTime:-0.019040s ]
INFO: [ view_parse ] --START--
INFO: Run ParseTemplate Behavior [ RunTime:0.011520s ]
INFO: [ view_parse ] --END-- [ RunTime:-0.004682s ]
INFO: [ view_filter ] --START--
INFO: Run ContentReplace Behavior [ RunTime:0.000091s ]
INFO: Run TokenBuild Behavior [ RunTime:0.000072s ]
INFO: Run WriteHtmlCache Behavior [ RunTime:0.000018s ]
INFO: Run ShowRuntime Behavior [ RunTime:0.000109s ]
INFO: [ view_filter ] --END-- [ RunTime:-0.013400s ]
INFO: [ view_end ] --START--
INFO: Run ShowPageTrace Behavior [ RunTime:0.000057s ]
INFO: [ view_end ] --END-- [ RunTime:-0.012862s ]

[ 2013-08-28T15:05:07+08:00 ] 0.0.0.0 /papawithme/index.php/Meet/browse/type/1
INFO: [ route_check ] --START--
INFO: Run CheckRoute Behavior [ RunTime:0.000725s ]
INFO: [ route_check ] --END-- [ RunTime:0.000870s ]
INFO: [ app_begin ] --START--
INFO: Run ReadHtmlCache Behavior [ RunTime:0.000556s ]
INFO: [ app_begin ] --END-- [ RunTime:0.000644s ]
SQL: SHOW COLUMNS FROM `think_meeting` [ RunTime:0.062963s ]
SQL: SELECT * FROM `think_meeting` WHERE ( `type` = 1 )  [ RunTime:0.001432s ]
INFO: [ view_template ] --START--
INFO: Run LocationTemplate Behavior [ RunTime:0.036771s ]
INFO: [ view_template ] --END-- [ RunTime:0.037110s ]
INFO: [ view_parse ] --START--
INFO: Run ParseTemplate Behavior [ RunTime:0.036245s ]
INFO: [ view_parse ] --END-- [ RunTime:0.036561s ]
INFO: [ view_filter ] --START--
INFO: Run ContentReplace Behavior [ RunTime:0.000894s ]
INFO: Run TokenBuild Behavior [ RunTime:0.000952s ]
INFO: Run WriteHtmlCache Behavior [ RunTime:0.000768s ]
INFO: Run ShowRuntime Behavior [ RunTime:0.001178s ]
INFO: [ view_filter ] --END-- [ RunTime:0.004299s ]
INFO: [ view_end ] --START--
INFO: Run ShowPageTrace Behavior [ RunTime:0.001153s ]
INFO: [ view_end ] --END-- [ RunTime:0.001313s ]
INFO: [ view_template ] --START--
INFO: Run LocationTemplate Behavior [ RunTime:0.000417s ]
INFO: [ view_template ] --END-- [ RunTime:-0.042876s ]
INFO: [ view_parse ] --START--
INFO: Run ParseTemplate Behavior [ RunTime:0.004921s ]
INFO: [ view_parse ] --END-- [ RunTime:-0.006761s ]
INFO: [ view_filter ] --START--
INFO: Run ContentReplace Behavior [ RunTime:0.000167s ]
INFO: Run TokenBuild Behavior [ RunTime:0.000133s ]
INFO: Run WriteHtmlCache Behavior [ RunTime:0.000030s ]
INFO: Run ShowRuntime Behavior [ RunTime:0.000226s ]
INFO: [ view_filter ] --END-- [ RunTime:-0.007584s ]
INFO: [ view_end ] --START--
INFO: Run ShowPageTrace Behavior [ RunTime:0.000108s ]
INFO: [ view_end ] --END-- [ RunTime:-0.007258s ]

[ 2013-08-28T15:05:11+08:00 ] 0.0.0.0 /papawithme/index.php/Meet/browse/type/2
INFO: [ route_check ] --START--
INFO: Run CheckRoute Behavior [ RunTime:0.000575s ]
INFO: [ route_check ] --END-- [ RunTime:0.000714s ]
INFO: [ app_begin ] --START--
INFO: Run ReadHtmlCache Behavior [ RunTime:0.000669s ]
INFO: [ app_begin ] --END-- [ RunTime:0.000766s ]
SQL: SHOW COLUMNS FROM `think_meeting` [ RunTime:0.002245s ]
SQL: SELECT * FROM `think_meeting` WHERE ( `type` = 2 )  [ RunTime:0.000287s ]
INFO: [ view_template ] --START--
INFO: Run LocationTemplate Behavior [ RunTime:0.000629s ]
INFO: [ view_template ] --END-- [ RunTime:0.000719s ]
INFO: [ view_parse ] --START--
INFO: Run ParseTemplate Behavior [ RunTime:0.004774s ]
INFO: [ view_parse ] --END-- [ RunTime:0.004875s ]
INFO: [ view_filter ] --START--
INFO: Run ContentReplace Behavior [ RunTime:0.000399s ]
INFO: Run TokenBuild Behavior [ RunTime:0.000450s ]
INFO: Run WriteHtmlCache Behavior [ RunTime:0.000270s ]
INFO: Run ShowRuntime Behavior [ RunTime:0.000443s ]
INFO: [ view_filter ] --END-- [ RunTime:0.001777s ]
INFO: [ view_end ] --START--
INFO: Run ShowPageTrace Behavior [ RunTime:0.000484s ]
INFO: [ view_end ] --END-- [ RunTime:0.000548s ]
INFO: [ view_template ] --START--
INFO: Run LocationTemplate Behavior [ RunTime:0.000173s ]
INFO: [ view_template ] --END-- [ RunTime:-0.007466s ]
INFO: [ view_parse ] --START--
INFO: Run ParseTemplate Behavior [ RunTime:0.002021s ]
INFO: [ view_parse ] --END-- [ RunTime:-0.002806s ]
INFO: [ view_filter ] --START--
INFO: Run ContentReplace Behavior [ RunTime:0.000057s ]
INFO: Run TokenBuild Behavior [ RunTime:0.000052s ]
INFO: Run WriteHtmlCache Behavior [ RunTime:0.000012s ]
INFO: Run ShowRuntime Behavior [ RunTime:0.000081s ]
INFO: [ view_filter ] --END-- [ RunTime:-0.003105s ]
INFO: [ view_end ] --START--
INFO: Run ShowPageTrace Behavior [ RunTime:0.000043s ]
INFO: [ view_end ] --END-- [ RunTime:-0.002892s ]

[ 2013-08-28T15:54:39+08:00 ] 0.0.0.0 /papawithme/index.php/Meet/browse/type/3
INFO: [ route_check ] --START--
INFO: Run CheckRoute Behavior [ RunTime:0.000951s ]
INFO: [ route_check ] --END-- [ RunTime:0.001077s ]
INFO: [ app_begin ] --START--
INFO: Run ReadHtmlCache Behavior [ RunTime:0.000687s ]
INFO: [ app_begin ] --END-- [ RunTime:0.000778s ]
SQL: SHOW COLUMNS FROM `think_meeting` [ RunTime:0.043401s ]
SQL: SELECT * FROM `think_meeting` WHERE ( `type` = 3 )  [ RunTime:0.000993s ]
INFO: [ view_template ] --START--
INFO: Run LocationTemplate Behavior [ RunTime:0.002325s ]
INFO: [ view_template ] --END-- [ RunTime:0.002608s ]
INFO: [ view_parse ] --START--
INFO: Run ParseTemplate Behavior [ RunTime:0.019825s ]
INFO: [ view_parse ] --END-- [ RunTime:0.020154s ]
INFO: [ view_filter ] --START--
INFO: Run ContentReplace Behavior [ RunTime:0.001556s ]
INFO: Run TokenBuild Behavior [ RunTime:0.001753s ]
INFO: Run WriteHtmlCache Behavior [ RunTime:0.001454s ]
INFO: Run ShowRuntime Behavior [ RunTime:0.001917s ]
INFO: [ view_filter ] --END-- [ RunTime:0.007502s ]
INFO: [ view_end ] --START--
INFO: Run ShowPageTrace Behavior [ RunTime:0.002036s ]
INFO: [ view_end ] --END-- [ RunTime:0.002298s ]
INFO: [ view_template ] --START--
INFO: Run LocationTemplate Behavior [ RunTime:0.000714s ]
INFO: [ view_template ] --END-- [ RunTime:-0.030927s ]
INFO: [ view_parse ] --START--
INFO: Run ParseTemplate Behavior [ RunTime:0.005487s ]
INFO: [ view_parse ] --END-- [ RunTime:-0.011714s ]
INFO: [ view_filter ] --START--
INFO: Run ContentReplace Behavior [ RunTime:0.000144s ]
INFO: Run TokenBuild Behavior [ RunTime:0.000145s ]
INFO: Run WriteHtmlCache Behavior [ RunTime:0.000030s ]
INFO: Run ShowRuntime Behavior [ RunTime:0.000202s ]
INFO: [ view_filter ] --END-- [ RunTime:-0.009825s ]
INFO: [ view_end ] --START--
INFO: Run ShowPageTrace Behavior [ RunTime:0.000107s ]
INFO: [ view_end ] --END-- [ RunTime:-0.008268s ]

[ 2013-08-28T16:21:14+08:00 ] 0.0.0.0 /papawithme/index.php/Home/Logout
INFO: [ route_check ] --START--
INFO: Run CheckRoute Behavior [ RunTime:0.000904s ]
INFO: [ route_check ] --END-- [ RunTime:0.001020s ]
INFO: [ app_begin ] --START--
INFO: Run ReadHtmlCache Behavior [ RunTime:0.000625s ]
INFO: [ app_begin ] --END-- [ RunTime:0.000716s ]

[ 2013-08-28T16:21:14+08:00 ] 0.0.0.0 /papawithme/index.php/Home/index
INFO: [ route_check ] --START--
INFO: Run CheckRoute Behavior [ RunTime:0.000788s ]
INFO: [ route_check ] --END-- [ RunTime:0.000893s ]
INFO: [ app_begin ] --START--
INFO: Run ReadHtmlCache Behavior [ RunTime:0.000621s ]
INFO: [ app_begin ] --END-- [ RunTime:0.000712s ]
INFO: [ view_template ] --START--
INFO: Run LocationTemplate Behavior [ RunTime:0.000782s ]
INFO: [ view_template ] --END-- [ RunTime:0.000909s ]
INFO: [ view_parse ] --START--
INFO: Run ParseTemplate Behavior [ RunTime:0.008079s ]
INFO: [ view_parse ] --END-- [ RunTime:0.008194s ]
INFO: [ view_filter ] --START--
INFO: Run ContentReplace Behavior [ RunTime:0.000573s ]
INFO: Run TokenBuild Behavior [ RunTime:0.000633s ]
INFO: Run WriteHtmlCache Behavior [ RunTime:0.000499s ]
INFO: Run ShowRuntime Behavior [ RunTime:0.000682s ]
INFO: [ view_filter ] --END-- [ RunTime:0.002648s ]
INFO: [ view_end ] --START--
INFO: Run ShowPageTrace Behavior [ RunTime:0.000734s ]
INFO: [ view_end ] --END-- [ RunTime:0.000822s ]
INFO: [ view_template ] --START--
INFO: Run LocationTemplate Behavior [ RunTime:0.000227s ]
INFO: [ view_template ] --END-- [ RunTime:-0.012006s ]
INFO: [ view_parse ] --START--
INFO: Run ParseTemplate Behavior [ RunTime:0.002283s ]
INFO: [ view_parse ] --END-- [ RunTime:-0.004097s ]
INFO: [ view_filter ] --START--
INFO: Run ContentReplace Behavior [ RunTime:0.000057s ]
INFO: Run TokenBuild Behavior [ RunTime:0.000054s ]
INFO: Run WriteHtmlCache Behavior [ RunTime:0.000012s ]
INFO: Run ShowRuntime Behavior [ RunTime:0.000082s ]
INFO: [ view_filter ] --END-- [ RunTime:-0.003788s ]
INFO: [ view_end ] --START--
INFO: Run ShowPageTrace Behavior [ RunTime:0.000042s ]
INFO: [ view_end ] --END-- [ RunTime:-0.003287s ]

[ 2013-08-28T16:21:16+08:00 ] 0.0.0.0 /papawithme/index.php/Home/register
INFO: [ route_check ] --START--
INFO: Run CheckRoute Behavior [ RunTime:0.000627s ]
INFO: [ route_check ] --END-- [ RunTime:0.000753s ]
INFO: [ app_begin ] --START--
INFO: Run ReadHtmlCache Behavior [ RunTime:0.000480s ]
INFO: [ app_begin ] --END-- [ RunTime:0.000549s ]
INFO: [ view_template ] --START--
INFO: Run LocationTemplate Behavior [ RunTime:0.000681s ]
INFO: [ view_template ] --END-- [ RunTime:0.000793s ]
INFO: [ view_parse ] --START--
INFO: Run ParseTemplate Behavior [ RunTime:0.019645s ]
INFO: [ view_parse ] --END-- [ RunTime:0.019792s ]
INFO: [ view_filter ] --START--
INFO: Run ContentReplace Behavior [ RunTime:0.000656s ]
INFO: Run TokenBuild Behavior [ RunTime:0.000506s ]
INFO: Run WriteHtmlCache Behavior [ RunTime:0.000347s ]
INFO: Run ShowRuntime Behavior [ RunTime:0.000741s ]
INFO: [ view_filter ] --END-- [ RunTime:0.002525s ]
INFO: [ view_end ] --START--
INFO: Run ShowPageTrace Behavior [ RunTime:0.000592s ]
INFO: [ view_end ] --END-- [ RunTime:0.000690s ]
INFO: [ view_template ] --START--
INFO: Run LocationTemplate Behavior [ RunTime:0.000210s ]
INFO: [ view_template ] --END-- [ RunTime:-0.023343s ]
INFO: [ view_parse ] --START--
INFO: Run ParseTemplate Behavior [ RunTime:0.002213s ]
INFO: [ view_parse ] --END-- [ RunTime:-0.003809s ]
INFO: [ view_filter ] --START--
INFO: Run ContentReplace Behavior [ RunTime:0.000064s ]
INFO: Run TokenBuild Behavior [ RunTime:0.000056s ]
INFO: Run WriteHtmlCache Behavior [ RunTime:0.000013s ]
INFO: Run ShowRuntime Behavior [ RunTime:0.000084s ]
INFO: [ view_filter ] --END-- [ RunTime:-0.003581s ]
INFO: [ view_end ] --START--
INFO: Run ShowPageTrace Behavior [ RunTime:0.000044s ]
INFO: [ view_end ] --END-- [ RunTime:-0.003201s ]

[ 2013-08-28T16:22:05+08:00 ] 0.0.0.0 /papawithme/index.php/Index/register
INFO: [ route_check ] --START--
INFO: Run CheckRoute Behavior [ RunTime:0.000902s ]
INFO: [ route_check ] --END-- [ RunTime:0.001024s ]
INFO: [ app_begin ] --START--
INFO: Run ReadHtmlCache Behavior [ RunTime:0.000657s ]
INFO: [ app_begin ] --END-- [ RunTime:0.000760s ]
SQL: SHOW COLUMNS FROM `think_user` [ RunTime:0.069138s ]
NOTIC: 建议使用I方法替代_param
NOTIC: 建议使用I方法替代_param
NOTIC: 建议使用I方法替代_param
SQL: INSERT INTO `think_user` (`user_name`,`user_email`,`user_psd`) VALUES ('','root@papawith.me','papawithme~') [ RunTime:0.036253s ]
ERR: 1062:Duplicate entry 'papawithme~' for key 'user_psd_UNIQUE'
 [ SQL语句 ] : INSERT INTO `think_user` (`user_name`,`user_email`,`user_psd`) VALUES ('','root@papawith.me','papawithme~')

[ 2013-08-28T16:22:29+08:00 ] 0.0.0.0 /papawithme/index.php/Index/register
INFO: [ route_check ] --START--
INFO: Run CheckRoute Behavior [ RunTime:0.000767s ]
INFO: [ route_check ] --END-- [ RunTime:0.000884s ]
INFO: [ app_begin ] --START--
INFO: Run ReadHtmlCache Behavior [ RunTime:0.000578s ]
INFO: [ app_begin ] --END-- [ RunTime:0.000657s ]
SQL: SHOW COLUMNS FROM `think_user` [ RunTime:0.007919s ]
NOTIC: 建议使用I方法替代_param
NOTIC: 建议使用I方法替代_param
NOTIC: 建议使用I方法替代_param
SQL: INSERT INTO `think_user` (`user_name`,`user_email`,`user_psd`) VALUES ('xudanyun','root@papawith.me','68a78ty3') [ RunTime:0.053686s ]
ERR: 1062:Duplicate entry 'root@papawith.me' for key 'user_email_UNIQUE'
 [ SQL语句 ] : INSERT INTO `think_user` (`user_name`,`user_email`,`user_psd`) VALUES ('xudanyun','root@papawith.me','68a78ty3')

[ 2013-08-28T16:23:50+08:00 ] 0.0.0.0 /papawithme/index.php/Index/register
INFO: [ route_check ] --START--
INFO: Run CheckRoute Behavior [ RunTime:0.000919s ]
INFO: [ route_check ] --END-- [ RunTime:0.001027s ]
INFO: [ app_begin ] --START--
INFO: Run ReadHtmlCache Behavior [ RunTime:0.000668s ]
INFO: [ app_begin ] --END-- [ RunTime:0.000749s ]
SQL: SHOW COLUMNS FROM `think_user` [ RunTime:0.007936s ]
NOTIC: 建议使用I方法替代_param
NOTIC: 建议使用I方法替代_param
NOTIC: 建议使用I方法替代_param
SQL: INSERT INTO `think_user` (`user_name`,`user_email`,`user_psd`) VALUES ('xudanyun','rootswife@papawith.me','68a78ty3') [ RunTime:0.085148s ]

[ 2013-08-28T16:23:50+08:00 ] 0.0.0.0 /papawithme/index.php/Home
INFO: [ route_check ] --START--
INFO: Run CheckRoute Behavior [ RunTime:0.002302s ]
INFO: [ route_check ] --END-- [ RunTime:0.002634s ]
INFO: [ app_begin ] --START--
INFO: Run ReadHtmlCache Behavior [ RunTime:0.001705s ]
INFO: [ app_begin ] --END-- [ RunTime:0.001984s ]
INFO: [ view_template ] --START--
INFO: Run LocationTemplate Behavior [ RunTime:0.002207s ]
INFO: [ view_template ] --END-- [ RunTime:0.002522s ]
INFO: [ view_parse ] --START--
INFO: Run ParseTemplate Behavior [ RunTime:0.016334s ]
INFO: [ view_parse ] --END-- [ RunTime:0.016563s ]
INFO: [ view_filter ] --START--
INFO: Run ContentReplace Behavior [ RunTime:0.000986s ]
INFO: Run TokenBuild Behavior [ RunTime:0.001050s ]
INFO: Run WriteHtmlCache Behavior [ RunTime:0.000864s ]
INFO: Run ShowRuntime Behavior [ RunTime:0.001242s ]
INFO: [ view_filter ] --END-- [ RunTime:0.004618s ]
INFO: [ view_end ] --START--
INFO: Run ShowPageTrace Behavior [ RunTime:0.001352s ]
INFO: [ view_end ] --END-- [ RunTime:0.001518s ]
INFO: [ view_template ] --START--
INFO: Run LocationTemplate Behavior [ RunTime:0.000419s ]
INFO: [ view_template ] --END-- [ RunTime:-0.023388s ]
INFO: [ view_parse ] --START--
INFO: Run ParseTemplate Behavior [ RunTime:0.004594s ]
INFO: [ view_parse ] --END-- [ RunTime:-0.007292s ]
INFO: [ view_filter ] --START--
INFO: Run ContentReplace Behavior [ RunTime:0.000153s ]
INFO: Run TokenBuild Behavior [ RunTime:0.000134s ]
INFO: Run WriteHtmlCache Behavior [ RunTime:0.000030s ]
INFO: Run ShowRuntime Behavior [ RunTime:0.000204s ]
INFO: [ view_filter ] --END-- [ RunTime:-0.007423s ]
INFO: [ view_end ] --START--
INFO: Run ShowPageTrace Behavior [ RunTime:0.000124s ]
INFO: [ view_end ] --END-- [ RunTime:-0.006752s ]

[ 2013-08-28T16:24:03+08:00 ] 0.0.0.0 /papawithme/index.php/Meet/browse/type/2
INFO: [ route_check ] --START--
INFO: Run CheckRoute Behavior [ RunTime:0.000757s ]
INFO: [ route_check ] --END-- [ RunTime:0.000865s ]
INFO: [ app_begin ] --START--
INFO: Run ReadHtmlCache Behavior [ RunTime:0.000610s ]
INFO: [ app_begin ] --END-- [ RunTime:0.000700s ]
SQL: SHOW COLUMNS FROM `think_meeting` [ RunTime:0.008106s ]
SQL: SELECT * FROM `think_meeting` WHERE ( `type` = 2 )  [ RunTime:0.000937s ]
INFO: [ view_template ] --START--
INFO: Run LocationTemplate Behavior [ RunTime:0.001886s ]
INFO: [ view_template ] --END-- [ RunTime:0.002174s ]
INFO: [ view_parse ] --START--
INFO: Run ParseTemplate Behavior [ RunTime:0.018113s ]
INFO: [ view_parse ] --END-- [ RunTime:0.018446s ]
INFO: [ view_filter ] --START--
INFO: Run ContentReplace Behavior [ RunTime:0.001301s ]
INFO: Run TokenBuild Behavior [ RunTime:0.001376s ]
INFO: Run WriteHtmlCache Behavior [ RunTime:0.001056s ]
INFO: Run ShowRuntime Behavior [ RunTime:0.001714s ]
INFO: [ view_filter ] --END-- [ RunTime:0.006243s ]
INFO: [ view_end ] --START--
INFO: Run ShowPageTrace Behavior [ RunTime:0.001792s ]
INFO: [ view_end ] --END-- [ RunTime:0.002065s ]
INFO: [ view_template ] --START--
INFO: Run LocationTemplate Behavior [ RunTime:0.000677s ]
INFO: [ view_template ] --END-- [ RunTime:-0.027782s ]
INFO: [ view_parse ] --START--
INFO: Run ParseTemplate Behavior [ RunTime:0.003919s ]
INFO: [ view_parse ] --END-- [ RunTime:-0.010218s ]
INFO: [ view_filter ] --START--
INFO: Run ContentReplace Behavior [ RunTime:0.000089s ]
INFO: Run TokenBuild Behavior [ RunTime:0.000093s ]
INFO: Run WriteHtmlCache Behavior [ RunTime:0.000020s ]
INFO: Run ShowRuntime Behavior [ RunTime:0.000128s ]
INFO: [ view_filter ] --END-- [ RunTime:-0.007944s ]
INFO: [ view_end ] --START--
INFO: Run ShowPageTrace Behavior [ RunTime:0.000067s ]
INFO: [ view_end ] --END-- [ RunTime:-0.006259s ]

[ 2013-08-28T16:24:07+08:00 ] 0.0.0.0 /papawithme/index.php/Meet/browse/type/1
INFO: [ route_check ] --START--
INFO: Run CheckRoute Behavior [ RunTime:0.000592s ]
INFO: [ route_check ] --END-- [ RunTime:0.000673s ]
INFO: [ app_begin ] --START--
INFO: Run ReadHtmlCache Behavior [ RunTime:0.000458s ]
INFO: [ app_begin ] --END-- [ RunTime:0.000526s ]
SQL: SHOW COLUMNS FROM `think_meeting` [ RunTime:0.006498s ]
SQL: SELECT * FROM `think_meeting` WHERE ( `type` = 1 )  [ RunTime:0.000740s ]
INFO: [ view_template ] --START--
INFO: Run LocationTemplate Behavior [ RunTime:0.001522s ]
INFO: [ view_template ] --END-- [ RunTime:0.001744s ]
INFO: [ view_parse ] --START--
INFO: Run ParseTemplate Behavior [ RunTime:0.013435s ]
INFO: [ view_parse ] --END-- [ RunTime:0.013610s ]
INFO: [ view_filter ] --START--
INFO: Run ContentReplace Behavior [ RunTime:0.000695s ]
INFO: Run TokenBuild Behavior [ RunTime:0.000759s ]
INFO: Run WriteHtmlCache Behavior [ RunTime:0.000647s ]
INFO: Run ShowRuntime Behavior [ RunTime:0.000796s ]
INFO: [ view_filter ] --END-- [ RunTime:0.003263s ]
INFO: [ view_end ] --START--
INFO: Run ShowPageTrace Behavior [ RunTime:0.000918s ]
INFO: [ view_end ] --END-- [ RunTime:0.001039s ]
INFO: [ view_template ] --START--
INFO: Run LocationTemplate Behavior [ RunTime:0.000339s ]
INFO: [ view_template ] --END-- [ RunTime:-0.018434s ]
INFO: [ view_parse ] --START--
INFO: Run ParseTemplate Behavior [ RunTime:0.003821s ]
INFO: [ view_parse ] --END-- [ RunTime:-0.005197s ]
INFO: [ view_filter ] --START--
INFO: Run ContentReplace Behavior [ RunTime:0.000113s ]
INFO: Run TokenBuild Behavior [ RunTime:0.000104s ]
INFO: Run WriteHtmlCache Behavior [ RunTime:0.000023s ]
INFO: Run ShowRuntime Behavior [ RunTime:0.000165s ]
INFO: [ view_filter ] --END-- [ RunTime:-0.005880s ]
INFO: [ view_end ] --START--
INFO: Run ShowPageTrace Behavior [ RunTime:0.000084s ]
INFO: [ view_end ] --END-- [ RunTime:-0.005511s ]

[ 2013-08-28T16:24:30+08:00 ] 0.0.0.0 /papawithme/index.php/Meet/preCheckIn/pre_type/1
INFO: [ route_check ] --START--
INFO: Run CheckRoute Behavior [ RunTime:0.000943s ]
INFO: [ route_check ] --END-- [ RunTime:0.001057s ]
INFO: [ app_begin ] --START--
INFO: Run ReadHtmlCache Behavior [ RunTime:0.000657s ]
INFO: [ app_begin ] --END-- [ RunTime:0.000748s ]
SQL: SHOW COLUMNS FROM `think_user_profile` [ RunTime:0.093463s ]
SQL: SELECT * FROM `think_user_profile` WHERE ( `user_name` = 'xudanyun' )  [ RunTime:0.000900s ]
INFO: [ view_template ] --START--
INFO: Run LocationTemplate Behavior [ RunTime:0.002278s ]
INFO: [ view_template ] --END-- [ RunTime:0.002558s ]
INFO: [ view_parse ] --START--
INFO: Run ParseTemplate Behavior [ RunTime:0.021232s ]
INFO: [ view_parse ] --END-- [ RunTime:0.021532s ]
INFO: [ view_filter ] --START--
INFO: Run ContentReplace Behavior [ RunTime:0.001386s ]
INFO: Run TokenBuild Behavior [ RunTime:0.000862s ]
INFO: Run WriteHtmlCache Behavior [ RunTime:0.000696s ]
INFO: Run ShowRuntime Behavior [ RunTime:0.001053s ]
INFO: [ view_filter ] --END-- [ RunTime:0.004478s ]
INFO: [ view_end ] --START--
INFO: Run ShowPageTrace Behavior [ RunTime:0.001134s ]
INFO: [ view_end ] --END-- [ RunTime:0.001284s ]
INFO: [ view_template ] --START--
INFO: Run LocationTemplate Behavior [ RunTime:0.000406s ]
INFO: [ view_template ] --END-- [ RunTime:-0.028027s ]
INFO: [ view_parse ] --START--
INFO: Run ParseTemplate Behavior [ RunTime:0.004250s ]
INFO: [ view_parse ] --END-- [ RunTime:-0.006930s ]
INFO: [ view_filter ] --START--
INFO: Run ContentReplace Behavior [ RunTime:0.000132s ]
INFO: Run TokenBuild Behavior [ RunTime:0.000124s ]
INFO: Run WriteHtmlCache Behavior [ RunTime:0.000029s ]
INFO: Run ShowRuntime Behavior [ RunTime:0.000191s ]
INFO: [ view_filter ] --END-- [ RunTime:-0.006780s ]
INFO: [ view_end ] --START--
INFO: Run ShowPageTrace Behavior [ RunTime:0.000100s ]
INFO: [ view_end ] --END-- [ RunTime:-0.006311s ]

[ 2013-08-28T16:24:32+08:00 ] 0.0.0.0 /papawithme/index.php/Home/editProfile
INFO: [ route_check ] --START--
INFO: Run CheckRoute Behavior [ RunTime:0.000692s ]
INFO: [ route_check ] --END-- [ RunTime:0.000799s ]
INFO: [ app_begin ] --START--
INFO: Run ReadHtmlCache Behavior [ RunTime:0.000528s ]
INFO: [ app_begin ] --END-- [ RunTime:0.000616s ]
NOTIC: 建议使用I方法替代_server
SQL: SHOW COLUMNS FROM `think_user_profile` [ RunTime:0.008226s ]
SQL: SELECT * FROM `think_user_profile` WHERE ( `user_name` = 'xudanyun' )  [ RunTime:0.000868s ]
INFO: [ view_template ] --START--
INFO: Run LocationTemplate Behavior [ RunTime:0.001897s ]
INFO: [ view_template ] --END-- [ RunTime:0.002178s ]
INFO: [ view_parse ] --START--
INFO: Run ParseTemplate Behavior [ RunTime:0.022812s ]
INFO: [ view_parse ] --END-- [ RunTime:0.023062s ]
INFO: [ view_filter ] --START--
INFO: Run ContentReplace Behavior [ RunTime:0.001044s ]
INFO: Run TokenBuild Behavior [ RunTime:0.000919s ]
INFO: Run WriteHtmlCache Behavior [ RunTime:0.000713s ]
INFO: Run ShowRuntime Behavior [ RunTime:0.001076s ]
INFO: [ view_filter ] --END-- [ RunTime:0.004213s ]
INFO: [ view_end ] --START--
INFO: Run ShowPageTrace Behavior [ RunTime:0.001111s ]
INFO: [ view_end ] --END-- [ RunTime:0.001270s ]
INFO: [ view_template ] --START--
INFO: Run LocationTemplate Behavior [ RunTime:0.000373s ]
INFO: [ view_template ] --END-- [ RunTime:-0.029244s ]
INFO: [ view_parse ] --START--
INFO: Run ParseTemplate Behavior [ RunTime:0.004546s ]
INFO: [ view_parse ] --END-- [ RunTime:-0.006608s ]
INFO: [ view_filter ] --START--
INFO: Run ContentReplace Behavior [ RunTime:0.000144s ]
INFO: Run TokenBuild Behavior [ RunTime:0.000135s ]
INFO: Run WriteHtmlCache Behavior [ RunTime:0.000042s ]
INFO: Run ShowRuntime Behavior [ RunTime:0.000202s ]
INFO: [ view_filter ] --END-- [ RunTime:-0.007111s ]
INFO: [ view_end ] --START--
INFO: Run ShowPageTrace Behavior [ RunTime:0.000108s ]
INFO: [ view_end ] --END-- [ RunTime:-0.006695s ]

[ 2013-08-28T16:24:46+08:00 ] 0.0.0.0 /papawithme/index.php/Home/updateProfile
INFO: [ route_check ] --START--
INFO: Run CheckRoute Behavior [ RunTime:0.000722s ]
INFO: [ route_check ] --END-- [ RunTime:0.000851s ]
INFO: [ app_begin ] --START--
INFO: Run ReadHtmlCache Behavior [ RunTime:0.000542s ]
INFO: [ app_begin ] --END-- [ RunTime:0.000630s ]
SQL: SHOW COLUMNS FROM `think_user_profile` [ RunTime:0.027202s ]
NOTIC: 建议使用I方法替代_param
NOTIC: 建议使用I方法替代_param
NOTIC: 建议使用I方法替代_param
NOTIC: 建议使用I方法替代_param
NOTIC: 建议使用I方法替代_param
NOTIC: 建议使用I方法替代_param
NOTIC: 建议使用I方法替代_param
NOTIC: 建议使用I方法替代_param
NOTIC: 建议使用I方法替代_param
SQL: INSERT INTO `think_user_profile` (`profile_name`,`profile_sex`,`user_name`,`profile_motto`,`profile_skill`,`profile_hobby`,`profile_now`,`profile_department`,`profile_birthday`,`profile_autobiography`) VALUES ('小小米','女生','xudanyun','','','','','','','') [ RunTime:0.146008s ]
INFO: [ view_template ] --START--
INFO: Run LocationTemplate Behavior [ RunTime:0.004743s ]
INFO: [ view_template ] --END-- [ RunTime:0.005043s ]
INFO: [ view_parse ] --START--
INFO: Run ParseTemplate Behavior [ RunTime:0.028527s ]
INFO: [ view_parse ] --END-- [ RunTime:0.028830s ]
INFO: [ view_filter ] --START--
INFO: Run ContentReplace Behavior [ RunTime:0.003216s ]
INFO: Run TokenBuild Behavior [ RunTime:0.003402s ]
INFO: Run WriteHtmlCache Behavior [ RunTime:0.002947s ]
INFO: Run ShowRuntime Behavior [ RunTime:0.001687s ]
INFO: [ view_filter ] --END-- [ RunTime:0.011844s ]
INFO: [ view_end ] --START--
INFO: Run ShowPageTrace Behavior [ RunTime:0.001841s ]
INFO: [ view_end ] --END-- [ RunTime:0.001964s ]

[ 2013-08-28T16:24:49+08:00 ] 0.0.0.0 /papawithme/index.php/Meet/preCheckIn/pre_type/1
INFO: [ route_check ] --START--
INFO: Run CheckRoute Behavior [ RunTime:0.002087s ]
INFO: [ route_check ] --END-- [ RunTime:0.002248s ]
INFO: [ app_begin ] --START--
INFO: Run ReadHtmlCache Behavior [ RunTime:0.001766s ]
INFO: [ app_begin ] --END-- [ RunTime:0.001907s ]
SQL: SHOW COLUMNS FROM `think_user_profile` [ RunTime:0.008509s ]
SQL: SELECT * FROM `think_user_profile` WHERE ( `user_name` = 'xudanyun' )  [ RunTime:0.000900s ]
INFO: [ view_template ] --START--
INFO: Run LocationTemplate Behavior [ RunTime:0.004765s ]
INFO: [ view_template ] --END-- [ RunTime:0.005092s ]
INFO: [ view_parse ] --START--
INFO: Run ParseTemplate Behavior [ RunTime:0.029678s ]
INFO: [ view_parse ] --END-- [ RunTime:0.030003s ]
INFO: [ view_filter ] --START--
INFO: Run ContentReplace Behavior [ RunTime:0.003429s ]
INFO: Run TokenBuild Behavior [ RunTime:0.003239s ]
INFO: Run WriteHtmlCache Behavior [ RunTime:0.002874s ]
INFO: Run ShowRuntime Behavior [ RunTime:0.003483s ]
INFO: [ view_filter ] --END-- [ RunTime:0.013794s ]
INFO: [ view_end ] --START--
INFO: Run ShowPageTrace Behavior [ RunTime:0.003915s ]
INFO: [ view_end ] --END-- [ RunTime:0.004215s ]
INFO: [ view_template ] --START--
INFO: Run LocationTemplate Behavior [ RunTime:0.001366s ]
INFO: [ view_template ] --END-- [ RunTime:-0.049038s ]
INFO: [ view_parse ] --START--
INFO: Run ParseTemplate Behavior [ RunTime:0.005293s ]
INFO: [ view_parse ] --END-- [ RunTime:-0.020437s ]
INFO: [ view_filter ] --START--
INFO: Run ContentReplace Behavior [ RunTime:0.000136s ]
INFO: Run TokenBuild Behavior [ RunTime:0.000126s ]
INFO: Run WriteHtmlCache Behavior [ RunTime:0.000028s ]
INFO: Run ShowRuntime Behavior [ RunTime:0.000199s ]
INFO: [ view_filter ] --END-- [ RunTime:-0.012006s ]
INFO: [ view_end ] --START--
INFO: Run ShowPageTrace Behavior [ RunTime:0.000101s ]
INFO: [ view_end ] --END-- [ RunTime:-0.008478s ]

[ 2013-08-28T16:25:28+08:00 ] 0.0.0.0 /papawithme/index.php/Meet/checkIn/pre_type/1
INFO: [ route_check ] --START--
INFO: Run CheckRoute Behavior [ RunTime:0.001527s ]
INFO: [ route_check ] --END-- [ RunTime:0.001666s ]
INFO: [ app_begin ] --START--
INFO: Run ReadHtmlCache Behavior [ RunTime:0.001500s ]
INFO: [ app_begin ] --END-- [ RunTime:0.001626s ]
SQL: SHOW COLUMNS FROM `think_meeting` [ RunTime:0.008546s ]
SQL: SHOW COLUMNS FROM `think_user_profile` [ RunTime:0.007965s ]
SQL: SELECT * FROM `think_user_profile` WHERE ( `user_name` = 'xudanyun' )  [ RunTime:0.000922s ]
SQL: SELECT * FROM `think_meeting` WHERE ( `user_name` = 'xudanyun' ) AND ( `type` = 2 )  [ RunTime:0.000768s ]
INFO: [ view_template ] --START--
INFO: Run LocationTemplate Behavior [ RunTime:0.004742s ]
INFO: [ view_template ] --END-- [ RunTime:0.005020s ]
INFO: [ view_parse ] --START--
INFO: Run ParseTemplate Behavior [ RunTime:0.019259s ]
INFO: [ view_parse ] --END-- [ RunTime:0.019477s ]
INFO: [ view_filter ] --START--
INFO: Run ContentReplace Behavior [ RunTime:0.001838s ]
INFO: Run TokenBuild Behavior [ RunTime:0.001963s ]
INFO: Run WriteHtmlCache Behavior [ RunTime:0.001722s ]
INFO: Run ShowRuntime Behavior [ RunTime:0.002026s ]
INFO: [ view_filter ] --END-- [ RunTime:0.008001s ]
INFO: [ view_end ] --START--
INFO: Run ShowPageTrace Behavior [ RunTime:0.002113s ]
INFO: [ view_end ] --END-- [ RunTime:0.002259s ]
INFO: [ view_template ] --START--
INFO: Run LocationTemplate Behavior [ RunTime:0.000972s ]
INFO: [ view_template ] --END-- [ RunTime:-0.030390s ]
INFO: [ view_parse ] --START--
INFO: Run ParseTemplate Behavior [ RunTime:0.004730s ]
INFO: [ view_parse ] --END-- [ RunTime:-0.011930s ]
INFO: [ view_filter ] --START--
INFO: Run ContentReplace Behavior [ RunTime:0.000079s ]
INFO: Run TokenBuild Behavior [ RunTime:0.000073s ]
INFO: Run WriteHtmlCache Behavior [ RunTime:0.000016s ]
INFO: Run ShowRuntime Behavior [ RunTime:0.000111s ]
INFO: [ view_filter ] --END-- [ RunTime:-0.008715s ]
INFO: [ view_end ] --START--
INFO: Run ShowPageTrace Behavior [ RunTime:0.000050s ]
INFO: [ view_end ] --END-- [ RunTime:-0.006854s ]

[ 2013-08-28T16:26:04+08:00 ] 0.0.0.0 /papawithme/
INFO: [ app_begin ] --START--
INFO: Run ReadHtmlCache Behavior [ RunTime:0.000635s ]
INFO: [ app_begin ] --END-- [ RunTime:0.000722s ]
INFO: [ view_template ] --START--
INFO: Run LocationTemplate Behavior [ RunTime:0.000565s ]
INFO: [ view_template ] --END-- [ RunTime:0.000664s ]
INFO: [ view_parse ] --START--
INFO: Run ParseTemplate Behavior [ RunTime:0.006208s ]
INFO: [ view_parse ] --END-- [ RunTime:0.006295s ]
INFO: [ view_filter ] --START--
INFO: Run ContentReplace Behavior [ RunTime:0.000478s ]
INFO: Run TokenBuild Behavior [ RunTime:0.000457s ]
INFO: Run WriteHtmlCache Behavior [ RunTime:0.000400s ]
INFO: Run ShowRuntime Behavior [ RunTime:0.000517s ]
INFO: [ view_filter ] --END-- [ RunTime:0.002062s ]
INFO: [ view_end ] --START--
INFO: Run ShowPageTrace Behavior [ RunTime:0.000552s ]
INFO: [ view_end ] --END-- [ RunTime:0.000615s ]

[ 2013-08-28T16:26:12+08:00 ] 0.0.0.0 /papawithme/
INFO: [ app_begin ] --START--
INFO: Run ReadHtmlCache Behavior [ RunTime:0.000878s ]
INFO: [ app_begin ] --END-- [ RunTime:0.000964s ]
INFO: [ view_template ] --START--
INFO: Run LocationTemplate Behavior [ RunTime:0.001099s ]
INFO: [ view_template ] --END-- [ RunTime:0.001173s ]
INFO: [ view_parse ] --START--
INFO: Run ParseTemplate Behavior [ RunTime:0.007235s ]
INFO: [ view_parse ] --END-- [ RunTime:0.007306s ]
INFO: [ view_filter ] --START--
INFO: Run ContentReplace Behavior [ RunTime:0.000802s ]
INFO: Run TokenBuild Behavior [ RunTime:0.000801s ]
INFO: Run WriteHtmlCache Behavior [ RunTime:0.000725s ]
INFO: Run ShowRuntime Behavior [ RunTime:0.000866s ]
INFO: [ view_filter ] --END-- [ RunTime:0.003381s ]
INFO: [ view_end ] --START--
INFO: Run ShowPageTrace Behavior [ RunTime:0.000924s ]
INFO: [ view_end ] --END-- [ RunTime:0.000988s ]

[ 2013-08-28T16:26:15+08:00 ] 0.0.0.0 /papawithme/index.php/Home
INFO: [ route_check ] --START--
INFO: Run CheckRoute Behavior [ RunTime:0.001369s ]
INFO: [ route_check ] --END-- [ RunTime:0.001575s ]
INFO: [ app_begin ] --START--
INFO: Run ReadHtmlCache Behavior [ RunTime:0.001038s ]
INFO: [ app_begin ] --END-- [ RunTime:0.001126s ]
INFO: [ view_template ] --START--
INFO: Run LocationTemplate Behavior [ RunTime:0.001165s ]
INFO: [ view_template ] --END-- [ RunTime:0.001258s ]
INFO: [ view_parse ] --START--
INFO: Run ParseTemplate Behavior [ RunTime:0.007890s ]
INFO: [ view_parse ] --END-- [ RunTime:0.007971s ]
INFO: [ view_filter ] --START--
INFO: Run ContentReplace Behavior [ RunTime:0.000985s ]
INFO: Run TokenBuild Behavior [ RunTime:0.000838s ]
INFO: Run WriteHtmlCache Behavior [ RunTime:0.000736s ]
INFO: Run ShowRuntime Behavior [ RunTime:0.000884s ]
INFO: [ view_filter ] --END-- [ RunTime:0.003671s ]
INFO: [ view_end ] --START--
INFO: Run ShowPageTrace Behavior [ RunTime:0.000918s ]
INFO: [ view_end ] --END-- [ RunTime:0.000983s ]
INFO: [ view_template ] --START--
INFO: Run LocationTemplate Behavior [ RunTime:0.000423s ]
INFO: [ view_template ] --END-- [ RunTime:-0.012878s ]
INFO: [ view_parse ] --START--
INFO: Run ParseTemplate Behavior [ RunTime:0.002321s ]
INFO: [ view_parse ] --END-- [ RunTime:-0.005391s ]
INFO: [ view_filter ] --START--
INFO: Run ContentReplace Behavior [ RunTime:0.000058s ]
INFO: Run TokenBuild Behavior [ RunTime:0.000055s ]
INFO: Run WriteHtmlCache Behavior [ RunTime:0.000012s ]
INFO: Run ShowRuntime Behavior [ RunTime:0.000084s ]
INFO: [ view_filter ] --END-- [ RunTime:-0.004108s ]
INFO: [ view_end ] --START--
INFO: Run ShowPageTrace Behavior [ RunTime:0.000045s ]
INFO: [ view_end ] --END-- [ RunTime:-0.003487s ]

[ 2013-08-28T16:26:18+08:00 ] 0.0.0.0 /papawithme/index.php/Home/register
INFO: [ route_check ] --START--
INFO: Run CheckRoute Behavior [ RunTime:0.000659s ]
INFO: [ route_check ] --END-- [ RunTime:0.000746s ]
INFO: [ app_begin ] --START--
INFO: Run ReadHtmlCache Behavior [ RunTime:0.000471s ]
INFO: [ app_begin ] --END-- [ RunTime:0.000541s ]
INFO: [ view_template ] --START--
INFO: Run LocationTemplate Behavior [ RunTime:0.000553s ]
INFO: [ view_template ] --END-- [ RunTime:0.000642s ]
INFO: [ view_parse ] --START--
INFO: Run ParseTemplate Behavior [ RunTime:0.005311s ]
INFO: [ view_parse ] --END-- [ RunTime:0.005393s ]
INFO: [ view_filter ] --START--
INFO: Run ContentReplace Behavior [ RunTime:0.000398s ]
INFO: Run TokenBuild Behavior [ RunTime:0.000418s ]
INFO: Run WriteHtmlCache Behavior [ RunTime:0.000295s ]
INFO: Run ShowRuntime Behavior [ RunTime:0.000433s ]
INFO: [ view_filter ] --END-- [ RunTime:0.001728s ]
INFO: [ view_end ] --START--
INFO: Run ShowPageTrace Behavior [ RunTime:0.000473s ]
INFO: [ view_end ] --END-- [ RunTime:0.000536s ]
INFO: [ view_template ] --START--
INFO: Run LocationTemplate Behavior [ RunTime:0.000168s ]
INFO: [ view_template ] --END-- [ RunTime:-0.007905s ]
INFO: [ view_parse ] --START--
INFO: Run ParseTemplate Behavior [ RunTime:0.001789s ]
INFO: [ view_parse ] --END-- [ RunTime:-0.002733s ]
INFO: [ view_filter ] --START--
INFO: Run ContentReplace Behavior [ RunTime:0.000065s ]
INFO: Run TokenBuild Behavior [ RunTime:0.000053s ]
INFO: Run WriteHtmlCache Behavior [ RunTime:0.000011s ]
INFO: Run ShowRuntime Behavior [ RunTime:0.000080s ]
INFO: [ view_filter ] --END-- [ RunTime:-0.002852s ]
INFO: [ view_end ] --START--
INFO: Run ShowPageTrace Behavior [ RunTime:0.000042s ]
INFO: [ view_end ] --END-- [ RunTime:-0.002660s ]

[ 2013-08-28T16:26:19+08:00 ] 0.0.0.0 /papawithme/index.php/Home/login
INFO: [ route_check ] --START--
INFO: Run CheckRoute Behavior [ RunTime:0.001129s ]
INFO: [ route_check ] --END-- [ RunTime:0.001210s ]
INFO: [ app_begin ] --START--
INFO: Run ReadHtmlCache Behavior [ RunTime:0.000970s ]
INFO: [ app_begin ] --END-- [ RunTime:0.001037s ]
INFO: [ view_template ] --START--
INFO: Run LocationTemplate Behavior [ RunTime:0.001149s ]
INFO: [ view_template ] --END-- [ RunTime:0.001225s ]
INFO: [ view_parse ] --START--
INFO: Run ParseTemplate Behavior [ RunTime:0.024268s ]
INFO: [ view_parse ] --END-- [ RunTime:0.024348s ]
INFO: [ view_filter ] --START--
INFO: Run ContentReplace Behavior [ RunTime:0.000833s ]
INFO: Run TokenBuild Behavior [ RunTime:0.000863s ]
INFO: Run WriteHtmlCache Behavior [ RunTime:0.000789s ]
INFO: Run ShowRuntime Behavior [ RunTime:0.000956s ]
INFO: [ view_filter ] --END-- [ RunTime:0.003624s ]
INFO: [ view_end ] --START--
INFO: Run ShowPageTrace Behavior [ RunTime:0.000998s ]
INFO: [ view_end ] --END-- [ RunTime:0.001060s ]
INFO: [ view_template ] --START--
INFO: Run LocationTemplate Behavior [ RunTime:0.000422s ]
INFO: [ view_template ] --END-- [ RunTime:-0.029296s ]
INFO: [ view_parse ] --START--
INFO: Run ParseTemplate Behavior [ RunTime:0.002380s ]
INFO: [ view_parse ] --END-- [ RunTime:-0.005427s ]
INFO: [ view_filter ] --START--
INFO: Run ContentReplace Behavior [ RunTime:0.000057s ]
INFO: Run TokenBuild Behavior [ RunTime:0.000055s ]
INFO: Run WriteHtmlCache Behavior [ RunTime:0.000012s ]
INFO: Run ShowRuntime Behavior [ RunTime:0.000083s ]
INFO: [ view_filter ] --END-- [ RunTime:-0.004220s ]
INFO: [ view_end ] --START--
INFO: Run ShowPageTrace Behavior [ RunTime:0.000044s ]
INFO: [ view_end ] --END-- [ RunTime:-0.003507s ]

[ 2013-08-28T16:26:36+08:00 ] 0.0.0.0 /papawithme/index.php/Index/Login
INFO: [ route_check ] --START--
INFO: Run CheckRoute Behavior [ RunTime:0.000941s ]
INFO: [ route_check ] --END-- [ RunTime:0.001048s ]
INFO: [ app_begin ] --START--
INFO: Run ReadHtmlCache Behavior [ RunTime:0.000708s ]
INFO: [ app_begin ] --END-- [ RunTime:0.000768s ]
SQL: SHOW COLUMNS FROM `think_user` [ RunTime:0.008056s ]
NOTIC: 建议使用I方法替代_param
NOTIC: 建议使用I方法替代_param
SQL: SELECT * FROM `think_user` WHERE ( `user_email` = 'root@papawith.me' ) AND ( `user_psd` = '68a78ty3' )  [ RunTime:0.000832s ]

[ 2013-08-28T16:26:46+08:00 ] 0.0.0.0 /papawithme/index.php/Index/Login
INFO: [ route_check ] --START--
INFO: Run CheckRoute Behavior [ RunTime:0.000550s ]
INFO: [ route_check ] --END-- [ RunTime:0.000635s ]
INFO: [ app_begin ] --START--
INFO: Run ReadHtmlCache Behavior [ RunTime:0.000447s ]
INFO: [ app_begin ] --END-- [ RunTime:0.000506s ]
SQL: SHOW COLUMNS FROM `think_user` [ RunTime:0.007758s ]
NOTIC: 建议使用I方法替代_param
NOTIC: 建议使用I方法替代_param
SQL: SELECT * FROM `think_user` WHERE ( `user_email` = 'root@papawith.me' ) AND ( `user_psd` = 'papawithme~' )  [ RunTime:0.000836s ]

[ 2013-08-28T16:26:46+08:00 ] 0.0.0.0 /papawithme/index.php/Home
INFO: [ route_check ] --START--
INFO: Run CheckRoute Behavior [ RunTime:0.000558s ]
INFO: [ route_check ] --END-- [ RunTime:0.000641s ]
INFO: [ app_begin ] --START--
INFO: Run ReadHtmlCache Behavior [ RunTime:0.000437s ]
INFO: [ app_begin ] --END-- [ RunTime:0.000507s ]
INFO: [ view_template ] --START--
INFO: Run LocationTemplate Behavior [ RunTime:0.000432s ]
INFO: [ view_template ] --END-- [ RunTime:0.000512s ]
INFO: [ view_parse ] --START--
INFO: Run ParseTemplate Behavior [ RunTime:0.005330s ]
INFO: [ view_parse ] --END-- [ RunTime:0.005408s ]
INFO: [ view_filter ] --START--
INFO: Run ContentReplace Behavior [ RunTime:0.000354s ]
INFO: Run TokenBuild Behavior [ RunTime:0.000348s ]
INFO: Run WriteHtmlCache Behavior [ RunTime:0.000289s ]
INFO: Run ShowRuntime Behavior [ RunTime:0.000425s ]
INFO: [ view_filter ] --END-- [ RunTime:0.001606s ]
INFO: [ view_end ] --START--
INFO: Run ShowPageTrace Behavior [ RunTime:0.000542s ]
INFO: [ view_end ] --END-- [ RunTime:0.000627s ]
INFO: [ view_template ] --START--
INFO: Run LocationTemplate Behavior [ RunTime:0.000154s ]
INFO: [ view_template ] --END-- [ RunTime:-0.007895s ]
INFO: [ view_parse ] --START--
INFO: Run ParseTemplate Behavior [ RunTime:0.001756s ]
INFO: [ view_parse ] --END-- [ RunTime:-0.002720s ]
INFO: [ view_filter ] --START--
INFO: Run ContentReplace Behavior [ RunTime:0.000061s ]
INFO: Run TokenBuild Behavior [ RunTime:0.000054s ]
INFO: Run WriteHtmlCache Behavior [ RunTime:0.000011s ]
INFO: Run ShowRuntime Behavior [ RunTime:0.000082s ]
INFO: [ view_filter ] --END-- [ RunTime:-0.002940s ]
INFO: [ view_end ] --START--
INFO: Run ShowPageTrace Behavior [ RunTime:0.000044s ]
INFO: [ view_end ] --END-- [ RunTime:-0.002656s ]

[ 2013-08-28T16:26:51+08:00 ] 0.0.0.0 /papawithme/index.php/Home/profile
INFO: [ route_check ] --START--
INFO: Run CheckRoute Behavior [ RunTime:0.000737s ]
INFO: [ route_check ] --END-- [ RunTime:0.000820s ]
INFO: [ app_begin ] --START--
INFO: Run ReadHtmlCache Behavior [ RunTime:0.000634s ]
INFO: [ app_begin ] --END-- [ RunTime:0.000702s ]
SQL: SHOW COLUMNS FROM `think_user_profile` [ RunTime:0.008447s ]
SQL: SELECT * FROM `think_user_profile` WHERE ( `user_name` = 'root' )  [ RunTime:0.000879s ]
INFO: [ view_template ] --START--
INFO: Run LocationTemplate Behavior [ RunTime:0.003187s ]
INFO: [ view_template ] --END-- [ RunTime:0.003498s ]
INFO: [ view_parse ] --START--
INFO: Run ParseTemplate Behavior [ RunTime:0.023614s ]
INFO: [ view_parse ] --END-- [ RunTime:0.023917s ]
INFO: [ view_filter ] --START--
INFO: Run ContentReplace Behavior [ RunTime:0.001961s ]
INFO: Run TokenBuild Behavior [ RunTime:0.002089s ]
INFO: Run WriteHtmlCache Behavior [ RunTime:0.001708s ]
INFO: Run ShowRuntime Behavior [ RunTime:0.002178s ]
INFO: [ view_filter ] --END-- [ RunTime:0.008745s ]
INFO: [ view_end ] --START--
INFO: Run ShowPageTrace Behavior [ RunTime:0.002312s ]
INFO: [ view_end ] --END-- [ RunTime:0.002569s ]
INFO: [ view_template ] --START--
INFO: Run LocationTemplate Behavior [ RunTime:0.001174s ]
INFO: [ view_template ] --END-- [ RunTime:-0.036168s ]
INFO: [ view_parse ] --START--
INFO: Run ParseTemplate Behavior [ RunTime:0.003953s ]
INFO: [ view_parse ] --END-- [ RunTime:-0.013586s ]
INFO: [ view_filter ] --START--
INFO: Run ContentReplace Behavior [ RunTime:0.000109s ]
INFO: Run TokenBuild Behavior [ RunTime:0.000103s ]
INFO: Run WriteHtmlCache Behavior [ RunTime:0.000023s ]
INFO: Run ShowRuntime Behavior [ RunTime:0.000156s ]
INFO: [ view_filter ] --END-- [ RunTime:-0.008823s ]
INFO: [ view_end ] --START--
INFO: Run ShowPageTrace Behavior [ RunTime:0.000084s ]
INFO: [ view_end ] --END-- [ RunTime:-0.006792s ]

[ 2013-08-28T16:26:53+08:00 ] 0.0.0.0 /papawithme/index.php/Home
INFO: [ route_check ] --START--
INFO: Run CheckRoute Behavior [ RunTime:0.000532s ]
INFO: [ route_check ] --END-- [ RunTime:0.000616s ]
INFO: [ app_begin ] --START--
INFO: Run ReadHtmlCache Behavior [ RunTime:0.000404s ]
INFO: [ app_begin ] --END-- [ RunTime:0.000470s ]
INFO: [ view_template ] --START--
INFO: Run LocationTemplate Behavior [ RunTime:0.000336s ]
INFO: [ view_template ] --END-- [ RunTime:0.000412s ]
INFO: [ view_parse ] --START--
INFO: Run ParseTemplate Behavior [ RunTime:0.005173s ]
INFO: [ view_parse ] --END-- [ RunTime:0.005244s ]
INFO: [ view_filter ] --START--
INFO: Run ContentReplace Behavior [ RunTime:0.000336s ]
INFO: Run TokenBuild Behavior [ RunTime:0.000353s ]
INFO: Run WriteHtmlCache Behavior [ RunTime:0.000278s ]
INFO: Run ShowRuntime Behavior [ RunTime:0.000427s ]
INFO: [ view_filter ] --END-- [ RunTime:0.001605s ]
INFO: [ view_end ] --START--
INFO: Run ShowPageTrace Behavior [ RunTime:0.000452s ]
INFO: [ view_end ] --END-- [ RunTime:0.000518s ]
INFO: [ view_template ] --START--
INFO: Run LocationTemplate Behavior [ RunTime:0.000136s ]
INFO: [ view_template ] --END-- [ RunTime:-0.007612s ]
INFO: [ view_parse ] --START--
INFO: Run ParseTemplate Behavior [ RunTime:0.001775s ]
INFO: [ view_parse ] --END-- [ RunTime:-0.002552s ]
INFO: [ view_filter ] --START--
INFO: Run ContentReplace Behavior [ RunTime:0.000059s ]
INFO: Run TokenBuild Behavior [ RunTime:0.000055s ]
INFO: Run WriteHtmlCache Behavior [ RunTime:0.000011s ]
INFO: Run ShowRuntime Behavior [ RunTime:0.000083s ]
INFO: [ view_filter ] --END-- [ RunTime:-0.002783s ]
INFO: [ view_end ] --START--
INFO: Run ShowPageTrace Behavior [ RunTime:0.000044s ]
INFO: [ view_end ] --END-- [ RunTime:-0.002603s ]

[ 2013-08-28T16:27:01+08:00 ] 0.0.0.0 /papawithme/index.php/Home
INFO: [ route_check ] --START--
INFO: Run CheckRoute Behavior [ RunTime:0.000806s ]
INFO: [ route_check ] --END-- [ RunTime:0.000911s ]
INFO: [ app_begin ] --START--
INFO: Run ReadHtmlCache Behavior [ RunTime:0.000550s ]
INFO: [ app_begin ] --END-- [ RunTime:0.000639s ]
INFO: [ view_template ] --START--
INFO: Run LocationTemplate Behavior [ RunTime:0.000538s ]
INFO: [ view_template ] --END-- [ RunTime:0.000641s ]
INFO: [ view_parse ] --START--
INFO: Run ParseTemplate Behavior [ RunTime:0.006608s ]
INFO: [ view_parse ] --END-- [ RunTime:0.006690s ]
INFO: [ view_filter ] --START--
INFO: Run ContentReplace Behavior [ RunTime:0.000335s ]
INFO: Run TokenBuild Behavior [ RunTime:0.000316s ]
INFO: Run WriteHtmlCache Behavior [ RunTime:0.000239s ]
INFO: Run ShowRuntime Behavior [ RunTime:0.000373s ]
INFO: [ view_filter ] --END-- [ RunTime:0.001442s ]
INFO: [ view_end ] --START--
INFO: Run ShowPageTrace Behavior [ RunTime:0.000478s ]
INFO: [ view_end ] --END-- [ RunTime:0.000541s ]
INFO: [ view_template ] --START--
INFO: Run LocationTemplate Behavior [ RunTime:0.000128s ]
INFO: [ view_template ] --END-- [ RunTime:-0.008932s ]
INFO: [ view_parse ] --START--
INFO: Run ParseTemplate Behavior [ RunTime:0.001759s ]
INFO: [ view_parse ] --END-- [ RunTime:-0.002403s ]
INFO: [ view_filter ] --START--
INFO: Run ContentReplace Behavior [ RunTime:0.000057s ]
INFO: Run TokenBuild Behavior [ RunTime:0.000054s ]
INFO: Run WriteHtmlCache Behavior [ RunTime:0.000012s ]
INFO: Run ShowRuntime Behavior [ RunTime:0.000082s ]
INFO: [ view_filter ] --END-- [ RunTime:-0.002780s ]
INFO: [ view_end ] --START--
INFO: Run ShowPageTrace Behavior [ RunTime:0.000043s ]
INFO: [ view_end ] --END-- [ RunTime:-0.002576s ]

[ 2013-08-28T16:29:03+08:00 ] 0.0.0.0 /papawithme/index.php/Meet/browse/type/2
INFO: [ route_check ] --START--
INFO: Run CheckRoute Behavior [ RunTime:0.000940s ]
INFO: [ route_check ] --END-- [ RunTime:0.001054s ]
INFO: [ app_begin ] --START--
INFO: Run ReadHtmlCache Behavior [ RunTime:0.000687s ]
INFO: [ app_begin ] --END-- [ RunTime:0.000801s ]
SQL: SHOW COLUMNS FROM `think_meeting` [ RunTime:0.006155s ]
SQL: SELECT * FROM `think_meeting` WHERE ( `type` = 2 )  [ RunTime:0.000799s ]
INFO: [ view_template ] --START--
INFO: Run LocationTemplate Behavior [ RunTime:0.001629s ]
INFO: [ view_template ] --END-- [ RunTime:0.001840s ]
INFO: [ view_parse ] --START--
INFO: Run ParseTemplate Behavior [ RunTime:0.014360s ]
INFO: [ view_parse ] --END-- [ RunTime:0.014581s ]
INFO: [ view_filter ] --START--
INFO: Run ContentReplace Behavior [ RunTime:0.001179s ]
INFO: Run TokenBuild Behavior [ RunTime:0.001285s ]
INFO: Run WriteHtmlCache Behavior [ RunTime:0.001071s ]
INFO: Run ShowRuntime Behavior [ RunTime:0.001416s ]
INFO: [ view_filter ] --END-- [ RunTime:0.005512s ]
INFO: [ view_end ] --START--
INFO: Run ShowPageTrace Behavior [ RunTime:0.001706s ]
INFO: [ view_end ] --END-- [ RunTime:0.001931s ]
INFO: [ view_template ] --START--
INFO: Run LocationTemplate Behavior [ RunTime:0.000677s ]
INFO: [ view_template ] --END-- [ RunTime:-0.022796s ]
INFO: [ view_parse ] --START--
INFO: Run ParseTemplate Behavior [ RunTime:0.007473s ]
INFO: [ view_parse ] --END-- [ RunTime:-0.009240s ]
INFO: [ view_filter ] --START--
INFO: Run ContentReplace Behavior [ RunTime:0.000233s ]
INFO: Run TokenBuild Behavior [ RunTime:0.000219s ]
INFO: Run WriteHtmlCache Behavior [ RunTime:0.000048s ]
INFO: Run ShowRuntime Behavior [ RunTime:0.000337s ]
INFO: [ view_filter ] --END-- [ RunTime:-0.011515s ]
INFO: [ view_end ] --START--
INFO: Run ShowPageTrace Behavior [ RunTime:0.000179s ]
INFO: [ view_end ] --END-- [ RunTime:-0.011061s ]

[ 2013-08-28T16:29:07+08:00 ] 0.0.0.0 /papawithme/index.php/Meet/preCheckIn/pre_type/1
INFO: [ route_check ] --START--
INFO: Run CheckRoute Behavior [ RunTime:0.000780s ]
INFO: [ route_check ] --END-- [ RunTime:0.000888s ]
INFO: [ app_begin ] --START--
INFO: Run ReadHtmlCache Behavior [ RunTime:0.000675s ]
INFO: [ app_begin ] --END-- [ RunTime:0.000791s ]
SQL: SHOW COLUMNS FROM `think_user_profile` [ RunTime:0.008968s ]
SQL: SELECT * FROM `think_user_profile` WHERE ( `user_name` = 'xudanyun' )  [ RunTime:0.000905s ]
INFO: [ view_template ] --START--
INFO: Run LocationTemplate Behavior [ RunTime:0.001798s ]
INFO: [ view_template ] --END-- [ RunTime:0.002080s ]
INFO: [ view_parse ] --START--
INFO: Run ParseTemplate Behavior [ RunTime:0.019627s ]
INFO: [ view_parse ] --END-- [ RunTime:0.019867s ]
INFO: [ view_filter ] --START--
INFO: Run ContentReplace Behavior [ RunTime:0.000779s ]
INFO: Run TokenBuild Behavior [ RunTime:0.000784s ]
INFO: Run WriteHtmlCache Behavior [ RunTime:0.000610s ]
INFO: Run ShowRuntime Behavior [ RunTime:0.000858s ]
INFO: [ view_filter ] --END-- [ RunTime:0.003425s ]
INFO: [ view_end ] --START--
INFO: Run ShowPageTrace Behavior [ RunTime:0.000913s ]
INFO: [ view_end ] --END-- [ RunTime:0.001042s ]
INFO: [ view_template ] --START--
INFO: Run LocationTemplate Behavior [ RunTime:0.000258s ]
INFO: [ view_template ] --END-- [ RunTime:-0.024926s ]
INFO: [ view_parse ] --START--
INFO: Run ParseTemplate Behavior [ RunTime:0.003671s ]
INFO: [ view_parse ] --END-- [ RunTime:-0.005317s ]
INFO: [ view_filter ] --START--
INFO: Run ContentReplace Behavior [ RunTime:0.000128s ]
INFO: Run TokenBuild Behavior [ RunTime:0.000110s ]
INFO: Run WriteHtmlCache Behavior [ RunTime:0.000024s ]
INFO: Run ShowRuntime Behavior [ RunTime:0.000165s ]
INFO: [ view_filter ] --END-- [ RunTime:-0.005694s ]
INFO: [ view_end ] --START--
INFO: Run ShowPageTrace Behavior [ RunTime:0.000088s ]
INFO: [ view_end ] --END-- [ RunTime:-0.005354s ]

[ 2013-08-28T16:29:09+08:00 ] 0.0.0.0 /papawithme/index.php/Meet/checkIn/pre_type/1
INFO: [ route_check ] --START--
INFO: Run CheckRoute Behavior [ RunTime:0.000809s ]
INFO: [ route_check ] --END-- [ RunTime:0.000921s ]
INFO: [ app_begin ] --START--
INFO: Run ReadHtmlCache Behavior [ RunTime:0.000689s ]
INFO: [ app_begin ] --END-- [ RunTime:0.000804s ]
SQL: SHOW COLUMNS FROM `think_meeting` [ RunTime:0.005799s ]
SQL: SHOW COLUMNS FROM `think_user_profile` [ RunTime:0.005974s ]
SQL: SELECT * FROM `think_user_profile` WHERE ( `user_name` = 'xudanyun' )  [ RunTime:0.000661s ]
SQL: SELECT * FROM `think_meeting` WHERE ( `user_name` = 'xudanyun' ) AND ( `type` = 2 )  [ RunTime:0.000525s ]
INFO: [ view_template ] --START--
INFO: Run LocationTemplate Behavior [ RunTime:0.001435s ]
INFO: [ view_template ] --END-- [ RunTime:0.001638s ]
INFO: [ view_parse ] --START--
INFO: Run ParseTemplate Behavior [ RunTime:0.014372s ]
INFO: [ view_parse ] --END-- [ RunTime:0.014602s ]
INFO: [ view_filter ] --START--
INFO: Run ContentReplace Behavior [ RunTime:0.000977s ]
INFO: Run TokenBuild Behavior [ RunTime:0.001024s ]
INFO: Run WriteHtmlCache Behavior [ RunTime:0.000765s ]
INFO: Run ShowRuntime Behavior [ RunTime:0.001114s ]
INFO: [ view_filter ] --END-- [ RunTime:0.004436s ]
INFO: [ view_end ] --START--
INFO: Run ShowPageTrace Behavior [ RunTime:0.001374s ]
INFO: [ view_end ] --END-- [ RunTime:0.001564s ]
INFO: [ view_template ] --START--
INFO: Run LocationTemplate Behavior [ RunTime:0.000441s ]
INFO: [ view_template ] --END-- [ RunTime:-0.021305s ]
INFO: [ view_parse ] --START--
INFO: Run ParseTemplate Behavior [ RunTime:0.005775s ]
INFO: [ view_parse ] --END-- [ RunTime:-0.007307s ]
INFO: [ view_filter ] --START--
INFO: Run ContentReplace Behavior [ RunTime:0.000249s ]
INFO: Run TokenBuild Behavior [ RunTime:0.000219s ]
INFO: Run WriteHtmlCache Behavior [ RunTime:0.000048s ]
INFO: Run ShowRuntime Behavior [ RunTime:0.000349s ]
INFO: [ view_filter ] --END-- [ RunTime:-0.008928s ]
INFO: [ view_end ] --START--
INFO: Run ShowPageTrace Behavior [ RunTime:0.000178s ]
INFO: [ view_end ] --END-- [ RunTime:-0.008847s ]

[ 2013-08-28T16:30:20+08:00 ] 0.0.0.0 /papawithme/index.php/Meet/checkIn/pre_type/1
INFO: [ route_check ] --START--
INFO: Run CheckRoute Behavior [ RunTime:0.001383s ]
INFO: [ route_check ] --END-- [ RunTime:0.001615s ]
INFO: [ app_begin ] --START--
INFO: Run ReadHtmlCache Behavior [ RunTime:0.000921s ]
INFO: [ app_begin ] --END-- [ RunTime:0.001080s ]
SQL: SHOW COLUMNS FROM `think_meeting` [ RunTime:0.008537s ]
SQL: SHOW COLUMNS FROM `think_user_profile` [ RunTime:0.008469s ]
SQL: SELECT * FROM `think_user_profile` WHERE ( `user_name` = 'xudanyun' )  [ RunTime:0.000970s ]
SQL: SELECT * FROM `think_meeting` WHERE ( `user_name` = 'xudanyun' ) AND ( `type` = 2 )  [ RunTime:0.000725s ]
INFO: [ view_template ] --START--
INFO: Run LocationTemplate Behavior [ RunTime:0.001489s ]
INFO: [ view_template ] --END-- [ RunTime:0.001791s ]
INFO: [ view_parse ] --START--
INFO: Run ParseTemplate Behavior [ RunTime:0.020095s ]
INFO: [ view_parse ] --END-- [ RunTime:0.020310s ]
INFO: [ view_filter ] --START--
INFO: Run ContentReplace Behavior [ RunTime:0.000802s ]
INFO: Run TokenBuild Behavior [ RunTime:0.000793s ]
INFO: Run WriteHtmlCache Behavior [ RunTime:0.000633s ]
INFO: Run ShowRuntime Behavior [ RunTime:0.000981s ]
INFO: [ view_filter ] --END-- [ RunTime:0.003636s ]
INFO: [ view_end ] --START--
INFO: Run ShowPageTrace Behavior [ RunTime:0.001013s ]
INFO: [ view_end ] --END-- [ RunTime:0.001150s ]
INFO: [ view_template ] --START--
INFO: Run LocationTemplate Behavior [ RunTime:0.000278s ]
INFO: [ view_template ] --END-- [ RunTime:-0.025762s ]
INFO: [ view_parse ] --START--
INFO: Run ParseTemplate Behavior [ RunTime:0.003872s ]
INFO: [ view_parse ] --END-- [ RunTime:-0.005770s ]
INFO: [ view_filter ] --START--
INFO: Run ContentReplace Behavior [ RunTime:0.000124s ]
INFO: Run TokenBuild Behavior [ RunTime:0.000115s ]
INFO: Run WriteHtmlCache Behavior [ RunTime:0.000026s ]
INFO: Run ShowRuntime Behavior [ RunTime:0.000176s ]
INFO: [ view_filter ] --END-- [ RunTime:-0.006111s ]
INFO: [ view_end ] --START--
INFO: Run ShowPageTrace Behavior [ RunTime:0.000094s ]
INFO: [ view_end ] --END-- [ RunTime:-0.005691s ]

[ 2013-08-28T16:30:31+08:00 ] 0.0.0.0 /papawithme/index.php/Meet/updateCheckIn/type/2
INFO: [ route_check ] --START--
INFO: Run CheckRoute Behavior [ RunTime:0.000851s ]
INFO: [ route_check ] --END-- [ RunTime:0.000968s ]
INFO: [ app_begin ] --START--
INFO: Run ReadHtmlCache Behavior [ RunTime:0.000670s ]
INFO: [ app_begin ] --END-- [ RunTime:0.000760s ]
SQL: SHOW COLUMNS FROM `think_meeting` [ RunTime:0.008190s ]
NOTIC: 建议使用I方法替代_param
NOTIC: 建议使用I方法替代_param
NOTIC: 建议使用I方法替代_param
NOTIC: 建议使用I方法替代_param
NOTIC: 建议使用I方法替代_param
NOTIC: 建议使用I方法替代_param
SQL: INSERT INTO `think_meeting` (`type`,`user_name`,`attach0`,`attach1`,`attach2`,`attach3`,`attach4`,`attach5`) VALUES (2,'xudanyun','papa','','','','','') [ RunTime:0.082646s ]
INFO: [ view_template ] --START--
INFO: Run LocationTemplate Behavior [ RunTime:0.001931s ]
INFO: [ view_template ] --END-- [ RunTime:0.002230s ]
INFO: [ view_parse ] --START--
INFO: Run ParseTemplate Behavior [ RunTime:0.018633s ]
INFO: [ view_parse ] --END-- [ RunTime:0.018863s ]
INFO: [ view_filter ] --START--
INFO: Run ContentReplace Behavior [ RunTime:0.000989s ]
INFO: Run TokenBuild Behavior [ RunTime:0.000985s ]
INFO: Run WriteHtmlCache Behavior [ RunTime:0.000783s ]
INFO: Run ShowRuntime Behavior [ RunTime:0.001188s ]
INFO: [ view_filter ] --END-- [ RunTime:0.004404s ]
INFO: [ view_end ] --START--
INFO: Run ShowPageTrace Behavior [ RunTime:0.001276s ]
INFO: [ view_end ] --END-- [ RunTime:0.001430s ]

[ 2013-08-28T16:30:32+08:00 ] 0.0.0.0 /papawithme/index.php/Home
INFO: [ route_check ] --START--
INFO: Run CheckRoute Behavior [ RunTime:0.001188s ]
INFO: [ route_check ] --END-- [ RunTime:0.001356s ]
INFO: [ app_begin ] --START--
INFO: Run ReadHtmlCache Behavior [ RunTime:0.000957s ]
INFO: [ app_begin ] --END-- [ RunTime:0.001100s ]
INFO: [ view_template ] --START--
INFO: Run LocationTemplate Behavior [ RunTime:0.001121s ]
INFO: [ view_template ] --END-- [ RunTime:0.001296s ]
INFO: [ view_parse ] --START--
INFO: Run ParseTemplate Behavior [ RunTime:0.011809s ]
INFO: [ view_parse ] --END-- [ RunTime:0.011967s ]
INFO: [ view_filter ] --START--
INFO: Run ContentReplace Behavior [ RunTime:0.000692s ]
INFO: Run TokenBuild Behavior [ RunTime:0.000673s ]
INFO: Run WriteHtmlCache Behavior [ RunTime:0.000515s ]
INFO: Run ShowRuntime Behavior [ RunTime:0.000815s ]
INFO: [ view_filter ] --END-- [ RunTime:0.003087s ]
INFO: [ view_end ] --START--
INFO: Run ShowPageTrace Behavior [ RunTime:0.000994s ]
INFO: [ view_end ] --END-- [ RunTime:0.001128s ]
INFO: [ view_template ] --START--
INFO: Run LocationTemplate Behavior [ RunTime:0.000358s ]
INFO: [ view_template ] --END-- [ RunTime:-0.016693s ]
INFO: [ view_parse ] --START--
INFO: Run ParseTemplate Behavior [ RunTime:0.002085s ]
INFO: [ view_parse ] --END-- [ RunTime:-0.005129s ]
INFO: [ view_filter ] --START--
INFO: Run ContentReplace Behavior [ RunTime:0.000055s ]
INFO: Run TokenBuild Behavior [ RunTime:0.000051s ]
INFO: Run WriteHtmlCache Behavior [ RunTime:0.000012s ]
INFO: Run ShowRuntime Behavior [ RunTime:0.000080s ]
INFO: [ view_filter ] --END-- [ RunTime:-0.004144s ]
INFO: [ view_end ] --START--
INFO: Run ShowPageTrace Behavior [ RunTime:0.000042s ]
INFO: [ view_end ] --END-- [ RunTime:-0.003263s ]

[ 2013-08-28T16:30:36+08:00 ] 0.0.0.0 /papawithme/index.php/Meet/browse/type/1
INFO: [ route_check ] --START--
INFO: Run CheckRoute Behavior [ RunTime:0.000696s ]
INFO: [ route_check ] --END-- [ RunTime:0.000805s ]
INFO: [ app_begin ] --START--
INFO: Run ReadHtmlCache Behavior [ RunTime:0.000607s ]
INFO: [ app_begin ] --END-- [ RunTime:0.000698s ]
SQL: SHOW COLUMNS FROM `think_meeting` [ RunTime:0.008407s ]
SQL: SELECT * FROM `think_meeting` WHERE ( `type` = 1 )  [ RunTime:0.001000s ]
INFO: [ view_template ] --START--
INFO: Run LocationTemplate Behavior [ RunTime:0.002049s ]
INFO: [ view_template ] --END-- [ RunTime:0.002344s ]
INFO: [ view_parse ] --START--
INFO: Run ParseTemplate Behavior [ RunTime:0.015283s ]
INFO: [ view_parse ] --END-- [ RunTime:0.015507s ]
INFO: [ view_filter ] --START--
INFO: Run ContentReplace Behavior [ RunTime:0.000881s ]
INFO: Run TokenBuild Behavior [ RunTime:0.000921s ]
INFO: Run WriteHtmlCache Behavior [ RunTime:0.000754s ]
INFO: Run ShowRuntime Behavior [ RunTime:0.001092s ]
INFO: [ view_filter ] --END-- [ RunTime:0.004138s ]
INFO: [ view_end ] --START--
INFO: Run ShowPageTrace Behavior [ RunTime:0.001291s ]
INFO: [ view_end ] --END-- [ RunTime:0.001481s ]
INFO: [ view_template ] --START--
INFO: Run LocationTemplate Behavior [ RunTime:0.000540s ]
INFO: [ view_template ] --END-- [ RunTime:-0.021799s ]
INFO: [ view_parse ] --START--
INFO: Run ParseTemplate Behavior [ RunTime:0.004752s ]
INFO: [ view_parse ] --END-- [ RunTime:-0.006885s ]
INFO: [ view_filter ] --START--
INFO: Run ContentReplace Behavior [ RunTime:0.000140s ]
INFO: Run TokenBuild Behavior [ RunTime:0.000161s ]
INFO: Run WriteHtmlCache Behavior [ RunTime:0.000030s ]
INFO: Run ShowRuntime Behavior [ RunTime:0.000202s ]
INFO: [ view_filter ] --END-- [ RunTime:-0.007654s ]
INFO: [ view_end ] --START--
INFO: Run ShowPageTrace Behavior [ RunTime:0.000107s ]
INFO: [ view_end ] --END-- [ RunTime:-0.007043s ]

[ 2013-08-28T16:30:40+08:00 ] 0.0.0.0 /papawithme/index.php/Meet/browse/type/2
INFO: [ route_check ] --START--
INFO: Run CheckRoute Behavior [ RunTime:0.000931s ]
INFO: [ route_check ] --END-- [ RunTime:0.001095s ]
INFO: [ app_begin ] --START--
INFO: Run ReadHtmlCache Behavior [ RunTime:0.000607s ]
INFO: [ app_begin ] --END-- [ RunTime:0.000706s ]
SQL: SHOW COLUMNS FROM `think_meeting` [ RunTime:0.008086s ]
SQL: SELECT * FROM `think_meeting` WHERE ( `type` = 2 )  [ RunTime:0.000958s ]
INFO: [ view_template ] --START--
INFO: Run LocationTemplate Behavior [ RunTime:0.002020s ]
INFO: [ view_template ] --END-- [ RunTime:0.002300s ]
INFO: [ view_parse ] --START--
INFO: Run ParseTemplate Behavior [ RunTime:0.015161s ]
INFO: [ view_parse ] --END-- [ RunTime:0.015428s ]
INFO: [ view_filter ] --START--
INFO: Run ContentReplace Behavior [ RunTime:0.000909s ]
INFO: Run TokenBuild Behavior [ RunTime:0.000919s ]
INFO: Run WriteHtmlCache Behavior [ RunTime:0.000732s ]
INFO: Run ShowRuntime Behavior [ RunTime:0.001071s ]
INFO: [ view_filter ] --END-- [ RunTime:0.004089s ]
INFO: [ view_end ] --START--
INFO: Run ShowPageTrace Behavior [ RunTime:0.001323s ]
INFO: [ view_end ] --END-- [ RunTime:0.001478s ]
INFO: [ view_template ] --START--
INFO: Run LocationTemplate Behavior [ RunTime:0.000488s ]
INFO: [ view_template ] --END-- [ RunTime:-0.021687s ]
INFO: [ view_parse ] --START--
INFO: Run ParseTemplate Behavior [ RunTime:0.004822s ]
INFO: [ view_parse ] --END-- [ RunTime:-0.006792s ]
INFO: [ view_filter ] --START--
INFO: Run ContentReplace Behavior [ RunTime:0.000141s ]
INFO: Run TokenBuild Behavior [ RunTime:0.000133s ]
INFO: Run WriteHtmlCache Behavior [ RunTime:0.000029s ]
INFO: Run ShowRuntime Behavior [ RunTime:0.000206s ]
INFO: [ view_filter ] --END-- [ RunTime:-0.007692s ]
INFO: [ view_end ] --START--
INFO: Run ShowPageTrace Behavior [ RunTime:0.000108s ]
INFO: [ view_end ] --END-- [ RunTime:-0.007060s ]

[ 2013-08-28T16:30:44+08:00 ] 0.0.0.0 /papawithme/index.php/Meet/browse/type/3
INFO: [ route_check ] --START--
INFO: Run CheckRoute Behavior [ RunTime:0.000794s ]
INFO: [ route_check ] --END-- [ RunTime:0.000898s ]
INFO: [ app_begin ] --START--
INFO: Run ReadHtmlCache Behavior [ RunTime:0.000587s ]
INFO: [ app_begin ] --END-- [ RunTime:0.000679s ]
SQL: SHOW COLUMNS FROM `think_meeting` [ RunTime:0.005878s ]
SQL: SELECT * FROM `think_meeting` WHERE ( `type` = 3 )  [ RunTime:0.000708s ]
INFO: [ view_template ] --START--
INFO: Run LocationTemplate Behavior [ RunTime:0.001509s ]
INFO: [ view_template ] --END-- [ RunTime:0.001713s ]
INFO: [ view_parse ] --START--
INFO: Run ParseTemplate Behavior [ RunTime:0.013665s ]
INFO: [ view_parse ] --END-- [ RunTime:0.013904s ]
INFO: [ view_filter ] --START--
INFO: Run ContentReplace Behavior [ RunTime:0.000999s ]
INFO: Run TokenBuild Behavior [ RunTime:0.001047s ]
INFO: Run WriteHtmlCache Behavior [ RunTime:0.000811s ]
INFO: Run ShowRuntime Behavior [ RunTime:0.001254s ]
INFO: [ view_filter ] --END-- [ RunTime:0.004681s ]
INFO: [ view_end ] --START--
INFO: Run ShowPageTrace Behavior [ RunTime:0.001477s ]
INFO: [ view_end ] --END-- [ RunTime:0.001660s ]
INFO: [ view_template ] --START--
INFO: Run LocationTemplate Behavior [ RunTime:0.000589s ]
INFO: [ view_template ] --END-- [ RunTime:-0.020964s ]
INFO: [ view_parse ] --START--
INFO: Run ParseTemplate Behavior [ RunTime:0.002953s ]
INFO: [ view_parse ] --END-- [ RunTime:-0.007697s ]
INFO: [ view_filter ] --START--
INFO: Run ContentReplace Behavior [ RunTime:0.000087s ]
INFO: Run TokenBuild Behavior [ RunTime:0.000083s ]
INFO: Run WriteHtmlCache Behavior [ RunTime:0.000018s ]
INFO: Run ShowRuntime Behavior [ RunTime:0.000125s ]
INFO: [ view_filter ] --END-- [ RunTime:-0.005968s ]
INFO: [ view_end ] --START--
INFO: Run ShowPageTrace Behavior [ RunTime:0.000066s ]
INFO: [ view_end ] --END-- [ RunTime:-0.004731s ]

[ 2013-08-28T16:30:48+08:00 ] 0.0.0.0 /papawithme/index.php/Meet/browse/type/2
INFO: [ route_check ] --START--
INFO: Run CheckRoute Behavior [ RunTime:0.000820s ]
INFO: [ route_check ] --END-- [ RunTime:0.000923s ]
INFO: [ app_begin ] --START--
INFO: Run ReadHtmlCache Behavior [ RunTime:0.000633s ]
INFO: [ app_begin ] --END-- [ RunTime:0.000724s ]
SQL: SHOW COLUMNS FROM `think_meeting` [ RunTime:0.004901s ]
SQL: SELECT * FROM `think_meeting` WHERE ( `type` = 2 )  [ RunTime:0.000533s ]
INFO: [ view_template ] --START--
INFO: Run LocationTemplate Behavior [ RunTime:0.001296s ]
INFO: [ view_template ] --END-- [ RunTime:0.001485s ]
INFO: [ view_parse ] --START--
INFO: Run ParseTemplate Behavior [ RunTime:0.011569s ]
INFO: [ view_parse ] --END-- [ RunTime:0.011752s ]
INFO: [ view_filter ] --START--
INFO: Run ContentReplace Behavior [ RunTime:0.000821s ]
INFO: Run TokenBuild Behavior [ RunTime:0.000879s ]
INFO: Run WriteHtmlCache Behavior [ RunTime:0.000670s ]
INFO: Run ShowRuntime Behavior [ RunTime:0.001004s ]
INFO: [ view_filter ] --END-- [ RunTime:0.003833s ]
INFO: [ view_end ] --START--
INFO: Run ShowPageTrace Behavior [ RunTime:0.001174s ]
INFO: [ view_end ] --END-- [ RunTime:0.001329s ]
INFO: [ view_template ] --START--
INFO: Run LocationTemplate Behavior [ RunTime:0.000496s ]
INFO: [ view_template ] --END-- [ RunTime:-0.017495s ]
INFO: [ view_parse ] --START--
INFO: Run ParseTemplate Behavior [ RunTime:0.004855s ]
INFO: [ view_parse ] --END-- [ RunTime:-0.006382s ]
INFO: [ view_filter ] --START--
INFO: Run ContentReplace Behavior [ RunTime:0.000150s ]
INFO: Run TokenBuild Behavior [ RunTime:0.000148s ]
INFO: Run WriteHtmlCache Behavior [ RunTime:0.000029s ]
INFO: Run ShowRuntime Behavior [ RunTime:0.000201s ]
INFO: [ view_filter ] --END-- [ RunTime:-0.007561s ]
INFO: [ view_end ] --START--
INFO: Run ShowPageTrace Behavior [ RunTime:0.000122s ]
INFO: [ view_end ] --END-- [ RunTime:-0.007148s ]

[ 2013-08-28T16:35:46+08:00 ] 0.0.0.0 /papawithme/index.php/Home/profile
INFO: [ route_check ] --START--
INFO: Run CheckRoute Behavior [ RunTime:0.000860s ]
INFO: [ route_check ] --END-- [ RunTime:0.000974s ]
INFO: [ app_begin ] --START--
INFO: Run ReadHtmlCache Behavior [ RunTime:0.000593s ]
INFO: [ app_begin ] --END-- [ RunTime:0.000686s ]
SQL: SHOW COLUMNS FROM `think_user_profile` [ RunTime:0.071762s ]
SQL: SELECT * FROM `think_user_profile` WHERE ( `user_name` = 'xudanyun' )  [ RunTime:0.000744s ]
INFO: [ view_template ] --START--
INFO: Run LocationTemplate Behavior [ RunTime:0.001643s ]
INFO: [ view_template ] --END-- [ RunTime:0.001863s ]
INFO: [ view_parse ] --START--
INFO: Run ParseTemplate Behavior [ RunTime:0.015655s ]
INFO: [ view_parse ] --END-- [ RunTime:0.015910s ]
INFO: [ view_filter ] --START--
INFO: Run ContentReplace Behavior [ RunTime:0.001153s ]
INFO: Run TokenBuild Behavior [ RunTime:0.001214s ]
INFO: Run WriteHtmlCache Behavior [ RunTime:0.000992s ]
INFO: Run ShowRuntime Behavior [ RunTime:0.001400s ]
INFO: [ view_filter ] --END-- [ RunTime:0.005297s ]
INFO: [ view_end ] --START--
INFO: Run ShowPageTrace Behavior [ RunTime:0.001441s ]
INFO: [ view_end ] --END-- [ RunTime:0.001627s ]
INFO: [ view_template ] --START--
INFO: Run LocationTemplate Behavior [ RunTime:0.000486s ]
INFO: [ view_template ] --END-- [ RunTime:-0.023539s ]
INFO: [ view_parse ] --START--
INFO: Run ParseTemplate Behavior [ RunTime:0.005521s ]
INFO: [ view_parse ] --END-- [ RunTime:-0.008289s ]
INFO: [ view_filter ] --START--
INFO: Run ContentReplace Behavior [ RunTime:0.000172s ]
INFO: Run TokenBuild Behavior [ RunTime:0.000158s ]
INFO: Run WriteHtmlCache Behavior [ RunTime:0.000036s ]
INFO: Run ShowRuntime Behavior [ RunTime:0.000243s ]
INFO: [ view_filter ] --END-- [ RunTime:-0.008690s ]
INFO: [ view_end ] --START--
INFO: Run ShowPageTrace Behavior [ RunTime:0.000128s ]
INFO: [ view_end ] --END-- [ RunTime:-0.008181s ]

[ 2013-08-28T16:35:48+08:00 ] 0.0.0.0 /papawithme/index.php/Home
INFO: [ route_check ] --START--
INFO: Run CheckRoute Behavior [ RunTime:0.000795s ]
INFO: [ route_check ] --END-- [ RunTime:0.000901s ]
INFO: [ app_begin ] --START--
INFO: Run ReadHtmlCache Behavior [ RunTime:0.000617s ]
INFO: [ app_begin ] --END-- [ RunTime:0.000707s ]
INFO: [ view_template ] --START--
INFO: Run LocationTemplate Behavior [ RunTime:0.000658s ]
INFO: [ view_template ] --END-- [ RunTime:0.000769s ]
INFO: [ view_parse ] --START--
INFO: Run ParseTemplate Behavior [ RunTime:0.007666s ]
INFO: [ view_parse ] --END-- [ RunTime:0.007763s ]
INFO: [ view_filter ] --START--
INFO: Run ContentReplace Behavior [ RunTime:0.000516s ]
INFO: Run TokenBuild Behavior [ RunTime:0.000505s ]
INFO: Run WriteHtmlCache Behavior [ RunTime:0.000417s ]
INFO: Run ShowRuntime Behavior [ RunTime:0.000592s ]
INFO: [ view_filter ] --END-- [ RunTime:0.002336s ]
INFO: [ view_end ] --START--
INFO: Run ShowPageTrace Behavior [ RunTime:0.000744s ]
INFO: [ view_end ] --END-- [ RunTime:0.000832s ]
INFO: [ view_template ] --START--
INFO: Run LocationTemplate Behavior [ RunTime:0.000184s ]
INFO: [ view_template ] --END-- [ RunTime:-0.011267s ]
INFO: [ view_parse ] --START--
INFO: Run ParseTemplate Behavior [ RunTime:0.002483s ]
INFO: [ view_parse ] --END-- [ RunTime:-0.003758s ]
INFO: [ view_filter ] --START--
INFO: Run ContentReplace Behavior [ RunTime:0.000078s ]
INFO: Run TokenBuild Behavior [ RunTime:0.000072s ]
INFO: Run WriteHtmlCache Behavior [ RunTime:0.000016s ]
INFO: Run ShowRuntime Behavior [ RunTime:0.000109s ]
INFO: [ view_filter ] --END-- [ RunTime:-0.004003s ]
INFO: [ view_end ] --START--
INFO: Run ShowPageTrace Behavior [ RunTime:0.000060s ]
INFO: [ view_end ] --END-- [ RunTime:-0.003647s ]

[ 2013-08-28T16:35:54+08:00 ] 0.0.0.0 /papawithme/index.php/Home/profile
INFO: [ route_check ] --START--
INFO: Run CheckRoute Behavior [ RunTime:0.000780s ]
INFO: [ route_check ] --END-- [ RunTime:0.000890s ]
INFO: [ app_begin ] --START--
INFO: Run ReadHtmlCache Behavior [ RunTime:0.000618s ]
INFO: [ app_begin ] --END-- [ RunTime:0.000709s ]
SQL: SHOW COLUMNS FROM `think_user_profile` [ RunTime:0.008356s ]
SQL: SELECT * FROM `think_user_profile` WHERE ( `user_name` = 'xudanyun' )  [ RunTime:0.000975s ]
INFO: [ view_template ] --START--
INFO: Run LocationTemplate Behavior [ RunTime:0.001881s ]
INFO: [ view_template ] --END-- [ RunTime:0.002264s ]
INFO: [ view_parse ] --START--
INFO: Run ParseTemplate Behavior [ RunTime:0.015042s ]
INFO: [ view_parse ] --END-- [ RunTime:0.015288s ]
INFO: [ view_filter ] --START--
INFO: Run ContentReplace Behavior [ RunTime:0.000813s ]
INFO: Run TokenBuild Behavior [ RunTime:0.000913s ]
INFO: Run WriteHtmlCache Behavior [ RunTime:0.000738s ]
INFO: Run ShowRuntime Behavior [ RunTime:0.001099s ]
INFO: [ view_filter ] --END-- [ RunTime:0.004056s ]
INFO: [ view_end ] --START--
INFO: Run ShowPageTrace Behavior [ RunTime:0.001253s ]
INFO: [ view_end ] --END-- [ RunTime:0.001411s ]
INFO: [ view_template ] --START--
INFO: Run LocationTemplate Behavior [ RunTime:0.000325s ]
INFO: [ view_template ] --END-- [ RunTime:-0.021478s ]
INFO: [ view_parse ] --START--
INFO: Run ParseTemplate Behavior [ RunTime:0.004525s ]
INFO: [ view_parse ] --END-- [ RunTime:-0.006563s ]
INFO: [ view_filter ] --START--
INFO: Run ContentReplace Behavior [ RunTime:0.000141s ]
INFO: Run TokenBuild Behavior [ RunTime:0.000132s ]
INFO: Run WriteHtmlCache Behavior [ RunTime:0.000029s ]
INFO: Run ShowRuntime Behavior [ RunTime:0.000201s ]
INFO: [ view_filter ] --END-- [ RunTime:-0.007144s ]
INFO: [ view_end ] --START--
INFO: Run ShowPageTrace Behavior [ RunTime:0.000108s ]
INFO: [ view_end ] --END-- [ RunTime:-0.006582s ]

[ 2013-08-28T16:35:59+08:00 ] 0.0.0.0 /papawithme/index.php/Home/editProfile
INFO: [ route_check ] --START--
INFO: Run CheckRoute Behavior [ RunTime:0.000754s ]
INFO: [ route_check ] --END-- [ RunTime:0.000860s ]
INFO: [ app_begin ] --START--
INFO: Run ReadHtmlCache Behavior [ RunTime:0.000539s ]
INFO: [ app_begin ] --END-- [ RunTime:0.000626s ]
NOTIC: 建议使用I方法替代_server
SQL: SHOW COLUMNS FROM `think_user_profile` [ RunTime:0.008513s ]
SQL: SELECT * FROM `think_user_profile` WHERE ( `user_name` = 'xudanyun' )  [ RunTime:0.000817s ]
INFO: [ view_template ] --START--
INFO: Run LocationTemplate Behavior [ RunTime:0.001877s ]
INFO: [ view_template ] --END-- [ RunTime:0.002155s ]
INFO: [ view_parse ] --START--
INFO: Run ParseTemplate Behavior [ RunTime:0.027738s ]
INFO: [ view_parse ] --END-- [ RunTime:0.027985s ]
INFO: [ view_filter ] --START--
INFO: Run ContentReplace Behavior [ RunTime:0.000651s ]
INFO: Run TokenBuild Behavior [ RunTime:0.000523s ]
INFO: Run WriteHtmlCache Behavior [ RunTime:0.000451s ]
INFO: Run ShowRuntime Behavior [ RunTime:0.000745s ]
INFO: [ view_filter ] --END-- [ RunTime:0.002651s ]
INFO: [ view_end ] --START--
INFO: Run ShowPageTrace Behavior [ RunTime:0.000801s ]
INFO: [ view_end ] --END-- [ RunTime:0.000900s ]
INFO: [ view_template ] --START--
INFO: Run LocationTemplate Behavior [ RunTime:0.000202s ]
INFO: [ view_template ] --END-- [ RunTime:-0.032062s ]
INFO: [ view_parse ] --START--
INFO: Run ParseTemplate Behavior [ RunTime:0.002800s ]
INFO: [ view_parse ] --END-- [ RunTime:-0.004217s ]
INFO: [ view_filter ] --START--
INFO: Run ContentReplace Behavior [ RunTime:0.000086s ]
INFO: Run TokenBuild Behavior [ RunTime:0.000083s ]
INFO: Run WriteHtmlCache Behavior [ RunTime:0.000018s ]
INFO: Run ShowRuntime Behavior [ RunTime:0.000126s ]
INFO: [ view_filter ] --END-- [ RunTime:-0.004452s ]
INFO: [ view_end ] --START--
INFO: Run ShowPageTrace Behavior [ RunTime:0.000067s ]
INFO: [ view_end ] --END-- [ RunTime:-0.004066s ]

[ 2013-08-28T16:38:34+08:00 ] 0.0.0.0 /papawithme/index.php/Home/profile
INFO: [ route_check ] --START--
INFO: Run CheckRoute Behavior [ RunTime:0.002413s ]
INFO: [ route_check ] --END-- [ RunTime:0.002676s ]
INFO: [ app_begin ] --START--
INFO: Run ReadHtmlCache Behavior [ RunTime:0.000931s ]
INFO: [ app_begin ] --END-- [ RunTime:0.001061s ]
SQL: SHOW COLUMNS FROM `think_user_profile` [ RunTime:0.008710s ]
SQL: SELECT * FROM `think_user_profile` WHERE ( `user_name` = 'xudanyun' )  [ RunTime:0.001020s ]
INFO: [ view_template ] --START--
INFO: Run LocationTemplate Behavior [ RunTime:0.002257s ]
INFO: [ view_template ] --END-- [ RunTime:0.002541s ]
INFO: [ view_parse ] --START--
INFO: Run ParseTemplate Behavior [ RunTime:0.021200s ]
INFO: [ view_parse ] --END-- [ RunTime:0.021561s ]
INFO: [ view_filter ] --START--
INFO: Run ContentReplace Behavior [ RunTime:0.001588s ]
INFO: Run TokenBuild Behavior [ RunTime:0.001597s ]
INFO: Run WriteHtmlCache Behavior [ RunTime:0.000610s ]
INFO: Run ShowRuntime Behavior [ RunTime:0.000778s ]
INFO: [ view_filter ] --END-- [ RunTime:0.005037s ]
INFO: [ view_end ] --START--
INFO: Run ShowPageTrace Behavior [ RunTime:0.000902s ]
INFO: [ view_end ] --END-- [ RunTime:0.001031s ]
INFO: [ view_template ] --START--
INFO: Run LocationTemplate Behavior [ RunTime:0.000288s ]
INFO: [ view_template ] --END-- [ RunTime:-0.028279s ]
INFO: [ view_parse ] --START--
INFO: Run ParseTemplate Behavior [ RunTime:0.003268s ]
INFO: [ view_parse ] --END-- [ RunTime:-0.006975s ]
INFO: [ view_filter ] --START--
INFO: Run ContentReplace Behavior [ RunTime:0.000102s ]
INFO: Run TokenBuild Behavior [ RunTime:0.000093s ]
INFO: Run WriteHtmlCache Behavior [ RunTime:0.000020s ]
INFO: Run ShowRuntime Behavior [ RunTime:0.000139s ]
INFO: [ view_filter ] --END-- [ RunTime:-0.005206s ]
INFO: [ view_end ] --START--
INFO: Run ShowPageTrace Behavior [ RunTime:0.000074s ]
INFO: [ view_end ] --END-- [ RunTime:-0.004759s ]

[ 2013-08-28T16:40:38+08:00 ] 0.0.0.0 /papawithme/index.php/Home
INFO: [ route_check ] --START--
INFO: Run CheckRoute Behavior [ RunTime:0.000922s ]
INFO: [ route_check ] --END-- [ RunTime:0.001035s ]
INFO: [ app_begin ] --START--
INFO: Run ReadHtmlCache Behavior [ RunTime:0.000680s ]
INFO: [ app_begin ] --END-- [ RunTime:0.000800s ]
INFO: [ view_template ] --START--
INFO: Run LocationTemplate Behavior [ RunTime:0.000801s ]
INFO: [ view_template ] --END-- [ RunTime:0.000904s ]
INFO: [ view_parse ] --START--
INFO: Run ParseTemplate Behavior [ RunTime:0.008023s ]
INFO: [ view_parse ] --END-- [ RunTime:0.008125s ]
INFO: [ view_filter ] --START--
INFO: Run ContentReplace Behavior [ RunTime:0.000583s ]
INFO: Run TokenBuild Behavior [ RunTime:0.000590s ]
INFO: Run WriteHtmlCache Behavior [ RunTime:0.000472s ]
INFO: Run ShowRuntime Behavior [ RunTime:0.000666s ]
INFO: [ view_filter ] --END-- [ RunTime:0.002563s ]
INFO: [ view_end ] --START--
INFO: Run ShowPageTrace Behavior [ RunTime:0.000699s ]
INFO: [ view_end ] --END-- [ RunTime:0.000789s ]
INFO: [ view_template ] --START--
INFO: Run LocationTemplate Behavior [ RunTime:0.000250s ]
INFO: [ view_template ] --END-- [ RunTime:-0.011803s ]
INFO: [ view_parse ] --START--
INFO: Run ParseTemplate Behavior [ RunTime:0.002578s ]
INFO: [ view_parse ] --END-- [ RunTime:-0.004000s ]
INFO: [ view_filter ] --START--
INFO: Run ContentReplace Behavior [ RunTime:0.000076s ]
INFO: Run TokenBuild Behavior [ RunTime:0.000073s ]
INFO: Run WriteHtmlCache Behavior [ RunTime:0.000015s ]
INFO: Run ShowRuntime Behavior [ RunTime:0.000111s ]
INFO: [ view_filter ] --END-- [ RunTime:-0.004100s ]
INFO: [ view_end ] --START--
INFO: Run ShowPageTrace Behavior [ RunTime:0.000059s ]
INFO: [ view_end ] --END-- [ RunTime:-0.003767s ]

