[ 2013-07-02T16:31:21+08:00 ] 127.0.0.1 /papawithme/
INFO: [ app_begin ] --START--
INFO: Run ReadHtmlCache Behavior [ RunTime:0.036947s ]
INFO: [ app_begin ] --END-- [ RunTime:0.098230s ]
INFO: [ view_template ] --START--
INFO: Run LocationTemplate Behavior [ RunTime:0.044349s ]
INFO: [ view_template ] --END-- [ RunTime:0.044623s ]
INFO: [ view_parse ] --START--
INFO: Run ParseTemplate Behavior [ RunTime:0.209091s ]
INFO: [ view_parse ] --END-- [ RunTime:0.209383s ]
INFO: [ view_filter ] --START--
INFO: Run ContentReplace Behavior [ RunTime:0.001740s ]
INFO: Run TokenBuild Behavior [ RunTime:0.004345s ]
INFO: Run WriteHtmlCache Behavior [ RunTime:0.006281s ]
INFO: Run ShowRuntime Behavior [ RunTime:0.001571s ]
INFO: [ view_filter ] --END-- [ RunTime:0.014334s ]
INFO: [ view_end ] --START--
INFO: Run ShowPageTrace Behavior [ RunTime:0.001757s ]
INFO: [ view_end ] --END-- [ RunTime:0.001896s ]

[ 2013-07-02T18:32:32+08:00 ] 127.0.0.1 /papawithme/
INFO: [ app_begin ] --START--
INFO: Run ReadHtmlCache Behavior [ RunTime:0.000774s ]
INFO: [ app_begin ] --END-- [ RunTime:0.000872s ]
INFO: [ view_template ] --START--
INFO: Run LocationTemplate Behavior [ RunTime:0.000839s ]
INFO: [ view_template ] --END-- [ RunTime:0.000959s ]
INFO: [ view_parse ] --START--
INFO: Run ParseTemplate Behavior [ RunTime:0.008227s ]
INFO: [ view_parse ] --END-- [ RunTime:0.008339s ]
INFO: [ view_filter ] --START--
INFO: Run ContentReplace Behavior [ RunTime:0.000478s ]
INFO: Run TokenBuild Behavior [ RunTime:0.000504s ]
INFO: Run WriteHtmlCache Behavior [ RunTime:0.000354s ]
INFO: Run ShowRuntime Behavior [ RunTime:0.000534s ]
INFO: [ view_filter ] --END-- [ RunTime:0.002077s ]
INFO: [ view_end ] --START--
INFO: Run ShowPageTrace Behavior [ RunTime:0.000637s ]
INFO: [ view_end ] --END-- [ RunTime:0.000734s ]

[ 2013-07-02T19:43:28+08:00 ] 127.0.0.1 /papawithme/
INFO: [ app_begin ] --START--
INFO: Run ReadHtmlCache Behavior [ RunTime:0.000827s ]
INFO: [ app_begin ] --END-- [ RunTime:0.000946s ]
INFO: [ view_template ] --START--
INFO: Run LocationTemplate Behavior [ RunTime:0.000752s ]
INFO: [ view_template ] --END-- [ RunTime:0.000878s ]
INFO: [ view_parse ] --START--
INFO: Run ParseTemplate Behavior [ RunTime:0.009058s ]
INFO: [ view_parse ] --END-- [ RunTime:0.009184s ]
INFO: [ view_filter ] --START--
INFO: Run ContentReplace Behavior [ RunTime:0.000674s ]
INFO: Run TokenBuild Behavior [ RunTime:0.000482s ]
INFO: Run WriteHtmlCache Behavior [ RunTime:0.000374s ]
INFO: Run ShowRuntime Behavior [ RunTime:0.000753s ]
INFO: [ view_filter ] --END-- [ RunTime:0.002590s ]
INFO: [ view_end ] --START--
INFO: Run ShowPageTrace Behavior [ RunTime:0.000622s ]
INFO: [ view_end ] --END-- [ RunTime:0.000714s ]

