[ 2013-08-15T08:42:54+08:00 ] 0.0.0.0 /papawithme/
INFO: [ app_begin ] --START--
INFO: Run ReadHtmlCache Behavior [ RunTime:0.015130s ]
INFO: [ app_begin ] --END-- [ RunTime:0.025077s ]
INFO: [ view_template ] --START--
INFO: Run LocationTemplate Behavior [ RunTime:0.002770s ]
INFO: [ view_template ] --END-- [ RunTime:0.003038s ]
INFO: [ view_parse ] --START--
INFO: Run ParseTemplate Behavior [ RunTime:0.088815s ]
INFO: [ view_parse ] --END-- [ RunTime:0.089075s ]
INFO: [ view_filter ] --START--
INFO: Run ContentReplace Behavior [ RunTime:0.001801s ]
INFO: Run TokenBuild Behavior [ RunTime:0.001701s ]
INFO: Run WriteHtmlCache Behavior [ RunTime:0.001451s ]
INFO: Run ShowRuntime Behavior [ RunTime:0.009675s ]
INFO: [ view_filter ] --END-- [ RunTime:0.015271s ]
INFO: [ view_end ] --START--
INFO: Run ShowPageTrace Behavior [ RunTime:0.010940s ]
INFO: [ view_end ] --END-- [ RunTime:0.011170s ]

[ 2013-08-15T08:43:00+08:00 ] 0.0.0.0 /papawithme/index.php/Index/Login
INFO: [ route_check ] --START--
INFO: Run CheckRoute Behavior [ RunTime:0.016565s ]
INFO: [ route_check ] --END-- [ RunTime:0.016735s ]
INFO: [ app_begin ] --START--
INFO: Run ReadHtmlCache Behavior [ RunTime:0.000957s ]
INFO: [ app_begin ] --END-- [ RunTime:0.001076s ]
SQL: SHOW COLUMNS FROM `think_user` [ RunTime:0.174350s ]
NOTIC: 建议使用I方法替代_param
NOTIC: 建议使用I方法替代_param
SQL: SELECT * FROM `think_user` WHERE ( `user_email` = 'root@papawith.me' ) AND ( `user_psd` = 'papawithme~' )  [ RunTime:0.001332s ]

[ 2013-08-15T08:43:00+08:00 ] 0.0.0.0 /papawithme/index.php/Home
INFO: [ route_check ] --START--
INFO: Run CheckRoute Behavior [ RunTime:0.000868s ]
INFO: [ route_check ] --END-- [ RunTime:0.000994s ]
INFO: [ app_begin ] --START--
INFO: Run ReadHtmlCache Behavior [ RunTime:0.000660s ]
INFO: [ app_begin ] --END-- [ RunTime:0.000764s ]
INFO: [ view_template ] --START--
INFO: Run LocationTemplate Behavior [ RunTime:0.077112s ]
INFO: [ view_template ] --END-- [ RunTime:0.077358s ]
INFO: [ view_parse ] --START--
INFO: Run ParseTemplate Behavior [ RunTime:0.151902s ]
INFO: [ view_parse ] --END-- [ RunTime:0.152247s ]
INFO: [ view_filter ] --START--
INFO: Run ContentReplace Behavior [ RunTime:0.001514s ]
INFO: Run TokenBuild Behavior [ RunTime:0.001540s ]
INFO: Run WriteHtmlCache Behavior [ RunTime:0.001122s ]
INFO: Run ShowRuntime Behavior [ RunTime:0.001719s ]
INFO: [ view_filter ] --END-- [ RunTime:0.006641s ]
INFO: [ view_end ] --START--
INFO: Run ShowPageTrace Behavior [ RunTime:0.001864s ]
INFO: [ view_end ] --END-- [ RunTime:0.002123s ]
INFO: [ view_template ] --START--
INFO: Run LocationTemplate Behavior [ RunTime:0.000859s ]
INFO: [ view_template ] --END-- [ RunTime:-0.162008s ]
INFO: [ view_parse ] --START--
INFO: Run ParseTemplate Behavior [ RunTime:0.066567s ]
INFO: [ view_parse ] --END-- [ RunTime:-0.010834s ]
INFO: [ view_filter ] --START--
INFO: Run ContentReplace Behavior [ RunTime:0.000264s ]
INFO: Run TokenBuild Behavior [ RunTime:0.000217s ]
INFO: Run WriteHtmlCache Behavior [ RunTime:0.000048s ]
INFO: Run ShowRuntime Behavior [ RunTime:0.000338s ]
INFO: [ view_filter ] --END-- [ RunTime:-0.071031s ]
INFO: [ view_end ] --START--
INFO: Run ShowPageTrace Behavior [ RunTime:0.000172s ]
INFO: [ view_end ] --END-- [ RunTime:-0.070315s ]

[ 2013-08-15T08:43:17+08:00 ] 0.0.0.0 /papawithme/index.php/Home
INFO: [ route_check ] --START--
INFO: Run CheckRoute Behavior [ RunTime:0.000870s ]
INFO: [ route_check ] --END-- [ RunTime:0.000973s ]
INFO: [ app_begin ] --START--
INFO: Run ReadHtmlCache Behavior [ RunTime:0.000608s ]
INFO: [ app_begin ] --END-- [ RunTime:0.000697s ]
INFO: [ view_template ] --START--
INFO: Run LocationTemplate Behavior [ RunTime:0.000727s ]
INFO: [ view_template ] --END-- [ RunTime:0.000822s ]
INFO: [ view_parse ] --START--
INFO: Run ParseTemplate Behavior [ RunTime:0.007659s ]
INFO: [ view_parse ] --END-- [ RunTime:0.007762s ]
INFO: [ view_filter ] --START--
INFO: Run ContentReplace Behavior [ RunTime:0.000582s ]
INFO: Run TokenBuild Behavior [ RunTime:0.000597s ]
INFO: Run WriteHtmlCache Behavior [ RunTime:0.000483s ]
INFO: Run ShowRuntime Behavior [ RunTime:0.000626s ]
INFO: [ view_filter ] --END-- [ RunTime:0.002536s ]
INFO: [ view_end ] --START--
INFO: Run ShowPageTrace Behavior [ RunTime:0.000718s ]
INFO: [ view_end ] --END-- [ RunTime:0.000803s ]
INFO: [ view_template ] --START--
INFO: Run LocationTemplate Behavior [ RunTime:0.000240s ]
INFO: [ view_template ] --END-- [ RunTime:-0.011413s ]
INFO: [ view_parse ] --START--
INFO: Run ParseTemplate Behavior [ RunTime:0.002365s ]
INFO: [ view_parse ] --END-- [ RunTime:-0.003963s ]
INFO: [ view_filter ] --START--
INFO: Run ContentReplace Behavior [ RunTime:0.000077s ]
INFO: Run TokenBuild Behavior [ RunTime:0.000071s ]
INFO: Run WriteHtmlCache Behavior [ RunTime:0.000015s ]
INFO: Run ShowRuntime Behavior [ RunTime:0.000108s ]
INFO: [ view_filter ] --END-- [ RunTime:-0.003878s ]
INFO: [ view_end ] --START--
INFO: Run ShowPageTrace Behavior [ RunTime:0.000057s ]
INFO: [ view_end ] --END-- [ RunTime:-0.003519s ]

[ 2013-08-15T08:44:13+08:00 ] 0.0.0.0 /papawithme/index.php/Meet/preCheckIn/pre_type/1
INFO: [ route_check ] --START--
INFO: Run CheckRoute Behavior [ RunTime:0.000931s ]
INFO: [ route_check ] --END-- [ RunTime:0.001039s ]
INFO: [ app_begin ] --START--
INFO: Run ReadHtmlCache Behavior [ RunTime:0.000692s ]
INFO: [ app_begin ] --END-- [ RunTime:0.000787s ]
SQL: SHOW COLUMNS FROM `think_user_profile` [ RunTime:0.081401s ]
SQL: SELECT * FROM `think_user_profile` WHERE ( `user_name` = 'root' )  [ RunTime:0.000889s ]
INFO: [ view_template ] --START--
INFO: Run LocationTemplate Behavior [ RunTime:0.012832s ]
INFO: [ view_template ] --END-- [ RunTime:0.013150s ]
INFO: [ view_parse ] --START--
INFO: Run ParseTemplate Behavior [ RunTime:0.037858s ]
INFO: [ view_parse ] --END-- [ RunTime:0.038157s ]
INFO: [ view_filter ] --START--
INFO: Run ContentReplace Behavior [ RunTime:0.001582s ]
INFO: Run TokenBuild Behavior [ RunTime:0.001992s ]
INFO: Run WriteHtmlCache Behavior [ RunTime:0.001283s ]
INFO: Run ShowRuntime Behavior [ RunTime:0.001788s ]
INFO: [ view_filter ] --END-- [ RunTime:0.007453s ]
INFO: [ view_end ] --START--
INFO: Run ShowPageTrace Behavior [ RunTime:0.002017s ]
INFO: [ view_end ] --END-- [ RunTime:0.002276s ]
INFO: [ view_template ] --START--
INFO: Run LocationTemplate Behavior [ RunTime:0.001123s ]
INFO: [ view_template ] --END-- [ RunTime:-0.048875s ]
INFO: [ view_parse ] --START--
INFO: Run ParseTemplate Behavior [ RunTime:0.017919s ]
INFO: [ view_parse ] --END-- [ RunTime:-0.012090s ]
INFO: [ view_filter ] --START--
INFO: Run ContentReplace Behavior [ RunTime:0.000237s ]
INFO: Run TokenBuild Behavior [ RunTime:0.000215s ]
INFO: Run WriteHtmlCache Behavior [ RunTime:0.000048s ]
INFO: Run ShowRuntime Behavior [ RunTime:0.000323s ]
INFO: [ view_filter ] --END-- [ RunTime:-0.022824s ]
INFO: [ view_end ] --START--
INFO: Run ShowPageTrace Behavior [ RunTime:0.000175s ]
INFO: [ view_end ] --END-- [ RunTime:-0.021909s ]

[ 2013-08-15T08:44:27+08:00 ] 0.0.0.0 /papawithme/index.php/Home/editProfile
INFO: [ route_check ] --START--
INFO: Run CheckRoute Behavior [ RunTime:0.000695s ]
INFO: [ route_check ] --END-- [ RunTime:0.000802s ]
INFO: [ app_begin ] --START--
INFO: Run ReadHtmlCache Behavior [ RunTime:0.000522s ]
INFO: [ app_begin ] --END-- [ RunTime:0.000610s ]
SQL: SHOW COLUMNS FROM `think_user_profile` [ RunTime:0.006482s ]
SQL: SELECT * FROM `think_user_profile` WHERE ( `user_name` = 'root' )  [ RunTime:0.000891s ]
INFO: [ view_template ] --START--
INFO: Run LocationTemplate Behavior [ RunTime:0.002047s ]
INFO: [ view_template ] --END-- [ RunTime:0.002333s ]
INFO: [ view_parse ] --START--
INFO: Run ParseTemplate Behavior [ RunTime:0.041353s ]
INFO: [ view_parse ] --END-- [ RunTime:0.041697s ]
INFO: [ view_filter ] --START--
INFO: Run ContentReplace Behavior [ RunTime:0.001568s ]
INFO: Run TokenBuild Behavior [ RunTime:0.001390s ]
INFO: Run WriteHtmlCache Behavior [ RunTime:0.001063s ]
INFO: Run ShowRuntime Behavior [ RunTime:0.001656s ]
INFO: [ view_filter ] --END-- [ RunTime:0.006431s ]
INFO: [ view_end ] --START--
INFO: Run ShowPageTrace Behavior [ RunTime:0.001517s ]
INFO: [ view_end ] --END-- [ RunTime:0.001713s ]
INFO: [ view_template ] --START--
INFO: Run LocationTemplate Behavior [ RunTime:0.000458s ]
INFO: [ view_template ] --END-- [ RunTime:-0.050686s ]
INFO: [ view_parse ] --START--
INFO: Run ParseTemplate Behavior [ RunTime:0.004543s ]
INFO: [ view_parse ] --END-- [ RunTime:-0.009503s ]
INFO: [ view_filter ] --START--
INFO: Run ContentReplace Behavior [ RunTime:0.000147s ]
INFO: Run TokenBuild Behavior [ RunTime:0.000130s ]
INFO: Run WriteHtmlCache Behavior [ RunTime:0.000029s ]
INFO: Run ShowRuntime Behavior [ RunTime:0.000198s ]
INFO: [ view_filter ] --END-- [ RunTime:-0.007705s ]
INFO: [ view_end ] --START--
INFO: Run ShowPageTrace Behavior [ RunTime:0.000106s ]
INFO: [ view_end ] --END-- [ RunTime:-0.006718s ]

[ 2013-08-15T08:44:38+08:00 ] 0.0.0.0 /papawithme/index.php/Home/calenderbg.gif
INFO: [ route_check ] --START--
INFO: Run CheckRoute Behavior [ RunTime:0.001951s ]
INFO: [ route_check ] --END-- [ RunTime:0.002188s ]
INFO: [ app_begin ] --START--
INFO: Run ReadHtmlCache Behavior [ RunTime:0.000961s ]
INFO: [ app_begin ] --END-- [ RunTime:0.001116s ]
ERR: 非法操作:calenderbg.gif

[ 2013-08-15T08:44:43+08:00 ] 0.0.0.0 /papawithme/index.php/Home/updateProfile
INFO: [ route_check ] --START--
INFO: Run CheckRoute Behavior [ RunTime:0.000777s ]
INFO: [ route_check ] --END-- [ RunTime:0.000890s ]
INFO: [ app_begin ] --START--
INFO: Run ReadHtmlCache Behavior [ RunTime:0.000606s ]
INFO: [ app_begin ] --END-- [ RunTime:0.000699s ]
SQL: SHOW COLUMNS FROM `think_user_profile` [ RunTime:0.006791s ]
NOTIC: 建议使用I方法替代_param
NOTIC: 建议使用I方法替代_param
NOTIC: 建议使用I方法替代_param
NOTIC: 建议使用I方法替代_param
NOTIC: 建议使用I方法替代_param
NOTIC: 建议使用I方法替代_param
NOTIC: 建议使用I方法替代_param
NOTIC: 建议使用I方法替代_param
NOTIC: 建议使用I方法替代_param
SQL: INSERT INTO `think_user_profile` (`profile_head`,`profile_name`,`profile_sex`,`user_name`,`profile_motto`,`profile_skill`,`profile_hobby`,`profile_now`,`profile_department`,`profile_birthday`,`profile_autobiography`) VALUES ('520c247aa5e71.jpg','杨睿','男生','root','','','','','','2013-8-21','') [ RunTime:0.057959s ]
ERR: 1062:Duplicate entry 'root' for key 'user_name'
 [ SQL语句 ] : INSERT INTO `think_user_profile` (`profile_head`,`profile_name`,`profile_sex`,`user_name`,`profile_motto`,`profile_skill`,`profile_hobby`,`profile_now`,`profile_department`,`profile_birthday`,`profile_autobiography`) VALUES ('520c247aa5e71.jpg','杨睿','男生','root','','','','','','2013-8-21','')
SQL: UPDATE `think_user_profile` SET `profile_head`='520c247aa5e71.jpg',`profile_name`='杨睿',`profile_sex`='男生',`user_name`='root',`profile_motto`='',`profile_skill`='',`profile_hobby`='',`profile_now`='',`profile_department`='',`profile_birthday`='2013-8-21',`profile_autobiography`='' WHERE ( `user_name` = 'root' ) [ RunTime:0.064508s ]
INFO: [ view_template ] --START--
INFO: Run LocationTemplate Behavior [ RunTime:0.001983s ]
INFO: [ view_template ] --END-- [ RunTime:0.002262s ]
INFO: [ view_parse ] --START--
INFO: Run ParseTemplate Behavior [ RunTime:0.090850s ]
INFO: [ view_parse ] --END-- [ RunTime:0.091083s ]
INFO: [ view_filter ] --START--
INFO: Run ContentReplace Behavior [ RunTime:0.000747s ]
INFO: Run TokenBuild Behavior [ RunTime:0.000744s ]
INFO: Run WriteHtmlCache Behavior [ RunTime:0.000651s ]
INFO: Run ShowRuntime Behavior [ RunTime:0.000945s ]
INFO: [ view_filter ] --END-- [ RunTime:0.003487s ]
INFO: [ view_end ] --START--
INFO: Run ShowPageTrace Behavior [ RunTime:0.001013s ]
INFO: [ view_end ] --END-- [ RunTime:0.001151s ]

[ 2013-08-15T08:44:46+08:00 ] 0.0.0.0 /papawithme/index.php/Home/profile
INFO: [ route_check ] --START--
INFO: Run CheckRoute Behavior [ RunTime:0.001343s ]
INFO: [ route_check ] --END-- [ RunTime:0.001533s ]
INFO: [ app_begin ] --START--
INFO: Run ReadHtmlCache Behavior [ RunTime:0.001017s ]
INFO: [ app_begin ] --END-- [ RunTime:0.001185s ]
SQL: SHOW COLUMNS FROM `think_user_profile` [ RunTime:0.006583s ]
SQL: SELECT * FROM `think_user_profile` WHERE ( `user_name` = 'root' )  [ RunTime:0.000853s ]
INFO: [ view_template ] --START--
INFO: Run LocationTemplate Behavior [ RunTime:0.001946s ]
INFO: [ view_template ] --END-- [ RunTime:0.002227s ]
INFO: [ view_parse ] --START--
INFO: Run ParseTemplate Behavior [ RunTime:0.046401s ]
INFO: [ view_parse ] --END-- [ RunTime:0.046725s ]
INFO: [ view_filter ] --START--
INFO: Run ContentReplace Behavior [ RunTime:0.001365s ]
INFO: Run TokenBuild Behavior [ RunTime:0.001408s ]
INFO: Run WriteHtmlCache Behavior [ RunTime:0.001062s ]
INFO: Run ShowRuntime Behavior [ RunTime:0.001615s ]
INFO: [ view_filter ] --END-- [ RunTime:0.006190s ]
INFO: [ view_end ] --START--
INFO: Run ShowPageTrace Behavior [ RunTime:0.001775s ]
INFO: [ view_end ] --END-- [ RunTime:0.002030s ]
INFO: [ view_template ] --START--
INFO: Run LocationTemplate Behavior [ RunTime:0.000612s ]
INFO: [ view_template ] --END-- [ RunTime:-0.055893s ]
INFO: [ view_parse ] --START--
INFO: Run ParseTemplate Behavior [ RunTime:0.006999s ]
INFO: [ view_parse ] --END-- [ RunTime:-0.010029s ]
INFO: [ view_filter ] --START--
INFO: Run ContentReplace Behavior [ RunTime:0.000225s ]
INFO: Run TokenBuild Behavior [ RunTime:0.000233s ]
INFO: Run WriteHtmlCache Behavior [ RunTime:0.000047s ]
INFO: Run ShowRuntime Behavior [ RunTime:0.000319s ]
INFO: [ view_filter ] --END-- [ RunTime:-0.011075s ]
INFO: [ view_end ] --START--
INFO: Run ShowPageTrace Behavior [ RunTime:0.000171s ]
INFO: [ view_end ] --END-- [ RunTime:-0.010412s ]

[ 2013-08-15T08:44:49+08:00 ] 0.0.0.0 /papawithme/index.php/Home
INFO: [ route_check ] --START--
INFO: Run CheckRoute Behavior [ RunTime:0.000783s ]
INFO: [ route_check ] --END-- [ RunTime:0.000894s ]
INFO: [ app_begin ] --START--
INFO: Run ReadHtmlCache Behavior [ RunTime:0.000628s ]
INFO: [ app_begin ] --END-- [ RunTime:0.000719s ]
INFO: [ view_template ] --START--
INFO: Run LocationTemplate Behavior [ RunTime:0.000634s ]
INFO: [ view_template ] --END-- [ RunTime:0.000729s ]
INFO: [ view_parse ] --START--
INFO: Run ParseTemplate Behavior [ RunTime:0.007076s ]
INFO: [ view_parse ] --END-- [ RunTime:0.007178s ]
INFO: [ view_filter ] --START--
INFO: Run ContentReplace Behavior [ RunTime:0.000514s ]
INFO: Run TokenBuild Behavior [ RunTime:0.000512s ]
INFO: Run WriteHtmlCache Behavior [ RunTime:0.000412s ]
INFO: Run ShowRuntime Behavior [ RunTime:0.000595s ]
INFO: [ view_filter ] --END-- [ RunTime:0.002280s ]
INFO: [ view_end ] --START--
INFO: Run ShowPageTrace Behavior [ RunTime:0.000654s ]
INFO: [ view_end ] --END-- [ RunTime:0.000740s ]
INFO: [ view_template ] --START--
INFO: Run LocationTemplate Behavior [ RunTime:0.000202s ]
INFO: [ view_template ] --END-- [ RunTime:-0.010512s ]
INFO: [ view_parse ] --START--
INFO: Run ParseTemplate Behavior [ RunTime:0.002377s ]
INFO: [ view_parse ] --END-- [ RunTime:-0.003629s ]
INFO: [ view_filter ] --START--
INFO: Run ContentReplace Behavior [ RunTime:0.000075s ]
INFO: Run TokenBuild Behavior [ RunTime:0.000071s ]
INFO: Run WriteHtmlCache Behavior [ RunTime:0.000015s ]
INFO: Run ShowRuntime Behavior [ RunTime:0.000115s ]
INFO: [ view_filter ] --END-- [ RunTime:-0.003814s ]
INFO: [ view_end ] --START--
INFO: Run ShowPageTrace Behavior [ RunTime:0.000058s ]
INFO: [ view_end ] --END-- [ RunTime:-0.003532s ]

[ 2013-08-15T08:44:52+08:00 ] 0.0.0.0 /papawithme/index.php/Meet/preCheckIn/pre_type/1
INFO: [ route_check ] --START--
INFO: Run CheckRoute Behavior [ RunTime:0.000787s ]
INFO: [ route_check ] --END-- [ RunTime:0.000898s ]
INFO: [ app_begin ] --START--
INFO: Run ReadHtmlCache Behavior [ RunTime:0.000605s ]
INFO: [ app_begin ] --END-- [ RunTime:0.000700s ]
SQL: SHOW COLUMNS FROM `think_user_profile` [ RunTime:0.006667s ]
SQL: SELECT * FROM `think_user_profile` WHERE ( `user_name` = 'root' )  [ RunTime:0.000851s ]
INFO: [ view_template ] --START--
INFO: Run LocationTemplate Behavior [ RunTime:0.001572s ]
INFO: [ view_template ] --END-- [ RunTime:0.001861s ]
INFO: [ view_parse ] --START--
INFO: Run ParseTemplate Behavior [ RunTime:0.018973s ]
INFO: [ view_parse ] --END-- [ RunTime:0.019297s ]
INFO: [ view_filter ] --START--
INFO: Run ContentReplace Behavior [ RunTime:0.001350s ]
INFO: Run TokenBuild Behavior [ RunTime:0.001403s ]
INFO: Run WriteHtmlCache Behavior [ RunTime:0.001054s ]
INFO: Run ShowRuntime Behavior [ RunTime:0.001632s ]
INFO: [ view_filter ] --END-- [ RunTime:0.006178s ]
INFO: [ view_end ] --START--
INFO: Run ShowPageTrace Behavior [ RunTime:0.001841s ]
INFO: [ view_end ] --END-- [ RunTime:0.002109s ]
INFO: [ view_template ] --START--
INFO: Run LocationTemplate Behavior [ RunTime:0.000519s ]
INFO: [ view_template ] --END-- [ RunTime:-0.028541s ]
INFO: [ view_parse ] --START--
INFO: Run ParseTemplate Behavior [ RunTime:0.006709s ]
INFO: [ view_parse ] --END-- [ RunTime:-0.009966s ]
INFO: [ view_filter ] --START--
INFO: Run ContentReplace Behavior [ RunTime:0.000247s ]
INFO: Run TokenBuild Behavior [ RunTime:0.000219s ]
INFO: Run WriteHtmlCache Behavior [ RunTime:0.000046s ]
INFO: Run ShowRuntime Behavior [ RunTime:0.000336s ]
INFO: [ view_filter ] --END-- [ RunTime:-0.010750s ]
INFO: [ view_end ] --START--
INFO: Run ShowPageTrace Behavior [ RunTime:0.000177s ]
INFO: [ view_end ] --END-- [ RunTime:-0.010059s ]

[ 2013-08-15T08:44:54+08:00 ] 0.0.0.0 /papawithme/index.php/Meet/checkIn/pre_type/1
INFO: [ route_check ] --START--
INFO: Run CheckRoute Behavior [ RunTime:0.000726s ]
INFO: [ route_check ] --END-- [ RunTime:0.000830s ]
INFO: [ app_begin ] --START--
INFO: Run ReadHtmlCache Behavior [ RunTime:0.000609s ]
INFO: [ app_begin ] --END-- [ RunTime:0.000700s ]
INFO: [ view_template ] --START--
INFO: Run LocationTemplate Behavior [ RunTime:0.008636s ]
INFO: [ view_template ] --END-- [ RunTime:0.008758s ]
INFO: [ view_parse ] --START--
INFO: Run ParseTemplate Behavior [ RunTime:0.020662s ]
INFO: [ view_parse ] --END-- [ RunTime:0.020768s ]
INFO: [ view_filter ] --START--
INFO: Run ContentReplace Behavior [ RunTime:0.000421s ]
INFO: Run TokenBuild Behavior [ RunTime:0.000400s ]
INFO: Run WriteHtmlCache Behavior [ RunTime:0.000357s ]
INFO: Run ShowRuntime Behavior [ RunTime:0.000463s ]
INFO: [ view_filter ] --END-- [ RunTime:0.001822s ]
INFO: [ view_end ] --START--
INFO: Run ShowPageTrace Behavior [ RunTime:0.000549s ]
INFO: [ view_end ] --END-- [ RunTime:0.000611s ]
INFO: [ view_template ] --START--
INFO: Run LocationTemplate Behavior [ RunTime:0.000133s ]
INFO: [ view_template ] --END-- [ RunTime:-0.023470s ]
INFO: [ view_parse ] --START--
INFO: Run ParseTemplate Behavior [ RunTime:0.001834s ]
INFO: [ view_parse ] --END-- [ RunTime:-0.002856s ]
INFO: [ view_filter ] --START--
INFO: Run ContentReplace Behavior [ RunTime:0.000058s ]
INFO: Run TokenBuild Behavior [ RunTime:0.000052s ]
INFO: Run WriteHtmlCache Behavior [ RunTime:0.000012s ]
INFO: Run ShowRuntime Behavior [ RunTime:0.000090s ]
INFO: [ view_filter ] --END-- [ RunTime:-0.002928s ]
INFO: [ view_end ] --START--
INFO: Run ShowPageTrace Behavior [ RunTime:0.000040s ]
INFO: [ view_end ] --END-- [ RunTime:-0.002665s ]

[ 2013-08-15T08:45:00+08:00 ] 0.0.0.0 /papawithme/index.php/Home/profile
INFO: [ route_check ] --START--
INFO: Run CheckRoute Behavior [ RunTime:0.000778s ]
INFO: [ route_check ] --END-- [ RunTime:0.000879s ]
INFO: [ app_begin ] --START--
INFO: Run ReadHtmlCache Behavior [ RunTime:0.000618s ]
INFO: [ app_begin ] --END-- [ RunTime:0.000713s ]
SQL: SHOW COLUMNS FROM `think_user_profile` [ RunTime:0.007378s ]
SQL: SELECT * FROM `think_user_profile` WHERE ( `user_name` = 'root' )  [ RunTime:0.000919s ]
INFO: [ view_template ] --START--
INFO: Run LocationTemplate Behavior [ RunTime:0.001743s ]
INFO: [ view_template ] --END-- [ RunTime:0.002012s ]
INFO: [ view_parse ] --START--
INFO: Run ParseTemplate Behavior [ RunTime:0.019056s ]
INFO: [ view_parse ] --END-- [ RunTime:0.019291s ]
INFO: [ view_filter ] --START--
INFO: Run ContentReplace Behavior [ RunTime:0.000836s ]
INFO: Run TokenBuild Behavior [ RunTime:0.000960s ]
INFO: Run WriteHtmlCache Behavior [ RunTime:0.000701s ]
INFO: Run ShowRuntime Behavior [ RunTime:0.001007s ]
INFO: [ view_filter ] --END-- [ RunTime:0.003928s ]
INFO: [ view_end ] --START--
INFO: Run ShowPageTrace Behavior [ RunTime:0.001100s ]
INFO: [ view_end ] --END-- [ RunTime:0.001249s ]
INFO: [ view_template ] --START--
INFO: Run LocationTemplate Behavior [ RunTime:0.000372s ]
INFO: [ view_template ] --END-- [ RunTime:-0.025092s ]
INFO: [ view_parse ] --START--
INFO: Run ParseTemplate Behavior [ RunTime:0.003994s ]
INFO: [ view_parse ] --END-- [ RunTime:-0.006206s ]
INFO: [ view_filter ] --START--
INFO: Run ContentReplace Behavior [ RunTime:0.000130s ]
INFO: Run TokenBuild Behavior [ RunTime:0.000122s ]
INFO: Run WriteHtmlCache Behavior [ RunTime:0.000026s ]
INFO: Run ShowRuntime Behavior [ RunTime:0.000181s ]
INFO: [ view_filter ] --END-- [ RunTime:-0.006415s ]
INFO: [ view_end ] --START--
INFO: Run ShowPageTrace Behavior [ RunTime:0.000097s ]
INFO: [ view_end ] --END-- [ RunTime:-0.005933s ]

[ 2013-08-15T08:45:02+08:00 ] 0.0.0.0 /papawithme/index.php/Home/Logout
INFO: [ route_check ] --START--
INFO: Run CheckRoute Behavior [ RunTime:0.000783s ]
INFO: [ route_check ] --END-- [ RunTime:0.000885s ]
INFO: [ app_begin ] --START--
INFO: Run ReadHtmlCache Behavior [ RunTime:0.000548s ]
INFO: [ app_begin ] --END-- [ RunTime:0.000638s ]

[ 2013-08-15T08:45:02+08:00 ] 0.0.0.0 /papawithme/index.php/Home/index
INFO: [ route_check ] --START--
INFO: Run CheckRoute Behavior [ RunTime:0.000768s ]
INFO: [ route_check ] --END-- [ RunTime:0.000871s ]
INFO: [ app_begin ] --START--
INFO: Run ReadHtmlCache Behavior [ RunTime:0.000596s ]
INFO: [ app_begin ] --END-- [ RunTime:0.000687s ]
INFO: [ view_template ] --START--
INFO: Run LocationTemplate Behavior [ RunTime:0.000605s ]
INFO: [ view_template ] --END-- [ RunTime:0.000699s ]
INFO: [ view_parse ] --START--
INFO: Run ParseTemplate Behavior [ RunTime:0.006177s ]
INFO: [ view_parse ] --END-- [ RunTime:0.006265s ]
INFO: [ view_filter ] --START--
INFO: Run ContentReplace Behavior [ RunTime:0.000357s ]
INFO: Run TokenBuild Behavior [ RunTime:0.000396s ]
INFO: Run WriteHtmlCache Behavior [ RunTime:0.000322s ]
INFO: Run ShowRuntime Behavior [ RunTime:0.000456s ]
INFO: [ view_filter ] --END-- [ RunTime:0.001735s ]
INFO: [ view_end ] --START--
INFO: Run ShowPageTrace Behavior [ RunTime:0.000522s ]
INFO: [ view_end ] --END-- [ RunTime:0.000585s ]
INFO: [ view_template ] --START--
INFO: Run LocationTemplate Behavior [ RunTime:0.000147s ]
INFO: [ view_template ] --END-- [ RunTime:-0.008830s ]
INFO: [ view_parse ] --START--
INFO: Run ParseTemplate Behavior [ RunTime:0.001780s ]
INFO: [ view_parse ] --END-- [ RunTime:-0.002746s ]
INFO: [ view_filter ] --START--
INFO: Run ContentReplace Behavior [ RunTime:0.000055s ]
INFO: Run TokenBuild Behavior [ RunTime:0.000052s ]
INFO: Run WriteHtmlCache Behavior [ RunTime:0.000011s ]
INFO: Run ShowRuntime Behavior [ RunTime:0.000078s ]
INFO: [ view_filter ] --END-- [ RunTime:-0.002853s ]
INFO: [ view_end ] --START--
INFO: Run ShowPageTrace Behavior [ RunTime:0.000042s ]
INFO: [ view_end ] --END-- [ RunTime:-0.002589s ]

[ 2013-08-15T10:17:45+08:00 ] 0.0.0.0 /papawithme/
INFO: [ app_begin ] --START--
INFO: Run ReadHtmlCache Behavior [ RunTime:0.000648s ]
INFO: [ app_begin ] --END-- [ RunTime:0.000738s ]
INFO: [ view_template ] --START--
INFO: Run LocationTemplate Behavior [ RunTime:0.000836s ]
INFO: [ view_template ] --END-- [ RunTime:0.000915s ]
INFO: [ view_parse ] --START--
INFO: Run ParseTemplate Behavior [ RunTime:0.006080s ]
INFO: [ view_parse ] --END-- [ RunTime:0.006151s ]
INFO: [ view_filter ] --START--
INFO: Run ContentReplace Behavior [ RunTime:0.000451s ]
INFO: Run TokenBuild Behavior [ RunTime:0.000442s ]
INFO: Run WriteHtmlCache Behavior [ RunTime:0.000367s ]
INFO: Run ShowRuntime Behavior [ RunTime:0.000504s ]
INFO: [ view_filter ] --END-- [ RunTime:0.001948s ]
INFO: [ view_end ] --START--
INFO: Run ShowPageTrace Behavior [ RunTime:0.000554s ]
INFO: [ view_end ] --END-- [ RunTime:0.000619s ]

[ 2013-08-15T10:17:48+08:00 ] 0.0.0.0 /papawithme/index.php/Index/Login
INFO: [ route_check ] --START--
INFO: Run CheckRoute Behavior [ RunTime:0.000695s ]
INFO: [ route_check ] --END-- [ RunTime:0.000784s ]
INFO: [ app_begin ] --START--
INFO: Run ReadHtmlCache Behavior [ RunTime:0.000683s ]
INFO: [ app_begin ] --END-- [ RunTime:0.000747s ]
SQL: SHOW COLUMNS FROM `think_user` [ RunTime:0.002274s ]
NOTIC: 建议使用I方法替代_param
NOTIC: 建议使用I方法替代_param
SQL: SELECT * FROM `think_user` WHERE ( `user_email` = 'root@papawith.me' ) AND ( `user_psd` = 'papawithme~' )  [ RunTime:0.000360s ]

[ 2013-08-15T10:17:48+08:00 ] 0.0.0.0 /papawithme/index.php/Home
INFO: [ route_check ] --START--
INFO: Run CheckRoute Behavior [ RunTime:0.000543s ]
INFO: [ route_check ] --END-- [ RunTime:0.000625s ]
INFO: [ app_begin ] --START--
INFO: Run ReadHtmlCache Behavior [ RunTime:0.000413s ]
INFO: [ app_begin ] --END-- [ RunTime:0.000500s ]
INFO: [ view_template ] --START--
INFO: Run LocationTemplate Behavior [ RunTime:0.000429s ]
INFO: [ view_template ] --END-- [ RunTime:0.000498s ]
INFO: [ view_parse ] --START--
INFO: Run ParseTemplate Behavior [ RunTime:0.005902s ]
INFO: [ view_parse ] --END-- [ RunTime:0.006059s ]
INFO: [ view_filter ] --START--
INFO: Run ContentReplace Behavior [ RunTime:0.000622s ]
INFO: Run TokenBuild Behavior [ RunTime:0.000424s ]
INFO: Run WriteHtmlCache Behavior [ RunTime:0.000391s ]
INFO: Run ShowRuntime Behavior [ RunTime:0.000579s ]
INFO: [ view_filter ] --END-- [ RunTime:0.002255s ]
INFO: [ view_end ] --START--
INFO: Run ShowPageTrace Behavior [ RunTime:0.000577s ]
INFO: [ view_end ] --END-- [ RunTime:0.000648s ]
INFO: [ view_template ] --START--
INFO: Run LocationTemplate Behavior [ RunTime:0.000208s ]
INFO: [ view_template ] --END-- [ RunTime:-0.009272s ]
INFO: [ view_parse ] --START--
INFO: Run ParseTemplate Behavior [ RunTime:0.001854s ]
INFO: [ view_parse ] --END-- [ RunTime:-0.003481s ]
INFO: [ view_filter ] --START--
INFO: Run ContentReplace Behavior [ RunTime:0.000056s ]
INFO: Run TokenBuild Behavior [ RunTime:0.000054s ]
INFO: Run WriteHtmlCache Behavior [ RunTime:0.000011s ]
INFO: Run ShowRuntime Behavior [ RunTime:0.000080s ]
INFO: [ view_filter ] --END-- [ RunTime:-0.003115s ]
INFO: [ view_end ] --START--
INFO: Run ShowPageTrace Behavior [ RunTime:0.000042s ]
INFO: [ view_end ] --END-- [ RunTime:-0.002768s ]

[ 2013-08-15T10:22:46+08:00 ] 0.0.0.0 /papawithme/
INFO: [ app_begin ] --START--
INFO: Run ReadHtmlCache Behavior [ RunTime:0.000771s ]
INFO: [ app_begin ] --END-- [ RunTime:0.000880s ]
INFO: [ view_template ] --START--
INFO: Run LocationTemplate Behavior [ RunTime:0.000788s ]
INFO: [ view_template ] --END-- [ RunTime:0.000886s ]
INFO: [ view_parse ] --START--
INFO: Run ParseTemplate Behavior [ RunTime:0.008041s ]
INFO: [ view_parse ] --END-- [ RunTime:0.008138s ]
INFO: [ view_filter ] --START--
INFO: Run ContentReplace Behavior [ RunTime:0.000662s ]
INFO: Run TokenBuild Behavior [ RunTime:0.000602s ]
INFO: Run WriteHtmlCache Behavior [ RunTime:0.000486s ]
INFO: Run ShowRuntime Behavior [ RunTime:0.000677s ]
INFO: [ view_filter ] --END-- [ RunTime:0.002686s ]
INFO: [ view_end ] --START--
INFO: Run ShowPageTrace Behavior [ RunTime:0.000723s ]
INFO: [ view_end ] --END-- [ RunTime:0.000812s ]

[ 2013-08-15T10:22:50+08:00 ] 0.0.0.0 /papawithme/index.php/Index/Login
INFO: [ route_check ] --START--
INFO: Run CheckRoute Behavior [ RunTime:0.000832s ]
INFO: [ route_check ] --END-- [ RunTime:0.001005s ]
INFO: [ app_begin ] --START--
INFO: Run ReadHtmlCache Behavior [ RunTime:0.000526s ]
INFO: [ app_begin ] --END-- [ RunTime:0.000586s ]
SQL: SHOW COLUMNS FROM `think_user` [ RunTime:0.006571s ]
NOTIC: 建议使用I方法替代_param
NOTIC: 建议使用I方法替代_param
SQL: SELECT * FROM `think_user` WHERE ( `user_email` = 'root@papawith.me' ) AND ( `user_psd` = 'papawithme~' )  [ RunTime:0.000886s ]

[ 2013-08-15T10:22:50+08:00 ] 0.0.0.0 /papawithme/index.php/Home
INFO: [ route_check ] --START--
INFO: Run CheckRoute Behavior [ RunTime:0.001054s ]
INFO: [ route_check ] --END-- [ RunTime:0.001234s ]
INFO: [ app_begin ] --START--
INFO: Run ReadHtmlCache Behavior [ RunTime:0.000788s ]
INFO: [ app_begin ] --END-- [ RunTime:0.000949s ]
INFO: [ view_template ] --START--
INFO: Run LocationTemplate Behavior [ RunTime:0.000860s ]
INFO: [ view_template ] --END-- [ RunTime:0.001000s ]
INFO: [ view_parse ] --START--
INFO: Run ParseTemplate Behavior [ RunTime:0.010155s ]
INFO: [ view_parse ] --END-- [ RunTime:0.010321s ]
INFO: [ view_filter ] --START--
INFO: Run ContentReplace Behavior [ RunTime:0.000644s ]
INFO: Run TokenBuild Behavior [ RunTime:0.000609s ]
INFO: Run WriteHtmlCache Behavior [ RunTime:0.000456s ]
INFO: Run ShowRuntime Behavior [ RunTime:0.000726s ]
INFO: [ view_filter ] --END-- [ RunTime:0.002788s ]
INFO: [ view_end ] --START--
INFO: Run ShowPageTrace Behavior [ RunTime:0.000856s ]
INFO: [ view_end ] --END-- [ RunTime:0.000976s ]
INFO: [ view_template ] --START--
INFO: Run LocationTemplate Behavior [ RunTime:0.000316s ]
INFO: [ view_template ] --END-- [ RunTime:-0.014542s ]
INFO: [ view_parse ] --START--
INFO: Run ParseTemplate Behavior [ RunTime:0.002048s ]
INFO: [ view_parse ] --END-- [ RunTime:-0.004594s ]
INFO: [ view_filter ] --START--
INFO: Run ContentReplace Behavior [ RunTime:0.000057s ]
INFO: Run TokenBuild Behavior [ RunTime:0.000055s ]
INFO: Run WriteHtmlCache Behavior [ RunTime:0.000012s ]
INFO: Run ShowRuntime Behavior [ RunTime:0.000082s ]
INFO: [ view_filter ] --END-- [ RunTime:-0.003883s ]
INFO: [ view_end ] --START--
INFO: Run ShowPageTrace Behavior [ RunTime:0.000044s ]
INFO: [ view_end ] --END-- [ RunTime:-0.003184s ]

[ 2013-08-15T10:45:47+08:00 ] 0.0.0.0 /papawithme/index.php/Meet/preCheckIn/pre_type/1
INFO: [ route_check ] --START--
INFO: Run CheckRoute Behavior [ RunTime:0.000885s ]
INFO: [ route_check ] --END-- [ RunTime:0.000995s ]
INFO: [ app_begin ] --START--
INFO: Run ReadHtmlCache Behavior [ RunTime:0.000642s ]
INFO: [ app_begin ] --END-- [ RunTime:0.000737s ]
SQL: SHOW COLUMNS FROM `think_user_profile` [ RunTime:0.006493s ]
SQL: SELECT * FROM `think_user_profile` WHERE ( `user_name` = 'root' )  [ RunTime:0.000876s ]
INFO: [ view_template ] --START--
INFO: Run LocationTemplate Behavior [ RunTime:0.002449s ]
INFO: [ view_template ] --END-- [ RunTime:0.002733s ]
INFO: [ view_parse ] --START--
INFO: Run ParseTemplate Behavior [ RunTime:0.020807s ]
INFO: [ view_parse ] --END-- [ RunTime:0.021080s ]
INFO: [ view_filter ] --START--
INFO: Run ContentReplace Behavior [ RunTime:0.001560s ]
INFO: Run TokenBuild Behavior [ RunTime:0.001665s ]
INFO: Run WriteHtmlCache Behavior [ RunTime:0.001303s ]
INFO: Run ShowRuntime Behavior [ RunTime:0.001855s ]
INFO: [ view_filter ] --END-- [ RunTime:0.007154s ]
INFO: [ view_end ] --START--
INFO: Run ShowPageTrace Behavior [ RunTime:0.002051s ]
INFO: [ view_end ] --END-- [ RunTime:0.002308s ]
INFO: [ view_template ] --START--
INFO: Run LocationTemplate Behavior [ RunTime:0.000820s ]
INFO: [ view_template ] --END-- [ RunTime:-0.031510s ]
INFO: [ view_parse ] --START--
INFO: Run ParseTemplate Behavior [ RunTime:0.006871s ]
INFO: [ view_parse ] --END-- [ RunTime:-0.011496s ]
INFO: [ view_filter ] --START--
INFO: Run ContentReplace Behavior [ RunTime:0.000089s ]
INFO: Run TokenBuild Behavior [ RunTime:0.000084s ]
INFO: Run WriteHtmlCache Behavior [ RunTime:0.000019s ]
INFO: Run ShowRuntime Behavior [ RunTime:0.000125s ]
INFO: [ view_filter ] --END-- [ RunTime:-0.011255s ]
INFO: [ view_end ] --START--
INFO: Run ShowPageTrace Behavior [ RunTime:0.000068s ]
INFO: [ view_end ] --END-- [ RunTime:-0.009314s ]

[ 2013-08-15T10:45:49+08:00 ] 0.0.0.0 /papawithme/index.php/Meet/checkIn/pre_type/1
INFO: [ route_check ] --START--
INFO: Run CheckRoute Behavior [ RunTime:0.000698s ]
INFO: [ route_check ] --END-- [ RunTime:0.000803s ]
INFO: [ app_begin ] --START--
INFO: Run ReadHtmlCache Behavior [ RunTime:0.000549s ]
INFO: [ app_begin ] --END-- [ RunTime:0.000639s ]
INFO: [ view_template ] --START--
INFO: Run LocationTemplate Behavior [ RunTime:0.000686s ]
INFO: [ view_template ] --END-- [ RunTime:0.000784s ]
INFO: [ view_parse ] --START--
INFO: Run ParseTemplate Behavior [ RunTime:0.006844s ]
INFO: [ view_parse ] --END-- [ RunTime:0.006953s ]
INFO: [ view_filter ] --START--
INFO: Run ContentReplace Behavior [ RunTime:0.000504s ]
INFO: Run TokenBuild Behavior [ RunTime:0.000520s ]
INFO: Run WriteHtmlCache Behavior [ RunTime:0.000392s ]
INFO: Run ShowRuntime Behavior [ RunTime:0.000713s ]
INFO: [ view_filter ] --END-- [ RunTime:0.002408s ]
INFO: [ view_end ] --START--
INFO: Run ShowPageTrace Behavior [ RunTime:0.000844s ]
INFO: [ view_end ] --END-- [ RunTime:0.000950s ]
INFO: [ view_template ] --START--
INFO: Run LocationTemplate Behavior [ RunTime:0.000264s ]
INFO: [ view_template ] --END-- [ RunTime:-0.010703s ]
INFO: [ view_parse ] --START--
INFO: Run ParseTemplate Behavior [ RunTime:0.003057s ]
INFO: [ view_parse ] --END-- [ RunTime:-0.004091s ]
INFO: [ view_filter ] --START--
INFO: Run ContentReplace Behavior [ RunTime:0.000157s ]
INFO: Run TokenBuild Behavior [ RunTime:0.000101s ]
INFO: Run WriteHtmlCache Behavior [ RunTime:0.000018s ]
INFO: Run ShowRuntime Behavior [ RunTime:0.000111s ]
INFO: [ view_filter ] --END-- [ RunTime:-0.004917s ]
INFO: [ view_end ] --START--
INFO: Run ShowPageTrace Behavior [ RunTime:0.000059s ]
INFO: [ view_end ] --END-- [ RunTime:-0.004521s ]

[ 2013-08-15T10:45:53+08:00 ] 0.0.0.0 /papawithme/index.php/Meet/updateCheckIn/pre_type/1
INFO: [ route_check ] --START--
INFO: Run CheckRoute Behavior [ RunTime:0.000832s ]
INFO: [ route_check ] --END-- [ RunTime:0.000944s ]
INFO: [ app_begin ] --START--
INFO: Run ReadHtmlCache Behavior [ RunTime:0.000641s ]
INFO: [ app_begin ] --END-- [ RunTime:0.000731s ]
SQL: SHOW COLUMNS FROM `think_meeting` [ RunTime:0.006413s ]
SQL: SHOW COLUMNS FROM `think_user_profile` [ RunTime:0.006330s ]
SQL: SELECT * FROM `think_user_profile` WHERE ( `user_name` = 'root' )  [ RunTime:0.000854s ]
NOTIC: 建议使用I方法替代_param
NOTIC: 建议使用I方法替代_param
NOTIC: 建议使用I方法替代_param
NOTIC: 建议使用I方法替代_param
NOTIC: 建议使用I方法替代_param
NOTIC: 建议使用I方法替代_param
SQL: INSERT INTO `think_meeting` (`type`,`user_name`,`attach0`,`attach1`,`attach2`,`attach3`,`attach4`,`attach5`) VALUES (1,'root','爱上','','','','','') [ RunTime:0.054711s ]
INFO: [ view_template ] --START--
INFO: Run LocationTemplate Behavior [ RunTime:0.001346s ]
INFO: [ view_template ] --END-- [ RunTime:0.001523s ]
INFO: [ view_parse ] --START--
INFO: Run ParseTemplate Behavior [ RunTime:0.011771s ]
INFO: [ view_parse ] --END-- [ RunTime:0.011950s ]
INFO: [ view_filter ] --START--
INFO: Run ContentReplace Behavior [ RunTime:0.000884s ]
INFO: Run TokenBuild Behavior [ RunTime:0.000938s ]
INFO: Run WriteHtmlCache Behavior [ RunTime:0.000713s ]
INFO: Run ShowRuntime Behavior [ RunTime:0.001011s ]
INFO: [ view_filter ] --END-- [ RunTime:0.004021s ]
INFO: [ view_end ] --START--
INFO: Run ShowPageTrace Behavior [ RunTime:0.001172s ]
INFO: [ view_end ] --END-- [ RunTime:0.001344s ]

[ 2013-08-15T10:45:54+08:00 ] 0.0.0.0 /papawithme/index.php/Meet/checkIn/pre_type/1
INFO: [ route_check ] --START--
INFO: Run CheckRoute Behavior [ RunTime:0.002206s ]
INFO: [ route_check ] --END-- [ RunTime:0.002518s ]
INFO: [ app_begin ] --START--
INFO: Run ReadHtmlCache Behavior [ RunTime:0.001676s ]
INFO: [ app_begin ] --END-- [ RunTime:0.001953s ]
INFO: [ view_template ] --START--
INFO: Run LocationTemplate Behavior [ RunTime:0.000823s ]
INFO: [ view_template ] --END-- [ RunTime:0.000945s ]
INFO: [ view_parse ] --START--
INFO: Run ParseTemplate Behavior [ RunTime:0.008747s ]
INFO: [ view_parse ] --END-- [ RunTime:0.008881s ]
INFO: [ view_filter ] --START--
INFO: Run ContentReplace Behavior [ RunTime:0.000626s ]
INFO: Run TokenBuild Behavior [ RunTime:0.000650s ]
INFO: Run WriteHtmlCache Behavior [ RunTime:0.000509s ]
INFO: Run ShowRuntime Behavior [ RunTime:0.000681s ]
INFO: [ view_filter ] --END-- [ RunTime:0.002787s ]
INFO: [ view_end ] --START--
INFO: Run ShowPageTrace Behavior [ RunTime:0.000780s ]
INFO: [ view_end ] --END-- [ RunTime:0.000898s ]
INFO: [ view_template ] --START--
INFO: Run LocationTemplate Behavior [ RunTime:0.000291s ]
INFO: [ view_template ] --END-- [ RunTime:-0.012972s ]
INFO: [ view_parse ] --START--
INFO: Run ParseTemplate Behavior [ RunTime:0.003033s ]
INFO: [ view_parse ] --END-- [ RunTime:-0.004476s ]
INFO: [ view_filter ] --START--
INFO: Run ContentReplace Behavior [ RunTime:0.000099s ]
INFO: Run TokenBuild Behavior [ RunTime:0.000092s ]
INFO: Run WriteHtmlCache Behavior [ RunTime:0.000021s ]
INFO: Run ShowRuntime Behavior [ RunTime:0.000138s ]
INFO: [ view_filter ] --END-- [ RunTime:-0.004831s ]
INFO: [ view_end ] --START--
INFO: Run ShowPageTrace Behavior [ RunTime:0.000073s ]
INFO: [ view_end ] --END-- [ RunTime:-0.004518s ]

[ 2013-08-15T11:07:54+08:00 ] 0.0.0.0 /papawithme/index.php/Install
INFO: [ route_check ] --START--
INFO: Run CheckRoute Behavior [ RunTime:0.000976s ]
INFO: [ route_check ] --END-- [ RunTime:0.001109s ]
INFO: [ app_begin ] --START--
INFO: Run ReadHtmlCache Behavior [ RunTime:0.000721s ]
INFO: [ app_begin ] --END-- [ RunTime:0.000817s ]
SQL: drop table if exists `papawithme`.`think_user`; [ RunTime:0.399390s ]
SQL: CREATE  TABLE `papawithme`.`think_user` (
					  `user_id` INT NOT NULL AUTO_INCREMENT ,
					  `user_name` VARCHAR(45) NOT NULL ,
					  `user_psd` VARCHAR(45) NOT NULL ,
					  `user_email` VARCHAR(145) NOT NULL ,
					  PRIMARY KEY (`user_id`) ,
					  UNIQUE INDEX `user_name_UNIQUE` (`user_name` ASC) ,
					  UNIQUE INDEX `user_psd_UNIQUE` (`user_psd` ASC) ,
					  UNIQUE INDEX `user_email_UNIQUE` (`user_email` ASC) 
					  ); [ RunTime:0.164366s ]
SQL: INSERT INTO `papawithme`.`think_user` (`user_name`, `user_psd`, `user_email`) VALUES ('root', 'papawithme~', 'root@papawith.me'); [ RunTime:0.066115s ]
SQL: drop table if exists `papawithme`.`think_user_profile`; [ RunTime:0.078687s ]
SQL: 
					CREATE TABLE IF NOT EXISTS `think_user_profile` (
					  `profile_id` bigint(20) NOT NULL AUTO_INCREMENT,
					  `user_name` varchar(45) NOT NULL,
					  `profile_name` varchar(45) NOT NULL,
					  `profile_sex` varchar(45) NOT NULL,
					  `profile_motto` varchar(145) DEFAULT NULL,
					  `profile_head` varchar(45) DEFAULT NULL,
					  `profile_skill` varchar(145) DEFAULT NULL,
					  `profile_hobby` varchar(145) DEFAULT NULL,
					  `profile_now` varchar(25) DEFAULT NULL,
					  `profile_department` varchar(145) DEFAULT NULL,
					  `profile_birthday` date DEFAULT NULL,
					  `profile_autobiography` tinytext,
					  PRIMARY KEY (`profile_id`),
					  UNIQUE KEY `user_name` (`user_name`)
					) ENGINE=InnoDB DEFAULT CHARSET=utf8 AUTO_INCREMENT=1 ;
				 [ RunTime:0.131437s ]
SQL: drop table if exists `papawithme`.`think_meeting`; [ RunTime:0.033224s ]
SQL: 
					CREATE TABLE `papawithme`.`think_meeting` (
					  `meeting_id` INTEGER UNSIGNED NOT NULL AUTO_INCREMENT,
					  `type` SMALLINT UNSIGNED NOT NULL,
					  `user_name` VARCHAR(45) NOT NULL,
					  `attach0` TEXT,
					  `attach1` TEXT,
					  `attach2` TEXT,
					  `attach3` TEXT,
					  `attach4` TEXT,
					  `attach5` TEXT,
					  PRIMARY KEY (`meeting_id`)
					)
					ENGINE = InnoDB DEFAULT CHARSET=utf8;
				 [ RunTime:0.121411s ]
SQL: SHOW COLUMNS FROM `think_user` [ RunTime:0.006250s ]
SQL: SELECT * FROM `think_user`  [ RunTime:0.000680s ]

[ 2013-08-15T11:12:03+08:00 ] 0.0.0.0 /papawithme/index.php
INFO: [ app_begin ] --START--
INFO: Run ReadHtmlCache Behavior [ RunTime:0.000730s ]
INFO: [ app_begin ] --END-- [ RunTime:0.000837s ]
INFO: [ view_template ] --START--
INFO: Run LocationTemplate Behavior [ RunTime:0.000774s ]
INFO: [ view_template ] --END-- [ RunTime:0.000870s ]
INFO: [ view_parse ] --START--
INFO: Run ParseTemplate Behavior [ RunTime:0.007736s ]
INFO: [ view_parse ] --END-- [ RunTime:0.007831s ]
INFO: [ view_filter ] --START--
INFO: Run ContentReplace Behavior [ RunTime:0.000568s ]
INFO: Run TokenBuild Behavior [ RunTime:0.000586s ]
INFO: Run WriteHtmlCache Behavior [ RunTime:0.000459s ]
INFO: Run ShowRuntime Behavior [ RunTime:0.000628s ]
INFO: [ view_filter ] --END-- [ RunTime:0.002493s ]
INFO: [ view_end ] --START--
INFO: Run ShowPageTrace Behavior [ RunTime:0.000733s ]
INFO: [ view_end ] --END-- [ RunTime:0.000819s ]

[ 2013-08-15T11:12:07+08:00 ] 0.0.0.0 /papawithme/index.php/Index/Login
INFO: [ route_check ] --START--
INFO: Run CheckRoute Behavior [ RunTime:0.000658s ]
INFO: [ route_check ] --END-- [ RunTime:0.000747s ]
INFO: [ app_begin ] --START--
INFO: Run ReadHtmlCache Behavior [ RunTime:0.000452s ]
INFO: [ app_begin ] --END-- [ RunTime:0.000516s ]
SQL: SHOW COLUMNS FROM `think_user` [ RunTime:0.006231s ]
NOTIC: 建议使用I方法替代_param
NOTIC: 建议使用I方法替代_param
SQL: SELECT * FROM `think_user` WHERE ( `user_email` = 'root@papawith.me' ) AND ( `user_psd` = 'papawithme~' )  [ RunTime:0.000933s ]

[ 2013-08-15T11:12:07+08:00 ] 0.0.0.0 /papawithme/index.php/Home
INFO: [ route_check ] --START--
INFO: Run CheckRoute Behavior [ RunTime:0.001421s ]
INFO: [ route_check ] --END-- [ RunTime:0.001615s ]
INFO: [ app_begin ] --START--
INFO: Run ReadHtmlCache Behavior [ RunTime:0.001025s ]
INFO: [ app_begin ] --END-- [ RunTime:0.001193s ]
INFO: [ view_template ] --START--
INFO: Run LocationTemplate Behavior [ RunTime:0.001195s ]
INFO: [ view_template ] --END-- [ RunTime:0.001373s ]
INFO: [ view_parse ] --START--
INFO: Run ParseTemplate Behavior [ RunTime:0.009562s ]
INFO: [ view_parse ] --END-- [ RunTime:0.009702s ]
INFO: [ view_filter ] --START--
INFO: Run ContentReplace Behavior [ RunTime:0.000469s ]
INFO: Run TokenBuild Behavior [ RunTime:0.000355s ]
INFO: Run WriteHtmlCache Behavior [ RunTime:0.000271s ]
INFO: Run ShowRuntime Behavior [ RunTime:0.000389s ]
INFO: [ view_filter ] --END-- [ RunTime:0.001662s ]
INFO: [ view_end ] --START--
INFO: Run ShowPageTrace Behavior [ RunTime:0.000488s ]
INFO: [ view_end ] --END-- [ RunTime:0.000549s ]
INFO: [ view_template ] --START--
INFO: Run LocationTemplate Behavior [ RunTime:0.000183s ]
INFO: [ view_template ] --END-- [ RunTime:-0.012234s ]
INFO: [ view_parse ] --START--
INFO: Run ParseTemplate Behavior [ RunTime:0.001709s ]
INFO: [ view_parse ] --END-- [ RunTime:-0.002699s ]
INFO: [ view_filter ] --START--
INFO: Run ContentReplace Behavior [ RunTime:0.000053s ]
INFO: Run TokenBuild Behavior [ RunTime:0.000052s ]
INFO: Run WriteHtmlCache Behavior [ RunTime:0.000011s ]
INFO: Run ShowRuntime Behavior [ RunTime:0.000078s ]
INFO: [ view_filter ] --END-- [ RunTime:-0.002804s ]
INFO: [ view_end ] --START--
INFO: Run ShowPageTrace Behavior [ RunTime:0.000044s ]
INFO: [ view_end ] --END-- [ RunTime:-0.002574s ]

[ 2013-08-15T11:12:11+08:00 ] 0.0.0.0 /papawithme/index.php/Home/profile
INFO: [ route_check ] --START--
INFO: Run CheckRoute Behavior [ RunTime:0.000794s ]
INFO: [ route_check ] --END-- [ RunTime:0.000899s ]
INFO: [ app_begin ] --START--
INFO: Run ReadHtmlCache Behavior [ RunTime:0.000624s ]
INFO: [ app_begin ] --END-- [ RunTime:0.000714s ]
SQL: SHOW COLUMNS FROM `think_user_profile` [ RunTime:0.007070s ]
SQL: SELECT * FROM `think_user_profile` WHERE ( `user_name` = 'root' )  [ RunTime:0.000790s ]
INFO: [ view_template ] --START--
INFO: Run LocationTemplate Behavior [ RunTime:0.001829s ]
INFO: [ view_template ] --END-- [ RunTime:0.002108s ]
INFO: [ view_parse ] --START--
INFO: Run ParseTemplate Behavior [ RunTime:0.017578s ]
INFO: [ view_parse ] --END-- [ RunTime:0.017798s ]
INFO: [ view_filter ] --START--
INFO: Run ContentReplace Behavior [ RunTime:0.000858s ]
INFO: Run TokenBuild Behavior [ RunTime:0.000918s ]
INFO: Run WriteHtmlCache Behavior [ RunTime:0.000730s ]
INFO: Run ShowRuntime Behavior [ RunTime:0.001085s ]
INFO: [ view_filter ] --END-- [ RunTime:0.004041s ]
INFO: [ view_end ] --START--
INFO: Run ShowPageTrace Behavior [ RunTime:0.001167s ]
INFO: [ view_end ] --END-- [ RunTime:0.001323s ]
INFO: [ view_template ] --START--
INFO: Run LocationTemplate Behavior [ RunTime:0.000320s ]
INFO: [ view_template ] --END-- [ RunTime:-0.023834s ]
INFO: [ view_parse ] --START--
INFO: Run ParseTemplate Behavior [ RunTime:0.004144s ]
INFO: [ view_parse ] --END-- [ RunTime:-0.006404s ]
INFO: [ view_filter ] --START--
INFO: Run ContentReplace Behavior [ RunTime:0.000145s ]
INFO: Run TokenBuild Behavior [ RunTime:0.000130s ]
INFO: Run WriteHtmlCache Behavior [ RunTime:0.000029s ]
INFO: Run ShowRuntime Behavior [ RunTime:0.000197s ]
INFO: [ view_filter ] --END-- [ RunTime:-0.006667s ]
INFO: [ view_end ] --START--
INFO: Run ShowPageTrace Behavior [ RunTime:0.000104s ]
INFO: [ view_end ] --END-- [ RunTime:-0.006201s ]

[ 2013-08-15T11:12:13+08:00 ] 0.0.0.0 /papawithme/index.php/Home/editProfile
INFO: [ route_check ] --START--
INFO: Run CheckRoute Behavior [ RunTime:0.000780s ]
INFO: [ route_check ] --END-- [ RunTime:0.000887s ]
INFO: [ app_begin ] --START--
INFO: Run ReadHtmlCache Behavior [ RunTime:0.000598s ]
INFO: [ app_begin ] --END-- [ RunTime:0.000689s ]
SQL: SHOW COLUMNS FROM `think_user_profile` [ RunTime:0.006531s ]
SQL: SELECT * FROM `think_user_profile` WHERE ( `user_name` = 'root' )  [ RunTime:0.000792s ]
INFO: [ view_template ] --START--
INFO: Run LocationTemplate Behavior [ RunTime:0.001862s ]
INFO: [ view_template ] --END-- [ RunTime:0.002138s ]
INFO: [ view_parse ] --START--
INFO: Run ParseTemplate Behavior [ RunTime:0.025129s ]
INFO: [ view_parse ] --END-- [ RunTime:0.025322s ]
INFO: [ view_filter ] --START--
INFO: Run ContentReplace Behavior [ RunTime:0.000752s ]
INFO: Run TokenBuild Behavior [ RunTime:0.000697s ]
INFO: Run WriteHtmlCache Behavior [ RunTime:0.000536s ]
INFO: Run ShowRuntime Behavior [ RunTime:0.000793s ]
INFO: [ view_filter ] --END-- [ RunTime:0.003113s ]
INFO: [ view_end ] --START--
INFO: Run ShowPageTrace Behavior [ RunTime:0.000824s ]
INFO: [ view_end ] --END-- [ RunTime:0.000939s ]
INFO: [ view_template ] --START--
INFO: Run LocationTemplate Behavior [ RunTime:0.000238s ]
INFO: [ view_template ] --END-- [ RunTime:-0.029957s ]
INFO: [ view_parse ] --START--
INFO: Run ParseTemplate Behavior [ RunTime:0.003019s ]
INFO: [ view_parse ] --END-- [ RunTime:-0.004838s ]
INFO: [ view_filter ] --START--
INFO: Run ContentReplace Behavior [ RunTime:0.000104s ]
INFO: Run TokenBuild Behavior [ RunTime:0.000095s ]
INFO: Run WriteHtmlCache Behavior [ RunTime:0.000022s ]
INFO: Run ShowRuntime Behavior [ RunTime:0.000144s ]
INFO: [ view_filter ] --END-- [ RunTime:-0.004871s ]
INFO: [ view_end ] --START--
INFO: Run ShowPageTrace Behavior [ RunTime:0.000077s ]
INFO: [ view_end ] --END-- [ RunTime:-0.004507s ]

[ 2013-08-15T11:12:19+08:00 ] 0.0.0.0 /papawithme/index.php/Home/calenderbg.gif
INFO: [ route_check ] --START--
INFO: Run CheckRoute Behavior [ RunTime:0.000842s ]
INFO: [ route_check ] --END-- [ RunTime:0.000967s ]
INFO: [ app_begin ] --START--
INFO: Run ReadHtmlCache Behavior [ RunTime:0.000705s ]
INFO: [ app_begin ] --END-- [ RunTime:0.000819s ]
ERR: 非法操作:calenderbg.gif

[ 2013-08-15T11:12:22+08:00 ] 0.0.0.0 /papawithme/index.php/Home/updateProfile
INFO: [ route_check ] --START--
INFO: Run CheckRoute Behavior [ RunTime:0.000775s ]
INFO: [ route_check ] --END-- [ RunTime:0.000897s ]
INFO: [ app_begin ] --START--
INFO: Run ReadHtmlCache Behavior [ RunTime:0.000568s ]
INFO: [ app_begin ] --END-- [ RunTime:0.000658s ]
SQL: SHOW COLUMNS FROM `think_user_profile` [ RunTime:0.006810s ]
NOTIC: 建议使用I方法替代_param
NOTIC: 建议使用I方法替代_param
NOTIC: 建议使用I方法替代_param
NOTIC: 建议使用I方法替代_param
NOTIC: 建议使用I方法替代_param
NOTIC: 建议使用I方法替代_param
NOTIC: 建议使用I方法替代_param
NOTIC: 建议使用I方法替代_param
NOTIC: 建议使用I方法替代_param
SQL: INSERT INTO `think_user_profile` (`profile_head`,`profile_name`,`profile_sex`,`user_name`,`profile_motto`,`profile_skill`,`profile_hobby`,`profile_now`,`profile_department`,`profile_birthday`,`profile_autobiography`) VALUES (0,'杨睿','男生','root','哈哈','','','','','2013-8-20','') [ RunTime:0.091229s ]
INFO: [ view_template ] --START--
INFO: Run LocationTemplate Behavior [ RunTime:0.004669s ]
INFO: [ view_template ] --END-- [ RunTime:0.004959s ]
INFO: [ view_parse ] --START--
INFO: Run ParseTemplate Behavior [ RunTime:0.027628s ]
INFO: [ view_parse ] --END-- [ RunTime:0.027986s ]
INFO: [ view_filter ] --START--
INFO: Run ContentReplace Behavior [ RunTime:0.003216s ]
INFO: Run TokenBuild Behavior [ RunTime:0.002987s ]
INFO: Run WriteHtmlCache Behavior [ RunTime:0.001846s ]
INFO: Run ShowRuntime Behavior [ RunTime:0.002159s ]
INFO: [ view_filter ] --END-- [ RunTime:0.010772s ]
INFO: [ view_end ] --START--
INFO: Run ShowPageTrace Behavior [ RunTime:0.002342s ]
INFO: [ view_end ] --END-- [ RunTime:0.002500s ]

[ 2013-08-15T11:12:24+08:00 ] 0.0.0.0 /papawithme/index.php/Home/profile
INFO: [ route_check ] --START--
INFO: Run CheckRoute Behavior [ RunTime:0.002529s ]
INFO: [ route_check ] --END-- [ RunTime:0.002724s ]
INFO: [ app_begin ] --START--
INFO: Run ReadHtmlCache Behavior [ RunTime:0.002147s ]
INFO: [ app_begin ] --END-- [ RunTime:0.002319s ]
SQL: SHOW COLUMNS FROM `think_user_profile` [ RunTime:0.006560s ]
SQL: SELECT * FROM `think_user_profile` WHERE ( `user_name` = 'root' )  [ RunTime:0.000842s ]
INFO: [ view_template ] --START--
INFO: Run LocationTemplate Behavior [ RunTime:0.004880s ]
INFO: [ view_template ] --END-- [ RunTime:0.005160s ]
INFO: [ view_parse ] --START--
INFO: Run ParseTemplate Behavior [ RunTime:0.028898s ]
INFO: [ view_parse ] --END-- [ RunTime:0.029216s ]
INFO: [ view_filter ] --START--
INFO: Run ContentReplace Behavior [ RunTime:0.003214s ]
INFO: Run TokenBuild Behavior [ RunTime:0.003220s ]
INFO: Run WriteHtmlCache Behavior [ RunTime:0.002860s ]
INFO: Run ShowRuntime Behavior [ RunTime:0.002212s ]
INFO: [ view_filter ] --END-- [ RunTime:0.012133s ]
INFO: [ view_end ] --START--
INFO: Run ShowPageTrace Behavior [ RunTime:0.002313s ]
INFO: [ view_end ] --END-- [ RunTime:0.002469s ]
INFO: [ view_template ] --START--
INFO: Run LocationTemplate Behavior [ RunTime:0.001043s ]
INFO: [ view_template ] --END-- [ RunTime:-0.044565s ]
INFO: [ view_parse ] --START--
INFO: Run ParseTemplate Behavior [ RunTime:0.005207s ]
INFO: [ view_parse ] --END-- [ RunTime:-0.016434s ]
INFO: [ view_filter ] --START--
INFO: Run ContentReplace Behavior [ RunTime:0.000141s ]
INFO: Run TokenBuild Behavior [ RunTime:0.000132s ]
INFO: Run WriteHtmlCache Behavior [ RunTime:0.000030s ]
INFO: Run ShowRuntime Behavior [ RunTime:0.000203s ]
INFO: [ view_filter ] --END-- [ RunTime:-0.009595s ]
INFO: [ view_end ] --START--
INFO: Run ShowPageTrace Behavior [ RunTime:0.000108s ]
INFO: [ view_end ] --END-- [ RunTime:-0.007968s ]

[ 2013-08-15T11:12:46+08:00 ] 0.0.0.0 /papawithme/index.php/Home
INFO: [ route_check ] --START--
INFO: Run CheckRoute Behavior [ RunTime:0.001400s ]
INFO: [ route_check ] --END-- [ RunTime:0.001509s ]
INFO: [ app_begin ] --START--
INFO: Run ReadHtmlCache Behavior [ RunTime:0.001219s ]
INFO: [ app_begin ] --END-- [ RunTime:0.001315s ]
INFO: [ view_template ] --START--
INFO: Run LocationTemplate Behavior [ RunTime:0.001507s ]
INFO: [ view_template ] --END-- [ RunTime:0.001605s ]
INFO: [ view_parse ] --START--
INFO: Run ParseTemplate Behavior [ RunTime:0.010061s ]
INFO: [ view_parse ] --END-- [ RunTime:0.010170s ]
INFO: [ view_filter ] --START--
INFO: Run ContentReplace Behavior [ RunTime:0.001033s ]
INFO: Run TokenBuild Behavior [ RunTime:0.001034s ]
INFO: Run WriteHtmlCache Behavior [ RunTime:0.000844s ]
INFO: Run ShowRuntime Behavior [ RunTime:0.000869s ]
INFO: [ view_filter ] --END-- [ RunTime:0.004000s ]
INFO: [ view_end ] --START--
INFO: Run ShowPageTrace Behavior [ RunTime:0.000888s ]
INFO: [ view_end ] --END-- [ RunTime:0.000948s ]
INFO: [ view_template ] --START--
INFO: Run LocationTemplate Behavior [ RunTime:0.000431s ]
INFO: [ view_template ] --END-- [ RunTime:-0.015384s ]
INFO: [ view_parse ] --START--
INFO: Run ParseTemplate Behavior [ RunTime:0.002202s ]
INFO: [ view_parse ] --END-- [ RunTime:-0.005682s ]
INFO: [ view_filter ] --START--
INFO: Run ContentReplace Behavior [ RunTime:0.000056s ]
INFO: Run TokenBuild Behavior [ RunTime:0.000051s ]
INFO: Run WriteHtmlCache Behavior [ RunTime:0.000012s ]
INFO: Run ShowRuntime Behavior [ RunTime:0.000078s ]
INFO: [ view_filter ] --END-- [ RunTime:-0.003933s ]
INFO: [ view_end ] --START--
INFO: Run ShowPageTrace Behavior [ RunTime:0.000041s ]
INFO: [ view_end ] --END-- [ RunTime:-0.003310s ]

[ 2013-08-15T11:12:50+08:00 ] 0.0.0.0 /papawithme/index.php/Meet/preCheckIn/pre_type/1
INFO: [ route_check ] --START--
INFO: Run CheckRoute Behavior [ RunTime:0.001416s ]
INFO: [ route_check ] --END-- [ RunTime:0.001530s ]
INFO: [ app_begin ] --START--
INFO: Run ReadHtmlCache Behavior [ RunTime:0.001196s ]
INFO: [ app_begin ] --END-- [ RunTime:0.001295s ]
SQL: SHOW COLUMNS FROM `think_user_profile` [ RunTime:0.006635s ]
SQL: SELECT * FROM `think_user_profile` WHERE ( `user_name` = 'root' )  [ RunTime:0.000861s ]
INFO: [ view_template ] --START--
INFO: Run LocationTemplate Behavior [ RunTime:0.004829s ]
INFO: [ view_template ] --END-- [ RunTime:0.005140s ]
INFO: [ view_parse ] --START--
INFO: Run ParseTemplate Behavior [ RunTime:0.020500s ]
INFO: [ view_parse ] --END-- [ RunTime:0.020725s ]
INFO: [ view_filter ] --START--
INFO: Run ContentReplace Behavior [ RunTime:0.002029s ]
INFO: Run TokenBuild Behavior [ RunTime:0.002025s ]
INFO: Run WriteHtmlCache Behavior [ RunTime:0.001828s ]
INFO: Run ShowRuntime Behavior [ RunTime:0.002134s ]
INFO: [ view_filter ] --END-- [ RunTime:0.008475s ]
INFO: [ view_end ] --START--
INFO: Run ShowPageTrace Behavior [ RunTime:0.002325s ]
INFO: [ view_end ] --END-- [ RunTime:0.002485s ]
INFO: [ view_template ] --START--
INFO: Run LocationTemplate Behavior [ RunTime:0.001064s ]
INFO: [ view_template ] --END-- [ RunTime:-0.032381s ]
INFO: [ view_parse ] --START--
INFO: Run ParseTemplate Behavior [ RunTime:0.004346s ]
INFO: [ view_parse ] --END-- [ RunTime:-0.012778s ]
INFO: [ view_filter ] --START--
INFO: Run ContentReplace Behavior [ RunTime:0.000078s ]
INFO: Run TokenBuild Behavior [ RunTime:0.000073s ]
INFO: Run WriteHtmlCache Behavior [ RunTime:0.000016s ]
INFO: Run ShowRuntime Behavior [ RunTime:0.000110s ]
INFO: [ view_filter ] --END-- [ RunTime:-0.008706s ]
INFO: [ view_end ] --START--
INFO: Run ShowPageTrace Behavior [ RunTime:0.000057s ]
INFO: [ view_end ] --END-- [ RunTime:-0.006603s ]

[ 2013-08-15T11:12:54+08:00 ] 0.0.0.0 /papawithme/index.php/Meet/checkIn/pre_type/1
INFO: [ route_check ] --START--
INFO: Run CheckRoute Behavior [ RunTime:0.001407s ]
INFO: [ route_check ] --END-- [ RunTime:0.001514s ]
INFO: [ app_begin ] --START--
INFO: Run ReadHtmlCache Behavior [ RunTime:0.001194s ]
INFO: [ app_begin ] --END-- [ RunTime:0.001287s ]
INFO: [ view_template ] --START--
INFO: Run LocationTemplate Behavior [ RunTime:0.001557s ]
INFO: [ view_template ] --END-- [ RunTime:0.001654s ]
INFO: [ view_parse ] --START--
INFO: Run ParseTemplate Behavior [ RunTime:0.010947s ]
INFO: [ view_parse ] --END-- [ RunTime:0.011063s ]
INFO: [ view_filter ] --START--
INFO: Run ContentReplace Behavior [ RunTime:0.000902s ]
INFO: Run TokenBuild Behavior [ RunTime:0.000991s ]
INFO: Run WriteHtmlCache Behavior [ RunTime:0.000774s ]
INFO: Run ShowRuntime Behavior [ RunTime:0.000936s ]
INFO: [ view_filter ] --END-- [ RunTime:0.003803s ]
INFO: [ view_end ] --START--
INFO: Run ShowPageTrace Behavior [ RunTime:0.000960s ]
INFO: [ view_end ] --END-- [ RunTime:0.001024s ]
INFO: [ view_template ] --START--
INFO: Run LocationTemplate Behavior [ RunTime:0.000407s ]
INFO: [ view_template ] --END-- [ RunTime:-0.016159s ]
INFO: [ view_parse ] --START--
INFO: Run ParseTemplate Behavior [ RunTime:0.002231s ]
INFO: [ view_parse ] --END-- [ RunTime:-0.005546s ]
INFO: [ view_filter ] --START--
INFO: Run ContentReplace Behavior [ RunTime:0.000058s ]
INFO: Run TokenBuild Behavior [ RunTime:0.000052s ]
INFO: Run WriteHtmlCache Behavior [ RunTime:0.000012s ]
INFO: Run ShowRuntime Behavior [ RunTime:0.000080s ]
INFO: [ view_filter ] --END-- [ RunTime:-0.004030s ]
INFO: [ view_end ] --START--
INFO: Run ShowPageTrace Behavior [ RunTime:0.000042s ]
INFO: [ view_end ] --END-- [ RunTime:-0.003336s ]

[ 2013-08-15T11:13:07+08:00 ] 0.0.0.0 /papawithme/index.php/Meet/updateCheckIn/pre_type/1
INFO: [ route_check ] --START--
INFO: Run CheckRoute Behavior [ RunTime:0.001379s ]
INFO: [ route_check ] --END-- [ RunTime:0.001491s ]
INFO: [ app_begin ] --START--
INFO: Run ReadHtmlCache Behavior [ RunTime:0.001188s ]
INFO: [ app_begin ] --END-- [ RunTime:0.001280s ]
SQL: SHOW COLUMNS FROM `think_meeting` [ RunTime:0.007047s ]
SQL: SHOW COLUMNS FROM `think_user_profile` [ RunTime:0.006411s ]
SQL: SELECT * FROM `think_user_profile` WHERE ( `user_name` = 'root' )  [ RunTime:0.000868s ]
NOTIC: 建议使用I方法替代_param
NOTIC: 建议使用I方法替代_param
NOTIC: 建议使用I方法替代_param
NOTIC: 建议使用I方法替代_param
NOTIC: 建议使用I方法替代_param
NOTIC: 建议使用I方法替代_param
SQL: INSERT INTO `think_meeting` (`type`,`user_name`,`attach0`,`attach1`,`attach2`,`attach3`,`attach4`,`attach5`) VALUES (1,'root','老婆','','','','','') [ RunTime:0.157224s ]
INFO: [ view_template ] --START--
INFO: Run LocationTemplate Behavior [ RunTime:0.004625s ]
INFO: [ view_template ] --END-- [ RunTime:0.004907s ]
INFO: [ view_parse ] --START--
INFO: Run ParseTemplate Behavior [ RunTime:0.023348s ]
INFO: [ view_parse ] --END-- [ RunTime:0.023546s ]
INFO: [ view_filter ] --START--
INFO: Run ContentReplace Behavior [ RunTime:0.001537s ]
INFO: Run TokenBuild Behavior [ RunTime:0.001566s ]
INFO: Run WriteHtmlCache Behavior [ RunTime:0.001407s ]
INFO: Run ShowRuntime Behavior [ RunTime:0.001665s ]
INFO: [ view_filter ] --END-- [ RunTime:0.006545s ]
INFO: [ view_end ] --START--
INFO: Run ShowPageTrace Behavior [ RunTime:0.001761s ]
INFO: [ view_end ] --END-- [ RunTime:0.001881s ]

[ 2013-08-15T11:13:08+08:00 ] 0.0.0.0 /papawithme/index.php/Meet/checkIn/pre_type/1
INFO: [ route_check ] --START--
INFO: Run CheckRoute Behavior [ RunTime:0.002241s ]
INFO: [ route_check ] --END-- [ RunTime:0.002408s ]
INFO: [ app_begin ] --START--
INFO: Run ReadHtmlCache Behavior [ RunTime:0.001888s ]
INFO: [ app_begin ] --END-- [ RunTime:0.002039s ]
INFO: [ view_template ] --START--
INFO: Run LocationTemplate Behavior [ RunTime:0.002434s ]
INFO: [ view_template ] --END-- [ RunTime:0.002589s ]
INFO: [ view_parse ] --START--
INFO: Run ParseTemplate Behavior [ RunTime:0.009613s ]
INFO: [ view_parse ] --END-- [ RunTime:0.009729s ]
INFO: [ view_filter ] --START--
INFO: Run ContentReplace Behavior [ RunTime:0.000814s ]
INFO: Run TokenBuild Behavior [ RunTime:0.000782s ]
INFO: Run WriteHtmlCache Behavior [ RunTime:0.000721s ]
INFO: Run ShowRuntime Behavior [ RunTime:0.000853s ]
INFO: [ view_filter ] --END-- [ RunTime:0.003346s ]
INFO: [ view_end ] --START--
INFO: Run ShowPageTrace Behavior [ RunTime:0.000906s ]
INFO: [ view_end ] --END-- [ RunTime:0.000967s ]
INFO: [ view_template ] --START--
INFO: Run LocationTemplate Behavior [ RunTime:0.000390s ]
INFO: [ view_template ] --END-- [ RunTime:-0.014346s ]
INFO: [ view_parse ] --START--
INFO: Run ParseTemplate Behavior [ RunTime:0.002097s ]
INFO: [ view_parse ] --END-- [ RunTime:-0.004988s ]
INFO: [ view_filter ] --START--
INFO: Run ContentReplace Behavior [ RunTime:0.000066s ]
INFO: Run TokenBuild Behavior [ RunTime:0.000057s ]
INFO: Run WriteHtmlCache Behavior [ RunTime:0.000024s ]
INFO: Run ShowRuntime Behavior [ RunTime:0.000078s ]
INFO: [ view_filter ] --END-- [ RunTime:-0.003800s ]
INFO: [ view_end ] --START--
INFO: Run ShowPageTrace Behavior [ RunTime:0.000041s ]
INFO: [ view_end ] --END-- [ RunTime:-0.003213s ]

[ 2013-08-15T11:13:18+08:00 ] 0.0.0.0 /papawithme/index.php/Home
INFO: [ route_check ] --START--
INFO: Run CheckRoute Behavior [ RunTime:0.001389s ]
INFO: [ route_check ] --END-- [ RunTime:0.001497s ]
INFO: [ app_begin ] --START--
INFO: Run ReadHtmlCache Behavior [ RunTime:0.001193s ]
INFO: [ app_begin ] --END-- [ RunTime:0.001285s ]
INFO: [ view_template ] --START--
INFO: Run LocationTemplate Behavior [ RunTime:0.001562s ]
INFO: [ view_template ] --END-- [ RunTime:0.001661s ]
INFO: [ view_parse ] --START--
INFO: Run ParseTemplate Behavior [ RunTime:0.008151s ]
INFO: [ view_parse ] --END-- [ RunTime:0.008242s ]
INFO: [ view_filter ] --START--
INFO: Run ContentReplace Behavior [ RunTime:0.000855s ]
INFO: Run TokenBuild Behavior [ RunTime:0.000860s ]
INFO: Run WriteHtmlCache Behavior [ RunTime:0.000788s ]
INFO: Run ShowRuntime Behavior [ RunTime:0.000920s ]
INFO: [ view_filter ] --END-- [ RunTime:0.003643s ]
INFO: [ view_end ] --START--
INFO: Run ShowPageTrace Behavior [ RunTime:0.001049s ]
INFO: [ view_end ] --END-- [ RunTime:0.001112s ]
INFO: [ view_template ] --START--
INFO: Run LocationTemplate Behavior [ RunTime:0.000437s ]
INFO: [ view_template ] --END-- [ RunTime:-0.013250s ]
INFO: [ view_parse ] --START--
INFO: Run ParseTemplate Behavior [ RunTime:0.002111s ]
INFO: [ view_parse ] --END-- [ RunTime:-0.005482s ]
INFO: [ view_filter ] --START--
INFO: Run ContentReplace Behavior [ RunTime:0.000054s ]
INFO: Run TokenBuild Behavior [ RunTime:0.000052s ]
INFO: Run WriteHtmlCache Behavior [ RunTime:0.000011s ]
INFO: Run ShowRuntime Behavior [ RunTime:0.000079s ]
INFO: [ view_filter ] --END-- [ RunTime:-0.004041s ]
INFO: [ view_end ] --START--
INFO: Run ShowPageTrace Behavior [ RunTime:0.000042s ]
INFO: [ view_end ] --END-- [ RunTime:-0.003277s ]

[ 2013-08-15T11:32:11+08:00 ] 0.0.0.0 /papawithme/index.php/Home
INFO: [ route_check ] --START--
INFO: Run CheckRoute Behavior [ RunTime:0.001590s ]
INFO: [ route_check ] --END-- [ RunTime:0.001754s ]
INFO: [ app_begin ] --START--
INFO: Run ReadHtmlCache Behavior [ RunTime:0.001392s ]
INFO: [ app_begin ] --END-- [ RunTime:0.001531s ]
INFO: [ view_template ] --START--
INFO: Run LocationTemplate Behavior [ RunTime:0.001639s ]
INFO: [ view_template ] --END-- [ RunTime:0.001785s ]
INFO: [ view_parse ] --START--
INFO: Run ParseTemplate Behavior [ RunTime:0.012128s ]
INFO: [ view_parse ] --END-- [ RunTime:0.012286s ]
INFO: [ view_filter ] --START--
INFO: Run ContentReplace Behavior [ RunTime:0.000969s ]
INFO: Run TokenBuild Behavior [ RunTime:0.000910s ]
INFO: Run WriteHtmlCache Behavior [ RunTime:0.000544s ]
INFO: Run ShowRuntime Behavior [ RunTime:0.000712s ]
INFO: [ view_filter ] --END-- [ RunTime:0.003420s ]
INFO: [ view_end ] --START--
INFO: Run ShowPageTrace Behavior [ RunTime:0.000678s ]
INFO: [ view_end ] --END-- [ RunTime:0.000750s ]
INFO: [ view_template ] --START--
INFO: Run LocationTemplate Behavior [ RunTime:0.000303s ]
INFO: [ view_template ] --END-- [ RunTime:-0.016838s ]
INFO: [ view_parse ] --START--
INFO: Run ParseTemplate Behavior [ RunTime:0.001881s ]
INFO: [ view_parse ] --END-- [ RunTime:-0.004860s ]
INFO: [ view_filter ] --START--
INFO: Run ContentReplace Behavior [ RunTime:0.000057s ]
INFO: Run TokenBuild Behavior [ RunTime:0.000052s ]
INFO: Run WriteHtmlCache Behavior [ RunTime:0.000012s ]
INFO: Run ShowRuntime Behavior [ RunTime:0.000082s ]
INFO: [ view_filter ] --END-- [ RunTime:-0.003326s ]
INFO: [ view_end ] --START--
INFO: Run ShowPageTrace Behavior [ RunTime:0.000043s ]
INFO: [ view_end ] --END-- [ RunTime:-0.002886s ]

[ 2013-08-15T11:38:25+08:00 ] 0.0.0.0 /papawithme/index.php/Home
INFO: [ route_check ] --START--
INFO: Run CheckRoute Behavior [ RunTime:0.001258s ]
INFO: [ route_check ] --END-- [ RunTime:0.001446s ]
INFO: [ app_begin ] --START--
INFO: Run ReadHtmlCache Behavior [ RunTime:0.000890s ]
INFO: [ app_begin ] --END-- [ RunTime:0.001026s ]
INFO: [ view_template ] --START--
INFO: Run LocationTemplate Behavior [ RunTime:0.000979s ]
INFO: [ view_template ] --END-- [ RunTime:0.001111s ]
INFO: [ view_parse ] --START--
INFO: Run ParseTemplate Behavior [ RunTime:0.011311s ]
INFO: [ view_parse ] --END-- [ RunTime:0.011467s ]
INFO: [ view_filter ] --START--
INFO: Run ContentReplace Behavior [ RunTime:0.000708s ]
INFO: Run TokenBuild Behavior [ RunTime:0.000687s ]
INFO: Run WriteHtmlCache Behavior [ RunTime:0.000549s ]
INFO: Run ShowRuntime Behavior [ RunTime:0.000837s ]
INFO: [ view_filter ] --END-- [ RunTime:0.003117s ]
INFO: [ view_end ] --START--
INFO: Run ShowPageTrace Behavior [ RunTime:0.000903s ]
INFO: [ view_end ] --END-- [ RunTime:0.001021s ]
INFO: [ view_template ] --START--
INFO: Run LocationTemplate Behavior [ RunTime:0.000320s ]
INFO: [ view_template ] --END-- [ RunTime:-0.016048s ]
INFO: [ view_parse ] --START--
INFO: Run ParseTemplate Behavior [ RunTime:0.003125s ]
INFO: [ view_parse ] --END-- [ RunTime:-0.005004s ]
INFO: [ view_filter ] --START--
INFO: Run ContentReplace Behavior [ RunTime:0.000075s ]
INFO: Run TokenBuild Behavior [ RunTime:0.000071s ]
INFO: Run WriteHtmlCache Behavior [ RunTime:0.000015s ]
INFO: Run ShowRuntime Behavior [ RunTime:0.000105s ]
INFO: [ view_filter ] --END-- [ RunTime:-0.005083s ]
INFO: [ view_end ] --START--
INFO: Run ShowPageTrace Behavior [ RunTime:0.000053s ]
INFO: [ view_end ] --END-- [ RunTime:-0.004470s ]

[ 2013-08-15T11:38:29+08:00 ] 0.0.0.0 /papawithme/index.php/Meet/browse/type/2
INFO: [ route_check ] --START--
INFO: Run CheckRoute Behavior [ RunTime:0.000769s ]
INFO: [ route_check ] --END-- [ RunTime:0.000856s ]
INFO: [ app_begin ] --START--
INFO: Run ReadHtmlCache Behavior [ RunTime:0.000535s ]
INFO: [ app_begin ] --END-- [ RunTime:0.000602s ]
SQL: SHOW COLUMNS FROM `think_meeting` [ RunTime:0.006899s ]
SQL: SELECT * FROM `think_meeting` WHERE ( `type` = 2 )  [ RunTime:0.000901s ]
INFO: [ view_template ] --START--
INFO: Run LocationTemplate Behavior [ RunTime:0.002222s ]
INFO: [ view_template ] --END-- [ RunTime:0.002500s ]
INFO: [ view_parse ] --START--
NOTIC: [8] Undefined variable: public C:\wamp\www\papawithme\Runtime\Cache\5dd01b6900f6bd364ffefd4e31a417a9.php 第 6 行.
NOTIC: [8] Undefined variable: public C:\wamp\www\papawithme\Runtime\Cache\5dd01b6900f6bd364ffefd4e31a417a9.php 第 14 行.
INFO: Run ParseTemplate Behavior [ RunTime:0.018854s ]
INFO: [ view_parse ] --END-- [ RunTime:0.019135s ]
INFO: [ view_filter ] --START--
INFO: Run ContentReplace Behavior [ RunTime:0.001497s ]
INFO: Run TokenBuild Behavior [ RunTime:0.001614s ]
INFO: Run WriteHtmlCache Behavior [ RunTime:0.001264s ]
INFO: Run ShowRuntime Behavior [ RunTime:0.001788s ]
INFO: [ view_filter ] --END-- [ RunTime:0.006996s ]
INFO: [ view_end ] --START--
INFO: Run ShowPageTrace Behavior [ RunTime:0.002060s ]
INFO: [ view_end ] --END-- [ RunTime:0.002317s ]
INFO: [ view_template ] --START--
INFO: Run LocationTemplate Behavior [ RunTime:0.000721s ]
INFO: [ view_template ] --END-- [ RunTime:-0.029392s ]
INFO: [ view_parse ] --START--
NOTIC: [8] Undefined variable: appdir C:\wamp\www\papawithme\Runtime\Cache\d75e707f896ca02218477aebb1b6c12f.php 第 6 行.
NOTIC: [8] Undefined variable: appdir C:\wamp\www\papawithme\Runtime\Cache\d75e707f896ca02218477aebb1b6c12f.php 第 23 行.
NOTIC: [8] Undefined variable: appdir C:\wamp\www\papawithme\Runtime\Cache\d75e707f896ca02218477aebb1b6c12f.php 第 33 行.
INFO: Run ParseTemplate Behavior [ RunTime:0.006420s ]
INFO: [ view_parse ] --END-- [ RunTime:-0.011206s ]
INFO: [ view_filter ] --START--
INFO: Run ContentReplace Behavior [ RunTime:0.000140s ]
INFO: Run TokenBuild Behavior [ RunTime:0.000131s ]
INFO: Run WriteHtmlCache Behavior [ RunTime:0.000029s ]
INFO: Run ShowRuntime Behavior [ RunTime:0.000217s ]
INFO: [ view_filter ] --END-- [ RunTime:-0.010749s ]
INFO: [ view_end ] --START--
INFO: Run ShowPageTrace Behavior [ RunTime:0.000107s ]
INFO: [ view_end ] --END-- [ RunTime:-0.009186s ]

[ 2013-08-15T11:39:00+08:00 ] 0.0.0.0 /papawithme/index.php/Meet/browse/type/2
INFO: [ route_check ] --START--
INFO: Run CheckRoute Behavior [ RunTime:0.001623s ]
INFO: [ route_check ] --END-- [ RunTime:0.001804s ]
INFO: [ app_begin ] --START--
INFO: Run ReadHtmlCache Behavior [ RunTime:0.001143s ]
INFO: [ app_begin ] --END-- [ RunTime:0.001301s ]
SQL: SHOW COLUMNS FROM `think_meeting` [ RunTime:0.006342s ]
SQL: SELECT * FROM `think_meeting` WHERE ( `type` = 2 )  [ RunTime:0.000828s ]
INFO: [ view_template ] --START--
INFO: Run LocationTemplate Behavior [ RunTime:0.002294s ]
INFO: [ view_template ] --END-- [ RunTime:0.002586s ]
INFO: [ view_parse ] --START--
INFO: Run ParseTemplate Behavior [ RunTime:0.018460s ]
INFO: [ view_parse ] --END-- [ RunTime:0.018764s ]
INFO: [ view_filter ] --START--
INFO: Run ContentReplace Behavior [ RunTime:0.001575s ]
INFO: Run TokenBuild Behavior [ RunTime:0.001052s ]
INFO: Run WriteHtmlCache Behavior [ RunTime:0.000837s ]
INFO: Run ShowRuntime Behavior [ RunTime:0.001122s ]
INFO: [ view_filter ] --END-- [ RunTime:0.005152s ]
INFO: [ view_end ] --START--
INFO: Run ShowPageTrace Behavior [ RunTime:0.001229s ]
INFO: [ view_end ] --END-- [ RunTime:0.001373s ]
INFO: [ view_template ] --START--
INFO: Run LocationTemplate Behavior [ RunTime:0.000405s ]
INFO: [ view_template ] --END-- [ RunTime:-0.026009s ]
INFO: [ view_parse ] --START--
INFO: Run ParseTemplate Behavior [ RunTime:0.004134s ]
INFO: [ view_parse ] --END-- [ RunTime:-0.007681s ]
INFO: [ view_filter ] --START--
INFO: Run ContentReplace Behavior [ RunTime:0.000129s ]
INFO: Run TokenBuild Behavior [ RunTime:0.000122s ]
INFO: Run WriteHtmlCache Behavior [ RunTime:0.000026s ]
INFO: Run ShowRuntime Behavior [ RunTime:0.000181s ]
INFO: [ view_filter ] --END-- [ RunTime:-0.006734s ]
INFO: [ view_end ] --START--
INFO: Run ShowPageTrace Behavior [ RunTime:0.000100s ]
INFO: [ view_end ] --END-- [ RunTime:-0.006130s ]

[ 2013-08-15T11:39:25+08:00 ] 0.0.0.0 /papawithme/index.php/Meet/browse/type/2
INFO: [ route_check ] --START--
INFO: Run CheckRoute Behavior [ RunTime:0.000948s ]
INFO: [ route_check ] --END-- [ RunTime:0.001079s ]
INFO: [ app_begin ] --START--
INFO: Run ReadHtmlCache Behavior [ RunTime:0.000637s ]
INFO: [ app_begin ] --END-- [ RunTime:0.000731s ]
SQL: SHOW COLUMNS FROM `think_meeting` [ RunTime:0.006421s ]
SQL: SELECT * FROM `think_meeting` WHERE ( `type` = 2 )  [ RunTime:0.000834s ]
INFO: [ view_template ] --START--
INFO: Run LocationTemplate Behavior [ RunTime:0.002354s ]
INFO: [ view_template ] --END-- [ RunTime:0.002633s ]
INFO: [ view_parse ] --START--
INFO: Run ParseTemplate Behavior [ RunTime:0.018782s ]
INFO: [ view_parse ] --END-- [ RunTime:0.019076s ]
INFO: [ view_filter ] --START--
INFO: Run ContentReplace Behavior [ RunTime:0.000926s ]
INFO: Run TokenBuild Behavior [ RunTime:0.000979s ]
INFO: Run WriteHtmlCache Behavior [ RunTime:0.000820s ]
INFO: Run ShowRuntime Behavior [ RunTime:0.001099s ]
INFO: [ view_filter ] --END-- [ RunTime:0.004369s ]
INFO: [ view_end ] --START--
INFO: Run ShowPageTrace Behavior [ RunTime:0.001175s ]
INFO: [ view_end ] --END-- [ RunTime:0.001321s ]
INFO: [ view_template ] --START--
INFO: Run LocationTemplate Behavior [ RunTime:0.000492s ]
INFO: [ view_template ] --END-- [ RunTime:-0.025473s ]
INFO: [ view_parse ] --START--
INFO: Run ParseTemplate Behavior [ RunTime:0.004153s ]
INFO: [ view_parse ] --END-- [ RunTime:-0.006937s ]
INFO: [ view_filter ] --START--
INFO: Run ContentReplace Behavior [ RunTime:0.000132s ]
INFO: Run TokenBuild Behavior [ RunTime:0.000125s ]
INFO: Run WriteHtmlCache Behavior [ RunTime:0.000027s ]
INFO: Run ShowRuntime Behavior [ RunTime:0.000189s ]
INFO: [ view_filter ] --END-- [ RunTime:-0.006804s ]
INFO: [ view_end ] --START--
INFO: Run ShowPageTrace Behavior [ RunTime:0.000100s ]
INFO: [ view_end ] --END-- [ RunTime:-0.006269s ]

[ 2013-08-15T11:39:29+08:00 ] 0.0.0.0 /papawithme/index.php/Meet/browse/type/1
INFO: [ route_check ] --START--
INFO: Run CheckRoute Behavior [ RunTime:0.000873s ]
INFO: [ route_check ] --END-- [ RunTime:0.000982s ]
INFO: [ app_begin ] --START--
INFO: Run ReadHtmlCache Behavior [ RunTime:0.000528s ]
INFO: [ app_begin ] --END-- [ RunTime:0.000618s ]
SQL: SHOW COLUMNS FROM `think_meeting` [ RunTime:0.005740s ]
SQL: SELECT * FROM `think_meeting` WHERE ( `type` = 1 )  [ RunTime:0.000731s ]
INFO: [ view_template ] --START--
INFO: Run LocationTemplate Behavior [ RunTime:0.001818s ]
INFO: [ view_template ] --END-- [ RunTime:0.002065s ]
INFO: [ view_parse ] --START--
NOTIC: [8] Undefined variable: users C:\wamp\www\papawithme\Runtime\Cache\5dd01b6900f6bd364ffefd4e31a417a9.php 第 21 行.
INFO: Run ParseTemplate Behavior [ RunTime:0.016445s ]
INFO: [ view_parse ] --END-- [ RunTime:0.016676s ]
INFO: [ view_filter ] --START--
INFO: Run ContentReplace Behavior [ RunTime:0.001225s ]
INFO: Run TokenBuild Behavior [ RunTime:0.001332s ]
INFO: Run WriteHtmlCache Behavior [ RunTime:0.000632s ]
INFO: Run ShowRuntime Behavior [ RunTime:0.000937s ]
INFO: [ view_filter ] --END-- [ RunTime:0.004629s ]
INFO: [ view_end ] --START--
INFO: Run ShowPageTrace Behavior [ RunTime:0.001094s ]
INFO: [ view_end ] --END-- [ RunTime:0.001230s ]
INFO: [ view_template ] --START--
INFO: Run LocationTemplate Behavior [ RunTime:0.000427s ]
INFO: [ view_template ] --END-- [ RunTime:-0.023177s ]
INFO: [ view_parse ] --START--
INFO: Run ParseTemplate Behavior [ RunTime:0.003872s ]
INFO: [ view_parse ] --END-- [ RunTime:-0.006974s ]
INFO: [ view_filter ] --START--
INFO: Run ContentReplace Behavior [ RunTime:0.000121s ]
INFO: Run TokenBuild Behavior [ RunTime:0.000116s ]
INFO: Run WriteHtmlCache Behavior [ RunTime:0.000025s ]
INFO: Run ShowRuntime Behavior [ RunTime:0.000175s ]
INFO: [ view_filter ] --END-- [ RunTime:-0.006294s ]
INFO: [ view_end ] --START--
INFO: Run ShowPageTrace Behavior [ RunTime:0.000093s ]
INFO: [ view_end ] --END-- [ RunTime:-0.005787s ]

[ 2013-08-15T11:39:33+08:00 ] 0.0.0.0 /papawithme/index.php/Meet/browse/type/3
INFO: [ route_check ] --START--
INFO: Run CheckRoute Behavior [ RunTime:0.000946s ]
INFO: [ route_check ] --END-- [ RunTime:0.001126s ]
INFO: [ app_begin ] --START--
INFO: Run ReadHtmlCache Behavior [ RunTime:0.001057s ]
INFO: [ app_begin ] --END-- [ RunTime:0.001200s ]
SQL: SHOW COLUMNS FROM `think_meeting` [ RunTime:0.006391s ]
SQL: SELECT * FROM `think_meeting` WHERE ( `type` = 3 )  [ RunTime:0.000836s ]
INFO: [ view_template ] --START--
INFO: Run LocationTemplate Behavior [ RunTime:0.002017s ]
INFO: [ view_template ] --END-- [ RunTime:0.002294s ]
INFO: [ view_parse ] --START--
INFO: Run ParseTemplate Behavior [ RunTime:0.018018s ]
INFO: [ view_parse ] --END-- [ RunTime:0.018316s ]
INFO: [ view_filter ] --START--
INFO: Run ContentReplace Behavior [ RunTime:0.001324s ]
INFO: Run TokenBuild Behavior [ RunTime:0.001402s ]
INFO: Run WriteHtmlCache Behavior [ RunTime:0.001076s ]
INFO: Run ShowRuntime Behavior [ RunTime:0.001637s ]
INFO: [ view_filter ] --END-- [ RunTime:0.006207s ]
INFO: [ view_end ] --START--
INFO: Run ShowPageTrace Behavior [ RunTime:0.001946s ]
INFO: [ view_end ] --END-- [ RunTime:0.002202s ]
INFO: [ view_template ] --START--
INFO: Run LocationTemplate Behavior [ RunTime:0.000830s ]
INFO: [ view_template ] --END-- [ RunTime:-0.027720s ]
INFO: [ view_parse ] --START--
INFO: Run ParseTemplate Behavior [ RunTime:0.007207s ]
INFO: [ view_parse ] --END-- [ RunTime:-0.010491s ]
INFO: [ view_filter ] --START--
INFO: Run ContentReplace Behavior [ RunTime:0.000228s ]
INFO: Run TokenBuild Behavior [ RunTime:0.000232s ]
INFO: Run WriteHtmlCache Behavior [ RunTime:0.000048s ]
INFO: Run ShowRuntime Behavior [ RunTime:0.000346s ]
INFO: [ view_filter ] --END-- [ RunTime:-0.011747s ]
INFO: [ view_end ] --START--
INFO: Run ShowPageTrace Behavior [ RunTime:0.000175s ]
INFO: [ view_end ] --END-- [ RunTime:-0.010965s ]

