[ 2013-08-11T09:46:44+08:00 ] 0.0.0.0 /papawithme/
INFO: [ app_begin ] --START--
INFO: Run ReadHtmlCache Behavior [ RunTime:0.016221s ]
INFO: [ app_begin ] --END-- [ RunTime:0.016358s ]
INFO: [ view_template ] --START--
INFO: Run LocationTemplate Behavior [ RunTime:0.002855s ]
INFO: [ view_template ] --END-- [ RunTime:0.003162s ]
INFO: [ view_parse ] --START--
INFO: Run ParseTemplate Behavior [ RunTime:0.057324s ]
INFO: [ view_parse ] --END-- [ RunTime:0.057618s ]
INFO: [ view_filter ] --START--
INFO: Run ContentReplace Behavior [ RunTime:0.001686s ]
INFO: Run TokenBuild Behavior [ RunTime:0.001595s ]
INFO: Run WriteHtmlCache Behavior [ RunTime:0.001584s ]
INFO: Run ShowRuntime Behavior [ RunTime:0.002101s ]
INFO: [ view_filter ] --END-- [ RunTime:0.007851s ]
INFO: [ view_end ] --START--
INFO: Run ShowPageTrace Behavior [ RunTime:0.002094s ]
INFO: [ view_end ] --END-- [ RunTime:0.002352s ]

[ 2013-08-11T09:46:48+08:00 ] 0.0.0.0 /papawithme/index.php/Index/Login
INFO: [ route_check ] --START--
INFO: Run CheckRoute Behavior [ RunTime:0.047668s ]
INFO: [ route_check ] --END-- [ RunTime:0.047882s ]
INFO: [ app_begin ] --START--
INFO: Run ReadHtmlCache Behavior [ RunTime:0.001413s ]
INFO: [ app_begin ] --END-- [ RunTime:0.001585s ]
SQL: SHOW COLUMNS FROM `think_user` [ RunTime:0.046781s ]
NOTIC: 建议使用I方法替代_param
NOTIC: 建议使用I方法替代_param
SQL: SELECT * FROM `think_user` WHERE ( `user_email` = 'root@papawith.me' ) AND ( `user_psd` = 'papawithme~' )  [ RunTime:0.000438s ]

[ 2013-08-11T09:46:48+08:00 ] 0.0.0.0 /papawithme/index.php/Home
INFO: [ route_check ] --START--
INFO: Run CheckRoute Behavior [ RunTime:0.000833s ]
INFO: [ route_check ] --END-- [ RunTime:0.000952s ]
INFO: [ app_begin ] --START--
INFO: Run ReadHtmlCache Behavior [ RunTime:0.000608s ]
INFO: [ app_begin ] --END-- [ RunTime:0.000710s ]
INFO: [ view_template ] --START--
INFO: Run LocationTemplate Behavior [ RunTime:0.000937s ]
INFO: [ view_template ] --END-- [ RunTime:0.001055s ]
INFO: [ view_parse ] --START--
INFO: Run ParseTemplate Behavior [ RunTime:0.008858s ]
INFO: [ view_parse ] --END-- [ RunTime:0.008993s ]
INFO: [ view_filter ] --START--
INFO: Run ContentReplace Behavior [ RunTime:0.000613s ]
INFO: Run TokenBuild Behavior [ RunTime:0.000611s ]
INFO: Run WriteHtmlCache Behavior [ RunTime:0.000453s ]
INFO: Run ShowRuntime Behavior [ RunTime:0.000750s ]
INFO: [ view_filter ] --END-- [ RunTime:0.002767s ]
INFO: [ view_end ] --START--
INFO: Run ShowPageTrace Behavior [ RunTime:0.001422s ]
INFO: [ view_end ] --END-- [ RunTime:0.001578s ]
INFO: [ view_template ] --START--
INFO: Run LocationTemplate Behavior [ RunTime:0.000306s ]
INFO: [ view_template ] --END-- [ RunTime:-0.013851s ]
INFO: [ view_parse ] --START--
INFO: Run ParseTemplate Behavior [ RunTime:0.003807s ]
INFO: [ view_parse ] --END-- [ RunTime:-0.005247s ]
INFO: [ view_filter ] --START--
INFO: Run ContentReplace Behavior [ RunTime:0.000087s ]
INFO: Run TokenBuild Behavior [ RunTime:0.000075s ]
INFO: Run WriteHtmlCache Behavior [ RunTime:0.000017s ]
INFO: Run ShowRuntime Behavior [ RunTime:0.000181s ]
INFO: [ view_filter ] --END-- [ RunTime:-0.006389s ]
INFO: [ view_end ] --START--
INFO: Run ShowPageTrace Behavior [ RunTime:0.000069s ]
INFO: [ view_end ] --END-- [ RunTime:-0.005214s ]

[ 2013-08-11T09:46:52+08:00 ] 0.0.0.0 /papawithme/index.php/Home/profile
INFO: [ route_check ] --START--
INFO: Run CheckRoute Behavior [ RunTime:0.000899s ]
INFO: [ route_check ] --END-- [ RunTime:0.001009s ]
INFO: [ app_begin ] --START--
INFO: Run ReadHtmlCache Behavior [ RunTime:0.000648s ]
INFO: [ app_begin ] --END-- [ RunTime:0.000741s ]
SQL: SHOW COLUMNS FROM `think_user_profile` [ RunTime:0.220310s ]
SQL: SELECT * FROM `think_user_profile` WHERE ( `user_name` = 'root' )  [ RunTime:0.000914s ]
INFO: [ view_template ] --START--
INFO: Run LocationTemplate Behavior [ RunTime:0.002656s ]
INFO: [ view_template ] --END-- [ RunTime:0.002966s ]
INFO: [ view_parse ] --START--
INFO: Run ParseTemplate Behavior [ RunTime:0.247144s ]
INFO: [ view_parse ] --END-- [ RunTime:0.247367s ]
INFO: [ view_filter ] --START--
INFO: Run ContentReplace Behavior [ RunTime:0.000411s ]
INFO: Run TokenBuild Behavior [ RunTime:0.000412s ]
INFO: Run WriteHtmlCache Behavior [ RunTime:0.000328s ]
INFO: Run ShowRuntime Behavior [ RunTime:0.000473s ]
INFO: [ view_filter ] --END-- [ RunTime:0.001819s ]
INFO: [ view_end ] --START--
INFO: Run ShowPageTrace Behavior [ RunTime:0.000525s ]
INFO: [ view_end ] --END-- [ RunTime:0.000601s ]
INFO: [ view_template ] --START--
INFO: Run LocationTemplate Behavior [ RunTime:0.000181s ]
INFO: [ view_template ] --END-- [ RunTime:-0.250226s ]
INFO: [ view_parse ] --START--
INFO: Run ParseTemplate Behavior [ RunTime:0.001977s ]
INFO: [ view_parse ] --END-- [ RunTime:-0.002966s ]
INFO: [ view_filter ] --START--
INFO: Run ContentReplace Behavior [ RunTime:0.000062s ]
INFO: Run TokenBuild Behavior [ RunTime:0.000054s ]
INFO: Run WriteHtmlCache Behavior [ RunTime:0.000014s ]
INFO: Run ShowRuntime Behavior [ RunTime:0.000082s ]
INFO: [ view_filter ] --END-- [ RunTime:-0.003199s ]
INFO: [ view_end ] --START--
INFO: Run ShowPageTrace Behavior [ RunTime:0.000043s ]
INFO: [ view_end ] --END-- [ RunTime:-0.002954s ]

[ 2013-08-11T09:47:07+08:00 ] 0.0.0.0 /papawithme/index.php/Home/Logout
INFO: [ route_check ] --START--
INFO: Run CheckRoute Behavior [ RunTime:0.000719s ]
INFO: [ route_check ] --END-- [ RunTime:0.000820s ]
INFO: [ app_begin ] --START--
INFO: Run ReadHtmlCache Behavior [ RunTime:0.000572s ]
INFO: [ app_begin ] --END-- [ RunTime:0.000663s ]

[ 2013-08-11T09:47:07+08:00 ] 0.0.0.0 /papawithme/index.php/Home/index
INFO: [ route_check ] --START--
INFO: Run CheckRoute Behavior [ RunTime:0.000964s ]
INFO: [ route_check ] --END-- [ RunTime:0.001101s ]
INFO: [ app_begin ] --START--
INFO: Run ReadHtmlCache Behavior [ RunTime:0.000736s ]
INFO: [ app_begin ] --END-- [ RunTime:0.000851s ]
INFO: [ view_template ] --START--
INFO: Run LocationTemplate Behavior [ RunTime:0.000853s ]
INFO: [ view_template ] --END-- [ RunTime:0.000977s ]
INFO: [ view_parse ] --START--
INFO: Run ParseTemplate Behavior [ RunTime:0.009072s ]
INFO: [ view_parse ] --END-- [ RunTime:0.009209s ]
INFO: [ view_filter ] --START--
INFO: Run ContentReplace Behavior [ RunTime:0.000652s ]
INFO: Run TokenBuild Behavior [ RunTime:0.000730s ]
INFO: Run WriteHtmlCache Behavior [ RunTime:0.000532s ]
INFO: Run ShowRuntime Behavior [ RunTime:0.000783s ]
INFO: [ view_filter ] --END-- [ RunTime:0.003036s ]
INFO: [ view_end ] --START--
INFO: Run ShowPageTrace Behavior [ RunTime:0.000799s ]
INFO: [ view_end ] --END-- [ RunTime:0.000930s ]
INFO: [ view_template ] --START--
INFO: Run LocationTemplate Behavior [ RunTime:0.000248s ]
INFO: [ view_template ] --END-- [ RunTime:-0.013594s ]
INFO: [ view_parse ] --START--
INFO: Run ParseTemplate Behavior [ RunTime:0.003180s ]
INFO: [ view_parse ] --END-- [ RunTime:-0.004758s ]
INFO: [ view_filter ] --START--
INFO: Run ContentReplace Behavior [ RunTime:0.000102s ]
INFO: Run TokenBuild Behavior [ RunTime:0.000096s ]
INFO: Run WriteHtmlCache Behavior [ RunTime:0.000030s ]
INFO: Run ShowRuntime Behavior [ RunTime:0.000144s ]
INFO: [ view_filter ] --END-- [ RunTime:-0.005070s ]
INFO: [ view_end ] --START--
INFO: Run ShowPageTrace Behavior [ RunTime:0.000073s ]
INFO: [ view_end ] --END-- [ RunTime:-0.004800s ]

[ 2013-08-11T09:47:09+08:00 ] 0.0.0.0 /papawithme/index.php/Home/login
INFO: [ route_check ] --START--
INFO: Run CheckRoute Behavior [ RunTime:0.001022s ]
INFO: [ route_check ] --END-- [ RunTime:0.001185s ]
INFO: [ app_begin ] --START--
INFO: Run ReadHtmlCache Behavior [ RunTime:0.000813s ]
INFO: [ app_begin ] --END-- [ RunTime:0.000986s ]
INFO: [ view_template ] --START--
INFO: Run LocationTemplate Behavior [ RunTime:0.000679s ]
INFO: [ view_template ] --END-- [ RunTime:0.000804s ]
INFO: [ view_parse ] --START--
INFO: Run ParseTemplate Behavior [ RunTime:0.032677s ]
INFO: [ view_parse ] --END-- [ RunTime:0.032821s ]
INFO: [ view_filter ] --START--
INFO: Run ContentReplace Behavior [ RunTime:0.000542s ]
INFO: Run TokenBuild Behavior [ RunTime:0.000548s ]
INFO: Run WriteHtmlCache Behavior [ RunTime:0.000409s ]
INFO: Run ShowRuntime Behavior [ RunTime:0.000548s ]
INFO: [ view_filter ] --END-- [ RunTime:0.002275s ]
INFO: [ view_end ] --START--
INFO: Run ShowPageTrace Behavior [ RunTime:0.000598s ]
INFO: [ view_end ] --END-- [ RunTime:0.000669s ]
INFO: [ view_template ] --START--
INFO: Run LocationTemplate Behavior [ RunTime:0.000138s ]
INFO: [ view_template ] --END-- [ RunTime:-0.036100s ]
INFO: [ view_parse ] --START--
INFO: Run ParseTemplate Behavior [ RunTime:0.002318s ]
INFO: [ view_parse ] --END-- [ RunTime:-0.003426s ]
INFO: [ view_filter ] --START--
INFO: Run ContentReplace Behavior [ RunTime:0.000061s ]
INFO: Run TokenBuild Behavior [ RunTime:0.000066s ]
INFO: Run WriteHtmlCache Behavior [ RunTime:0.000012s ]
INFO: Run ShowRuntime Behavior [ RunTime:0.000077s ]
INFO: [ view_filter ] --END-- [ RunTime:-0.003516s ]
INFO: [ view_end ] --START--
INFO: Run ShowPageTrace Behavior [ RunTime:0.000042s ]
INFO: [ view_end ] --END-- [ RunTime:-0.003171s ]

[ 2013-08-11T09:47:11+08:00 ] 0.0.0.0 /papawithme/index.php/Index/Login
INFO: [ route_check ] --START--
INFO: Run CheckRoute Behavior [ RunTime:0.000794s ]
INFO: [ route_check ] --END-- [ RunTime:0.000908s ]
INFO: [ app_begin ] --START--
INFO: Run ReadHtmlCache Behavior [ RunTime:0.000602s ]
INFO: [ app_begin ] --END-- [ RunTime:0.000681s ]
SQL: SHOW COLUMNS FROM `think_user` [ RunTime:0.006863s ]
NOTIC: 建议使用I方法替代_param
NOTIC: 建议使用I方法替代_param
SQL: SELECT * FROM `think_user` WHERE ( `user_email` = 'root@papawith.me' ) AND ( `user_psd` = 'papawithme~' )  [ RunTime:0.000676s ]

[ 2013-08-11T09:47:11+08:00 ] 0.0.0.0 /papawithme/index.php/Home
INFO: [ route_check ] --START--
INFO: Run CheckRoute Behavior [ RunTime:0.001105s ]
INFO: [ route_check ] --END-- [ RunTime:0.001321s ]
INFO: [ app_begin ] --START--
INFO: Run ReadHtmlCache Behavior [ RunTime:0.000777s ]
INFO: [ app_begin ] --END-- [ RunTime:0.000901s ]
INFO: [ view_template ] --START--
INFO: Run LocationTemplate Behavior [ RunTime:0.000783s ]
INFO: [ view_template ] --END-- [ RunTime:0.000938s ]
INFO: [ view_parse ] --START--
INFO: Run ParseTemplate Behavior [ RunTime:0.009242s ]
INFO: [ view_parse ] --END-- [ RunTime:0.009378s ]
INFO: [ view_filter ] --START--
INFO: Run ContentReplace Behavior [ RunTime:0.000642s ]
INFO: Run TokenBuild Behavior [ RunTime:0.000712s ]
INFO: Run WriteHtmlCache Behavior [ RunTime:0.000526s ]
INFO: Run ShowRuntime Behavior [ RunTime:0.000748s ]
INFO: [ view_filter ] --END-- [ RunTime:0.002942s ]
INFO: [ view_end ] --START--
INFO: Run ShowPageTrace Behavior [ RunTime:0.000822s ]
INFO: [ view_end ] --END-- [ RunTime:0.000928s ]
INFO: [ view_template ] --START--
INFO: Run LocationTemplate Behavior [ RunTime:0.000212s ]
INFO: [ view_template ] --END-- [ RunTime:-0.013655s ]
INFO: [ view_parse ] --START--
INFO: Run ParseTemplate Behavior [ RunTime:0.003000s ]
INFO: [ view_parse ] --END-- [ RunTime:-0.004569s ]
INFO: [ view_filter ] --START--
INFO: Run ContentReplace Behavior [ RunTime:0.000095s ]
INFO: Run TokenBuild Behavior [ RunTime:0.000090s ]
INFO: Run WriteHtmlCache Behavior [ RunTime:0.000019s ]
INFO: Run ShowRuntime Behavior [ RunTime:0.000135s ]
INFO: [ view_filter ] --END-- [ RunTime:-0.004737s ]
INFO: [ view_end ] --START--
INFO: Run ShowPageTrace Behavior [ RunTime:0.000073s ]
INFO: [ view_end ] --END-- [ RunTime:-0.004368s ]

[ 2013-08-11T09:47:19+08:00 ] 0.0.0.0 /papawithme/index.php/Home/profile
INFO: [ route_check ] --START--
INFO: Run CheckRoute Behavior [ RunTime:0.000692s ]
INFO: [ route_check ] --END-- [ RunTime:0.000797s ]
INFO: [ app_begin ] --START--
INFO: Run ReadHtmlCache Behavior [ RunTime:0.000552s ]
INFO: [ app_begin ] --END-- [ RunTime:0.000640s ]
SQL: SHOW COLUMNS FROM `think_user_profile` [ RunTime:0.002953s ]
SQL: SELECT * FROM `think_user_profile` WHERE ( `user_name` = 'root' )  [ RunTime:0.000340s ]
INFO: [ view_template ] --START--
INFO: Run LocationTemplate Behavior [ RunTime:0.000595s ]
INFO: [ view_template ] --END-- [ RunTime:0.000691s ]
INFO: [ view_parse ] --START--
INFO: Run ParseTemplate Behavior [ RunTime:0.006837s ]
INFO: [ view_parse ] --END-- [ RunTime:0.006946s ]
INFO: [ view_filter ] --START--
INFO: Run ContentReplace Behavior [ RunTime:0.000466s ]
INFO: Run TokenBuild Behavior [ RunTime:0.000491s ]
INFO: Run WriteHtmlCache Behavior [ RunTime:0.000422s ]
INFO: Run ShowRuntime Behavior [ RunTime:0.000581s ]
INFO: [ view_filter ] --END-- [ RunTime:0.002225s ]
INFO: [ view_end ] --START--
INFO: Run ShowPageTrace Behavior [ RunTime:0.000683s ]
INFO: [ view_end ] --END-- [ RunTime:0.000780s ]
INFO: [ view_template ] --START--
INFO: Run LocationTemplate Behavior [ RunTime:0.000180s ]
INFO: [ view_template ] --END-- [ RunTime:-0.010288s ]
INFO: [ view_parse ] --START--
INFO: Run ParseTemplate Behavior [ RunTime:0.002418s ]
INFO: [ view_parse ] --END-- [ RunTime:-0.003613s ]
INFO: [ view_filter ] --START--
INFO: Run ContentReplace Behavior [ RunTime:0.000089s ]
INFO: Run TokenBuild Behavior [ RunTime:0.000088s ]
INFO: Run WriteHtmlCache Behavior [ RunTime:0.000019s ]
INFO: Run ShowRuntime Behavior [ RunTime:0.000111s ]
INFO: [ view_filter ] --END-- [ RunTime:-0.003908s ]
INFO: [ view_end ] --START--
INFO: Run ShowPageTrace Behavior [ RunTime:0.000057s ]
INFO: [ view_end ] --END-- [ RunTime:-0.003668s ]

[ 2013-08-11T10:19:48+08:00 ] 0.0.0.0 /papawithme/index.php/Home/editProfile
INFO: [ route_check ] --START--
INFO: Run CheckRoute Behavior [ RunTime:0.000715s ]
INFO: [ route_check ] --END-- [ RunTime:0.000805s ]
INFO: [ app_begin ] --START--
INFO: Run ReadHtmlCache Behavior [ RunTime:0.000517s ]
INFO: [ app_begin ] --END-- [ RunTime:0.000587s ]
SQL: SHOW COLUMNS FROM `think_user_profile` [ RunTime:0.002900s ]
SQL: SELECT * FROM `think_user_profile` WHERE ( `user_name` = 'root' )  [ RunTime:0.000290s ]
INFO: [ view_template ] --START--
INFO: Run LocationTemplate Behavior [ RunTime:0.000716s ]
INFO: [ view_template ] --END-- [ RunTime:0.000794s ]
INFO: [ view_parse ] --START--
INFO: Run ParseTemplate Behavior [ RunTime:0.007252s ]
INFO: [ view_parse ] --END-- [ RunTime:0.007341s ]
INFO: [ view_filter ] --START--
INFO: Run ContentReplace Behavior [ RunTime:0.000520s ]
INFO: Run TokenBuild Behavior [ RunTime:0.000541s ]
INFO: Run WriteHtmlCache Behavior [ RunTime:0.000506s ]
INFO: Run ShowRuntime Behavior [ RunTime:0.000567s ]
INFO: [ view_filter ] --END-- [ RunTime:0.002351s ]
INFO: [ view_end ] --START--
INFO: Run ShowPageTrace Behavior [ RunTime:0.000668s ]
INFO: [ view_end ] --END-- [ RunTime:0.000742s ]
INFO: [ view_template ] --START--
INFO: Run LocationTemplate Behavior [ RunTime:0.000208s ]
INFO: [ view_template ] --END-- [ RunTime:-0.010721s ]
INFO: [ view_parse ] --START--
INFO: Run ParseTemplate Behavior [ RunTime:0.001876s ]
INFO: [ view_parse ] --END-- [ RunTime:-0.003657s ]
INFO: [ view_filter ] --START--
INFO: Run ContentReplace Behavior [ RunTime:0.000057s ]
INFO: Run TokenBuild Behavior [ RunTime:0.000053s ]
INFO: Run WriteHtmlCache Behavior [ RunTime:0.000012s ]
INFO: Run ShowRuntime Behavior [ RunTime:0.000080s ]
INFO: [ view_filter ] --END-- [ RunTime:-0.003243s ]
INFO: [ view_end ] --START--
INFO: Run ShowPageTrace Behavior [ RunTime:0.000045s ]
INFO: [ view_end ] --END-- [ RunTime:-0.002824s ]

[ 2013-08-11T10:19:49+08:00 ] 0.0.0.0 /papawithme/index.php/Home/calenderbg.gif
INFO: [ route_check ] --START--
INFO: Run CheckRoute Behavior [ RunTime:0.000555s ]
INFO: [ route_check ] --END-- [ RunTime:0.000657s ]
INFO: [ app_begin ] --START--
INFO: Run ReadHtmlCache Behavior [ RunTime:0.000476s ]
INFO: [ app_begin ] --END-- [ RunTime:0.000552s ]
ERR: 非法操作:calenderbg.gif

[ 2013-08-11T10:19:53+08:00 ] 0.0.0.0 /papawithme/index.php/Home/calenderbg.gif
INFO: [ route_check ] --START--
INFO: Run CheckRoute Behavior [ RunTime:0.000708s ]
INFO: [ route_check ] --END-- [ RunTime:0.000816s ]
INFO: [ app_begin ] --START--
INFO: Run ReadHtmlCache Behavior [ RunTime:0.000530s ]
INFO: [ app_begin ] --END-- [ RunTime:0.000618s ]
ERR: 非法操作:calenderbg.gif

[ 2013-08-11T10:19:57+08:00 ] 0.0.0.0 /papawithme/index.php/Home/calenderbg.gif
INFO: [ route_check ] --START--
INFO: Run CheckRoute Behavior [ RunTime:0.001460s ]
INFO: [ route_check ] --END-- [ RunTime:0.001656s ]
INFO: [ app_begin ] --START--
INFO: Run ReadHtmlCache Behavior [ RunTime:0.001109s ]
INFO: [ app_begin ] --END-- [ RunTime:0.001276s ]
ERR: 非法操作:calenderbg.gif

[ 2013-08-11T10:20:22+08:00 ] 0.0.0.0 /papawithme/index.php/Home/calenderbg.gif
INFO: [ route_check ] --START--
INFO: Run CheckRoute Behavior [ RunTime:0.000808s ]
INFO: [ route_check ] --END-- [ RunTime:0.000925s ]
INFO: [ app_begin ] --START--
INFO: Run ReadHtmlCache Behavior [ RunTime:0.000936s ]
INFO: [ app_begin ] --END-- [ RunTime:0.001072s ]
ERR: 非法操作:calenderbg.gif

[ 2013-08-11T10:20:22+08:00 ] 0.0.0.0 /papawithme/index.php/Home/calenderbg.gif
INFO: [ route_check ] --START--
INFO: Run CheckRoute Behavior [ RunTime:0.000778s ]
INFO: [ route_check ] --END-- [ RunTime:0.000894s ]
INFO: [ app_begin ] --START--
INFO: Run ReadHtmlCache Behavior [ RunTime:0.000589s ]
INFO: [ app_begin ] --END-- [ RunTime:0.000681s ]
ERR: 非法操作:calenderbg.gif

[ 2013-08-11T10:20:29+08:00 ] 0.0.0.0 /papawithme/index.php/Home/calenderbg.gif
INFO: [ route_check ] --START--
INFO: Run CheckRoute Behavior [ RunTime:0.000780s ]
INFO: [ route_check ] --END-- [ RunTime:0.000895s ]
INFO: [ app_begin ] --START--
INFO: Run ReadHtmlCache Behavior [ RunTime:0.000579s ]
INFO: [ app_begin ] --END-- [ RunTime:0.000676s ]
ERR: 非法操作:calenderbg.gif

[ 2013-08-11T10:20:36+08:00 ] 0.0.0.0 /papawithme/index.php/Home/calenderbg.gif
INFO: [ route_check ] --START--
INFO: Run CheckRoute Behavior [ RunTime:0.000785s ]
INFO: [ route_check ] --END-- [ RunTime:0.000898s ]
INFO: [ app_begin ] --START--
INFO: Run ReadHtmlCache Behavior [ RunTime:0.000554s ]
INFO: [ app_begin ] --END-- [ RunTime:0.000644s ]
ERR: 非法操作:calenderbg.gif

[ 2013-08-11T10:20:41+08:00 ] 0.0.0.0 /papawithme/index.php/Home/updateProfile
INFO: [ route_check ] --START--
INFO: Run CheckRoute Behavior [ RunTime:0.000783s ]
INFO: [ route_check ] --END-- [ RunTime:0.000899s ]
INFO: [ app_begin ] --START--
INFO: Run ReadHtmlCache Behavior [ RunTime:0.000634s ]
INFO: [ app_begin ] --END-- [ RunTime:0.000726s ]
SQL: SHOW COLUMNS FROM `think_user_profile` [ RunTime:0.005317s ]
NOTIC: 建议使用I方法替代_param
NOTIC: 建议使用I方法替代_param
NOTIC: 建议使用I方法替代_param
NOTIC: 建议使用I方法替代_param
NOTIC: 建议使用I方法替代_param
NOTIC: 建议使用I方法替代_param
NOTIC: 建议使用I方法替代_param
NOTIC: 建议使用I方法替代_param
SQL: INSERT INTO `think_user_profile` (`profile_name`,`user_name`,`profile_head`,`profile_motto`,`profile_skill`,`profile_hobby`,`profile_now`,`profile_department`,`profile_birthday`,`profile_autobiography`) VALUES ('杨睿','root','5206f4f7ca567.jpg','阿斯达克萨斯','','','','','1990-6-21','') [ RunTime:0.038876s ]
ERR: 1062:Duplicate entry 'root' for key 'user_name'
 [ SQL语句 ] : INSERT INTO `think_user_profile` (`profile_name`,`user_name`,`profile_head`,`profile_motto`,`profile_skill`,`profile_hobby`,`profile_now`,`profile_department`,`profile_birthday`,`profile_autobiography`) VALUES ('杨睿','root','5206f4f7ca567.jpg','阿斯达克萨斯','','','','','1990-6-21','')
SQL: UPDATE `think_user_profile` SET `profile_name`='杨睿',`user_name`='root',`profile_head`='5206f4f7ca567.jpg',`profile_motto`='阿斯达克萨斯',`profile_skill`='',`profile_hobby`='',`profile_now`='',`profile_department`='',`profile_birthday`='1990-6-21',`profile_autobiography`='' WHERE ( `user_name` = 'root' ) [ RunTime:0.098796s ]
INFO: [ view_template ] --START--
INFO: Run LocationTemplate Behavior [ RunTime:0.001675s ]
INFO: [ view_template ] --END-- [ RunTime:0.001769s ]
INFO: [ view_parse ] --START--
INFO: Run ParseTemplate Behavior [ RunTime:0.029912s ]
INFO: [ view_parse ] --END-- [ RunTime:0.030004s ]
INFO: [ view_filter ] --START--
INFO: Run ContentReplace Behavior [ RunTime:0.000815s ]
INFO: Run TokenBuild Behavior [ RunTime:0.000785s ]
INFO: Run WriteHtmlCache Behavior [ RunTime:0.000715s ]
INFO: Run ShowRuntime Behavior [ RunTime:0.000860s ]
INFO: [ view_filter ] --END-- [ RunTime:0.003369s ]
INFO: [ view_end ] --START--
INFO: Run ShowPageTrace Behavior [ RunTime:0.000934s ]
INFO: [ view_end ] --END-- [ RunTime:0.001084s ]

[ 2013-08-11T10:20:43+08:00 ] 0.0.0.0 /papawithme/index.php/Home/profile
INFO: [ route_check ] --START--
INFO: Run CheckRoute Behavior [ RunTime:0.001023s ]
INFO: [ route_check ] --END-- [ RunTime:0.001108s ]
INFO: [ app_begin ] --START--
INFO: Run ReadHtmlCache Behavior [ RunTime:0.001010s ]
INFO: [ app_begin ] --END-- [ RunTime:0.001099s ]
SQL: SHOW COLUMNS FROM `think_user_profile` [ RunTime:0.008423s ]
SQL: SELECT * FROM `think_user_profile` WHERE ( `user_name` = 'root' )  [ RunTime:0.000837s ]
INFO: [ view_template ] --START--
INFO: Run LocationTemplate Behavior [ RunTime:0.004562s ]
INFO: [ view_template ] --END-- [ RunTime:0.004839s ]
INFO: [ view_parse ] --START--
INFO: Run ParseTemplate Behavior [ RunTime:0.019110s ]
INFO: [ view_parse ] --END-- [ RunTime:0.019360s ]
INFO: [ view_filter ] --START--
INFO: Run ContentReplace Behavior [ RunTime:0.001995s ]
INFO: Run TokenBuild Behavior [ RunTime:0.002082s ]
INFO: Run WriteHtmlCache Behavior [ RunTime:0.001677s ]
INFO: Run ShowRuntime Behavior [ RunTime:0.001951s ]
INFO: [ view_filter ] --END-- [ RunTime:0.008151s ]
INFO: [ view_end ] --START--
INFO: Run ShowPageTrace Behavior [ RunTime:0.002130s ]
INFO: [ view_end ] --END-- [ RunTime:0.002283s ]
INFO: [ view_template ] --START--
INFO: Run LocationTemplate Behavior [ RunTime:0.000994s ]
INFO: [ view_template ] --END-- [ RunTime:-0.030449s ]
INFO: [ view_parse ] --START--
INFO: Run ParseTemplate Behavior [ RunTime:0.005598s ]
INFO: [ view_parse ] --END-- [ RunTime:-0.012160s ]
INFO: [ view_filter ] --START--
INFO: Run ContentReplace Behavior [ RunTime:0.000148s ]
INFO: Run TokenBuild Behavior [ RunTime:0.000130s ]
INFO: Run WriteHtmlCache Behavior [ RunTime:0.000029s ]
INFO: Run ShowRuntime Behavior [ RunTime:0.000197s ]
INFO: [ view_filter ] --END-- [ RunTime:-0.009793s ]
INFO: [ view_end ] --START--
INFO: Run ShowPageTrace Behavior [ RunTime:0.000108s ]
INFO: [ view_end ] --END-- [ RunTime:-0.008358s ]

[ 2013-08-11T14:31:43+08:00 ] 0.0.0.0 /papawithme/
INFO: [ app_begin ] --START--
INFO: Run ReadHtmlCache Behavior [ RunTime:0.000718s ]
INFO: [ app_begin ] --END-- [ RunTime:0.000850s ]
INFO: [ view_template ] --START--
INFO: Run LocationTemplate Behavior [ RunTime:0.000746s ]
INFO: [ view_template ] --END-- [ RunTime:0.000842s ]
INFO: [ view_parse ] --START--
INFO: Run ParseTemplate Behavior [ RunTime:0.006667s ]
INFO: [ view_parse ] --END-- [ RunTime:0.006747s ]
INFO: [ view_filter ] --START--
INFO: Run ContentReplace Behavior [ RunTime:0.000476s ]
INFO: Run TokenBuild Behavior [ RunTime:0.000467s ]
INFO: Run WriteHtmlCache Behavior [ RunTime:0.000371s ]
INFO: Run ShowRuntime Behavior [ RunTime:0.000460s ]
INFO: [ view_filter ] --END-- [ RunTime:0.001964s ]
INFO: [ view_end ] --START--
INFO: Run ShowPageTrace Behavior [ RunTime:0.000550s ]
INFO: [ view_end ] --END-- [ RunTime:0.000614s ]

[ 2013-08-11T14:31:46+08:00 ] 0.0.0.0 /papawithme/index.php/Index/Login
INFO: [ route_check ] --START--
INFO: Run CheckRoute Behavior [ RunTime:0.000582s ]
INFO: [ route_check ] --END-- [ RunTime:0.000658s ]
INFO: [ app_begin ] --START--
INFO: Run ReadHtmlCache Behavior [ RunTime:0.000388s ]
INFO: [ app_begin ] --END-- [ RunTime:0.000443s ]
SQL: SHOW COLUMNS FROM `think_user` [ RunTime:0.052859s ]
NOTIC: 建议使用I方法替代_param
NOTIC: 建议使用I方法替代_param
SQL: SELECT * FROM `think_user` WHERE ( `user_email` = 'root@papawith.me' ) AND ( `user_psd` = 'papawithme~' )  [ RunTime:0.000968s ]

[ 2013-08-11T14:31:46+08:00 ] 0.0.0.0 /papawithme/index.php/Home
INFO: [ route_check ] --START--
INFO: Run CheckRoute Behavior [ RunTime:0.001425s ]
INFO: [ route_check ] --END-- [ RunTime:0.001666s ]
INFO: [ app_begin ] --START--
INFO: Run ReadHtmlCache Behavior [ RunTime:0.001046s ]
INFO: [ app_begin ] --END-- [ RunTime:0.001234s ]
INFO: [ view_template ] --START--
INFO: Run LocationTemplate Behavior [ RunTime:0.001129s ]
INFO: [ view_template ] --END-- [ RunTime:0.001369s ]
INFO: [ view_parse ] --START--
INFO: Run ParseTemplate Behavior [ RunTime:0.012524s ]
INFO: [ view_parse ] --END-- [ RunTime:0.012676s ]
INFO: [ view_filter ] --START--
INFO: Run ContentReplace Behavior [ RunTime:0.000533s ]
INFO: Run TokenBuild Behavior [ RunTime:0.000487s ]
INFO: Run WriteHtmlCache Behavior [ RunTime:0.000390s ]
INFO: Run ShowRuntime Behavior [ RunTime:0.000533s ]
INFO: [ view_filter ] --END-- [ RunTime:0.002165s ]
INFO: [ view_end ] --START--
INFO: Run ShowPageTrace Behavior [ RunTime:0.000569s ]
INFO: [ view_end ] --END-- [ RunTime:0.000635s ]
INFO: [ view_template ] --START--
INFO: Run LocationTemplate Behavior [ RunTime:0.000176s ]
INFO: [ view_template ] --END-- [ RunTime:-0.015850s ]
INFO: [ view_parse ] --START--
INFO: Run ParseTemplate Behavior [ RunTime:0.002998s ]
INFO: [ view_parse ] --END-- [ RunTime:-0.003306s ]
INFO: [ view_filter ] --START--
INFO: Run ContentReplace Behavior [ RunTime:0.000065s ]
INFO: Run TokenBuild Behavior [ RunTime:0.000054s ]
INFO: Run WriteHtmlCache Behavior [ RunTime:0.000016s ]
INFO: Run ShowRuntime Behavior [ RunTime:0.000083s ]
INFO: [ view_filter ] --END-- [ RunTime:-0.004212s ]
INFO: [ view_end ] --START--
INFO: Run ShowPageTrace Behavior [ RunTime:0.000046s ]
INFO: [ view_end ] --END-- [ RunTime:-0.003941s ]

[ 2013-08-11T14:32:04+08:00 ] 0.0.0.0 /papawithme/index.php/Home/profile
INFO: [ route_check ] --START--
INFO: Run CheckRoute Behavior [ RunTime:0.000791s ]
INFO: [ route_check ] --END-- [ RunTime:0.000894s ]
INFO: [ app_begin ] --START--
INFO: Run ReadHtmlCache Behavior [ RunTime:0.000621s ]
INFO: [ app_begin ] --END-- [ RunTime:0.000722s ]
SQL: SHOW COLUMNS FROM `think_user_profile` [ RunTime:0.028365s ]
SQL: SELECT * FROM `think_user_profile` WHERE ( `user_name` = 'root' )  [ RunTime:0.000896s ]
INFO: [ view_template ] --START--
INFO: Run LocationTemplate Behavior [ RunTime:0.001778s ]
INFO: [ view_template ] --END-- [ RunTime:0.002055s ]
INFO: [ view_parse ] --START--
INFO: Run ParseTemplate Behavior [ RunTime:0.019339s ]
INFO: [ view_parse ] --END-- [ RunTime:0.019657s ]
INFO: [ view_filter ] --START--
INFO: Run ContentReplace Behavior [ RunTime:0.001410s ]
INFO: Run TokenBuild Behavior [ RunTime:0.001544s ]
INFO: Run WriteHtmlCache Behavior [ RunTime:0.001072s ]
INFO: Run ShowRuntime Behavior [ RunTime:0.001613s ]
INFO: [ view_filter ] --END-- [ RunTime:0.006438s ]
INFO: [ view_end ] --START--
INFO: Run ShowPageTrace Behavior [ RunTime:0.001852s ]
INFO: [ view_end ] --END-- [ RunTime:0.002107s ]
INFO: [ view_template ] --START--
INFO: Run LocationTemplate Behavior [ RunTime:0.000532s ]
INFO: [ view_template ] --END-- [ RunTime:-0.029133s ]
INFO: [ view_parse ] --START--
INFO: Run ParseTemplate Behavior [ RunTime:0.007157s ]
INFO: [ view_parse ] --END-- [ RunTime:-0.010219s ]
INFO: [ view_filter ] --START--
INFO: Run ContentReplace Behavior [ RunTime:0.000231s ]
INFO: Run TokenBuild Behavior [ RunTime:0.000226s ]
INFO: Run WriteHtmlCache Behavior [ RunTime:0.000037s ]
INFO: Run ShowRuntime Behavior [ RunTime:0.000196s ]
INFO: [ view_filter ] --END-- [ RunTime:-0.011266s ]
INFO: [ view_end ] --START--
INFO: Run ShowPageTrace Behavior [ RunTime:0.000107s ]
INFO: [ view_end ] --END-- [ RunTime:-0.010172s ]

[ 2013-08-11T14:47:34+08:00 ] 0.0.0.0 /papawithme/index.php/Home
INFO: [ route_check ] --START--
INFO: Run CheckRoute Behavior [ RunTime:0.001608s ]
INFO: [ route_check ] --END-- [ RunTime:0.001797s ]
INFO: [ app_begin ] --START--
INFO: Run ReadHtmlCache Behavior [ RunTime:0.001082s ]
INFO: [ app_begin ] --END-- [ RunTime:0.001244s ]
INFO: [ view_template ] --START--
INFO: Run LocationTemplate Behavior [ RunTime:0.001267s ]
INFO: [ view_template ] --END-- [ RunTime:0.001432s ]
INFO: [ view_parse ] --START--
INFO: Run ParseTemplate Behavior [ RunTime:0.012985s ]
INFO: [ view_parse ] --END-- [ RunTime:0.013176s ]
INFO: [ view_filter ] --START--
INFO: Run ContentReplace Behavior [ RunTime:0.000985s ]
INFO: Run TokenBuild Behavior [ RunTime:0.001002s ]
INFO: Run WriteHtmlCache Behavior [ RunTime:0.000798s ]
INFO: Run ShowRuntime Behavior [ RunTime:0.001126s ]
INFO: [ view_filter ] --END-- [ RunTime:0.004361s ]
INFO: [ view_end ] --START--
INFO: Run ShowPageTrace Behavior [ RunTime:0.001189s ]
INFO: [ view_end ] --END-- [ RunTime:0.001334s ]
INFO: [ view_template ] --START--
INFO: Run LocationTemplate Behavior [ RunTime:0.000241s ]
INFO: [ view_template ] --END-- [ RunTime:-0.019402s ]
INFO: [ view_parse ] --START--
INFO: Run ParseTemplate Behavior [ RunTime:0.002463s ]
INFO: [ view_parse ] --END-- [ RunTime:-0.006562s ]
INFO: [ view_filter ] --START--
INFO: Run ContentReplace Behavior [ RunTime:0.000079s ]
INFO: Run TokenBuild Behavior [ RunTime:0.000073s ]
INFO: Run WriteHtmlCache Behavior [ RunTime:0.000016s ]
INFO: Run ShowRuntime Behavior [ RunTime:0.000111s ]
INFO: [ view_filter ] --END-- [ RunTime:-0.004719s ]
INFO: [ view_end ] --START--
INFO: Run ShowPageTrace Behavior [ RunTime:0.000059s ]
INFO: [ view_end ] --END-- [ RunTime:-0.003788s ]

[ 2013-08-11T14:48:14+08:00 ] 0.0.0.0 /papawithme/index.php/Home
INFO: [ route_check ] --START--
INFO: Run CheckRoute Behavior [ RunTime:0.002551s ]
INFO: [ route_check ] --END-- [ RunTime:0.002872s ]
INFO: [ app_begin ] --START--
INFO: Run ReadHtmlCache Behavior [ RunTime:0.001755s ]
INFO: [ app_begin ] --END-- [ RunTime:0.001937s ]
INFO: [ view_template ] --START--
INFO: Run LocationTemplate Behavior [ RunTime:0.000988s ]
INFO: [ view_template ] --END-- [ RunTime:0.001120s ]
INFO: [ view_parse ] --START--
INFO: Run ParseTemplate Behavior [ RunTime:0.009798s ]
INFO: [ view_parse ] --END-- [ RunTime:0.009932s ]
INFO: [ view_filter ] --START--
INFO: Run ContentReplace Behavior [ RunTime:0.000724s ]
INFO: Run TokenBuild Behavior [ RunTime:0.000772s ]
INFO: Run WriteHtmlCache Behavior [ RunTime:0.000592s ]
INFO: Run ShowRuntime Behavior [ RunTime:0.000822s ]
INFO: [ view_filter ] --END-- [ RunTime:0.003305s ]
INFO: [ view_end ] --START--
INFO: Run ShowPageTrace Behavior [ RunTime:0.000895s ]
INFO: [ view_end ] --END-- [ RunTime:0.001001s ]
INFO: [ view_template ] --START--
INFO: Run LocationTemplate Behavior [ RunTime:0.000285s ]
INFO: [ view_template ] --END-- [ RunTime:-0.014668s ]
INFO: [ view_parse ] --START--
INFO: Run ParseTemplate Behavior [ RunTime:0.003009s ]
INFO: [ view_parse ] --END-- [ RunTime:-0.005103s ]
INFO: [ view_filter ] --START--
INFO: Run ContentReplace Behavior [ RunTime:0.000096s ]
INFO: Run TokenBuild Behavior [ RunTime:0.000088s ]
INFO: Run WriteHtmlCache Behavior [ RunTime:0.000019s ]
INFO: Run ShowRuntime Behavior [ RunTime:0.000133s ]
INFO: [ view_filter ] --END-- [ RunTime:-0.004916s ]
INFO: [ view_end ] --START--
INFO: Run ShowPageTrace Behavior [ RunTime:0.000070s ]
INFO: [ view_end ] --END-- [ RunTime:-0.004446s ]

[ 2013-08-11T14:49:26+08:00 ] 0.0.0.0 /papawithme/index.php/Home
INFO: [ route_check ] --START--
INFO: Run CheckRoute Behavior [ RunTime:0.001893s ]
INFO: [ route_check ] --END-- [ RunTime:0.002114s ]
INFO: [ app_begin ] --START--
INFO: Run ReadHtmlCache Behavior [ RunTime:0.001290s ]
INFO: [ app_begin ] --END-- [ RunTime:0.001464s ]
INFO: [ view_template ] --START--
INFO: Run LocationTemplate Behavior [ RunTime:0.001472s ]
INFO: [ view_template ] --END-- [ RunTime:0.001733s ]
INFO: [ view_parse ] --START--
INFO: Run ParseTemplate Behavior [ RunTime:0.014728s ]
INFO: [ view_parse ] --END-- [ RunTime:0.014931s ]
INFO: [ view_filter ] --START--
INFO: Run ContentReplace Behavior [ RunTime:0.001078s ]
INFO: Run TokenBuild Behavior [ RunTime:0.000587s ]
INFO: Run WriteHtmlCache Behavior [ RunTime:0.000534s ]
INFO: Run ShowRuntime Behavior [ RunTime:0.000708s ]
INFO: [ view_filter ] --END-- [ RunTime:0.003189s ]
INFO: [ view_end ] --START--
INFO: Run ShowPageTrace Behavior [ RunTime:0.000744s ]
INFO: [ view_end ] --END-- [ RunTime:0.000841s ]
INFO: [ view_template ] --START--
INFO: Run LocationTemplate Behavior [ RunTime:0.000227s ]
INFO: [ view_template ] --END-- [ RunTime:-0.019430s ]
INFO: [ view_parse ] --START--
INFO: Run ParseTemplate Behavior [ RunTime:0.002446s ]
INFO: [ view_parse ] --END-- [ RunTime:-0.004737s ]
INFO: [ view_filter ] --START--
INFO: Run ContentReplace Behavior [ RunTime:0.000114s ]
INFO: Run TokenBuild Behavior [ RunTime:0.000073s ]
INFO: Run WriteHtmlCache Behavior [ RunTime:0.000017s ]
INFO: Run ShowRuntime Behavior [ RunTime:0.000107s ]
INFO: [ view_filter ] --END-- [ RunTime:-0.004029s ]
INFO: [ view_end ] --START--
INFO: Run ShowPageTrace Behavior [ RunTime:0.000056s ]
INFO: [ view_end ] --END-- [ RunTime:-0.003696s ]

[ 2013-08-11T15:07:14+08:00 ] 0.0.0.0 /papawithme/index.php/Install
INFO: [ route_check ] --START--
INFO: Run CheckRoute Behavior [ RunTime:0.001172s ]
INFO: [ route_check ] --END-- [ RunTime:0.001287s ]
INFO: [ app_begin ] --START--
INFO: Run ReadHtmlCache Behavior [ RunTime:0.000933s ]
INFO: [ app_begin ] --END-- [ RunTime:0.001036s ]
SQL: drop table if exists `papawithme`.`think_user`; [ RunTime:0.104925s ]
SQL: CREATE  TABLE `papawithme`.`think_user` (
					  `user_id` INT NOT NULL AUTO_INCREMENT ,
					  `user_name` VARCHAR(45) NOT NULL ,
					  `user_psd` VARCHAR(45) NOT NULL ,
					  `user_email` VARCHAR(145) NOT NULL ,
					  PRIMARY KEY (`user_id`) ,
					  UNIQUE INDEX `user_name_UNIQUE` (`user_name` ASC) ,
					  UNIQUE INDEX `user_psd_UNIQUE` (`user_psd` ASC) ,
					  UNIQUE INDEX `user_email_UNIQUE` (`user_email` ASC) 
					  ); [ RunTime:0.094798s ]
SQL: INSERT INTO `papawithme`.`think_user` (`user_name`, `user_psd`, `user_email`) VALUES ('root', 'papawithme~', 'root@papawith.me'); [ RunTime:0.112135s ]
SQL: drop table if exists `papawithme`.`think_user_profile`; [ RunTime:0.068700s ]
SQL: 
					CREATE TABLE IF NOT EXISTS `think_user_profile` (
					  `profile_id` bigint(20) NOT NULL AUTO_INCREMENT,
					  `user_name` varchar(45) NOT NULL,
					  `profile_name` varchar(45) NOT NULL,
					  `profile_sex` varchar(45) NOT NULL,
					  `profile_motto` varchar(145) DEFAULT NULL,
					  `profile_head` varchar(45) DEFAULT NULL,
					  `profile_skill` varchar(145) DEFAULT NULL,
					  `profile_hobby` varchar(145) DEFAULT NULL,
					  `profile_now` varchar(25) DEFAULT NULL,
					  `profile_department` varchar(145) DEFAULT NULL,
					  `profile_birthday` date DEFAULT NULL,
					  `profile_autobiography` tinytext,
					  PRIMARY KEY (`profile_id`),
					  UNIQUE KEY `user_name` (`user_name`)
					) ENGINE=InnoDB DEFAULT CHARSET=utf8 AUTO_INCREMENT=1 ;
				 [ RunTime:0.161460s ]
SQL: SHOW COLUMNS FROM `think_user` [ RunTime:0.003221s ]
SQL: SELECT * FROM `think_user`  [ RunTime:0.000288s ]

[ 2013-08-11T15:10:02+08:00 ] 0.0.0.0 /papawithme/index.php/Home
INFO: [ route_check ] --START--
INFO: Run CheckRoute Behavior [ RunTime:0.003169s ]
INFO: [ route_check ] --END-- [ RunTime:0.003565s ]
INFO: [ app_begin ] --START--
INFO: Run ReadHtmlCache Behavior [ RunTime:0.001588s ]
INFO: [ app_begin ] --END-- [ RunTime:0.001868s ]
INFO: [ view_template ] --START--
INFO: Run LocationTemplate Behavior [ RunTime:0.001914s ]
INFO: [ view_template ] --END-- [ RunTime:0.002114s ]
INFO: [ view_parse ] --START--
INFO: Run ParseTemplate Behavior [ RunTime:0.014825s ]
INFO: [ view_parse ] --END-- [ RunTime:0.015081s ]
INFO: [ view_filter ] --START--
INFO: Run ContentReplace Behavior [ RunTime:0.001416s ]
INFO: Run TokenBuild Behavior [ RunTime:0.001325s ]
INFO: Run WriteHtmlCache Behavior [ RunTime:0.001089s ]
INFO: Run ShowRuntime Behavior [ RunTime:0.001475s ]
INFO: [ view_filter ] --END-- [ RunTime:0.005813s ]
INFO: [ view_end ] --START--
INFO: Run ShowPageTrace Behavior [ RunTime:0.001366s ]
INFO: [ view_end ] --END-- [ RunTime:0.001534s ]
INFO: [ view_template ] --START--
INFO: Run LocationTemplate Behavior [ RunTime:0.000518s ]
INFO: [ view_template ] --END-- [ RunTime:-0.023070s ]
INFO: [ view_parse ] --START--
INFO: Run ParseTemplate Behavior [ RunTime:0.002466s ]
INFO: [ view_parse ] --END-- [ RunTime:-0.008575s ]
INFO: [ view_filter ] --START--
INFO: Run ContentReplace Behavior [ RunTime:0.000067s ]
INFO: Run TokenBuild Behavior [ RunTime:0.000068s ]
INFO: Run WriteHtmlCache Behavior [ RunTime:0.000014s ]
INFO: Run ShowRuntime Behavior [ RunTime:0.000101s ]
INFO: [ view_filter ] --END-- [ RunTime:-0.005226s ]
INFO: [ view_end ] --START--
INFO: Run ShowPageTrace Behavior [ RunTime:0.000043s ]
INFO: [ view_end ] --END-- [ RunTime:-0.003994s ]

[ 2013-08-11T15:10:05+08:00 ] 0.0.0.0 /papawithme/index.php/Home/profile
INFO: [ route_check ] --START--
INFO: Run CheckRoute Behavior [ RunTime:0.001735s ]
INFO: [ route_check ] --END-- [ RunTime:0.002022s ]
INFO: [ app_begin ] --START--
INFO: Run ReadHtmlCache Behavior [ RunTime:0.001008s ]
INFO: [ app_begin ] --END-- [ RunTime:0.001234s ]
SQL: SHOW COLUMNS FROM `think_user_profile` [ RunTime:0.009542s ]
SQL: SELECT * FROM `think_user_profile` WHERE ( `user_name` = 'root' )  [ RunTime:0.000962s ]
INFO: [ view_template ] --START--
INFO: Run LocationTemplate Behavior [ RunTime:0.002252s ]
INFO: [ view_template ] --END-- [ RunTime:0.002563s ]
INFO: [ view_parse ] --START--
INFO: Run ParseTemplate Behavior [ RunTime:0.019688s ]
INFO: [ view_parse ] --END-- [ RunTime:0.019999s ]
INFO: [ view_filter ] --START--
INFO: Run ContentReplace Behavior [ RunTime:0.000977s ]
INFO: Run TokenBuild Behavior [ RunTime:0.000986s ]
INFO: Run WriteHtmlCache Behavior [ RunTime:0.000879s ]
INFO: Run ShowRuntime Behavior [ RunTime:0.001195s ]
INFO: [ view_filter ] --END-- [ RunTime:0.004505s ]
INFO: [ view_end ] --START--
INFO: Run ShowPageTrace Behavior [ RunTime:0.001310s ]
INFO: [ view_end ] --END-- [ RunTime:0.001494s ]
INFO: [ view_template ] --START--
INFO: Run LocationTemplate Behavior [ RunTime:0.000453s ]
INFO: [ view_template ] --END-- [ RunTime:-0.026755s ]
INFO: [ view_parse ] --START--
INFO: Run ParseTemplate Behavior [ RunTime:0.004844s ]
INFO: [ view_parse ] --END-- [ RunTime:-0.007247s ]
INFO: [ view_filter ] --START--
INFO: Run ContentReplace Behavior [ RunTime:0.000149s ]
INFO: Run TokenBuild Behavior [ RunTime:0.000139s ]
INFO: Run WriteHtmlCache Behavior [ RunTime:0.000034s ]
INFO: Run ShowRuntime Behavior [ RunTime:0.000202s ]
INFO: [ view_filter ] --END-- [ RunTime:-0.007792s ]
INFO: [ view_end ] --START--
INFO: Run ShowPageTrace Behavior [ RunTime:0.000111s ]
INFO: [ view_end ] --END-- [ RunTime:-0.007226s ]

[ 2013-08-11T15:10:07+08:00 ] 0.0.0.0 /papawithme/index.php/Home/editProfile
INFO: [ route_check ] --START--
INFO: Run CheckRoute Behavior [ RunTime:0.000778s ]
INFO: [ route_check ] --END-- [ RunTime:0.000893s ]
INFO: [ app_begin ] --START--
INFO: Run ReadHtmlCache Behavior [ RunTime:0.000601s ]
INFO: [ app_begin ] --END-- [ RunTime:0.000691s ]
SQL: SHOW COLUMNS FROM `think_user_profile` [ RunTime:0.008662s ]
SQL: SELECT * FROM `think_user_profile` WHERE ( `user_name` = 'root' )  [ RunTime:0.000819s ]
INFO: [ view_template ] --START--
INFO: Run LocationTemplate Behavior [ RunTime:0.002119s ]
INFO: [ view_template ] --END-- [ RunTime:0.002407s ]
INFO: [ view_parse ] --START--
INFO: Run ParseTemplate Behavior [ RunTime:0.022889s ]
INFO: [ view_parse ] --END-- [ RunTime:0.023129s ]
INFO: [ view_filter ] --START--
INFO: Run ContentReplace Behavior [ RunTime:0.001253s ]
INFO: Run TokenBuild Behavior [ RunTime:0.001003s ]
INFO: Run WriteHtmlCache Behavior [ RunTime:0.000750s ]
INFO: Run ShowRuntime Behavior [ RunTime:0.001087s ]
INFO: [ view_filter ] --END-- [ RunTime:0.004648s ]
INFO: [ view_end ] --START--
INFO: Run ShowPageTrace Behavior [ RunTime:0.001163s ]
INFO: [ view_end ] --END-- [ RunTime:0.001341s ]
INFO: [ view_template ] --START--
INFO: Run LocationTemplate Behavior [ RunTime:0.000323s ]
INFO: [ view_template ] --END-- [ RunTime:-0.029951s ]
INFO: [ view_parse ] --START--
INFO: Run ParseTemplate Behavior [ RunTime:0.004777s ]
INFO: [ view_parse ] --END-- [ RunTime:-0.007255s ]
INFO: [ view_filter ] --START--
INFO: Run ContentReplace Behavior [ RunTime:0.000146s ]
INFO: Run TokenBuild Behavior [ RunTime:0.000167s ]
INFO: Run WriteHtmlCache Behavior [ RunTime:0.000038s ]
INFO: Run ShowRuntime Behavior [ RunTime:0.000204s ]
INFO: [ view_filter ] --END-- [ RunTime:-0.007508s ]
INFO: [ view_end ] --START--
INFO: Run ShowPageTrace Behavior [ RunTime:0.000105s ]
INFO: [ view_end ] --END-- [ RunTime:-0.007117s ]

[ 2013-08-11T15:10:50+08:00 ] 0.0.0.0 /papawithme/index.php/Home/editProfile
INFO: [ route_check ] --START--
INFO: Run CheckRoute Behavior [ RunTime:0.002396s ]
INFO: [ route_check ] --END-- [ RunTime:0.002707s ]
INFO: [ app_begin ] --START--
INFO: Run ReadHtmlCache Behavior [ RunTime:0.001834s ]
INFO: [ app_begin ] --END-- [ RunTime:0.002105s ]
SQL: SHOW COLUMNS FROM `think_user_profile` [ RunTime:0.004057s ]
SQL: SELECT * FROM `think_user_profile` WHERE ( `user_name` = 'root' )  [ RunTime:0.000394s ]
INFO: [ view_template ] --START--
INFO: Run LocationTemplate Behavior [ RunTime:0.000787s ]
INFO: [ view_template ] --END-- [ RunTime:0.000911s ]
INFO: [ view_parse ] --START--
INFO: Run ParseTemplate Behavior [ RunTime:0.012209s ]
INFO: [ view_parse ] --END-- [ RunTime:0.012346s ]
INFO: [ view_filter ] --START--
INFO: Run ContentReplace Behavior [ RunTime:0.000807s ]
INFO: Run TokenBuild Behavior [ RunTime:0.000741s ]
INFO: Run WriteHtmlCache Behavior [ RunTime:0.000578s ]
INFO: Run ShowRuntime Behavior [ RunTime:0.000832s ]
INFO: [ view_filter ] --END-- [ RunTime:0.003327s ]
INFO: [ view_end ] --START--
INFO: Run ShowPageTrace Behavior [ RunTime:0.000909s ]
INFO: [ view_end ] --END-- [ RunTime:0.001063s ]
INFO: [ view_template ] --START--
INFO: Run LocationTemplate Behavior [ RunTime:0.000233s ]
INFO: [ view_template ] --END-- [ RunTime:-0.017192s ]
INFO: [ view_parse ] --START--
INFO: Run ParseTemplate Behavior [ RunTime:0.003217s ]
INFO: [ view_parse ] --END-- [ RunTime:-0.005206s ]
INFO: [ view_filter ] --START--
INFO: Run ContentReplace Behavior [ RunTime:0.000105s ]
INFO: Run TokenBuild Behavior [ RunTime:0.000096s ]
INFO: Run WriteHtmlCache Behavior [ RunTime:0.000023s ]
INFO: Run ShowRuntime Behavior [ RunTime:0.000155s ]
INFO: [ view_filter ] --END-- [ RunTime:-0.005223s ]
INFO: [ view_end ] --START--
INFO: Run ShowPageTrace Behavior [ RunTime:0.000113s ]
INFO: [ view_end ] --END-- [ RunTime:-0.004791s ]

[ 2013-08-11T15:10:53+08:00 ] 0.0.0.0 /papawithme/index.php/Home/editProfile
INFO: [ route_check ] --START--
INFO: Run CheckRoute Behavior [ RunTime:0.001756s ]
INFO: [ route_check ] --END-- [ RunTime:0.001975s ]
INFO: [ app_begin ] --START--
INFO: Run ReadHtmlCache Behavior [ RunTime:0.001470s ]
INFO: [ app_begin ] --END-- [ RunTime:0.001665s ]
SQL: SHOW COLUMNS FROM `think_user_profile` [ RunTime:0.009309s ]
SQL: SELECT * FROM `think_user_profile` WHERE ( `user_name` = 'root' )  [ RunTime:0.000910s ]
INFO: [ view_template ] --START--
INFO: Run LocationTemplate Behavior [ RunTime:0.003158s ]
INFO: [ view_template ] --END-- [ RunTime:0.003468s ]
INFO: [ view_parse ] --START--
INFO: Run ParseTemplate Behavior [ RunTime:0.032211s ]
INFO: [ view_parse ] --END-- [ RunTime:0.032564s ]
INFO: [ view_filter ] --START--
INFO: Run ContentReplace Behavior [ RunTime:0.001933s ]
INFO: Run TokenBuild Behavior [ RunTime:0.001852s ]
INFO: Run WriteHtmlCache Behavior [ RunTime:0.001530s ]
INFO: Run ShowRuntime Behavior [ RunTime:0.002214s ]
INFO: [ view_filter ] --END-- [ RunTime:0.008416s ]
INFO: [ view_end ] --START--
INFO: Run ShowPageTrace Behavior [ RunTime:0.002216s ]
INFO: [ view_end ] --END-- [ RunTime:0.002477s ]
INFO: [ view_template ] --START--
INFO: Run LocationTemplate Behavior [ RunTime:0.001229s ]
INFO: [ view_template ] --END-- [ RunTime:-0.044572s ]
INFO: [ view_parse ] --START--
INFO: Run ParseTemplate Behavior [ RunTime:0.008347s ]
INFO: [ view_parse ] --END-- [ RunTime:-0.013454s ]
INFO: [ view_filter ] --START--
INFO: Run ContentReplace Behavior [ RunTime:0.000237s ]
INFO: Run TokenBuild Behavior [ RunTime:0.000216s ]
INFO: Run WriteHtmlCache Behavior [ RunTime:0.000082s ]
INFO: Run ShowRuntime Behavior [ RunTime:0.000327s ]
INFO: [ view_filter ] --END-- [ RunTime:-0.013563s ]
INFO: [ view_end ] --START--
INFO: Run ShowPageTrace Behavior [ RunTime:0.000180s ]
INFO: [ view_end ] --END-- [ RunTime:-0.012759s ]

[ 2013-08-11T15:11:10+08:00 ] 0.0.0.0 /papawithme/index.php/Home/editProfile
INFO: [ route_check ] --START--
INFO: Run CheckRoute Behavior [ RunTime:0.002250s ]
INFO: [ route_check ] --END-- [ RunTime:0.002565s ]
INFO: [ app_begin ] --START--
INFO: Run ReadHtmlCache Behavior [ RunTime:0.001732s ]
INFO: [ app_begin ] --END-- [ RunTime:0.002000s ]
SQL: SHOW COLUMNS FROM `think_user_profile` [ RunTime:0.008876s ]
SQL: SELECT * FROM `think_user_profile` WHERE ( `user_name` = 'root' )  [ RunTime:0.000870s ]
INFO: [ view_template ] --START--
INFO: Run LocationTemplate Behavior [ RunTime:0.001685s ]
INFO: [ view_template ] --END-- [ RunTime:0.001962s ]
INFO: [ view_parse ] --START--
INFO: Run ParseTemplate Behavior [ RunTime:0.025350s ]
INFO: [ view_parse ] --END-- [ RunTime:0.025590s ]
INFO: [ view_filter ] --START--
INFO: Run ContentReplace Behavior [ RunTime:0.001111s ]
INFO: Run TokenBuild Behavior [ RunTime:0.000952s ]
INFO: Run WriteHtmlCache Behavior [ RunTime:0.000816s ]
INFO: Run ShowRuntime Behavior [ RunTime:0.001173s ]
INFO: [ view_filter ] --END-- [ RunTime:0.004544s ]
INFO: [ view_end ] --START--
INFO: Run ShowPageTrace Behavior [ RunTime:0.001309s ]
INFO: [ view_end ] --END-- [ RunTime:0.001487s ]
INFO: [ view_template ] --START--
INFO: Run LocationTemplate Behavior [ RunTime:0.000330s ]
INFO: [ view_template ] --END-- [ RunTime:-0.032369s ]
INFO: [ view_parse ] --START--
INFO: Run ParseTemplate Behavior [ RunTime:0.004569s ]
INFO: [ view_parse ] --END-- [ RunTime:-0.007188s ]
INFO: [ view_filter ] --START--
INFO: Run ContentReplace Behavior [ RunTime:0.000144s ]
INFO: Run TokenBuild Behavior [ RunTime:0.000133s ]
INFO: Run WriteHtmlCache Behavior [ RunTime:0.000043s ]
INFO: Run ShowRuntime Behavior [ RunTime:0.000199s ]
INFO: [ view_filter ] --END-- [ RunTime:-0.007477s ]
INFO: [ view_end ] --START--
INFO: Run ShowPageTrace Behavior [ RunTime:0.000104s ]
INFO: [ view_end ] --END-- [ RunTime:-0.006833s ]

[ 2013-08-11T15:11:32+08:00 ] 0.0.0.0 /papawithme/index.php/Home/calenderbg.gif
INFO: [ route_check ] --START--
INFO: Run CheckRoute Behavior [ RunTime:0.000890s ]
INFO: [ route_check ] --END-- [ RunTime:0.001001s ]
INFO: [ app_begin ] --START--
INFO: Run ReadHtmlCache Behavior [ RunTime:0.000544s ]
INFO: [ app_begin ] --END-- [ RunTime:0.000619s ]
ERR: 非法操作:calenderbg.gif

[ 2013-08-11T15:11:40+08:00 ] 0.0.0.0 /papawithme/index.php/Home/updateProfile
INFO: [ route_check ] --START--
INFO: Run CheckRoute Behavior [ RunTime:0.002078s ]
INFO: [ route_check ] --END-- [ RunTime:0.002378s ]
INFO: [ app_begin ] --START--
INFO: Run ReadHtmlCache Behavior [ RunTime:0.001619s ]
INFO: [ app_begin ] --END-- [ RunTime:0.001863s ]
SQL: SHOW COLUMNS FROM `think_user_profile` [ RunTime:0.005291s ]
NOTIC: 建议使用I方法替代_param
NOTIC: 建议使用I方法替代_param
NOTIC: 建议使用I方法替代_param
NOTIC: 建议使用I方法替代_param
NOTIC: 建议使用I方法替代_param
NOTIC: 建议使用I方法替代_param
NOTIC: 建议使用I方法替代_param
NOTIC: 建议使用I方法替代_param
SQL: INSERT INTO `think_user_profile` (`profile_name`,`user_name`,`profile_head`,`profile_motto`,`profile_skill`,`profile_hobby`,`profile_now`,`profile_department`,`profile_birthday`,`profile_autobiography`) VALUES ('杨睿','root','5207392b64bdf.jpg','哈哈','','','','','2013-8-16','') [ RunTime:0.092724s ]
INFO: [ view_template ] --START--
INFO: Run LocationTemplate Behavior [ RunTime:0.001651s ]
INFO: [ view_template ] --END-- [ RunTime:0.001858s ]
INFO: [ view_parse ] --START--
INFO: Run ParseTemplate Behavior [ RunTime:0.062298s ]
INFO: [ view_parse ] --END-- [ RunTime:0.062530s ]
INFO: [ view_filter ] --START--
INFO: Run ContentReplace Behavior [ RunTime:0.001202s ]
INFO: Run TokenBuild Behavior [ RunTime:0.001211s ]
INFO: Run WriteHtmlCache Behavior [ RunTime:0.000944s ]
INFO: Run ShowRuntime Behavior [ RunTime:0.001198s ]
INFO: [ view_filter ] --END-- [ RunTime:0.005031s ]
INFO: [ view_end ] --START--
INFO: Run ShowPageTrace Behavior [ RunTime:0.001625s ]
INFO: [ view_end ] --END-- [ RunTime:0.001792s ]

[ 2013-08-11T15:11:42+08:00 ] 0.0.0.0 /papawithme/index.php/Home/profile
INFO: [ route_check ] --START--
INFO: Run CheckRoute Behavior [ RunTime:0.001347s ]
INFO: [ route_check ] --END-- [ RunTime:0.001578s ]
INFO: [ app_begin ] --START--
INFO: Run ReadHtmlCache Behavior [ RunTime:0.001065s ]
INFO: [ app_begin ] --END-- [ RunTime:0.001198s ]
SQL: SHOW COLUMNS FROM `think_user_profile` [ RunTime:0.009250s ]
SQL: SELECT * FROM `think_user_profile` WHERE ( `user_name` = 'root' )  [ RunTime:0.000914s ]
INFO: [ view_template ] --START--
INFO: Run LocationTemplate Behavior [ RunTime:0.002615s ]
INFO: [ view_template ] --END-- [ RunTime:0.002996s ]
INFO: [ view_parse ] --START--
INFO: Run ParseTemplate Behavior [ RunTime:0.025501s ]
INFO: [ view_parse ] --END-- [ RunTime:0.025827s ]
INFO: [ view_filter ] --START--
INFO: Run ContentReplace Behavior [ RunTime:0.000788s ]
INFO: Run TokenBuild Behavior [ RunTime:0.000844s ]
INFO: Run WriteHtmlCache Behavior [ RunTime:0.000643s ]
INFO: Run ShowRuntime Behavior [ RunTime:0.000836s ]
INFO: [ view_filter ] --END-- [ RunTime:0.003460s ]
INFO: [ view_end ] --START--
INFO: Run ShowPageTrace Behavior [ RunTime:0.000975s ]
INFO: [ view_end ] --END-- [ RunTime:0.001098s ]
INFO: [ view_template ] --START--
INFO: Run LocationTemplate Behavior [ RunTime:0.000447s ]
INFO: [ view_template ] --END-- [ RunTime:-0.031126s ]
INFO: [ view_parse ] --START--
INFO: Run ParseTemplate Behavior [ RunTime:0.003310s ]
INFO: [ view_parse ] --END-- [ RunTime:-0.005701s ]
INFO: [ view_filter ] --START--
INFO: Run ContentReplace Behavior [ RunTime:0.000098s ]
INFO: Run TokenBuild Behavior [ RunTime:0.000090s ]
INFO: Run WriteHtmlCache Behavior [ RunTime:0.000020s ]
INFO: Run ShowRuntime Behavior [ RunTime:0.000136s ]
INFO: [ view_filter ] --END-- [ RunTime:-0.005548s ]
INFO: [ view_end ] --START--
INFO: Run ShowPageTrace Behavior [ RunTime:0.000075s ]
INFO: [ view_end ] --END-- [ RunTime:-0.005032s ]

[ 2013-08-11T15:13:15+08:00 ] 0.0.0.0 /papawithme/index.php/Home/profile
INFO: [ route_check ] --START--
INFO: Run CheckRoute Behavior [ RunTime:0.001766s ]
INFO: [ route_check ] --END-- [ RunTime:0.001972s ]
INFO: [ app_begin ] --START--
INFO: Run ReadHtmlCache Behavior [ RunTime:0.001442s ]
INFO: [ app_begin ] --END-- [ RunTime:0.001646s ]
SQL: SHOW COLUMNS FROM `think_user_profile` [ RunTime:0.009463s ]
SQL: SELECT * FROM `think_user_profile` WHERE ( `user_name` = 'root' )  [ RunTime:0.000943s ]
INFO: [ view_template ] --START--
INFO: Run LocationTemplate Behavior [ RunTime:0.002728s ]
INFO: [ view_template ] --END-- [ RunTime:0.003034s ]
INFO: [ view_parse ] --START--
INFO: Run ParseTemplate Behavior [ RunTime:0.024544s ]
INFO: [ view_parse ] --END-- [ RunTime:0.025030s ]
INFO: [ view_filter ] --START--
INFO: Run ContentReplace Behavior [ RunTime:0.001873s ]
INFO: Run TokenBuild Behavior [ RunTime:0.001890s ]
INFO: Run WriteHtmlCache Behavior [ RunTime:0.001481s ]
INFO: Run ShowRuntime Behavior [ RunTime:0.002145s ]
INFO: [ view_filter ] --END-- [ RunTime:0.008221s ]
INFO: [ view_end ] --START--
INFO: Run ShowPageTrace Behavior [ RunTime:0.002162s ]
INFO: [ view_end ] --END-- [ RunTime:0.002458s ]
INFO: [ view_template ] --START--
INFO: Run LocationTemplate Behavior [ RunTime:0.001180s ]
INFO: [ view_template ] --END-- [ RunTime:-0.036847s ]
INFO: [ view_parse ] --START--
INFO: Run ParseTemplate Behavior [ RunTime:0.004877s ]
INFO: [ view_parse ] --END-- [ RunTime:-0.013248s ]
INFO: [ view_filter ] --START--
INFO: Run ContentReplace Behavior [ RunTime:0.000145s ]
INFO: Run TokenBuild Behavior [ RunTime:0.000133s ]
INFO: Run WriteHtmlCache Behavior [ RunTime:0.000032s ]
INFO: Run ShowRuntime Behavior [ RunTime:0.000200s ]
INFO: [ view_filter ] --END-- [ RunTime:-0.009995s ]
INFO: [ view_end ] --START--
INFO: Run ShowPageTrace Behavior [ RunTime:0.000119s ]
INFO: [ view_end ] --END-- [ RunTime:-0.008308s ]

[ 2013-08-11T15:13:19+08:00 ] 0.0.0.0 /papawithme/index.php/Home/editProfile
INFO: [ route_check ] --START--
INFO: Run CheckRoute Behavior [ RunTime:0.001102s ]
INFO: [ route_check ] --END-- [ RunTime:0.001216s ]
INFO: [ app_begin ] --START--
INFO: Run ReadHtmlCache Behavior [ RunTime:0.000827s ]
INFO: [ app_begin ] --END-- [ RunTime:0.000928s ]
SQL: SHOW COLUMNS FROM `think_user_profile` [ RunTime:0.009777s ]
SQL: SELECT * FROM `think_user_profile` WHERE ( `user_name` = 'root' )  [ RunTime:0.000917s ]
INFO: [ view_template ] --START--
INFO: Run LocationTemplate Behavior [ RunTime:0.003254s ]
INFO: [ view_template ] --END-- [ RunTime:0.003657s ]
INFO: [ view_parse ] --START--
INFO: Run ParseTemplate Behavior [ RunTime:0.031373s ]
INFO: [ view_parse ] --END-- [ RunTime:0.031729s ]
INFO: [ view_filter ] --START--
INFO: Run ContentReplace Behavior [ RunTime:0.002026s ]
INFO: Run TokenBuild Behavior [ RunTime:0.002564s ]
INFO: Run WriteHtmlCache Behavior [ RunTime:0.001771s ]
INFO: Run ShowRuntime Behavior [ RunTime:0.001699s ]
INFO: [ view_filter ] --END-- [ RunTime:0.008883s ]
INFO: [ view_end ] --START--
INFO: Run ShowPageTrace Behavior [ RunTime:0.001121s ]
INFO: [ view_end ] --END-- [ RunTime:0.001236s ]
INFO: [ view_template ] --START--
INFO: Run LocationTemplate Behavior [ RunTime:0.000548s ]
INFO: [ view_template ] --END-- [ RunTime:-0.042592s ]
INFO: [ view_parse ] --START--
INFO: Run ParseTemplate Behavior [ RunTime:0.003870s ]
INFO: [ view_parse ] --END-- [ RunTime:-0.011326s ]
INFO: [ view_filter ] --START--
INFO: Run ContentReplace Behavior [ RunTime:0.000105s ]
INFO: Run TokenBuild Behavior [ RunTime:0.000094s ]
INFO: Run WriteHtmlCache Behavior [ RunTime:0.000021s ]
INFO: Run ShowRuntime Behavior [ RunTime:0.000140s ]
INFO: [ view_filter ] --END-- [ RunTime:-0.006324s ]
INFO: [ view_end ] --START--
INFO: Run ShowPageTrace Behavior [ RunTime:0.000074s ]
INFO: [ view_end ] --END-- [ RunTime:-0.005677s ]

[ 2013-08-11T15:13:27+08:00 ] 0.0.0.0 /papawithme/index.php/Home/updateProfile
INFO: [ route_check ] --START--
INFO: Run CheckRoute Behavior [ RunTime:0.000862s ]
INFO: [ route_check ] --END-- [ RunTime:0.000973s ]
INFO: [ app_begin ] --START--
INFO: Run ReadHtmlCache Behavior [ RunTime:0.000680s ]
INFO: [ app_begin ] --END-- [ RunTime:0.000778s ]
SQL: SHOW COLUMNS FROM `think_user_profile` [ RunTime:0.008728s ]
NOTIC: 建议使用I方法替代_param
NOTIC: 建议使用I方法替代_param
NOTIC: 建议使用I方法替代_param
NOTIC: 建议使用I方法替代_param
NOTIC: 建议使用I方法替代_param
NOTIC: 建议使用I方法替代_param
NOTIC: 建议使用I方法替代_param
NOTIC: 建议使用I方法替代_param
NOTIC: 建议使用I方法替代_param
SQL: INSERT INTO `think_user_profile` (`profile_name`,`profile_sex`,`user_name`,`profile_head`,`profile_motto`,`profile_skill`,`profile_hobby`,`profile_now`,`profile_department`,`profile_birthday`,`profile_autobiography`) VALUES ('杨睿','男生','root','5207399641d32.jpg','阿斯达克萨斯','','','','','','') [ RunTime:0.075017s ]
ERR: 1062:Duplicate entry 'root' for key 'user_name'
 [ SQL语句 ] : INSERT INTO `think_user_profile` (`profile_name`,`profile_sex`,`user_name`,`profile_head`,`profile_motto`,`profile_skill`,`profile_hobby`,`profile_now`,`profile_department`,`profile_birthday`,`profile_autobiography`) VALUES ('杨睿','男生','root','5207399641d32.jpg','阿斯达克萨斯','','','','','','')
SQL: UPDATE `think_user_profile` SET `profile_name`='杨睿',`profile_sex`='男生',`user_name`='root',`profile_head`='5207399641d32.jpg',`profile_motto`='阿斯达克萨斯',`profile_skill`='',`profile_hobby`='',`profile_now`='',`profile_department`='',`profile_birthday`='',`profile_autobiography`='' WHERE ( `user_name` = 'root' ) [ RunTime:0.097368s ]
INFO: [ view_template ] --START--
INFO: Run LocationTemplate Behavior [ RunTime:0.002767s ]
INFO: [ view_template ] --END-- [ RunTime:0.003075s ]
INFO: [ view_parse ] --START--
INFO: Run ParseTemplate Behavior [ RunTime:0.021481s ]
INFO: [ view_parse ] --END-- [ RunTime:0.021714s ]
INFO: [ view_filter ] --START--
INFO: Run ContentReplace Behavior [ RunTime:0.001287s ]
INFO: Run TokenBuild Behavior [ RunTime:0.001158s ]
INFO: Run WriteHtmlCache Behavior [ RunTime:0.000991s ]
INFO: Run ShowRuntime Behavior [ RunTime:0.001316s ]
INFO: [ view_filter ] --END-- [ RunTime:0.005231s ]
INFO: [ view_end ] --START--
INFO: Run ShowPageTrace Behavior [ RunTime:0.001513s ]
INFO: [ view_end ] --END-- [ RunTime:0.001673s ]

[ 2013-08-11T15:13:29+08:00 ] 0.0.0.0 /papawithme/index.php/Home/profile
INFO: [ route_check ] --START--
INFO: Run CheckRoute Behavior [ RunTime:0.001771s ]
INFO: [ route_check ] --END-- [ RunTime:0.001996s ]
INFO: [ app_begin ] --START--
INFO: Run ReadHtmlCache Behavior [ RunTime:0.001443s ]
INFO: [ app_begin ] --END-- [ RunTime:0.001657s ]
SQL: SHOW COLUMNS FROM `think_user_profile` [ RunTime:0.005493s ]
SQL: SELECT * FROM `think_user_profile` WHERE ( `user_name` = 'root' )  [ RunTime:0.000548s ]
INFO: [ view_template ] --START--
INFO: Run LocationTemplate Behavior [ RunTime:0.001929s ]
INFO: [ view_template ] --END-- [ RunTime:0.002175s ]
INFO: [ view_parse ] --START--
INFO: Run ParseTemplate Behavior [ RunTime:0.015197s ]
INFO: [ view_parse ] --END-- [ RunTime:0.015504s ]
INFO: [ view_filter ] --START--
INFO: Run ContentReplace Behavior [ RunTime:0.001297s ]
INFO: Run TokenBuild Behavior [ RunTime:0.001219s ]
INFO: Run WriteHtmlCache Behavior [ RunTime:0.001011s ]
INFO: Run ShowRuntime Behavior [ RunTime:0.001658s ]
INFO: [ view_filter ] --END-- [ RunTime:0.005705s ]
INFO: [ view_end ] --START--
INFO: Run ShowPageTrace Behavior [ RunTime:0.001366s ]
INFO: [ view_end ] --END-- [ RunTime:0.001490s ]
INFO: [ view_template ] --START--
INFO: Run LocationTemplate Behavior [ RunTime:0.000408s ]
INFO: [ view_template ] --END-- [ RunTime:-0.023370s ]
INFO: [ view_parse ] --START--
INFO: Run ParseTemplate Behavior [ RunTime:0.002594s ]
INFO: [ view_parse ] --END-- [ RunTime:-0.008229s ]
INFO: [ view_filter ] --START--
INFO: Run ContentReplace Behavior [ RunTime:0.000078s ]
INFO: Run TokenBuild Behavior [ RunTime:0.000086s ]
INFO: Run WriteHtmlCache Behavior [ RunTime:0.000017s ]
INFO: Run ShowRuntime Behavior [ RunTime:0.000111s ]
INFO: [ view_filter ] --END-- [ RunTime:-0.005164s ]
INFO: [ view_end ] --START--
INFO: Run ShowPageTrace Behavior [ RunTime:0.000058s ]
INFO: [ view_end ] --END-- [ RunTime:-0.004129s ]

[ 2013-08-11T15:57:11+08:00 ] 0.0.0.0 /papawithme/
INFO: [ app_begin ] --START--
INFO: Run ReadHtmlCache Behavior [ RunTime:0.000887s ]
INFO: [ app_begin ] --END-- [ RunTime:0.001027s ]
INFO: [ view_template ] --START--
INFO: Run LocationTemplate Behavior [ RunTime:0.001093s ]
INFO: [ view_template ] --END-- [ RunTime:0.001195s ]
INFO: [ view_parse ] --START--
INFO: Run ParseTemplate Behavior [ RunTime:0.015257s ]
INFO: [ view_parse ] --END-- [ RunTime:0.015384s ]
INFO: [ view_filter ] --START--
INFO: Run ContentReplace Behavior [ RunTime:0.000787s ]
INFO: Run TokenBuild Behavior [ RunTime:0.000749s ]
INFO: Run WriteHtmlCache Behavior [ RunTime:0.000614s ]
INFO: Run ShowRuntime Behavior [ RunTime:0.000875s ]
INFO: [ view_filter ] --END-- [ RunTime:0.003290s ]
INFO: [ view_end ] --START--
INFO: Run ShowPageTrace Behavior [ RunTime:0.000849s ]
INFO: [ view_end ] --END-- [ RunTime:0.000934s ]

[ 2013-08-11T16:00:10+08:00 ] 0.0.0.0 /papawithme/index.php/Index/Login
INFO: [ route_check ] --START--
INFO: Run CheckRoute Behavior [ RunTime:0.000834s ]
INFO: [ route_check ] --END-- [ RunTime:0.000990s ]
INFO: [ app_begin ] --START--
INFO: Run ReadHtmlCache Behavior [ RunTime:0.000518s ]
INFO: [ app_begin ] --END-- [ RunTime:0.000576s ]
SQL: SHOW COLUMNS FROM `think_user` [ RunTime:0.007711s ]
NOTIC: 建议使用I方法替代_param
NOTIC: 建议使用I方法替代_param
SQL: SELECT * FROM `think_user` WHERE ( `user_email` = 'root@papawith.me' ) AND ( `user_psd` = 'papawithme~' )  [ RunTime:0.000807s ]

[ 2013-08-11T16:00:10+08:00 ] 0.0.0.0 /papawithme/index.php/Home
INFO: [ route_check ] --START--
INFO: Run CheckRoute Behavior [ RunTime:0.001129s ]
INFO: [ route_check ] --END-- [ RunTime:0.001269s ]
INFO: [ app_begin ] --START--
INFO: Run ReadHtmlCache Behavior [ RunTime:0.000864s ]
INFO: [ app_begin ] --END-- [ RunTime:0.001001s ]
INFO: [ view_template ] --START--
INFO: Run LocationTemplate Behavior [ RunTime:0.001062s ]
INFO: [ view_template ] --END-- [ RunTime:0.001198s ]
INFO: [ view_parse ] --START--
INFO: Run ParseTemplate Behavior [ RunTime:0.012633s ]
INFO: [ view_parse ] --END-- [ RunTime:0.012812s ]
INFO: [ view_filter ] --START--
INFO: Run ContentReplace Behavior [ RunTime:0.000868s ]
INFO: Run TokenBuild Behavior [ RunTime:0.000906s ]
INFO: Run WriteHtmlCache Behavior [ RunTime:0.000780s ]
INFO: Run ShowRuntime Behavior [ RunTime:0.000882s ]
INFO: [ view_filter ] --END-- [ RunTime:0.003819s ]
INFO: [ view_end ] --START--
INFO: Run ShowPageTrace Behavior [ RunTime:0.001460s ]
INFO: [ view_end ] --END-- [ RunTime:0.001609s ]
INFO: [ view_template ] --START--
INFO: Run LocationTemplate Behavior [ RunTime:0.000497s ]
INFO: [ view_template ] --END-- [ RunTime:-0.018803s ]
INFO: [ view_parse ] --START--
INFO: Run ParseTemplate Behavior [ RunTime:0.003320s ]
INFO: [ view_parse ] --END-- [ RunTime:-0.006570s ]
INFO: [ view_filter ] --START--
INFO: Run ContentReplace Behavior [ RunTime:0.000071s ]
INFO: Run TokenBuild Behavior [ RunTime:0.000055s ]
INFO: Run WriteHtmlCache Behavior [ RunTime:0.000013s ]
INFO: Run ShowRuntime Behavior [ RunTime:0.000085s ]
INFO: [ view_filter ] --END-- [ RunTime:-0.006112s ]
INFO: [ view_end ] --START--
INFO: Run ShowPageTrace Behavior [ RunTime:0.000046s ]
INFO: [ view_end ] --END-- [ RunTime:-0.004769s ]

[ 2013-08-11T16:00:17+08:00 ] 0.0.0.0 /papawithme/index.php/Home/profile
INFO: [ route_check ] --START--
INFO: Run CheckRoute Behavior [ RunTime:0.000855s ]
INFO: [ route_check ] --END-- [ RunTime:0.000966s ]
INFO: [ app_begin ] --START--
INFO: Run ReadHtmlCache Behavior [ RunTime:0.000664s ]
INFO: [ app_begin ] --END-- [ RunTime:0.000764s ]
SQL: SHOW COLUMNS FROM `think_user_profile` [ RunTime:0.009468s ]
SQL: SELECT * FROM `think_user_profile` WHERE ( `user_name` = 'root' )  [ RunTime:0.000866s ]
INFO: [ view_template ] --START--
INFO: Run LocationTemplate Behavior [ RunTime:0.002400s ]
INFO: [ view_template ] --END-- [ RunTime:0.002691s ]
INFO: [ view_parse ] --START--
INFO: Run ParseTemplate Behavior [ RunTime:0.023116s ]
INFO: [ view_parse ] --END-- [ RunTime:0.023429s ]
INFO: [ view_filter ] --START--
INFO: Run ContentReplace Behavior [ RunTime:0.001704s ]
INFO: Run TokenBuild Behavior [ RunTime:0.001841s ]
INFO: Run WriteHtmlCache Behavior [ RunTime:0.001402s ]
INFO: Run ShowRuntime Behavior [ RunTime:0.001892s ]
INFO: [ view_filter ] --END-- [ RunTime:0.007575s ]
INFO: [ view_end ] --START--
INFO: Run ShowPageTrace Behavior [ RunTime:0.002265s ]
INFO: [ view_end ] --END-- [ RunTime:0.002522s ]
INFO: [ view_template ] --START--
INFO: Run LocationTemplate Behavior [ RunTime:0.000991s ]
INFO: [ view_template ] --END-- [ RunTime:-0.034470s ]
INFO: [ view_parse ] --START--
INFO: Run ParseTemplate Behavior [ RunTime:0.007914s ]
INFO: [ view_parse ] --END-- [ RunTime:-0.012268s ]
INFO: [ view_filter ] --START--
INFO: Run ContentReplace Behavior [ RunTime:0.000227s ]
INFO: Run TokenBuild Behavior [ RunTime:0.000126s ]
INFO: Run WriteHtmlCache Behavior [ RunTime:0.000028s ]
INFO: Run ShowRuntime Behavior [ RunTime:0.000185s ]
INFO: [ view_filter ] --END-- [ RunTime:-0.012952s ]
INFO: [ view_end ] --START--
INFO: Run ShowPageTrace Behavior [ RunTime:0.000106s ]
INFO: [ view_end ] --END-- [ RunTime:-0.011336s ]

[ 2013-08-11T16:02:42+08:00 ] 0.0.0.0 /papawithme/index.php/Home/profile
INFO: [ route_check ] --START--
INFO: Run CheckRoute Behavior [ RunTime:0.001921s ]
INFO: [ route_check ] --END-- [ RunTime:0.002188s ]
INFO: [ app_begin ] --START--
INFO: Run ReadHtmlCache Behavior [ RunTime:0.001400s ]
INFO: [ app_begin ] --END-- [ RunTime:0.001630s ]
SQL: SHOW COLUMNS FROM `think_user_profile` [ RunTime:0.009558s ]
SQL: SELECT * FROM `think_user_profile` WHERE ( `user_name` = 'root' )  [ RunTime:0.001070s ]
INFO: [ view_template ] --START--
INFO: Run LocationTemplate Behavior [ RunTime:0.003013s ]
INFO: [ view_template ] --END-- [ RunTime:0.003334s ]
INFO: [ view_parse ] --START--
INFO: Run ParseTemplate Behavior [ RunTime:0.023703s ]
INFO: [ view_parse ] --END-- [ RunTime:0.024042s ]
INFO: [ view_filter ] --START--
INFO: Run ContentReplace Behavior [ RunTime:0.001863s ]
INFO: Run TokenBuild Behavior [ RunTime:0.002013s ]
INFO: Run WriteHtmlCache Behavior [ RunTime:0.001200s ]
INFO: Run ShowRuntime Behavior [ RunTime:0.001052s ]
INFO: [ view_filter ] --END-- [ RunTime:0.006866s ]
INFO: [ view_end ] --START--
INFO: Run ShowPageTrace Behavior [ RunTime:0.001012s ]
INFO: [ view_end ] --END-- [ RunTime:0.001154s ]
INFO: [ view_template ] --START--
INFO: Run LocationTemplate Behavior [ RunTime:0.000442s ]
INFO: [ view_template ] --END-- [ RunTime:-0.032843s ]
INFO: [ view_parse ] --START--
INFO: Run ParseTemplate Behavior [ RunTime:0.003496s ]
INFO: [ view_parse ] --END-- [ RunTime:-0.009116s ]
INFO: [ view_filter ] --START--
INFO: Run ContentReplace Behavior [ RunTime:0.000103s ]
INFO: Run TokenBuild Behavior [ RunTime:0.000096s ]
INFO: Run WriteHtmlCache Behavior [ RunTime:0.000020s ]
INFO: Run ShowRuntime Behavior [ RunTime:0.000143s ]
INFO: [ view_filter ] --END-- [ RunTime:-0.005745s ]
INFO: [ view_end ] --START--
INFO: Run ShowPageTrace Behavior [ RunTime:0.000077s ]
INFO: [ view_end ] --END-- [ RunTime:-0.005206s ]

[ 2013-08-11T16:02:45+08:00 ] 0.0.0.0 /papawithme/index.php/Home/editProfile
INFO: [ route_check ] --START--
INFO: Run CheckRoute Behavior [ RunTime:0.000891s ]
INFO: [ route_check ] --END-- [ RunTime:0.001001s ]
INFO: [ app_begin ] --START--
INFO: Run ReadHtmlCache Behavior [ RunTime:0.000602s ]
INFO: [ app_begin ] --END-- [ RunTime:0.000695s ]
SQL: SHOW COLUMNS FROM `think_user_profile` [ RunTime:0.008742s ]
SQL: SELECT * FROM `think_user_profile` WHERE ( `user_name` = 'root' )  [ RunTime:0.000850s ]
INFO: [ view_template ] --START--
INFO: Run LocationTemplate Behavior [ RunTime:0.002260s ]
INFO: [ view_template ] --END-- [ RunTime:0.002544s ]
INFO: [ view_parse ] --START--
INFO: Run ParseTemplate Behavior [ RunTime:0.030110s ]
INFO: [ view_parse ] --END-- [ RunTime:0.030323s ]
INFO: [ view_filter ] --START--
INFO: Run ContentReplace Behavior [ RunTime:0.000737s ]
INFO: Run TokenBuild Behavior [ RunTime:0.000665s ]
INFO: Run WriteHtmlCache Behavior [ RunTime:0.000598s ]
INFO: Run ShowRuntime Behavior [ RunTime:0.000773s ]
INFO: [ view_filter ] --END-- [ RunTime:0.003098s ]
INFO: [ view_end ] --START--
INFO: Run ShowPageTrace Behavior [ RunTime:0.000753s ]
INFO: [ view_end ] --END-- [ RunTime:0.000863s ]
INFO: [ view_template ] --START--
INFO: Run LocationTemplate Behavior [ RunTime:0.000266s ]
INFO: [ view_template ] --END-- [ RunTime:-0.034843s ]
INFO: [ view_parse ] --START--
INFO: Run ParseTemplate Behavior [ RunTime:0.002903s ]
INFO: [ view_parse ] --END-- [ RunTime:-0.004799s ]
INFO: [ view_filter ] --START--
INFO: Run ContentReplace Behavior [ RunTime:0.000118s ]
INFO: Run TokenBuild Behavior [ RunTime:0.000091s ]
INFO: Run WriteHtmlCache Behavior [ RunTime:0.000020s ]
INFO: Run ShowRuntime Behavior [ RunTime:0.000123s ]
INFO: [ view_filter ] --END-- [ RunTime:-0.004741s ]
INFO: [ view_end ] --START--
INFO: Run ShowPageTrace Behavior [ RunTime:0.000063s ]
INFO: [ view_end ] --END-- [ RunTime:-0.004493s ]

[ 2013-08-11T16:02:50+08:00 ] 0.0.0.0 /papawithme/index.php/Home/calenderbg.gif
INFO: [ route_check ] --START--
INFO: Run CheckRoute Behavior [ RunTime:0.001293s ]
INFO: [ route_check ] --END-- [ RunTime:0.001469s ]
INFO: [ app_begin ] --START--
INFO: Run ReadHtmlCache Behavior [ RunTime:0.000987s ]
INFO: [ app_begin ] --END-- [ RunTime:0.001261s ]
ERR: 非法操作:calenderbg.gif

[ 2013-08-11T16:02:53+08:00 ] 0.0.0.0 /papawithme/index.php/Home/updateProfile
INFO: [ route_check ] --START--
INFO: Run CheckRoute Behavior [ RunTime:0.000793s ]
INFO: [ route_check ] --END-- [ RunTime:0.000963s ]
INFO: [ app_begin ] --START--
INFO: Run ReadHtmlCache Behavior [ RunTime:0.000673s ]
INFO: [ app_begin ] --END-- [ RunTime:0.000767s ]
SQL: SHOW COLUMNS FROM `think_user_profile` [ RunTime:0.009334s ]
NOTIC: 建议使用I方法替代_param
NOTIC: 建议使用I方法替代_param
NOTIC: 建议使用I方法替代_param
NOTIC: 建议使用I方法替代_param
NOTIC: 建议使用I方法替代_param
NOTIC: 建议使用I方法替代_param
NOTIC: 建议使用I方法替代_param
NOTIC: 建议使用I方法替代_param
NOTIC: 建议使用I方法替代_param
SQL: INSERT INTO `think_user_profile` (`profile_name`,`profile_sex`,`user_name`,`profile_motto`,`profile_skill`,`profile_hobby`,`profile_now`,`profile_department`,`profile_birthday`,`profile_autobiography`) VALUES ('杨睿','男生','root','阿斯达克萨斯','','','','','2013-8-14','') [ RunTime:0.069876s ]
ERR: 1062:Duplicate entry 'root' for key 'user_name'
 [ SQL语句 ] : INSERT INTO `think_user_profile` (`profile_name`,`profile_sex`,`user_name`,`profile_motto`,`profile_skill`,`profile_hobby`,`profile_now`,`profile_department`,`profile_birthday`,`profile_autobiography`) VALUES ('杨睿','男生','root','阿斯达克萨斯','','','','','2013-8-14','')
SQL: UPDATE `think_user_profile` SET `profile_name`='杨睿',`profile_sex`='男生',`user_name`='root',`profile_motto`='阿斯达克萨斯',`profile_skill`='',`profile_hobby`='',`profile_now`='',`profile_department`='',`profile_birthday`='2013-8-14',`profile_autobiography`='' WHERE ( `user_name` = 'root' ) [ RunTime:0.097998s ]
INFO: [ view_template ] --START--
INFO: Run LocationTemplate Behavior [ RunTime:0.005263s ]
INFO: [ view_template ] --END-- [ RunTime:0.005567s ]
INFO: [ view_parse ] --START--
INFO: Run ParseTemplate Behavior [ RunTime:0.024398s ]
INFO: [ view_parse ] --END-- [ RunTime:0.024636s ]
INFO: [ view_filter ] --START--
INFO: Run ContentReplace Behavior [ RunTime:0.001898s ]
INFO: Run TokenBuild Behavior [ RunTime:0.001792s ]
INFO: Run WriteHtmlCache Behavior [ RunTime:0.001740s ]
INFO: Run ShowRuntime Behavior [ RunTime:0.001927s ]
INFO: [ view_filter ] --END-- [ RunTime:0.007788s ]
INFO: [ view_end ] --START--
INFO: Run ShowPageTrace Behavior [ RunTime:0.001995s ]
INFO: [ view_end ] --END-- [ RunTime:0.002134s ]

[ 2013-08-11T16:02:55+08:00 ] 0.0.0.0 /papawithme/index.php/Home/profile
INFO: [ route_check ] --START--
INFO: Run CheckRoute Behavior [ RunTime:0.001869s ]
INFO: [ route_check ] --END-- [ RunTime:0.002021s ]
INFO: [ app_begin ] --START--
INFO: Run ReadHtmlCache Behavior [ RunTime:0.001688s ]
INFO: [ app_begin ] --END-- [ RunTime:0.001845s ]
SQL: SHOW COLUMNS FROM `think_user_profile` [ RunTime:0.002939s ]
SQL: SELECT * FROM `think_user_profile` WHERE ( `user_name` = 'root' )  [ RunTime:0.000245s ]
INFO: [ view_template ] --START--
INFO: Run LocationTemplate Behavior [ RunTime:0.001219s ]
INFO: [ view_template ] --END-- [ RunTime:0.001298s ]
INFO: [ view_parse ] --START--
INFO: Run ParseTemplate Behavior [ RunTime:0.008583s ]
INFO: [ view_parse ] --END-- [ RunTime:0.008703s ]
INFO: [ view_filter ] --START--
INFO: Run ContentReplace Behavior [ RunTime:0.000972s ]
INFO: Run TokenBuild Behavior [ RunTime:0.001012s ]
INFO: Run WriteHtmlCache Behavior [ RunTime:0.000688s ]
INFO: Run ShowRuntime Behavior [ RunTime:0.000851s ]
INFO: [ view_filter ] --END-- [ RunTime:0.003713s ]
INFO: [ view_end ] --START--
INFO: Run ShowPageTrace Behavior [ RunTime:0.000904s ]
INFO: [ view_end ] --END-- [ RunTime:0.000975s ]
INFO: [ view_template ] --START--
INFO: Run LocationTemplate Behavior [ RunTime:0.000412s ]
INFO: [ view_template ] --END-- [ RunTime:-0.013667s ]
INFO: [ view_parse ] --START--
INFO: Run ParseTemplate Behavior [ RunTime:0.002347s ]
INFO: [ view_parse ] --END-- [ RunTime:-0.005415s ]
INFO: [ view_filter ] --START--
INFO: Run ContentReplace Behavior [ RunTime:0.000062s ]
INFO: Run TokenBuild Behavior [ RunTime:0.000055s ]
INFO: Run WriteHtmlCache Behavior [ RunTime:0.000012s ]
INFO: Run ShowRuntime Behavior [ RunTime:0.000081s ]
INFO: [ view_filter ] --END-- [ RunTime:-0.004129s ]
INFO: [ view_end ] --START--
INFO: Run ShowPageTrace Behavior [ RunTime:0.000043s ]
INFO: [ view_end ] --END-- [ RunTime:-0.003500s ]

[ 2013-08-11T16:04:40+08:00 ] 0.0.0.0 /papawithme/index.php/Home/profile
INFO: [ route_check ] --START--
INFO: Run CheckRoute Behavior [ RunTime:0.002330s ]
INFO: [ route_check ] --END-- [ RunTime:0.002516s ]
INFO: [ app_begin ] --START--
INFO: Run ReadHtmlCache Behavior [ RunTime:0.001983s ]
INFO: [ app_begin ] --END-- [ RunTime:0.002152s ]
SQL: SHOW COLUMNS FROM `think_user_profile` [ RunTime:0.009719s ]
SQL: SELECT * FROM `think_user_profile` WHERE ( `user_name` = 'root' )  [ RunTime:0.001012s ]
INFO: [ view_template ] --START--
INFO: Run LocationTemplate Behavior [ RunTime:0.005334s ]
INFO: [ view_template ] --END-- [ RunTime:0.005629s ]
INFO: [ view_parse ] --START--
INFO: Run ParseTemplate Behavior [ RunTime:0.030062s ]
INFO: [ view_parse ] --END-- [ RunTime:0.030385s ]
INFO: [ view_filter ] --START--
INFO: Run ContentReplace Behavior [ RunTime:0.001991s ]
INFO: Run TokenBuild Behavior [ RunTime:0.001913s ]
INFO: Run WriteHtmlCache Behavior [ RunTime:0.001722s ]
INFO: Run ShowRuntime Behavior [ RunTime:0.002136s ]
INFO: [ view_filter ] --END-- [ RunTime:0.008217s ]
INFO: [ view_end ] --START--
INFO: Run ShowPageTrace Behavior [ RunTime:0.002559s ]
INFO: [ view_end ] --END-- [ RunTime:0.002783s ]
INFO: [ view_template ] --START--
INFO: Run LocationTemplate Behavior [ RunTime:0.001060s ]
INFO: [ view_template ] --END-- [ RunTime:-0.042128s ]
INFO: [ view_parse ] --START--
INFO: Run ParseTemplate Behavior [ RunTime:0.006047s ]
INFO: [ view_parse ] --END-- [ RunTime:-0.012949s ]
INFO: [ view_filter ] --START--
INFO: Run ContentReplace Behavior [ RunTime:0.000157s ]
INFO: Run TokenBuild Behavior [ RunTime:0.000133s ]
INFO: Run WriteHtmlCache Behavior [ RunTime:0.000030s ]
INFO: Run ShowRuntime Behavior [ RunTime:0.000196s ]
INFO: [ view_filter ] --END-- [ RunTime:-0.011009s ]
INFO: [ view_end ] --START--
INFO: Run ShowPageTrace Behavior [ RunTime:0.000109s ]
INFO: [ view_end ] --END-- [ RunTime:-0.009175s ]

[ 2013-08-11T16:04:42+08:00 ] 0.0.0.0 /papawithme/index.php/Home
INFO: [ route_check ] --START--
INFO: Run CheckRoute Behavior [ RunTime:0.000991s ]
INFO: [ route_check ] --END-- [ RunTime:0.001099s ]
INFO: [ app_begin ] --START--
INFO: Run ReadHtmlCache Behavior [ RunTime:0.000741s ]
INFO: [ app_begin ] --END-- [ RunTime:0.000847s ]
INFO: [ view_template ] --START--
INFO: Run LocationTemplate Behavior [ RunTime:0.000836s ]
INFO: [ view_template ] --END-- [ RunTime:0.000959s ]
INFO: [ view_parse ] --START--
INFO: Run ParseTemplate Behavior [ RunTime:0.007971s ]
INFO: [ view_parse ] --END-- [ RunTime:0.008068s ]
INFO: [ view_filter ] --START--
INFO: Run ContentReplace Behavior [ RunTime:0.000522s ]
INFO: Run TokenBuild Behavior [ RunTime:0.000488s ]
INFO: Run WriteHtmlCache Behavior [ RunTime:0.000384s ]
INFO: Run ShowRuntime Behavior [ RunTime:0.000529s ]
INFO: [ view_filter ] --END-- [ RunTime:0.002145s ]
INFO: [ view_end ] --START--
INFO: Run ShowPageTrace Behavior [ RunTime:0.000561s ]
INFO: [ view_end ] --END-- [ RunTime:0.000625s ]
INFO: [ view_template ] --START--
INFO: Run LocationTemplate Behavior [ RunTime:0.000246s ]
INFO: [ view_template ] --END-- [ RunTime:-0.011127s ]
INFO: [ view_parse ] --START--
INFO: Run ParseTemplate Behavior [ RunTime:0.002115s ]
INFO: [ view_parse ] --END-- [ RunTime:-0.003347s ]
INFO: [ view_filter ] --START--
INFO: Run ContentReplace Behavior [ RunTime:0.000058s ]
INFO: Run TokenBuild Behavior [ RunTime:0.000054s ]
INFO: Run WriteHtmlCache Behavior [ RunTime:0.000011s ]
INFO: Run ShowRuntime Behavior [ RunTime:0.000081s ]
INFO: [ view_filter ] --END-- [ RunTime:-0.003359s ]
INFO: [ view_end ] --START--
INFO: Run ShowPageTrace Behavior [ RunTime:0.000043s ]
INFO: [ view_end ] --END-- [ RunTime:-0.003071s ]

[ 2013-08-11T16:36:49+08:00 ] 0.0.0.0 /papawithme/index.php/Install
INFO: [ route_check ] --START--
INFO: Run CheckRoute Behavior [ RunTime:0.001012s ]
INFO: [ route_check ] --END-- [ RunTime:0.001124s ]
INFO: [ app_begin ] --START--
INFO: Run ReadHtmlCache Behavior [ RunTime:0.000798s ]
INFO: [ app_begin ] --END-- [ RunTime:0.000896s ]
SQL: drop table if exists `papawithme`.`think_user`; [ RunTime:0.082993s ]
SQL: CREATE  TABLE `papawithme`.`think_user` (
					  `user_id` INT NOT NULL AUTO_INCREMENT ,
					  `user_name` VARCHAR(45) NOT NULL ,
					  `user_psd` VARCHAR(45) NOT NULL ,
					  `user_email` VARCHAR(145) NOT NULL ,
					  PRIMARY KEY (`user_id`) ,
					  UNIQUE INDEX `user_name_UNIQUE` (`user_name` ASC) ,
					  UNIQUE INDEX `user_psd_UNIQUE` (`user_psd` ASC) ,
					  UNIQUE INDEX `user_email_UNIQUE` (`user_email` ASC) 
					  ); [ RunTime:0.079912s ]
SQL: INSERT INTO `papawithme`.`think_user` (`user_name`, `user_psd`, `user_email`) VALUES ('root', 'papawithme~', 'root@papawith.me'); [ RunTime:0.044106s ]
SQL: drop table if exists `papawithme`.`think_user_profile`; [ RunTime:0.041920s ]
SQL: 
					CREATE TABLE IF NOT EXISTS `think_user_profile` (
					  `profile_id` bigint(20) NOT NULL AUTO_INCREMENT,
					  `user_name` varchar(45) NOT NULL,
					  `profile_name` varchar(45) NOT NULL,
					  `profile_sex` varchar(45) NOT NULL,
					  `profile_motto` varchar(145) DEFAULT NULL,
					  `profile_head` varchar(45) DEFAULT NULL,
					  `profile_skill` varchar(145) DEFAULT NULL,
					  `profile_hobby` varchar(145) DEFAULT NULL,
					  `profile_now` varchar(25) DEFAULT NULL,
					  `profile_department` varchar(145) DEFAULT NULL,
					  `profile_birthday` date DEFAULT NULL,
					  `profile_autobiography` tinytext,
					  PRIMARY KEY (`profile_id`),
					  UNIQUE KEY `user_name` (`user_name`)
					) ENGINE=InnoDB DEFAULT CHARSET=utf8 AUTO_INCREMENT=1 ;
				 [ RunTime:0.109419s ]
SQL: drop table if exists `papawithme`.`think_meeting`; [ RunTime:0.001105s ]
SQL: 
					CREATE TABLE `papawithme`.`think_meeting` (
					  `meeting_id` INTEGER UNSIGNED NOT NULL AUTO_INCREMENT,
					  `type` SMALLINT UNSIGNED NOT NULL,
					  `user_name` VARCHAR(45) NOT NULL,
					  `attach0` TEXT,
					  `attach1` TEXT,
					  `attach2` TEXT,
					  `attach3` TEXT,
					  `attach4` TEXT,
					  PRIMARY KEY (`meeting_id`)
					)
					ENGINE = InnoDB;
				 [ RunTime:0.066891s ]
SQL: SHOW COLUMNS FROM `think_user` [ RunTime:0.012735s ]
SQL: SELECT * FROM `think_user`  [ RunTime:0.000714s ]

[ 2013-08-11T16:37:29+08:00 ] 0.0.0.0 /papawithme/index.php/Install
INFO: [ route_check ] --START--
INFO: Run CheckRoute Behavior [ RunTime:0.000958s ]
INFO: [ route_check ] --END-- [ RunTime:0.001080s ]
INFO: [ app_begin ] --START--
INFO: Run ReadHtmlCache Behavior [ RunTime:0.000838s ]
INFO: [ app_begin ] --END-- [ RunTime:0.000936s ]
SQL: drop table if exists `papawithme`.`think_user`; [ RunTime:0.052404s ]
SQL: CREATE  TABLE `papawithme`.`think_user` (
					  `user_id` INT NOT NULL AUTO_INCREMENT ,
					  `user_name` VARCHAR(45) NOT NULL ,
					  `user_psd` VARCHAR(45) NOT NULL ,
					  `user_email` VARCHAR(145) NOT NULL ,
					  PRIMARY KEY (`user_id`) ,
					  UNIQUE INDEX `user_name_UNIQUE` (`user_name` ASC) ,
					  UNIQUE INDEX `user_psd_UNIQUE` (`user_psd` ASC) ,
					  UNIQUE INDEX `user_email_UNIQUE` (`user_email` ASC) 
					  ); [ RunTime:0.075476s ]
SQL: INSERT INTO `papawithme`.`think_user` (`user_name`, `user_psd`, `user_email`) VALUES ('root', 'papawithme~', 'root@papawith.me'); [ RunTime:0.077116s ]
SQL: drop table if exists `papawithme`.`think_user_profile`; [ RunTime:0.031979s ]
SQL: 
					CREATE TABLE IF NOT EXISTS `think_user_profile` (
					  `profile_id` bigint(20) NOT NULL AUTO_INCREMENT,
					  `user_name` varchar(45) NOT NULL,
					  `profile_name` varchar(45) NOT NULL,
					  `profile_sex` varchar(45) NOT NULL,
					  `profile_motto` varchar(145) DEFAULT NULL,
					  `profile_head` varchar(45) DEFAULT NULL,
					  `profile_skill` varchar(145) DEFAULT NULL,
					  `profile_hobby` varchar(145) DEFAULT NULL,
					  `profile_now` varchar(25) DEFAULT NULL,
					  `profile_department` varchar(145) DEFAULT NULL,
					  `profile_birthday` date DEFAULT NULL,
					  `profile_autobiography` tinytext,
					  PRIMARY KEY (`profile_id`),
					  UNIQUE KEY `user_name` (`user_name`)
					) ENGINE=InnoDB DEFAULT CHARSET=utf8 AUTO_INCREMENT=1 ;
				 [ RunTime:0.076100s ]
SQL: drop table if exists `papawithme`.`think_meeting`; [ RunTime:0.036886s ]
SQL: 
					CREATE TABLE `papawithme`.`think_meeting` (
					  `meeting_id` INTEGER UNSIGNED NOT NULL AUTO_INCREMENT,
					  `type` SMALLINT UNSIGNED NOT NULL,
					  `user_name` VARCHAR(45) NOT NULL,
					  `attach0` TEXT,
					  `attach1` TEXT,
					  `attach2` TEXT,
					  `attach3` TEXT,
					  `attach4` TEXT,
					  PRIMARY KEY (`meeting_id`)
					)
					ENGINE = InnoDB;
				 [ RunTime:0.075776s ]
SQL: SHOW COLUMNS FROM `think_user` [ RunTime:0.008354s ]
SQL: SELECT * FROM `think_user`  [ RunTime:0.000678s ]

[ 2013-08-11T16:38:36+08:00 ] 0.0.0.0 /papawithme/index.php/Install
INFO: [ route_check ] --START--
INFO: Run CheckRoute Behavior [ RunTime:0.000938s ]
INFO: [ route_check ] --END-- [ RunTime:0.001053s ]
INFO: [ app_begin ] --START--
INFO: Run ReadHtmlCache Behavior [ RunTime:0.000674s ]
INFO: [ app_begin ] --END-- [ RunTime:0.000770s ]
SQL: drop table if exists `papawithme`.`think_user`; [ RunTime:0.069734s ]
SQL: CREATE  TABLE `papawithme`.`think_user` (
					  `user_id` INT NOT NULL AUTO_INCREMENT ,
					  `user_name` VARCHAR(45) NOT NULL ,
					  `user_psd` VARCHAR(45) NOT NULL ,
					  `user_email` VARCHAR(145) NOT NULL ,
					  PRIMARY KEY (`user_id`) ,
					  UNIQUE INDEX `user_name_UNIQUE` (`user_name` ASC) ,
					  UNIQUE INDEX `user_psd_UNIQUE` (`user_psd` ASC) ,
					  UNIQUE INDEX `user_email_UNIQUE` (`user_email` ASC) 
					  ); [ RunTime:0.108730s ]
SQL: INSERT INTO `papawithme`.`think_user` (`user_name`, `user_psd`, `user_email`) VALUES ('root', 'papawithme~', 'root@papawith.me'); [ RunTime:0.043918s ]
SQL: drop table if exists `papawithme`.`think_user_profile`; [ RunTime:0.032153s ]
SQL: 
					CREATE TABLE IF NOT EXISTS `think_user_profile` (
					  `profile_id` bigint(20) NOT NULL AUTO_INCREMENT,
					  `user_name` varchar(45) NOT NULL,
					  `profile_name` varchar(45) NOT NULL,
					  `profile_sex` varchar(45) NOT NULL,
					  `profile_motto` varchar(145) DEFAULT NULL,
					  `profile_head` varchar(45) DEFAULT NULL,
					  `profile_skill` varchar(145) DEFAULT NULL,
					  `profile_hobby` varchar(145) DEFAULT NULL,
					  `profile_now` varchar(25) DEFAULT NULL,
					  `profile_department` varchar(145) DEFAULT NULL,
					  `profile_birthday` date DEFAULT NULL,
					  `profile_autobiography` tinytext,
					  PRIMARY KEY (`profile_id`),
					  UNIQUE KEY `user_name` (`user_name`)
					) ENGINE=InnoDB DEFAULT CHARSET=utf8 AUTO_INCREMENT=1 ;
				 [ RunTime:0.111472s ]
SQL: drop table if exists `papawithme`.`think_meeting`; [ RunTime:0.021181s ]
SQL: 
					CREATE TABLE `papawithme`.`think_meeting` (
					  `meeting_id` INTEGER UNSIGNED NOT NULL AUTO_INCREMENT,
					  `type` SMALLINT UNSIGNED NOT NULL,
					  `user_name` VARCHAR(45) NOT NULL,
					  `attach0` TEXT,
					  `attach1` TEXT,
					  `attach2` TEXT,
					  `attach3` TEXT,
					  `attach4` TEXT,
					  `attach5` TEXT,
					  PRIMARY KEY (`meeting_id`)
					)
					ENGINE = InnoDB;
				 [ RunTime:0.133379s ]
SQL: SHOW COLUMNS FROM `think_user` [ RunTime:0.008425s ]
SQL: SELECT * FROM `think_user`  [ RunTime:0.000734s ]

