[ 2013-07-03T08:46:18+08:00 ] 127.0.0.1 /papawithme/
INFO: [ app_begin ] --START--
INFO: Run ReadHtmlCache Behavior [ RunTime:0.001804s ]
INFO: [ app_begin ] --END-- [ RunTime:0.001993s ]
INFO: [ view_template ] --START--
INFO: Run LocationTemplate Behavior [ RunTime:0.045465s ]
INFO: [ view_template ] --END-- [ RunTime:0.045651s ]
INFO: [ view_parse ] --START--
INFO: Run ParseTemplate Behavior [ RunTime:0.078295s ]
INFO: [ view_parse ] --END-- [ RunTime:0.078416s ]
INFO: [ view_filter ] --START--
INFO: Run ContentReplace Behavior [ RunTime:0.024614s ]
INFO: Run TokenBuild Behavior [ RunTime:0.015876s ]
INFO: Run WriteHtmlCache Behavior [ RunTime:0.003634s ]
INFO: Run ShowRuntime Behavior [ RunTime:0.003677s ]
INFO: [ view_filter ] --END-- [ RunTime:0.048101s ]
INFO: [ view_end ] --START--
INFO: Run ShowPageTrace Behavior [ RunTime:0.010351s ]
INFO: [ view_end ] --END-- [ RunTime:0.010428s ]

[ 2013-07-03T08:46:47+08:00 ] 127.0.0.1 /papawithme/index.php/Index/Login
INFO: [ route_check ] --START--
INFO: Run CheckRoute Behavior [ RunTime:0.014607s ]
INFO: [ route_check ] --END-- [ RunTime:0.014782s ]
INFO: [ app_begin ] --START--
INFO: Run ReadHtmlCache Behavior [ RunTime:0.001109s ]
INFO: [ app_begin ] --END-- [ RunTime:0.001264s ]
SQL: SHOW COLUMNS FROM `think_user` [ RunTime:0.045903s ]
SQL: SELECT * FROM `think_user`  [ RunTime:0.000440s ]
NOTIC: 建议使用I方法替代_param

