[ 2013-08-16T16:07:26+08:00 ] 0.0.0.0 /papawithme/
INFO: [ app_begin ] --START--
INFO: Run ReadHtmlCache Behavior [ RunTime:0.015313s ]
INFO: [ app_begin ] --END-- [ RunTime:0.015701s ]
INFO: [ view_template ] --START--
INFO: Run LocationTemplate Behavior [ RunTime:0.013898s ]
INFO: [ view_template ] --END-- [ RunTime:0.014234s ]
INFO: [ view_parse ] --START--
INFO: Run ParseTemplate Behavior [ RunTime:0.070297s ]
INFO: [ view_parse ] --END-- [ RunTime:0.070546s ]
INFO: [ view_filter ] --START--
INFO: Run ContentReplace Behavior [ RunTime:0.012317s ]
INFO: Run TokenBuild Behavior [ RunTime:0.008457s ]
INFO: Run WriteHtmlCache Behavior [ RunTime:0.005447s ]
INFO: Run ShowRuntime Behavior [ RunTime:0.001625s ]
INFO: [ view_filter ] --END-- [ RunTime:0.028404s ]
INFO: [ view_end ] --START--
INFO: Run ShowPageTrace Behavior [ RunTime:0.001639s ]
INFO: [ view_end ] --END-- [ RunTime:0.001810s ]

[ 2013-08-16T16:07:30+08:00 ] 0.0.0.0 /papawithme/index.php/Index/Login
INFO: [ route_check ] --START--
INFO: Run CheckRoute Behavior [ RunTime:0.023552s ]
INFO: [ route_check ] --END-- [ RunTime:0.023666s ]
INFO: [ app_begin ] --START--
INFO: Run ReadHtmlCache Behavior [ RunTime:0.000641s ]
INFO: [ app_begin ] --END-- [ RunTime:0.000721s ]
SQL: SHOW COLUMNS FROM `think_user` [ RunTime:0.059563s ]
NOTIC: 建议使用I方法替代_param
NOTIC: 建议使用I方法替代_param
SQL: SELECT * FROM `think_user` WHERE ( `user_email` = 'root@papawith.me' ) AND ( `user_psd` = 'papawithme~' )  [ RunTime:0.001008s ]

[ 2013-08-16T16:07:30+08:00 ] 0.0.0.0 /papawithme/index.php/Home
INFO: [ route_check ] --START--
INFO: Run CheckRoute Behavior [ RunTime:0.000959s ]
INFO: [ route_check ] --END-- [ RunTime:0.001100s ]
INFO: [ app_begin ] --START--
INFO: Run ReadHtmlCache Behavior [ RunTime:0.000784s ]
INFO: [ app_begin ] --END-- [ RunTime:0.000912s ]
INFO: [ view_template ] --START--
INFO: Run LocationTemplate Behavior [ RunTime:0.017837s ]
INFO: [ view_template ] --END-- [ RunTime:0.018032s ]
INFO: [ view_parse ] --START--
INFO: Run ParseTemplate Behavior [ RunTime:0.048555s ]
INFO: [ view_parse ] --END-- [ RunTime:0.048746s ]
INFO: [ view_filter ] --START--
INFO: Run ContentReplace Behavior [ RunTime:0.001088s ]
INFO: Run TokenBuild Behavior [ RunTime:0.001029s ]
INFO: Run WriteHtmlCache Behavior [ RunTime:0.000791s ]
INFO: Run ShowRuntime Behavior [ RunTime:0.001171s ]
INFO: [ view_filter ] --END-- [ RunTime:0.004583s ]
INFO: [ view_end ] --START--
INFO: Run ShowPageTrace Behavior [ RunTime:0.001196s ]
INFO: [ view_end ] --END-- [ RunTime:0.001357s ]
INFO: [ view_template ] --START--
INFO: Run LocationTemplate Behavior [ RunTime:0.000509s ]
INFO: [ view_template ] --END-- [ RunTime:-0.055242s ]
INFO: [ view_parse ] --START--
INFO: Run ParseTemplate Behavior [ RunTime:0.010329s ]
INFO: [ view_parse ] --END-- [ RunTime:-0.007230s ]
INFO: [ view_filter ] --START--
INFO: Run ContentReplace Behavior [ RunTime:0.000156s ]
INFO: Run TokenBuild Behavior [ RunTime:0.000140s ]
INFO: Run WriteHtmlCache Behavior [ RunTime:0.000032s ]
INFO: Run ShowRuntime Behavior [ RunTime:0.000215s ]
INFO: [ view_filter ] --END-- [ RunTime:-0.013152s ]
INFO: [ view_end ] --START--
INFO: Run ShowPageTrace Behavior [ RunTime:0.000113s ]
INFO: [ view_end ] --END-- [ RunTime:-0.012705s ]

[ 2013-08-16T16:07:39+08:00 ] 0.0.0.0 /papawithme/index.php/Home/profile
INFO: [ route_check ] --START--
INFO: Run CheckRoute Behavior [ RunTime:0.000858s ]
INFO: [ route_check ] --END-- [ RunTime:0.000971s ]
INFO: [ app_begin ] --START--
INFO: Run ReadHtmlCache Behavior [ RunTime:0.000629s ]
INFO: [ app_begin ] --END-- [ RunTime:0.000724s ]
SQL: SHOW COLUMNS FROM `think_user_profile` [ RunTime:0.082338s ]
SQL: SELECT * FROM `think_user_profile` WHERE ( `user_name` = 'root' )  [ RunTime:0.000878s ]
INFO: [ view_template ] --START--
INFO: Run LocationTemplate Behavior [ RunTime:0.002495s ]
INFO: [ view_template ] --END-- [ RunTime:0.002787s ]
INFO: [ view_parse ] --START--
INFO: Run ParseTemplate Behavior [ RunTime:0.037825s ]
INFO: [ view_parse ] --END-- [ RunTime:0.038247s ]
INFO: [ view_filter ] --START--
INFO: Run ContentReplace Behavior [ RunTime:0.001610s ]
INFO: Run TokenBuild Behavior [ RunTime:0.001623s ]
INFO: Run WriteHtmlCache Behavior [ RunTime:0.001302s ]
INFO: Run ShowRuntime Behavior [ RunTime:0.001923s ]
INFO: [ view_filter ] --END-- [ RunTime:0.007227s ]
INFO: [ view_end ] --START--
INFO: Run ShowPageTrace Behavior [ RunTime:0.002119s ]
INFO: [ view_end ] --END-- [ RunTime:0.002386s ]
INFO: [ view_template ] --START--
INFO: Run LocationTemplate Behavior [ RunTime:0.000699s ]
INFO: [ view_template ] --END-- [ RunTime:-0.048916s ]
INFO: [ view_parse ] --START--
INFO: Run ParseTemplate Behavior [ RunTime:0.007165s ]
INFO: [ view_parse ] --END-- [ RunTime:-0.011609s ]
INFO: [ view_filter ] --START--
INFO: Run ContentReplace Behavior [ RunTime:0.000234s ]
INFO: Run TokenBuild Behavior [ RunTime:0.000226s ]
INFO: Run WriteHtmlCache Behavior [ RunTime:0.000048s ]
INFO: Run ShowRuntime Behavior [ RunTime:0.000341s ]
INFO: [ view_filter ] --END-- [ RunTime:-0.011811s ]
INFO: [ view_end ] --START--
INFO: Run ShowPageTrace Behavior [ RunTime:0.000212s ]
INFO: [ view_end ] --END-- [ RunTime:-0.010907s ]

