[ 2013-08-09T15:53:53+08:00 ] 0.0.0.0 /papawithme/index.php/Home/editProfile
INFO: [ route_check ] --START--
INFO: Run CheckRoute Behavior [ RunTime:0.001753s ]
INFO: [ route_check ] --END-- [ RunTime:0.001962s ]
INFO: [ app_begin ] --START--
INFO: Run ReadHtmlCache Behavior [ RunTime:0.001298s ]
INFO: [ app_begin ] --END-- [ RunTime:0.001476s ]
SQL: SHOW COLUMNS FROM `think_user_profile` [ RunTime:0.008482s ]
SQL: SELECT * FROM `think_user_profile` WHERE ( `user_name` = 'root' )  [ RunTime:0.000949s ]
INFO: [ view_template ] --START--
INFO: Run LocationTemplate Behavior [ RunTime:0.002694s ]
INFO: [ view_template ] --END-- [ RunTime:0.003041s ]
INFO: [ view_parse ] --START--
INFO: Run ParseTemplate Behavior [ RunTime:0.022981s ]
INFO: [ view_parse ] --END-- [ RunTime:0.023336s ]
INFO: [ view_filter ] --START--
INFO: Run ContentReplace Behavior [ RunTime:0.001838s ]
INFO: Run TokenBuild Behavior [ RunTime:0.001380s ]
INFO: Run WriteHtmlCache Behavior [ RunTime:0.000567s ]
INFO: Run ShowRuntime Behavior [ RunTime:0.000783s ]
INFO: [ view_filter ] --END-- [ RunTime:0.005061s ]
INFO: [ view_end ] --START--
INFO: Run ShowPageTrace Behavior [ RunTime:0.000857s ]
INFO: [ view_end ] --END-- [ RunTime:0.000961s ]
INFO: [ view_template ] --START--
INFO: Run LocationTemplate Behavior [ RunTime:0.000417s ]
INFO: [ view_template ] --END-- [ RunTime:-0.030052s ]
INFO: [ view_parse ] --START--
INFO: Run ParseTemplate Behavior [ RunTime:0.003088s ]
INFO: [ view_parse ] --END-- [ RunTime:-0.007079s ]
INFO: [ view_filter ] --START--
INFO: Run ContentReplace Behavior [ RunTime:0.000096s ]
INFO: Run TokenBuild Behavior [ RunTime:0.000088s ]
INFO: Run WriteHtmlCache Behavior [ RunTime:0.000021s ]
INFO: Run ShowRuntime Behavior [ RunTime:0.000132s ]
INFO: [ view_filter ] --END-- [ RunTime:-0.005067s ]
INFO: [ view_end ] --START--
INFO: Run ShowPageTrace Behavior [ RunTime:0.000082s ]
INFO: [ view_end ] --END-- [ RunTime:-0.004671s ]

[ 2013-08-09T15:54:28+08:00 ] 0.0.0.0 /papawithme/index.php/Home/updateProfile
INFO: [ route_check ] --START--
INFO: Run CheckRoute Behavior [ RunTime:0.000934s ]
INFO: [ route_check ] --END-- [ RunTime:0.001070s ]
INFO: [ app_begin ] --START--
INFO: Run ReadHtmlCache Behavior [ RunTime:0.000674s ]
INFO: [ app_begin ] --END-- [ RunTime:0.000779s ]
SQL: SHOW COLUMNS FROM `think_user_profile` [ RunTime:0.008016s ]
NOTIC: 建议使用I方法替代_param
NOTIC: 建议使用I方法替代_param
NOTIC: 建议使用I方法替代_param
NOTIC: 建议使用I方法替代_param
NOTIC: 建议使用I方法替代_param
NOTIC: 建议使用I方法替代_param
NOTIC: 建议使用I方法替代_param
NOTIC: 建议使用I方法替代_param
SQL: UPDATE `think_user_profile` SET `profile_name`='杨睿',`user_name`='root',`profile_head`='5204a03335cf0.jpg',`profile_motto`='哈哈',`profile_skill`='哈哈',`profile_hobby`='哈哈',`profile_now`='哈哈',`profile_department`='哈哈',`profile_birthday`='哈哈',`profile_autobiography`='哈哈' WHERE ( user_name=root ) [ RunTime:0.000642s ]
ERR: 1054:Unknown column 'root' in 'where clause'
 [ SQL语句 ] : UPDATE `think_user_profile` SET `profile_name`='杨睿',`user_name`='root',`profile_head`='5204a03335cf0.jpg',`profile_motto`='哈哈',`profile_skill`='哈哈',`profile_hobby`='哈哈',`profile_now`='哈哈',`profile_department`='哈哈',`profile_birthday`='哈哈',`profile_autobiography`='哈哈' WHERE ( user_name=root )
INFO: [ view_template ] --START--
INFO: Run LocationTemplate Behavior [ RunTime:0.002229s ]
INFO: [ view_template ] --END-- [ RunTime:0.002527s ]
INFO: [ view_parse ] --START--
INFO: Run ParseTemplate Behavior [ RunTime:0.021671s ]
INFO: [ view_parse ] --END-- [ RunTime:0.021979s ]
INFO: [ view_filter ] --START--
INFO: Run ContentReplace Behavior [ RunTime:0.000815s ]
INFO: Run TokenBuild Behavior [ RunTime:0.000797s ]
INFO: Run WriteHtmlCache Behavior [ RunTime:0.000658s ]
INFO: Run ShowRuntime Behavior [ RunTime:0.000900s ]
INFO: [ view_filter ] --END-- [ RunTime:0.003554s ]
INFO: [ view_end ] --START--
INFO: Run ShowPageTrace Behavior [ RunTime:0.001005s ]
INFO: [ view_end ] --END-- [ RunTime:0.001118s ]

[ 2013-08-09T15:54:30+08:00 ] 0.0.0.0 /papawithme/index.php/Home/editProfile
INFO: [ route_check ] --START--
INFO: Run CheckRoute Behavior [ RunTime:0.001539s ]
INFO: [ route_check ] --END-- [ RunTime:0.001722s ]
INFO: [ app_begin ] --START--
INFO: Run ReadHtmlCache Behavior [ RunTime:0.001146s ]
INFO: [ app_begin ] --END-- [ RunTime:0.001319s ]
SQL: SHOW COLUMNS FROM `think_user_profile` [ RunTime:0.008210s ]
SQL: SELECT * FROM `think_user_profile` WHERE ( `user_name` = 'root' )  [ RunTime:0.000854s ]
INFO: [ view_template ] --START--
INFO: Run LocationTemplate Behavior [ RunTime:0.002322s ]
INFO: [ view_template ] --END-- [ RunTime:0.002639s ]
INFO: [ view_parse ] --START--
INFO: Run ParseTemplate Behavior [ RunTime:0.020625s ]
INFO: [ view_parse ] --END-- [ RunTime:0.020853s ]
INFO: [ view_filter ] --START--
INFO: Run ContentReplace Behavior [ RunTime:0.000911s ]
INFO: Run TokenBuild Behavior [ RunTime:0.000879s ]
INFO: Run WriteHtmlCache Behavior [ RunTime:0.000759s ]
INFO: Run ShowRuntime Behavior [ RunTime:0.001038s ]
INFO: [ view_filter ] --END-- [ RunTime:0.004007s ]
INFO: [ view_end ] --START--
INFO: Run ShowPageTrace Behavior [ RunTime:0.001110s ]
INFO: [ view_end ] --END-- [ RunTime:0.001246s ]
INFO: [ view_template ] --START--
INFO: Run LocationTemplate Behavior [ RunTime:0.000550s ]
INFO: [ view_template ] --END-- [ RunTime:-0.026784s ]
INFO: [ view_parse ] --START--
INFO: Run ParseTemplate Behavior [ RunTime:0.003824s ]
INFO: [ view_parse ] --END-- [ RunTime:-0.006476s ]
INFO: [ view_filter ] --START--
INFO: Run ContentReplace Behavior [ RunTime:0.000114s ]
INFO: Run TokenBuild Behavior [ RunTime:0.000108s ]
INFO: Run WriteHtmlCache Behavior [ RunTime:0.000023s ]
INFO: Run ShowRuntime Behavior [ RunTime:0.000161s ]
INFO: [ view_filter ] --END-- [ RunTime:-0.006419s ]
INFO: [ view_end ] --START--
INFO: Run ShowPageTrace Behavior [ RunTime:0.000090s ]
INFO: [ view_end ] --END-- [ RunTime:-0.005853s ]

[ 2013-08-09T15:55:51+08:00 ] 0.0.0.0 /papawithme/index.php/Install
INFO: [ route_check ] --START--
INFO: Run CheckRoute Behavior [ RunTime:0.000809s ]
INFO: [ route_check ] --END-- [ RunTime:0.000917s ]
INFO: [ app_begin ] --START--
INFO: Run ReadHtmlCache Behavior [ RunTime:0.000665s ]
INFO: [ app_begin ] --END-- [ RunTime:0.000777s ]
SQL: drop table if exists `papawithme`.`think_user`; [ RunTime:0.093326s ]
SQL: CREATE  TABLE `papawithme`.`think_user` (
					  `user_id` INT NOT NULL AUTO_INCREMENT ,
					  `user_name` VARCHAR(45) NOT NULL ,
					  `user_psd` VARCHAR(45) NOT NULL ,
					  `user_email` VARCHAR(145) NOT NULL ,
					  PRIMARY KEY (`user_id`) ,
					  UNIQUE INDEX `user_name_UNIQUE` (`user_name` ASC) ,
					  UNIQUE INDEX `user_psd_UNIQUE` (`user_psd` ASC) ,
					  UNIQUE INDEX `user_email_UNIQUE` (`user_email` ASC) 
					  ); [ RunTime:0.127871s ]
SQL: INSERT INTO `papawithme`.`think_user` (`user_name`, `user_psd`, `user_email`) VALUES ('root', 'papawithme~', 'root@papawith.me'); [ RunTime:0.110404s ]
SQL: drop table if exists `papawithme`.`think_user_profile`; [ RunTime:0.059473s ]
SQL: 
					CREATE TABLE IF NOT EXISTS `think_user_profile` (
					  `profile_id` bigint(20) NOT NULL AUTO_INCREMENT,
					  `user_name` varchar(45) NOT NULL,
					  `profile_name` varchar(45) NOT NULL,
					  `profile_motto` varchar(145) DEFAULT NULL,
					  `profile_head` varchar(45) DEFAULT NULL,
					  `profile_skill` varchar(145) DEFAULT NULL,
					  `profile_hobby` varchar(145) DEFAULT NULL,
					  `profile_now` varchar(25) DEFAULT NULL,
					  `profile_department` varchar(145) DEFAULT NULL,
					  `profile_birthday` date DEFAULT NULL,
					  `profile_autobiography` tinytext,
					  PRIMARY KEY (`profile_id`),
					  UNIQUE KEY `user_name` (`user_name`)
					) ENGINE=InnoDB DEFAULT CHARSET=latin1 AUTO_INCREMENT=1 ;
				 [ RunTime:0.109423s ]
SQL: SHOW COLUMNS FROM `think_user` [ RunTime:0.008167s ]
SQL: SELECT * FROM `think_user`  [ RunTime:0.000696s ]

[ 2013-08-09T16:00:07+08:00 ] 0.0.0.0 /papawithme/index.php/Home/updateProfile
INFO: [ route_check ] --START--
INFO: Run CheckRoute Behavior [ RunTime:0.000938s ]
INFO: [ route_check ] --END-- [ RunTime:0.001069s ]
INFO: [ app_begin ] --START--
INFO: Run ReadHtmlCache Behavior [ RunTime:0.000803s ]
INFO: [ app_begin ] --END-- [ RunTime:0.000904s ]
SQL: SHOW COLUMNS FROM `think_user_profile` [ RunTime:0.008638s ]
NOTIC: 建议使用I方法替代_param
NOTIC: 建议使用I方法替代_param
NOTIC: 建议使用I方法替代_param
NOTIC: 建议使用I方法替代_param
NOTIC: 建议使用I方法替代_param
NOTIC: 建议使用I方法替代_param
NOTIC: 建议使用I方法替代_param
NOTIC: 建议使用I方法替代_param
SQL: UPDATE `think_user_profile` SET `profile_name`='杨睿',`user_name`='root',`profile_head`='5204a18649947.jpg',`profile_motto`='哈哈',`profile_skill`='哈哈',`profile_hobby`='',`profile_now`='',`profile_department`='',`profile_birthday`='',`profile_autobiography`='' WHERE ( root ) [ RunTime:0.000638s ]
ERR: 1054:Unknown column 'root' in 'where clause'
 [ SQL语句 ] : UPDATE `think_user_profile` SET `profile_name`='杨睿',`user_name`='root',`profile_head`='5204a18649947.jpg',`profile_motto`='哈哈',`profile_skill`='哈哈',`profile_hobby`='',`profile_now`='',`profile_department`='',`profile_birthday`='',`profile_autobiography`='' WHERE ( root )
INFO: [ view_template ] --START--
INFO: Run LocationTemplate Behavior [ RunTime:0.002476s ]
INFO: [ view_template ] --END-- [ RunTime:0.002784s ]
INFO: [ view_parse ] --START--
INFO: Run ParseTemplate Behavior [ RunTime:0.021290s ]
INFO: [ view_parse ] --END-- [ RunTime:0.021603s ]
INFO: [ view_filter ] --START--
INFO: Run ContentReplace Behavior [ RunTime:0.001866s ]
INFO: Run TokenBuild Behavior [ RunTime:0.001982s ]
INFO: Run WriteHtmlCache Behavior [ RunTime:0.000747s ]
INFO: Run ShowRuntime Behavior [ RunTime:0.000879s ]
INFO: [ view_filter ] --END-- [ RunTime:0.006066s ]
INFO: [ view_end ] --START--
INFO: Run ShowPageTrace Behavior [ RunTime:0.000932s ]
INFO: [ view_end ] --END-- [ RunTime:0.001034s ]

[ 2013-08-09T16:00:09+08:00 ] 0.0.0.0 /papawithme/index.php/Home/editProfile
INFO: [ route_check ] --START--
INFO: Run CheckRoute Behavior [ RunTime:0.001880s ]
INFO: [ route_check ] --END-- [ RunTime:0.002121s ]
INFO: [ app_begin ] --START--
INFO: Run ReadHtmlCache Behavior [ RunTime:0.001345s ]
INFO: [ app_begin ] --END-- [ RunTime:0.001562s ]
SQL: SHOW COLUMNS FROM `think_user_profile` [ RunTime:0.008128s ]
SQL: SELECT * FROM `think_user_profile` WHERE ( `user_name` = 'root' )  [ RunTime:0.000930s ]
INFO: [ view_template ] --START--
INFO: Run LocationTemplate Behavior [ RunTime:0.002779s ]
INFO: [ view_template ] --END-- [ RunTime:0.003095s ]
INFO: [ view_parse ] --START--
INFO: Run ParseTemplate Behavior [ RunTime:0.022725s ]
INFO: [ view_parse ] --END-- [ RunTime:0.023036s ]
INFO: [ view_filter ] --START--
INFO: Run ContentReplace Behavior [ RunTime:0.000980s ]
INFO: Run TokenBuild Behavior [ RunTime:0.000876s ]
INFO: Run WriteHtmlCache Behavior [ RunTime:0.000678s ]
INFO: Run ShowRuntime Behavior [ RunTime:0.000963s ]
INFO: [ view_filter ] --END-- [ RunTime:0.003919s ]
INFO: [ view_end ] --START--
INFO: Run ShowPageTrace Behavior [ RunTime:0.000990s ]
INFO: [ view_end ] --END-- [ RunTime:0.001107s ]
INFO: [ view_template ] --START--
INFO: Run LocationTemplate Behavior [ RunTime:0.000538s ]
INFO: [ view_template ] --END-- [ RunTime:-0.028792s ]
INFO: [ view_parse ] --START--
INFO: Run ParseTemplate Behavior [ RunTime:0.003450s ]
INFO: [ view_parse ] --END-- [ RunTime:-0.006249s ]
INFO: [ view_filter ] --START--
INFO: Run ContentReplace Behavior [ RunTime:0.000108s ]
INFO: Run TokenBuild Behavior [ RunTime:0.000094s ]
INFO: Run WriteHtmlCache Behavior [ RunTime:0.000021s ]
INFO: Run ShowRuntime Behavior [ RunTime:0.000142s ]
INFO: [ view_filter ] --END-- [ RunTime:-0.005772s ]
INFO: [ view_end ] --START--
INFO: Run ShowPageTrace Behavior [ RunTime:0.000097s ]
INFO: [ view_end ] --END-- [ RunTime:-0.005267s ]

[ 2013-08-09T16:01:46+08:00 ] 0.0.0.0 /papawithme/index.php/Home/updateProfile
INFO: [ route_check ] --START--
INFO: Run CheckRoute Behavior [ RunTime:0.000893s ]
INFO: [ route_check ] --END-- [ RunTime:0.001013s ]
INFO: [ app_begin ] --START--
INFO: Run ReadHtmlCache Behavior [ RunTime:0.000695s ]
INFO: [ app_begin ] --END-- [ RunTime:0.000795s ]
SQL: SHOW COLUMNS FROM `think_user_profile` [ RunTime:0.008424s ]
NOTIC: 建议使用I方法替代_param
NOTIC: 建议使用I方法替代_param
NOTIC: 建议使用I方法替代_param
NOTIC: 建议使用I方法替代_param
NOTIC: 建议使用I方法替代_param
NOTIC: 建议使用I方法替代_param
NOTIC: 建议使用I方法替代_param
NOTIC: 建议使用I方法替代_param
SQL: UPDATE `think_user_profile` SET `profile_name`='杨睿',`user_name`='root',`profile_head`='5204a1e904ba8.jpg',`profile_motto`='哈哈',`profile_skill`='',`profile_hobby`='',`profile_now`='',`profile_department`='',`profile_birthday`='',`profile_autobiography`='' WHERE ( root ) [ RunTime:0.000723s ]
ERR: 1054:Unknown column 'root' in 'where clause'
 [ SQL语句 ] : UPDATE `think_user_profile` SET `profile_name`='杨睿',`user_name`='root',`profile_head`='5204a1e904ba8.jpg',`profile_motto`='哈哈',`profile_skill`='',`profile_hobby`='',`profile_now`='',`profile_department`='',`profile_birthday`='',`profile_autobiography`='' WHERE ( root )
INFO: [ view_template ] --START--
INFO: Run LocationTemplate Behavior [ RunTime:0.002096s ]
INFO: [ view_template ] --END-- [ RunTime:0.002309s ]
INFO: [ view_parse ] --START--
INFO: Run ParseTemplate Behavior [ RunTime:0.010479s ]
INFO: [ view_parse ] --END-- [ RunTime:0.010627s ]
INFO: [ view_filter ] --START--
INFO: Run ContentReplace Behavior [ RunTime:0.000879s ]
INFO: Run TokenBuild Behavior [ RunTime:0.000910s ]
INFO: Run WriteHtmlCache Behavior [ RunTime:0.000751s ]
INFO: Run ShowRuntime Behavior [ RunTime:0.001012s ]
INFO: [ view_filter ] --END-- [ RunTime:0.003934s ]
INFO: [ view_end ] --START--
INFO: Run ShowPageTrace Behavior [ RunTime:0.001094s ]
INFO: [ view_end ] --END-- [ RunTime:0.001221s ]

[ 2013-08-09T16:01:48+08:00 ] 0.0.0.0 /papawithme/index.php/Home/editProfile
INFO: [ route_check ] --START--
INFO: Run CheckRoute Behavior [ RunTime:0.001796s ]
INFO: [ route_check ] --END-- [ RunTime:0.002050s ]
INFO: [ app_begin ] --START--
INFO: Run ReadHtmlCache Behavior [ RunTime:0.001540s ]
INFO: [ app_begin ] --END-- [ RunTime:0.001749s ]
SQL: SHOW COLUMNS FROM `think_user_profile` [ RunTime:0.008137s ]
SQL: SELECT * FROM `think_user_profile` WHERE ( `user_name` = 'root' )  [ RunTime:0.000824s ]
INFO: [ view_template ] --START--
INFO: Run LocationTemplate Behavior [ RunTime:0.002596s ]
INFO: [ view_template ] --END-- [ RunTime:0.002896s ]
INFO: [ view_parse ] --START--
INFO: Run ParseTemplate Behavior [ RunTime:0.022650s ]
INFO: [ view_parse ] --END-- [ RunTime:0.022968s ]
INFO: [ view_filter ] --START--
INFO: Run ContentReplace Behavior [ RunTime:0.001731s ]
INFO: Run TokenBuild Behavior [ RunTime:0.001672s ]
INFO: Run WriteHtmlCache Behavior [ RunTime:0.001365s ]
INFO: Run ShowRuntime Behavior [ RunTime:0.001954s ]
INFO: [ view_filter ] --END-- [ RunTime:0.007560s ]
INFO: [ view_end ] --START--
INFO: Run ShowPageTrace Behavior [ RunTime:0.001798s ]
INFO: [ view_end ] --END-- [ RunTime:0.001966s ]
INFO: [ view_template ] --START--
INFO: Run LocationTemplate Behavior [ RunTime:0.000445s ]
INFO: [ view_template ] --END-- [ RunTime:-0.033396s ]
INFO: [ view_parse ] --START--
INFO: Run ParseTemplate Behavior [ RunTime:0.002954s ]
INFO: [ view_parse ] --END-- [ RunTime:-0.010799s ]
INFO: [ view_filter ] --START--
INFO: Run ContentReplace Behavior [ RunTime:0.000094s ]
INFO: Run TokenBuild Behavior [ RunTime:0.000083s ]
INFO: Run WriteHtmlCache Behavior [ RunTime:0.000018s ]
INFO: Run ShowRuntime Behavior [ RunTime:0.000125s ]
INFO: [ view_filter ] --END-- [ RunTime:-0.006144s ]
INFO: [ view_end ] --START--
INFO: Run ShowPageTrace Behavior [ RunTime:0.000087s ]
INFO: [ view_end ] --END-- [ RunTime:-0.004498s ]

[ 2013-08-09T16:02:40+08:00 ] 0.0.0.0 /papawithme/index.php/Home/Logout
INFO: [ route_check ] --START--
INFO: Run CheckRoute Behavior [ RunTime:0.001028s ]
INFO: [ route_check ] --END-- [ RunTime:0.001147s ]
INFO: [ app_begin ] --START--
INFO: Run ReadHtmlCache Behavior [ RunTime:0.000751s ]
INFO: [ app_begin ] --END-- [ RunTime:0.000852s ]

[ 2013-08-09T16:02:40+08:00 ] 0.0.0.0 /papawithme/index.php/Home/index
INFO: [ route_check ] --START--
INFO: Run CheckRoute Behavior [ RunTime:0.000746s ]
INFO: [ route_check ] --END-- [ RunTime:0.000836s ]
INFO: [ app_begin ] --START--
INFO: Run ReadHtmlCache Behavior [ RunTime:0.000588s ]
INFO: [ app_begin ] --END-- [ RunTime:0.000663s ]
INFO: [ view_template ] --START--
INFO: Run LocationTemplate Behavior [ RunTime:0.000769s ]
INFO: [ view_template ] --END-- [ RunTime:0.000850s ]
INFO: [ view_parse ] --START--
INFO: Run ParseTemplate Behavior [ RunTime:0.033725s ]
INFO: [ view_parse ] --END-- [ RunTime:0.033854s ]
INFO: [ view_filter ] --START--
INFO: Run ContentReplace Behavior [ RunTime:0.000545s ]
INFO: Run TokenBuild Behavior [ RunTime:0.000498s ]
INFO: Run WriteHtmlCache Behavior [ RunTime:0.000438s ]
INFO: Run ShowRuntime Behavior [ RunTime:0.000583s ]
INFO: [ view_filter ] --END-- [ RunTime:0.002272s ]
INFO: [ view_end ] --START--
INFO: Run ShowPageTrace Behavior [ RunTime:0.000634s ]
INFO: [ view_end ] --END-- [ RunTime:0.000723s ]
INFO: [ view_template ] --START--
INFO: Run LocationTemplate Behavior [ RunTime:0.000311s ]
INFO: [ view_template ] --END-- [ RunTime:-0.037120s ]
INFO: [ view_parse ] --START--
INFO: Run ParseTemplate Behavior [ RunTime:0.001903s ]
INFO: [ view_parse ] --END-- [ RunTime:-0.003623s ]
INFO: [ view_filter ] --START--
INFO: Run ContentReplace Behavior [ RunTime:0.000057s ]
INFO: Run TokenBuild Behavior [ RunTime:0.000064s ]
INFO: Run WriteHtmlCache Behavior [ RunTime:0.000011s ]
INFO: Run ShowRuntime Behavior [ RunTime:0.000075s ]
INFO: [ view_filter ] --END-- [ RunTime:-0.003307s ]
INFO: [ view_end ] --START--
INFO: Run ShowPageTrace Behavior [ RunTime:0.000048s ]
INFO: [ view_end ] --END-- [ RunTime:-0.002929s ]

[ 2013-08-09T16:02:42+08:00 ] 0.0.0.0 /papawithme/index.php/Home/login
INFO: [ route_check ] --START--
INFO: Run CheckRoute Behavior [ RunTime:0.000950s ]
INFO: [ route_check ] --END-- [ RunTime:0.001103s ]
INFO: [ app_begin ] --START--
INFO: Run ReadHtmlCache Behavior [ RunTime:0.000715s ]
INFO: [ app_begin ] --END-- [ RunTime:0.000816s ]
INFO: [ view_template ] --START--
INFO: Run LocationTemplate Behavior [ RunTime:0.000978s ]
INFO: [ view_template ] --END-- [ RunTime:0.001090s ]
INFO: [ view_parse ] --START--
INFO: Run ParseTemplate Behavior [ RunTime:0.012352s ]
INFO: [ view_parse ] --END-- [ RunTime:0.012479s ]
INFO: [ view_filter ] --START--
INFO: Run ContentReplace Behavior [ RunTime:0.000632s ]
INFO: Run TokenBuild Behavior [ RunTime:0.000629s ]
INFO: Run WriteHtmlCache Behavior [ RunTime:0.000480s ]
INFO: Run ShowRuntime Behavior [ RunTime:0.000695s ]
INFO: [ view_filter ] --END-- [ RunTime:0.002718s ]
INFO: [ view_end ] --START--
INFO: Run ShowPageTrace Behavior [ RunTime:0.000795s ]
INFO: [ view_end ] --END-- [ RunTime:0.000881s ]
INFO: [ view_template ] --START--
INFO: Run LocationTemplate Behavior [ RunTime:0.000446s ]
INFO: [ view_template ] --END-- [ RunTime:-0.016439s ]
INFO: [ view_parse ] --START--
INFO: Run ParseTemplate Behavior [ RunTime:0.002541s ]
INFO: [ view_parse ] --END-- [ RunTime:-0.004477s ]
INFO: [ view_filter ] --START--
INFO: Run ContentReplace Behavior [ RunTime:0.000080s ]
INFO: Run TokenBuild Behavior [ RunTime:0.000070s ]
INFO: Run WriteHtmlCache Behavior [ RunTime:0.000015s ]
INFO: Run ShowRuntime Behavior [ RunTime:0.000106s ]
INFO: [ view_filter ] --END-- [ RunTime:-0.004376s ]
INFO: [ view_end ] --START--
INFO: Run ShowPageTrace Behavior [ RunTime:0.000065s ]
INFO: [ view_end ] --END-- [ RunTime:-0.003936s ]

[ 2013-08-09T16:02:58+08:00 ] 0.0.0.0 /papawithme/index.php/Index/Login
INFO: [ route_check ] --START--
INFO: Run CheckRoute Behavior [ RunTime:0.000774s ]
INFO: [ route_check ] --END-- [ RunTime:0.000870s ]
INFO: [ app_begin ] --START--
INFO: Run ReadHtmlCache Behavior [ RunTime:0.000563s ]
INFO: [ app_begin ] --END-- [ RunTime:0.000631s ]
SQL: SHOW COLUMNS FROM `think_user` [ RunTime:0.008112s ]
NOTIC: 建议使用I方法替代_param
NOTIC: 建议使用I方法替代_param
SQL: SELECT * FROM `think_user` WHERE ( `user_email` = 'root@papawith.me' ) AND ( `user_psd` = 'papawithme~' )  [ RunTime:0.000875s ]

[ 2013-08-09T16:02:58+08:00 ] 0.0.0.0 /papawithme/index.php/Home
INFO: [ route_check ] --START--
INFO: Run CheckRoute Behavior [ RunTime:0.002617s ]
INFO: [ route_check ] --END-- [ RunTime:0.002950s ]
INFO: [ app_begin ] --START--
INFO: Run ReadHtmlCache Behavior [ RunTime:0.001627s ]
INFO: [ app_begin ] --END-- [ RunTime:0.001867s ]
INFO: [ view_template ] --START--
INFO: Run LocationTemplate Behavior [ RunTime:0.001475s ]
INFO: [ view_template ] --END-- [ RunTime:0.001654s ]
INFO: [ view_parse ] --START--
INFO: Run ParseTemplate Behavior [ RunTime:0.012611s ]
INFO: [ view_parse ] --END-- [ RunTime:0.012799s ]
INFO: [ view_filter ] --START--
INFO: Run ContentReplace Behavior [ RunTime:0.000991s ]
INFO: Run TokenBuild Behavior [ RunTime:0.000978s ]
INFO: Run WriteHtmlCache Behavior [ RunTime:0.000812s ]
INFO: Run ShowRuntime Behavior [ RunTime:0.001160s ]
INFO: [ view_filter ] --END-- [ RunTime:0.004405s ]
INFO: [ view_end ] --START--
INFO: Run ShowPageTrace Behavior [ RunTime:0.001261s ]
INFO: [ view_end ] --END-- [ RunTime:0.001401s ]
INFO: [ view_template ] --START--
INFO: Run LocationTemplate Behavior [ RunTime:0.000738s ]
INFO: [ view_template ] --END-- [ RunTime:-0.019180s ]
INFO: [ view_parse ] --START--
INFO: Run ParseTemplate Behavior [ RunTime:0.004084s ]
INFO: [ view_parse ] --END-- [ RunTime:-0.007230s ]
INFO: [ view_filter ] --START--
INFO: Run ContentReplace Behavior [ RunTime:0.000132s ]
INFO: Run TokenBuild Behavior [ RunTime:0.000114s ]
INFO: Run WriteHtmlCache Behavior [ RunTime:0.000016s ]
INFO: Run ShowRuntime Behavior [ RunTime:0.000107s ]
INFO: [ view_filter ] --END-- [ RunTime:-0.007038s ]
INFO: [ view_end ] --START--
INFO: Run ShowPageTrace Behavior [ RunTime:0.000066s ]
INFO: [ view_end ] --END-- [ RunTime:-0.006189s ]

[ 2013-08-09T16:03:01+08:00 ] 0.0.0.0 /papawithme/index.php/Home/profile
INFO: [ route_check ] --START--
INFO: Run CheckRoute Behavior [ RunTime:0.001019s ]
INFO: [ route_check ] --END-- [ RunTime:0.001135s ]
INFO: [ app_begin ] --START--
INFO: Run ReadHtmlCache Behavior [ RunTime:0.000977s ]
INFO: [ app_begin ] --END-- [ RunTime:0.001086s ]
SQL: SHOW COLUMNS FROM `think_user_profile` [ RunTime:0.008318s ]
SQL: SELECT * FROM `think_user_profile` WHERE ( `user_name` = 'root' )  [ RunTime:0.000805s ]
INFO: [ view_template ] --START--
INFO: Run LocationTemplate Behavior [ RunTime:0.002952s ]
INFO: [ view_template ] --END-- [ RunTime:0.003275s ]
INFO: [ view_parse ] --START--
INFO: Run ParseTemplate Behavior [ RunTime:0.022633s ]
INFO: [ view_parse ] --END-- [ RunTime:0.022889s ]
INFO: [ view_filter ] --START--
INFO: Run ContentReplace Behavior [ RunTime:0.001102s ]
INFO: Run TokenBuild Behavior [ RunTime:0.001121s ]
INFO: Run WriteHtmlCache Behavior [ RunTime:0.000932s ]
INFO: Run ShowRuntime Behavior [ RunTime:0.001281s ]
INFO: [ view_filter ] --END-- [ RunTime:0.004977s ]
INFO: [ view_end ] --START--
INFO: Run ShowPageTrace Behavior [ RunTime:0.001384s ]
INFO: [ view_end ] --END-- [ RunTime:0.001544s ]
INFO: [ view_template ] --START--
INFO: Run LocationTemplate Behavior [ RunTime:0.000844s ]
INFO: [ view_template ] --END-- [ RunTime:-0.030148s ]
INFO: [ view_parse ] --START--
INFO: Run ParseTemplate Behavior [ RunTime:0.004848s ]
INFO: [ view_parse ] --END-- [ RunTime:-0.008139s ]
INFO: [ view_filter ] --START--
INFO: Run ContentReplace Behavior [ RunTime:0.000158s ]
INFO: Run TokenBuild Behavior [ RunTime:0.000130s ]
INFO: Run WriteHtmlCache Behavior [ RunTime:0.000028s ]
INFO: Run ShowRuntime Behavior [ RunTime:0.000195s ]
INFO: [ view_filter ] --END-- [ RunTime:-0.008151s ]
INFO: [ view_end ] --START--
INFO: Run ShowPageTrace Behavior [ RunTime:0.000125s ]
INFO: [ view_end ] --END-- [ RunTime:-0.007438s ]

[ 2013-08-09T16:03:03+08:00 ] 0.0.0.0 /papawithme/index.php/Home/editProfile
INFO: [ route_check ] --START--
INFO: Run CheckRoute Behavior [ RunTime:0.000941s ]
INFO: [ route_check ] --END-- [ RunTime:0.001055s ]
INFO: [ app_begin ] --START--
INFO: Run ReadHtmlCache Behavior [ RunTime:0.000683s ]
INFO: [ app_begin ] --END-- [ RunTime:0.000786s ]
SQL: SHOW COLUMNS FROM `think_user_profile` [ RunTime:0.008171s ]
SQL: SELECT * FROM `think_user_profile` WHERE ( `user_name` = 'root' )  [ RunTime:0.000816s ]
INFO: [ view_template ] --START--
INFO: Run LocationTemplate Behavior [ RunTime:0.002843s ]
INFO: [ view_template ] --END-- [ RunTime:0.003147s ]
INFO: [ view_parse ] --START--
INFO: Run ParseTemplate Behavior [ RunTime:0.022667s ]
INFO: [ view_parse ] --END-- [ RunTime:0.022988s ]
INFO: [ view_filter ] --START--
INFO: Run ContentReplace Behavior [ RunTime:0.001717s ]
INFO: Run TokenBuild Behavior [ RunTime:0.001733s ]
INFO: Run WriteHtmlCache Behavior [ RunTime:0.001412s ]
INFO: Run ShowRuntime Behavior [ RunTime:0.001971s ]
INFO: [ view_filter ] --END-- [ RunTime:0.007636s ]
INFO: [ view_end ] --START--
INFO: Run ShowPageTrace Behavior [ RunTime:0.001447s ]
INFO: [ view_end ] --END-- [ RunTime:0.001616s ]
INFO: [ view_template ] --START--
INFO: Run LocationTemplate Behavior [ RunTime:0.000488s ]
INFO: [ view_template ] --END-- [ RunTime:-0.033143s ]
INFO: [ view_parse ] --START--
INFO: Run ParseTemplate Behavior [ RunTime:0.002913s ]
INFO: [ view_parse ] --END-- [ RunTime:-0.010567s ]
INFO: [ view_filter ] --START--
INFO: Run ContentReplace Behavior [ RunTime:0.000092s ]
INFO: Run TokenBuild Behavior [ RunTime:0.000082s ]
INFO: Run WriteHtmlCache Behavior [ RunTime:0.000017s ]
INFO: Run ShowRuntime Behavior [ RunTime:0.000127s ]
INFO: [ view_filter ] --END-- [ RunTime:-0.005806s ]
INFO: [ view_end ] --START--
INFO: Run ShowPageTrace Behavior [ RunTime:0.000084s ]
INFO: [ view_end ] --END-- [ RunTime:-0.004499s ]

[ 2013-08-09T16:03:11+08:00 ] 0.0.0.0 /papawithme/index.php/Home/updateProfile
INFO: [ route_check ] --START--
INFO: Run CheckRoute Behavior [ RunTime:0.000842s ]
INFO: [ route_check ] --END-- [ RunTime:0.000966s ]
INFO: [ app_begin ] --START--
INFO: Run ReadHtmlCache Behavior [ RunTime:0.000717s ]
INFO: [ app_begin ] --END-- [ RunTime:0.000818s ]
SQL: SHOW COLUMNS FROM `think_user_profile` [ RunTime:0.002690s ]
NOTIC: 建议使用I方法替代_param
NOTIC: 建议使用I方法替代_param
NOTIC: 建议使用I方法替代_param
NOTIC: 建议使用I方法替代_param
NOTIC: 建议使用I方法替代_param
NOTIC: 建议使用I方法替代_param
NOTIC: 建议使用I方法替代_param
NOTIC: 建议使用I方法替代_param
SQL: UPDATE `think_user_profile` SET `profile_name`='杨睿',`user_name`='root',`profile_head`='5204a23e6a533.jpg',`profile_motto`='哈哈',`profile_skill`='哈哈',`profile_hobby`='',`profile_now`='',`profile_department`='',`profile_birthday`='',`profile_autobiography`='' WHERE ( root ) [ RunTime:0.000167s ]
ERR: 1054:Unknown column 'root' in 'where clause'
 [ SQL语句 ] : UPDATE `think_user_profile` SET `profile_name`='杨睿',`user_name`='root',`profile_head`='5204a23e6a533.jpg',`profile_motto`='哈哈',`profile_skill`='哈哈',`profile_hobby`='',`profile_now`='',`profile_department`='',`profile_birthday`='',`profile_autobiography`='' WHERE ( root )
INFO: [ view_template ] --START--
INFO: Run LocationTemplate Behavior [ RunTime:0.000674s ]
INFO: [ view_template ] --END-- [ RunTime:0.000751s ]
INFO: [ view_parse ] --START--
INFO: Run ParseTemplate Behavior [ RunTime:0.005690s ]
INFO: [ view_parse ] --END-- [ RunTime:0.005780s ]
INFO: [ view_filter ] --START--
INFO: Run ContentReplace Behavior [ RunTime:0.000460s ]
INFO: Run TokenBuild Behavior [ RunTime:0.000449s ]
INFO: Run WriteHtmlCache Behavior [ RunTime:0.000365s ]
INFO: Run ShowRuntime Behavior [ RunTime:0.000627s ]
INFO: [ view_filter ] --END-- [ RunTime:0.002115s ]
INFO: [ view_end ] --START--
INFO: Run ShowPageTrace Behavior [ RunTime:0.000592s ]
INFO: [ view_end ] --END-- [ RunTime:0.000659s ]

[ 2013-08-09T16:03:13+08:00 ] 0.0.0.0 /papawithme/index.php/Home/editProfile
INFO: [ route_check ] --START--
INFO: Run CheckRoute Behavior [ RunTime:0.001153s ]
INFO: [ route_check ] --END-- [ RunTime:0.001306s ]
INFO: [ app_begin ] --START--
INFO: Run ReadHtmlCache Behavior [ RunTime:0.000884s ]
INFO: [ app_begin ] --END-- [ RunTime:0.001018s ]
SQL: SHOW COLUMNS FROM `think_user_profile` [ RunTime:0.008051s ]
SQL: SELECT * FROM `think_user_profile` WHERE ( `user_name` = 'root' )  [ RunTime:0.000822s ]
INFO: [ view_template ] --START--
INFO: Run LocationTemplate Behavior [ RunTime:0.002722s ]
INFO: [ view_template ] --END-- [ RunTime:0.003064s ]
INFO: [ view_parse ] --START--
INFO: Run ParseTemplate Behavior [ RunTime:0.022715s ]
INFO: [ view_parse ] --END-- [ RunTime:0.023058s ]
INFO: [ view_filter ] --START--
INFO: Run ContentReplace Behavior [ RunTime:0.001781s ]
INFO: Run TokenBuild Behavior [ RunTime:0.001719s ]
INFO: Run WriteHtmlCache Behavior [ RunTime:0.001403s ]
INFO: Run ShowRuntime Behavior [ RunTime:0.001406s ]
INFO: [ view_filter ] --END-- [ RunTime:0.007042s ]
INFO: [ view_end ] --START--
INFO: Run ShowPageTrace Behavior [ RunTime:0.001266s ]
INFO: [ view_end ] --END-- [ RunTime:0.001406s ]
INFO: [ view_template ] --START--
INFO: Run LocationTemplate Behavior [ RunTime:0.000688s ]
INFO: [ view_template ] --END-- [ RunTime:-0.032338s ]
INFO: [ view_parse ] --START--
INFO: Run ParseTemplate Behavior [ RunTime:0.004165s ]
INFO: [ view_parse ] --END-- [ RunTime:-0.009970s ]
INFO: [ view_filter ] --START--
INFO: Run ContentReplace Behavior [ RunTime:0.000129s ]
INFO: Run TokenBuild Behavior [ RunTime:0.000114s ]
INFO: Run WriteHtmlCache Behavior [ RunTime:0.000025s ]
INFO: Run ShowRuntime Behavior [ RunTime:0.000170s ]
INFO: [ view_filter ] --END-- [ RunTime:-0.007115s ]
INFO: [ view_end ] --START--
INFO: Run ShowPageTrace Behavior [ RunTime:0.000115s ]
INFO: [ view_end ] --END-- [ RunTime:-0.006434s ]

[ 2013-08-09T16:05:04+08:00 ] 0.0.0.0 /papawithme/index.php/Home/editProfile
INFO: [ route_check ] --START--
INFO: Run CheckRoute Behavior [ RunTime:0.001675s ]
INFO: [ route_check ] --END-- [ RunTime:0.001880s ]
INFO: [ app_begin ] --START--
INFO: Run ReadHtmlCache Behavior [ RunTime:0.001243s ]
INFO: [ app_begin ] --END-- [ RunTime:0.001419s ]
SQL: SHOW COLUMNS FROM `think_user_profile` [ RunTime:0.008396s ]
SQL: SELECT * FROM `think_user_profile` WHERE ( `user_name` = 'root' )  [ RunTime:0.000894s ]
INFO: [ view_template ] --START--
INFO: Run LocationTemplate Behavior [ RunTime:0.002785s ]
INFO: [ view_template ] --END-- [ RunTime:0.003080s ]
INFO: [ view_parse ] --START--
INFO: Run ParseTemplate Behavior [ RunTime:0.021450s ]
INFO: [ view_parse ] --END-- [ RunTime:0.021674s ]
INFO: [ view_filter ] --START--
INFO: Run ContentReplace Behavior [ RunTime:0.000893s ]
INFO: Run TokenBuild Behavior [ RunTime:0.000896s ]
INFO: Run WriteHtmlCache Behavior [ RunTime:0.000758s ]
INFO: Run ShowRuntime Behavior [ RunTime:0.001004s ]
INFO: [ view_filter ] --END-- [ RunTime:0.003942s ]
INFO: [ view_end ] --START--
INFO: Run ShowPageTrace Behavior [ RunTime:0.001144s ]
INFO: [ view_end ] --END-- [ RunTime:0.001267s ]
INFO: [ view_template ] --START--
INFO: Run LocationTemplate Behavior [ RunTime:0.000600s ]
INFO: [ view_template ] --END-- [ RunTime:-0.027526s ]
INFO: [ view_parse ] --START--
INFO: Run ParseTemplate Behavior [ RunTime:0.003651s ]
INFO: [ view_parse ] --END-- [ RunTime:-0.006413s ]
INFO: [ view_filter ] --START--
INFO: Run ContentReplace Behavior [ RunTime:0.000112s ]
INFO: Run TokenBuild Behavior [ RunTime:0.000101s ]
INFO: Run WriteHtmlCache Behavior [ RunTime:0.000022s ]
INFO: Run ShowRuntime Behavior [ RunTime:0.000159s ]
INFO: [ view_filter ] --END-- [ RunTime:-0.006229s ]
INFO: [ view_end ] --START--
INFO: Run ShowPageTrace Behavior [ RunTime:0.000101s ]
INFO: [ view_end ] --END-- [ RunTime:-0.005609s ]

[ 2013-08-09T16:05:11+08:00 ] 0.0.0.0 /papawithme/index.php/Home/updateProfile
INFO: [ route_check ] --START--
INFO: Run CheckRoute Behavior [ RunTime:0.000982s ]
INFO: [ route_check ] --END-- [ RunTime:0.001100s ]
INFO: [ app_begin ] --START--
INFO: Run ReadHtmlCache Behavior [ RunTime:0.000733s ]
INFO: [ app_begin ] --END-- [ RunTime:0.000830s ]
SQL: SHOW COLUMNS FROM `think_user_profile` [ RunTime:0.008427s ]
NOTIC: 建议使用I方法替代_param
NOTIC: 建议使用I方法替代_param
NOTIC: 建议使用I方法替代_param
NOTIC: 建议使用I方法替代_param
NOTIC: 建议使用I方法替代_param
NOTIC: 建议使用I方法替代_param
NOTIC: 建议使用I方法替代_param
NOTIC: 建议使用I方法替代_param
SQL: INSERT INTO `think_user_profile` (`profile_name`,`user_name`,`profile_head`,`profile_motto`,`profile_skill`,`profile_hobby`,`profile_now`,`profile_department`,`profile_birthday`,`profile_autobiography`) VALUES ('杨睿','root','5204a2b66c45e.jpg','哈哈','哈哈','','','','','') [ RunTime:0.255202s ]
INFO: [ view_template ] --START--
INFO: Run LocationTemplate Behavior [ RunTime:0.002356s ]
INFO: [ view_template ] --END-- [ RunTime:0.002673s ]
INFO: [ view_parse ] --START--
INFO: Run ParseTemplate Behavior [ RunTime:0.020807s ]
INFO: [ view_parse ] --END-- [ RunTime:0.021122s ]
INFO: [ view_filter ] --START--
INFO: Run ContentReplace Behavior [ RunTime:0.001692s ]
INFO: Run TokenBuild Behavior [ RunTime:0.001786s ]
INFO: Run WriteHtmlCache Behavior [ RunTime:0.001490s ]
INFO: Run ShowRuntime Behavior [ RunTime:0.002058s ]
INFO: [ view_filter ] --END-- [ RunTime:0.007850s ]
INFO: [ view_end ] --START--
INFO: Run ShowPageTrace Behavior [ RunTime:0.002196s ]
INFO: [ view_end ] --END-- [ RunTime:0.002485s ]

[ 2013-08-09T16:05:13+08:00 ] 0.0.0.0 /papawithme/index.php/Home/editProfile
INFO: [ route_check ] --START--
INFO: Run CheckRoute Behavior [ RunTime:0.002297s ]
INFO: [ route_check ] --END-- [ RunTime:0.002557s ]
INFO: [ app_begin ] --START--
INFO: Run ReadHtmlCache Behavior [ RunTime:0.000915s ]
INFO: [ app_begin ] --END-- [ RunTime:0.001054s ]
SQL: SHOW COLUMNS FROM `think_user_profile` [ RunTime:0.008102s ]
SQL: SELECT * FROM `think_user_profile` WHERE ( `user_name` = 'root' )  [ RunTime:0.000844s ]
INFO: [ view_template ] --START--
INFO: Run LocationTemplate Behavior [ RunTime:0.002545s ]
INFO: [ view_template ] --END-- [ RunTime:0.002827s ]
INFO: [ view_parse ] --START--
INFO: Run ParseTemplate Behavior [ RunTime:0.022445s ]
INFO: [ view_parse ] --END-- [ RunTime:0.022769s ]
INFO: [ view_filter ] --START--
INFO: Run ContentReplace Behavior [ RunTime:0.001725s ]
INFO: Run TokenBuild Behavior [ RunTime:0.001759s ]
INFO: Run WriteHtmlCache Behavior [ RunTime:0.001432s ]
INFO: Run ShowRuntime Behavior [ RunTime:0.001093s ]
INFO: [ view_filter ] --END-- [ RunTime:0.006661s ]
INFO: [ view_end ] --START--
INFO: Run ShowPageTrace Behavior [ RunTime:0.000882s ]
INFO: [ view_end ] --END-- [ RunTime:0.000977s ]
INFO: [ view_template ] --START--
INFO: Run LocationTemplate Behavior [ RunTime:0.000447s ]
INFO: [ view_template ] --END-- [ RunTime:-0.031024s ]
INFO: [ view_parse ] --START--
INFO: Run ParseTemplate Behavior [ RunTime:0.002983s ]
INFO: [ view_parse ] --END-- [ RunTime:-0.008654s ]
INFO: [ view_filter ] --START--
INFO: Run ContentReplace Behavior [ RunTime:0.000098s ]
INFO: Run TokenBuild Behavior [ RunTime:0.000093s ]
INFO: Run WriteHtmlCache Behavior [ RunTime:0.000018s ]
INFO: Run ShowRuntime Behavior [ RunTime:0.000142s ]
INFO: [ view_filter ] --END-- [ RunTime:-0.004977s ]
INFO: [ view_end ] --START--
INFO: Run ShowPageTrace Behavior [ RunTime:0.000069s ]
INFO: [ view_end ] --END-- [ RunTime:-0.004562s ]

[ 2013-08-09T16:05:19+08:00 ] 0.0.0.0 /papawithme/index.php/Home/updateProfile
INFO: [ route_check ] --START--
INFO: Run CheckRoute Behavior [ RunTime:0.000893s ]
INFO: [ route_check ] --END-- [ RunTime:0.001027s ]
INFO: [ app_begin ] --START--
INFO: Run ReadHtmlCache Behavior [ RunTime:0.000682s ]
INFO: [ app_begin ] --END-- [ RunTime:0.000781s ]
SQL: SHOW COLUMNS FROM `think_user_profile` [ RunTime:0.008099s ]
NOTIC: 建议使用I方法替代_param
NOTIC: 建议使用I方法替代_param
NOTIC: 建议使用I方法替代_param
NOTIC: 建议使用I方法替代_param
NOTIC: 建议使用I方法替代_param
NOTIC: 建议使用I方法替代_param
NOTIC: 建议使用I方法替代_param
NOTIC: 建议使用I方法替代_param
SQL: INSERT INTO `think_user_profile` (`profile_name`,`user_name`,`profile_head`,`profile_motto`,`profile_skill`,`profile_hobby`,`profile_now`,`profile_department`,`profile_birthday`,`profile_autobiography`) VALUES ('杨睿','root','5204a2be29b42.jpg','哈哈','','','','','','') [ RunTime:0.031483s ]
ERR: 1062:Duplicate entry 'root' for key 'user_name'
 [ SQL语句 ] : INSERT INTO `think_user_profile` (`profile_name`,`user_name`,`profile_head`,`profile_motto`,`profile_skill`,`profile_hobby`,`profile_now`,`profile_department`,`profile_birthday`,`profile_autobiography`) VALUES ('杨睿','root','5204a2be29b42.jpg','哈哈','','','','','','')
SQL: UPDATE `think_user_profile` SET `profile_name`='杨睿',`user_name`='root',`profile_head`='5204a2be29b42.jpg',`profile_motto`='哈哈',`profile_skill`='',`profile_hobby`='',`profile_now`='',`profile_department`='',`profile_birthday`='',`profile_autobiography`='' WHERE ( root ) [ RunTime:0.000615s ]
ERR: 1054:Unknown column 'root' in 'where clause'
 [ SQL语句 ] : UPDATE `think_user_profile` SET `profile_name`='杨睿',`user_name`='root',`profile_head`='5204a2be29b42.jpg',`profile_motto`='哈哈',`profile_skill`='',`profile_hobby`='',`profile_now`='',`profile_department`='',`profile_birthday`='',`profile_autobiography`='' WHERE ( root )
INFO: [ view_template ] --START--
INFO: Run LocationTemplate Behavior [ RunTime:0.002264s ]
INFO: [ view_template ] --END-- [ RunTime:0.002584s ]
INFO: [ view_parse ] --START--
INFO: Run ParseTemplate Behavior [ RunTime:0.020856s ]
INFO: [ view_parse ] --END-- [ RunTime:0.021181s ]
INFO: [ view_filter ] --START--
INFO: Run ContentReplace Behavior [ RunTime:0.001792s ]
INFO: Run TokenBuild Behavior [ RunTime:0.001762s ]
INFO: Run WriteHtmlCache Behavior [ RunTime:0.001427s ]
INFO: Run ShowRuntime Behavior [ RunTime:0.001986s ]
INFO: [ view_filter ] --END-- [ RunTime:0.007788s ]
INFO: [ view_end ] --START--
INFO: Run ShowPageTrace Behavior [ RunTime:0.002280s ]
INFO: [ view_end ] --END-- [ RunTime:0.002571s ]

[ 2013-08-09T16:05:21+08:00 ] 0.0.0.0 /papawithme/index.php/Home/editProfile
INFO: [ route_check ] --START--
INFO: Run CheckRoute Behavior [ RunTime:0.001647s ]
INFO: [ route_check ] --END-- [ RunTime:0.001887s ]
INFO: [ app_begin ] --START--
INFO: Run ReadHtmlCache Behavior [ RunTime:0.001039s ]
INFO: [ app_begin ] --END-- [ RunTime:0.001199s ]
SQL: SHOW COLUMNS FROM `think_user_profile` [ RunTime:0.008486s ]
SQL: SELECT * FROM `think_user_profile` WHERE ( `user_name` = 'root' )  [ RunTime:0.000871s ]
INFO: [ view_template ] --START--
INFO: Run LocationTemplate Behavior [ RunTime:0.002821s ]
INFO: [ view_template ] --END-- [ RunTime:0.003125s ]
INFO: [ view_parse ] --START--
INFO: Run ParseTemplate Behavior [ RunTime:0.019317s ]
INFO: [ view_parse ] --END-- [ RunTime:0.019566s ]
INFO: [ view_filter ] --START--
INFO: Run ContentReplace Behavior [ RunTime:0.000995s ]
INFO: Run TokenBuild Behavior [ RunTime:0.000988s ]
INFO: Run WriteHtmlCache Behavior [ RunTime:0.000815s ]
INFO: Run ShowRuntime Behavior [ RunTime:0.001084s ]
INFO: [ view_filter ] --END-- [ RunTime:0.004292s ]
INFO: [ view_end ] --START--
INFO: Run ShowPageTrace Behavior [ RunTime:0.001215s ]
INFO: [ view_end ] --END-- [ RunTime:0.001350s ]
INFO: [ view_template ] --START--
INFO: Run LocationTemplate Behavior [ RunTime:0.000613s ]
INFO: [ view_template ] --END-- [ RunTime:-0.025837s ]
INFO: [ view_parse ] --START--
INFO: Run ParseTemplate Behavior [ RunTime:0.004112s ]
INFO: [ view_parse ] --END-- [ RunTime:-0.006904s ]
INFO: [ view_filter ] --START--
INFO: Run ContentReplace Behavior [ RunTime:0.000136s ]
INFO: Run TokenBuild Behavior [ RunTime:0.000129s ]
INFO: Run WriteHtmlCache Behavior [ RunTime:0.000026s ]
INFO: Run ShowRuntime Behavior [ RunTime:0.000202s ]
INFO: [ view_filter ] --END-- [ RunTime:-0.006863s ]
INFO: [ view_end ] --START--
INFO: Run ShowPageTrace Behavior [ RunTime:0.000096s ]
INFO: [ view_end ] --END-- [ RunTime:-0.006290s ]

[ 2013-08-09T16:07:40+08:00 ] 0.0.0.0 /papawithme/index.php/Home/updateProfile
INFO: [ route_check ] --START--
INFO: Run CheckRoute Behavior [ RunTime:0.000974s ]
INFO: [ route_check ] --END-- [ RunTime:0.001116s ]
INFO: [ app_begin ] --START--
INFO: Run ReadHtmlCache Behavior [ RunTime:0.000726s ]
INFO: [ app_begin ] --END-- [ RunTime:0.000828s ]
SQL: SHOW COLUMNS FROM `think_user_profile` [ RunTime:0.008371s ]
NOTIC: 建议使用I方法替代_param
NOTIC: 建议使用I方法替代_param
NOTIC: 建议使用I方法替代_param
NOTIC: 建议使用I方法替代_param
NOTIC: 建议使用I方法替代_param
NOTIC: 建议使用I方法替代_param
NOTIC: 建议使用I方法替代_param
NOTIC: 建议使用I方法替代_param
SQL: INSERT INTO `think_user_profile` (`profile_name`,`user_name`,`profile_head`,`profile_motto`,`profile_skill`,`profile_hobby`,`profile_now`,`profile_department`,`profile_birthday`,`profile_autobiography`) VALUES ('杨睿','root','5204a34b44ea6.jpg','','','','','','','') [ RunTime:0.052422s ]
ERR: 1062:Duplicate entry 'root' for key 'user_name'
 [ SQL语句 ] : INSERT INTO `think_user_profile` (`profile_name`,`user_name`,`profile_head`,`profile_motto`,`profile_skill`,`profile_hobby`,`profile_now`,`profile_department`,`profile_birthday`,`profile_autobiography`) VALUES ('杨睿','root','5204a34b44ea6.jpg','','','','','','','')
INFO: [ view_template ] --START--
INFO: Run LocationTemplate Behavior [ RunTime:0.002420s ]
INFO: [ view_template ] --END-- [ RunTime:0.002740s ]
INFO: [ view_parse ] --START--
INFO: Run ParseTemplate Behavior [ RunTime:0.021374s ]
INFO: [ view_parse ] --END-- [ RunTime:0.021698s ]
INFO: [ view_filter ] --START--
INFO: Run ContentReplace Behavior [ RunTime:0.001988s ]
INFO: Run TokenBuild Behavior [ RunTime:0.001784s ]
INFO: Run WriteHtmlCache Behavior [ RunTime:0.001526s ]
INFO: Run ShowRuntime Behavior [ RunTime:0.002214s ]
INFO: [ view_filter ] --END-- [ RunTime:0.008349s ]
INFO: [ view_end ] --START--
INFO: Run ShowPageTrace Behavior [ RunTime:0.000928s ]
INFO: [ view_end ] --END-- [ RunTime:0.001041s ]

[ 2013-08-09T16:07:42+08:00 ] 0.0.0.0 /papawithme/index.php/Home/editProfile
INFO: [ route_check ] --START--
INFO: Run CheckRoute Behavior [ RunTime:0.001378s ]
INFO: [ route_check ] --END-- [ RunTime:0.001551s ]
INFO: [ app_begin ] --START--
INFO: Run ReadHtmlCache Behavior [ RunTime:0.001110s ]
INFO: [ app_begin ] --END-- [ RunTime:0.001275s ]
SQL: SHOW COLUMNS FROM `think_user_profile` [ RunTime:0.008217s ]
SQL: SELECT * FROM `think_user_profile` WHERE ( `user_name` = 'root' )  [ RunTime:0.000854s ]
INFO: [ view_template ] --START--
INFO: Run LocationTemplate Behavior [ RunTime:0.002580s ]
INFO: [ view_template ] --END-- [ RunTime:0.002902s ]
INFO: [ view_parse ] --START--
INFO: Run ParseTemplate Behavior [ RunTime:0.022617s ]
INFO: [ view_parse ] --END-- [ RunTime:0.022923s ]
INFO: [ view_filter ] --START--
INFO: Run ContentReplace Behavior [ RunTime:0.001736s ]
INFO: Run TokenBuild Behavior [ RunTime:0.001819s ]
INFO: Run WriteHtmlCache Behavior [ RunTime:0.001432s ]
INFO: Run ShowRuntime Behavior [ RunTime:0.001354s ]
INFO: [ view_filter ] --END-- [ RunTime:0.007013s ]
INFO: [ view_end ] --START--
INFO: Run ShowPageTrace Behavior [ RunTime:0.001005s ]
INFO: [ view_end ] --END-- [ RunTime:0.001113s ]
INFO: [ view_template ] --START--
INFO: Run LocationTemplate Behavior [ RunTime:0.000486s ]
INFO: [ view_template ] --END-- [ RunTime:-0.031703s ]
INFO: [ view_parse ] --START--
INFO: Run ParseTemplate Behavior [ RunTime:0.003192s ]
INFO: [ view_parse ] --END-- [ RunTime:-0.009244s ]
INFO: [ view_filter ] --START--
INFO: Run ContentReplace Behavior [ RunTime:0.000108s ]
INFO: Run TokenBuild Behavior [ RunTime:0.000105s ]
INFO: Run WriteHtmlCache Behavior [ RunTime:0.000021s ]
INFO: Run ShowRuntime Behavior [ RunTime:0.000161s ]
INFO: [ view_filter ] --END-- [ RunTime:-0.005425s ]
INFO: [ view_end ] --START--
INFO: Run ShowPageTrace Behavior [ RunTime:0.000078s ]
INFO: [ view_end ] --END-- [ RunTime:-0.004926s ]

[ 2013-08-09T16:09:11+08:00 ] 0.0.0.0 /papawithme/index.php/Home/editProfile
INFO: [ route_check ] --START--
INFO: Run CheckRoute Behavior [ RunTime:0.001681s ]
INFO: [ route_check ] --END-- [ RunTime:0.001908s ]
INFO: [ app_begin ] --START--
INFO: Run ReadHtmlCache Behavior [ RunTime:0.001247s ]
INFO: [ app_begin ] --END-- [ RunTime:0.001433s ]
SQL: SHOW COLUMNS FROM `think_user_profile` [ RunTime:0.008499s ]
SQL: SELECT * FROM `think_user_profile` WHERE ( `user_name` = 'root' )  [ RunTime:0.000941s ]
INFO: [ view_template ] --START--
INFO: Run LocationTemplate Behavior [ RunTime:0.002510s ]
INFO: [ view_template ] --END-- [ RunTime:0.002820s ]
INFO: [ view_parse ] --START--
INFO: Run ParseTemplate Behavior [ RunTime:0.022685s ]
INFO: [ view_parse ] --END-- [ RunTime:0.023029s ]
INFO: [ view_filter ] --START--
INFO: Run ContentReplace Behavior [ RunTime:0.001747s ]
INFO: Run TokenBuild Behavior [ RunTime:0.001879s ]
INFO: Run WriteHtmlCache Behavior [ RunTime:0.001445s ]
INFO: Run ShowRuntime Behavior [ RunTime:0.001914s ]
INFO: [ view_filter ] --END-- [ RunTime:0.007714s ]
INFO: [ view_end ] --START--
INFO: Run ShowPageTrace Behavior [ RunTime:0.000974s ]
INFO: [ view_end ] --END-- [ RunTime:0.001080s ]
INFO: [ view_template ] --START--
INFO: Run LocationTemplate Behavior [ RunTime:0.000493s ]
INFO: [ view_template ] --END-- [ RunTime:-0.032461s ]
INFO: [ view_parse ] --START--
INFO: Run ParseTemplate Behavior [ RunTime:0.003247s ]
INFO: [ view_parse ] --END-- [ RunTime:-0.009895s ]
INFO: [ view_filter ] --START--
INFO: Run ContentReplace Behavior [ RunTime:0.000106s ]
INFO: Run TokenBuild Behavior [ RunTime:0.000104s ]
INFO: Run WriteHtmlCache Behavior [ RunTime:0.000020s ]
INFO: Run ShowRuntime Behavior [ RunTime:0.000157s ]
INFO: [ view_filter ] --END-- [ RunTime:-0.005432s ]
INFO: [ view_end ] --START--
INFO: Run ShowPageTrace Behavior [ RunTime:0.000077s ]
INFO: [ view_end ] --END-- [ RunTime:-0.004971s ]

[ 2013-08-09T16:09:16+08:00 ] 0.0.0.0 /papawithme/index.php/Home/updateProfile
INFO: [ route_check ] --START--
INFO: Run CheckRoute Behavior [ RunTime:0.002092s ]
INFO: [ route_check ] --END-- [ RunTime:0.002297s ]
INFO: [ app_begin ] --START--
INFO: Run ReadHtmlCache Behavior [ RunTime:0.000825s ]
INFO: [ app_begin ] --END-- [ RunTime:0.000942s ]
SQL: SHOW COLUMNS FROM `think_user_profile` [ RunTime:0.008233s ]
NOTIC: 建议使用I方法替代_param
NOTIC: 建议使用I方法替代_param
NOTIC: 建议使用I方法替代_param
NOTIC: 建议使用I方法替代_param
NOTIC: 建议使用I方法替代_param
NOTIC: 建议使用I方法替代_param
NOTIC: 建议使用I方法替代_param
NOTIC: 建议使用I方法替代_param
SQL: INSERT INTO `think_user_profile` (`profile_name`,`user_name`,`profile_head`,`profile_motto`,`profile_skill`,`profile_hobby`,`profile_now`,`profile_department`,`profile_birthday`,`profile_autobiography`) VALUES ('','root','5204a3ab78c36.jpg','','','','','','','') [ RunTime:0.042205s ]
ERR: 1062:Duplicate entry 'root' for key 'user_name'
 [ SQL语句 ] : INSERT INTO `think_user_profile` (`profile_name`,`user_name`,`profile_head`,`profile_motto`,`profile_skill`,`profile_hobby`,`profile_now`,`profile_department`,`profile_birthday`,`profile_autobiography`) VALUES ('','root','5204a3ab78c36.jpg','','','','','','','')
NOTIC: [8] Undefined variable: User C:\wamp\www\papawithme\Lib\Action\HomeAction.class.php 第 103 行.

[ 2013-08-09T16:09:38+08:00 ] 0.0.0.0 /papawithme/index.php/Home/updateProfile
INFO: [ route_check ] --START--
INFO: Run CheckRoute Behavior [ RunTime:0.001191s ]
INFO: [ route_check ] --END-- [ RunTime:0.001367s ]
INFO: [ app_begin ] --START--
INFO: Run ReadHtmlCache Behavior [ RunTime:0.001131s ]
INFO: [ app_begin ] --END-- [ RunTime:0.001324s ]
SQL: SHOW COLUMNS FROM `think_user_profile` [ RunTime:0.008298s ]
NOTIC: 建议使用I方法替代_param
NOTIC: 建议使用I方法替代_param
NOTIC: 建议使用I方法替代_param
NOTIC: 建议使用I方法替代_param
NOTIC: 建议使用I方法替代_param
NOTIC: 建议使用I方法替代_param
NOTIC: 建议使用I方法替代_param
NOTIC: 建议使用I方法替代_param
SQL: INSERT INTO `think_user_profile` (`profile_name`,`user_name`,`profile_head`,`profile_motto`,`profile_skill`,`profile_hobby`,`profile_now`,`profile_department`,`profile_birthday`,`profile_autobiography`) VALUES ('','root','5204a3c1a87f9.jpg','','','','','','','') [ RunTime:0.054821s ]
ERR: 1062:Duplicate entry 'root' for key 'user_name'
 [ SQL语句 ] : INSERT INTO `think_user_profile` (`profile_name`,`user_name`,`profile_head`,`profile_motto`,`profile_skill`,`profile_hobby`,`profile_now`,`profile_department`,`profile_birthday`,`profile_autobiography`) VALUES ('','root','5204a3c1a87f9.jpg','','','','','','','')
NOTIC: [8] Undefined variable: User C:\wamp\www\papawithme\Lib\Action\HomeAction.class.php 第 103 行.

[ 2013-08-09T16:09:54+08:00 ] 0.0.0.0 /papawithme/index.php/Home/editProfile
INFO: [ route_check ] --START--
INFO: Run CheckRoute Behavior [ RunTime:0.001316s ]
INFO: [ route_check ] --END-- [ RunTime:0.001534s ]
INFO: [ app_begin ] --START--
INFO: Run ReadHtmlCache Behavior [ RunTime:0.000989s ]
INFO: [ app_begin ] --END-- [ RunTime:0.001132s ]
SQL: SHOW COLUMNS FROM `think_user_profile` [ RunTime:0.022990s ]
SQL: SELECT * FROM `think_user_profile` WHERE ( `user_name` = 'root' )  [ RunTime:0.000935s ]
INFO: [ view_template ] --START--
INFO: Run LocationTemplate Behavior [ RunTime:0.002854s ]
INFO: [ view_template ] --END-- [ RunTime:0.003160s ]
INFO: [ view_parse ] --START--
INFO: Run ParseTemplate Behavior [ RunTime:0.023265s ]
INFO: [ view_parse ] --END-- [ RunTime:0.023588s ]
INFO: [ view_filter ] --START--
INFO: Run ContentReplace Behavior [ RunTime:0.001747s ]
INFO: Run TokenBuild Behavior [ RunTime:0.000905s ]
INFO: Run WriteHtmlCache Behavior [ RunTime:0.000629s ]
INFO: Run ShowRuntime Behavior [ RunTime:0.000916s ]
INFO: [ view_filter ] --END-- [ RunTime:0.004705s ]
INFO: [ view_end ] --START--
INFO: Run ShowPageTrace Behavior [ RunTime:0.001001s ]
INFO: [ view_end ] --END-- [ RunTime:0.001110s ]
INFO: [ view_template ] --START--
INFO: Run LocationTemplate Behavior [ RunTime:0.000541s ]
INFO: [ view_template ] --END-- [ RunTime:-0.030141s ]
INFO: [ view_parse ] --START--
INFO: Run ParseTemplate Behavior [ RunTime:0.003291s ]
INFO: [ view_parse ] --END-- [ RunTime:-0.007032s ]
INFO: [ view_filter ] --START--
INFO: Run ContentReplace Behavior [ RunTime:0.000103s ]
INFO: Run TokenBuild Behavior [ RunTime:0.000091s ]
INFO: Run WriteHtmlCache Behavior [ RunTime:0.000020s ]
INFO: Run ShowRuntime Behavior [ RunTime:0.000134s ]
INFO: [ view_filter ] --END-- [ RunTime:-0.005583s ]
INFO: [ view_end ] --START--
INFO: Run ShowPageTrace Behavior [ RunTime:0.000091s ]
INFO: [ view_end ] --END-- [ RunTime:-0.005044s ]

[ 2013-08-09T16:09:58+08:00 ] 0.0.0.0 /papawithme/index.php/Home/updateProfile
INFO: [ route_check ] --START--
INFO: Run CheckRoute Behavior [ RunTime:0.000938s ]
INFO: [ route_check ] --END-- [ RunTime:0.001067s ]
INFO: [ app_begin ] --START--
INFO: Run ReadHtmlCache Behavior [ RunTime:0.000821s ]
INFO: [ app_begin ] --END-- [ RunTime:0.000935s ]
SQL: SHOW COLUMNS FROM `think_user_profile` [ RunTime:0.008652s ]
NOTIC: 建议使用I方法替代_param
NOTIC: 建议使用I方法替代_param
NOTIC: 建议使用I方法替代_param
NOTIC: 建议使用I方法替代_param
NOTIC: 建议使用I方法替代_param
NOTIC: 建议使用I方法替代_param
NOTIC: 建议使用I方法替代_param
NOTIC: 建议使用I方法替代_param
SQL: INSERT INTO `think_user_profile` (`profile_name`,`user_name`,`profile_head`,`profile_motto`,`profile_skill`,`profile_hobby`,`profile_now`,`profile_department`,`profile_birthday`,`profile_autobiography`) VALUES ('','root','5204a3d550563.jpg','','','','','','','') [ RunTime:0.087160s ]
ERR: 1062:Duplicate entry 'root' for key 'user_name'
 [ SQL语句 ] : INSERT INTO `think_user_profile` (`profile_name`,`user_name`,`profile_head`,`profile_motto`,`profile_skill`,`profile_hobby`,`profile_now`,`profile_department`,`profile_birthday`,`profile_autobiography`) VALUES ('','root','5204a3d550563.jpg','','','','','','','')
NOTIC: [8] Undefined variable: User C:\wamp\www\papawithme\Lib\Action\HomeAction.class.php 第 103 行.

[ 2013-08-09T16:11:00+08:00 ] 0.0.0.0 /papawithme/index.php/Home/updateProfile
INFO: [ route_check ] --START--
INFO: Run CheckRoute Behavior [ RunTime:0.001273s ]
INFO: [ route_check ] --END-- [ RunTime:0.001471s ]
INFO: [ app_begin ] --START--
INFO: Run ReadHtmlCache Behavior [ RunTime:0.000966s ]
INFO: [ app_begin ] --END-- [ RunTime:0.001127s ]
SQL: SHOW COLUMNS FROM `think_user_profile` [ RunTime:0.008246s ]
NOTIC: 建议使用I方法替代_param
NOTIC: 建议使用I方法替代_param
NOTIC: 建议使用I方法替代_param
NOTIC: 建议使用I方法替代_param
NOTIC: 建议使用I方法替代_param
NOTIC: 建议使用I方法替代_param
NOTIC: 建议使用I方法替代_param
NOTIC: 建议使用I方法替代_param
SQL: INSERT INTO `think_user_profile` (`profile_name`,`user_name`,`profile_head`,`profile_motto`,`profile_skill`,`profile_hobby`,`profile_now`,`profile_department`,`profile_birthday`,`profile_autobiography`) VALUES ('','root','5204a412e6751.jpg','','','','','','','') [ RunTime:0.033207s ]
ERR: 1062:Duplicate entry 'root' for key 'user_name'
 [ SQL语句 ] : INSERT INTO `think_user_profile` (`profile_name`,`user_name`,`profile_head`,`profile_motto`,`profile_skill`,`profile_hobby`,`profile_now`,`profile_department`,`profile_birthday`,`profile_autobiography`) VALUES ('','root','5204a412e6751.jpg','','','','','','','')
NOTIC: [8] Undefined variable: User C:\wamp\www\papawithme\Lib\Action\HomeAction.class.php 第 103 行.

[ 2013-08-09T16:11:04+08:00 ] 0.0.0.0 /papawithme/index.php/Home/editProfile
INFO: [ route_check ] --START--
INFO: Run CheckRoute Behavior [ RunTime:0.000907s ]
INFO: [ route_check ] --END-- [ RunTime:0.001019s ]
INFO: [ app_begin ] --START--
INFO: Run ReadHtmlCache Behavior [ RunTime:0.000698s ]
INFO: [ app_begin ] --END-- [ RunTime:0.000804s ]
SQL: SHOW COLUMNS FROM `think_user_profile` [ RunTime:0.004712s ]
SQL: SELECT * FROM `think_user_profile` WHERE ( `user_name` = 'root' )  [ RunTime:0.000499s ]
INFO: [ view_template ] --START--
INFO: Run LocationTemplate Behavior [ RunTime:0.001586s ]
INFO: [ view_template ] --END-- [ RunTime:0.001753s ]
INFO: [ view_parse ] --START--
INFO: Run ParseTemplate Behavior [ RunTime:0.012966s ]
INFO: [ view_parse ] --END-- [ RunTime:0.013137s ]
INFO: [ view_filter ] --START--
INFO: Run ContentReplace Behavior [ RunTime:0.001099s ]
INFO: Run TokenBuild Behavior [ RunTime:0.001058s ]
INFO: Run WriteHtmlCache Behavior [ RunTime:0.000880s ]
INFO: Run ShowRuntime Behavior [ RunTime:0.001194s ]
INFO: [ view_filter ] --END-- [ RunTime:0.004667s ]
INFO: [ view_end ] --START--
INFO: Run ShowPageTrace Behavior [ RunTime:0.001342s ]
INFO: [ view_end ] --END-- [ RunTime:0.001488s ]
INFO: [ view_template ] --START--
INFO: Run LocationTemplate Behavior [ RunTime:0.000653s ]
INFO: [ view_template ] --END-- [ RunTime:-0.019831s ]
INFO: [ view_parse ] --START--
INFO: Run ParseTemplate Behavior [ RunTime:0.002633s ]
INFO: [ view_parse ] --END-- [ RunTime:-0.007478s ]
INFO: [ view_filter ] --START--
INFO: Run ContentReplace Behavior [ RunTime:0.000061s ]
INFO: Run TokenBuild Behavior [ RunTime:0.000059s ]
INFO: Run WriteHtmlCache Behavior [ RunTime:0.000012s ]
INFO: Run ShowRuntime Behavior [ RunTime:0.000129s ]
INFO: [ view_filter ] --END-- [ RunTime:-0.005508s ]
INFO: [ view_end ] --START--
INFO: Run ShowPageTrace Behavior [ RunTime:0.000045s ]
INFO: [ view_end ] --END-- [ RunTime:-0.004342s ]

[ 2013-08-09T16:11:09+08:00 ] 0.0.0.0 /papawithme/index.php/Home/updateProfile
INFO: [ route_check ] --START--
INFO: Run CheckRoute Behavior [ RunTime:0.001159s ]
INFO: [ route_check ] --END-- [ RunTime:0.001415s ]
INFO: [ app_begin ] --START--
INFO: Run ReadHtmlCache Behavior [ RunTime:0.000763s ]
INFO: [ app_begin ] --END-- [ RunTime:0.000867s ]
SQL: SHOW COLUMNS FROM `think_user_profile` [ RunTime:0.008496s ]
NOTIC: 建议使用I方法替代_param
NOTIC: 建议使用I方法替代_param
NOTIC: 建议使用I方法替代_param
NOTIC: 建议使用I方法替代_param
NOTIC: 建议使用I方法替代_param
NOTIC: 建议使用I方法替代_param
NOTIC: 建议使用I方法替代_param
NOTIC: 建议使用I方法替代_param
SQL: INSERT INTO `think_user_profile` (`profile_name`,`user_name`,`profile_head`,`profile_motto`,`profile_skill`,`profile_hobby`,`profile_now`,`profile_department`,`profile_birthday`,`profile_autobiography`) VALUES ('杨睿','root','5204a41cc79d0.jpg','哈哈','','','','','','') [ RunTime:0.068600s ]
ERR: 1062:Duplicate entry 'root' for key 'user_name'
 [ SQL语句 ] : INSERT INTO `think_user_profile` (`profile_name`,`user_name`,`profile_head`,`profile_motto`,`profile_skill`,`profile_hobby`,`profile_now`,`profile_department`,`profile_birthday`,`profile_autobiography`) VALUES ('杨睿','root','5204a41cc79d0.jpg','哈哈','','','','','','')
NOTIC: [8] Undefined variable: User C:\wamp\www\papawithme\Lib\Action\HomeAction.class.php 第 103 行.

[ 2013-08-09T16:11:28+08:00 ] 0.0.0.0 /papawithme/index.php/Home/updateProfile
INFO: [ route_check ] --START--
INFO: Run CheckRoute Behavior [ RunTime:0.001395s ]
INFO: [ route_check ] --END-- [ RunTime:0.001667s ]
INFO: [ app_begin ] --START--
INFO: Run ReadHtmlCache Behavior [ RunTime:0.001090s ]
INFO: [ app_begin ] --END-- [ RunTime:0.001274s ]
SQL: SHOW COLUMNS FROM `think_user_profile` [ RunTime:0.008338s ]
NOTIC: 建议使用I方法替代_param
NOTIC: 建议使用I方法替代_param
NOTIC: 建议使用I方法替代_param
NOTIC: 建议使用I方法替代_param
NOTIC: 建议使用I方法替代_param
NOTIC: 建议使用I方法替代_param
NOTIC: 建议使用I方法替代_param
NOTIC: 建议使用I方法替代_param
SQL: INSERT INTO `think_user_profile` (`profile_name`,`user_name`,`profile_head`,`profile_motto`,`profile_skill`,`profile_hobby`,`profile_now`,`profile_department`,`profile_birthday`,`profile_autobiography`) VALUES ('杨睿','root','5204a42fb06f3.jpg','哈哈','','','','','','') [ RunTime:0.037122s ]
ERR: 1062:Duplicate entry 'root' for key 'user_name'
 [ SQL语句 ] : INSERT INTO `think_user_profile` (`profile_name`,`user_name`,`profile_head`,`profile_motto`,`profile_skill`,`profile_hobby`,`profile_now`,`profile_department`,`profile_birthday`,`profile_autobiography`) VALUES ('杨睿','root','5204a42fb06f3.jpg','哈哈','','','','','','')
SQL: SELECT `profile_id` FROM `think_user_profile` WHERE ( `user_name` = 'root' ) LIMIT 1   [ RunTime:0.000785s ]

[ 2013-08-09T16:12:19+08:00 ] 0.0.0.0 /papawithme/index.php/Home/updateProfile
INFO: [ route_check ] --START--
INFO: Run CheckRoute Behavior [ RunTime:0.001038s ]
INFO: [ route_check ] --END-- [ RunTime:0.001208s ]
INFO: [ app_begin ] --START--
INFO: Run ReadHtmlCache Behavior [ RunTime:0.000770s ]
INFO: [ app_begin ] --END-- [ RunTime:0.000873s ]
SQL: SHOW COLUMNS FROM `think_user_profile` [ RunTime:0.008394s ]
NOTIC: 建议使用I方法替代_param
NOTIC: 建议使用I方法替代_param
NOTIC: 建议使用I方法替代_param
NOTIC: 建议使用I方法替代_param
NOTIC: 建议使用I方法替代_param
NOTIC: 建议使用I方法替代_param
NOTIC: 建议使用I方法替代_param
NOTIC: 建议使用I方法替代_param
SQL: INSERT INTO `think_user_profile` (`profile_name`,`user_name`,`profile_head`,`profile_motto`,`profile_skill`,`profile_hobby`,`profile_now`,`profile_department`,`profile_birthday`,`profile_autobiography`) VALUES ('杨睿','root','5204a46202774.jpg','哈哈','123123','','','','','') [ RunTime:0.042632s ]
ERR: 1062:Duplicate entry 'root' for key 'user_name'
 [ SQL语句 ] : INSERT INTO `think_user_profile` (`profile_name`,`user_name`,`profile_head`,`profile_motto`,`profile_skill`,`profile_hobby`,`profile_now`,`profile_department`,`profile_birthday`,`profile_autobiography`) VALUES ('杨睿','root','5204a46202774.jpg','哈哈','123123','','','','','')

[ 2013-08-09T16:12:57+08:00 ] 0.0.0.0 /papawithme/index.php/Home/updateProfile
INFO: [ route_check ] --START--
INFO: Run CheckRoute Behavior [ RunTime:0.001095s ]
INFO: [ route_check ] --END-- [ RunTime:0.001299s ]
INFO: [ app_begin ] --START--
INFO: Run ReadHtmlCache Behavior [ RunTime:0.000969s ]
INFO: [ app_begin ] --END-- [ RunTime:0.001084s ]
SQL: SHOW COLUMNS FROM `think_user_profile` [ RunTime:0.008308s ]
NOTIC: 建议使用I方法替代_param
NOTIC: 建议使用I方法替代_param
NOTIC: 建议使用I方法替代_param
NOTIC: 建议使用I方法替代_param
NOTIC: 建议使用I方法替代_param
NOTIC: 建议使用I方法替代_param
NOTIC: 建议使用I方法替代_param
NOTIC: 建议使用I方法替代_param
SQL: INSERT INTO `think_user_profile` (`profile_name`,`user_name`,`profile_head`,`profile_motto`,`profile_skill`,`profile_hobby`,`profile_now`,`profile_department`,`profile_birthday`,`profile_autobiography`) VALUES ('杨睿','root','5204a4884d306.jpg','哈哈','123123','','','','','') [ RunTime:0.056569s ]
ERR: 1062:Duplicate entry 'root' for key 'user_name'
 [ SQL语句 ] : INSERT INTO `think_user_profile` (`profile_name`,`user_name`,`profile_head`,`profile_motto`,`profile_skill`,`profile_hobby`,`profile_now`,`profile_department`,`profile_birthday`,`profile_autobiography`) VALUES ('杨睿','root','5204a4884d306.jpg','哈哈','123123','','','','','')
SQL: UPDATE `think_user_profile` SET `profile_name`='杨睿',`user_name`='root',`profile_head`='5204a4884d306.jpg',`profile_motto`='哈哈',`profile_skill`='123123',`profile_hobby`='',`profile_now`='',`profile_department`='',`profile_birthday`='',`profile_autobiography`='' WHERE ( `user_name` = 'root' ) [ RunTime:0.064681s ]

[ 2013-08-09T16:14:04+08:00 ] 0.0.0.0 /papawithme/index.php/Home/updateProfile
INFO: [ route_check ] --START--
INFO: Run CheckRoute Behavior [ RunTime:0.001022s ]
INFO: [ route_check ] --END-- [ RunTime:0.001144s ]
INFO: [ app_begin ] --START--
INFO: Run ReadHtmlCache Behavior [ RunTime:0.000697s ]
INFO: [ app_begin ] --END-- [ RunTime:0.000800s ]

[ 2013-08-09T16:14:16+08:00 ] 0.0.0.0 /papawithme/index.php/Home/editProfile
INFO: [ route_check ] --START--
INFO: Run CheckRoute Behavior [ RunTime:0.000985s ]
INFO: [ route_check ] --END-- [ RunTime:0.001100s ]
INFO: [ app_begin ] --START--
INFO: Run ReadHtmlCache Behavior [ RunTime:0.000793s ]
INFO: [ app_begin ] --END-- [ RunTime:0.000901s ]
SQL: SHOW COLUMNS FROM `think_user_profile` [ RunTime:0.008626s ]
SQL: SELECT * FROM `think_user_profile` WHERE ( `user_name` = 'root' )  [ RunTime:0.000995s ]
INFO: [ view_template ] --START--
INFO: Run LocationTemplate Behavior [ RunTime:0.002851s ]
INFO: [ view_template ] --END-- [ RunTime:0.003191s ]
INFO: [ view_parse ] --START--
INFO: Run ParseTemplate Behavior [ RunTime:0.014630s ]
INFO: [ view_parse ] --END-- [ RunTime:0.014914s ]
INFO: [ view_filter ] --START--
INFO: Run ContentReplace Behavior [ RunTime:0.001244s ]
INFO: Run TokenBuild Behavior [ RunTime:0.001259s ]
INFO: Run WriteHtmlCache Behavior [ RunTime:0.001045s ]
INFO: Run ShowRuntime Behavior [ RunTime:0.001480s ]
INFO: [ view_filter ] --END-- [ RunTime:0.005567s ]
INFO: [ view_end ] --START--
INFO: Run ShowPageTrace Behavior [ RunTime:0.001566s ]
INFO: [ view_end ] --END-- [ RunTime:0.001743s ]
INFO: [ view_template ] --START--
INFO: Run LocationTemplate Behavior [ RunTime:0.000692s ]
INFO: [ view_template ] --END-- [ RunTime:-0.023051s ]
INFO: [ view_parse ] --START--
INFO: Run ParseTemplate Behavior [ RunTime:0.004694s ]
INFO: [ view_parse ] --END-- [ RunTime:-0.008866s ]
INFO: [ view_filter ] --START--
INFO: Run ContentReplace Behavior [ RunTime:0.000148s ]
INFO: Run TokenBuild Behavior [ RunTime:0.000135s ]
INFO: Run WriteHtmlCache Behavior [ RunTime:0.000032s ]
INFO: Run ShowRuntime Behavior [ RunTime:0.000202s ]
INFO: [ view_filter ] --END-- [ RunTime:-0.008168s ]
INFO: [ view_end ] --START--
INFO: Run ShowPageTrace Behavior [ RunTime:0.000076s ]
INFO: [ view_end ] --END-- [ RunTime:-0.007295s ]

[ 2013-08-09T16:14:24+08:00 ] 0.0.0.0 /papawithme/index.php/Home/updateProfile
INFO: [ route_check ] --START--
INFO: Run CheckRoute Behavior [ RunTime:0.000954s ]
INFO: [ route_check ] --END-- [ RunTime:0.001128s ]
INFO: [ app_begin ] --START--
INFO: Run ReadHtmlCache Behavior [ RunTime:0.001099s ]
INFO: [ app_begin ] --END-- [ RunTime:0.001222s ]
SQL: SHOW COLUMNS FROM `think_user_profile` [ RunTime:0.004393s ]
NOTIC: 建议使用I方法替代_param
NOTIC: 建议使用I方法替代_param
NOTIC: 建议使用I方法替代_param
NOTIC: 建议使用I方法替代_param
NOTIC: 建议使用I方法替代_param
NOTIC: 建议使用I方法替代_param
NOTIC: 建议使用I方法替代_param
NOTIC: 建议使用I方法替代_param
SQL: INSERT INTO `think_user_profile` (`profile_name`,`user_name`,`profile_head`,`profile_motto`,`profile_skill`,`profile_hobby`,`profile_now`,`profile_department`,`profile_birthday`,`profile_autobiography`) VALUES ('杨睿','root','5204a4deae33e.jpg','哈哈','213123123','','','','','') [ RunTime:0.085426s ]
ERR: 1062:Duplicate entry 'root' for key 'user_name'
 [ SQL语句 ] : INSERT INTO `think_user_profile` (`profile_name`,`user_name`,`profile_head`,`profile_motto`,`profile_skill`,`profile_hobby`,`profile_now`,`profile_department`,`profile_birthday`,`profile_autobiography`) VALUES ('杨睿','root','5204a4deae33e.jpg','哈哈','213123123','','','','','')
SQL: UPDATE `think_user_profile` SET `profile_name`='杨睿',`user_name`='root',`profile_head`='5204a4deae33e.jpg',`profile_motto`='哈哈',`profile_skill`='213123123',`profile_hobby`='',`profile_now`='',`profile_department`='',`profile_birthday`='',`profile_autobiography`='' WHERE ( `user_name` = 'root' ) [ RunTime:0.153080s ]
INFO: [ view_template ] --START--
INFO: Run LocationTemplate Behavior [ RunTime:0.001475s ]
INFO: [ view_template ] --END-- [ RunTime:0.001648s ]
INFO: [ view_parse ] --START--
INFO: Run ParseTemplate Behavior [ RunTime:0.013265s ]
INFO: [ view_parse ] --END-- [ RunTime:0.013442s ]
INFO: [ view_filter ] --START--
INFO: Run ContentReplace Behavior [ RunTime:0.001083s ]
INFO: Run TokenBuild Behavior [ RunTime:0.001115s ]
INFO: Run WriteHtmlCache Behavior [ RunTime:0.000922s ]
INFO: Run ShowRuntime Behavior [ RunTime:0.001256s ]
INFO: [ view_filter ] --END-- [ RunTime:0.004830s ]
INFO: [ view_end ] --START--
INFO: Run ShowPageTrace Behavior [ RunTime:0.001342s ]
INFO: [ view_end ] --END-- [ RunTime:0.001502s ]

[ 2013-08-09T16:14:26+08:00 ] 0.0.0.0 /papawithme/index.php/Home/editProfile
INFO: [ route_check ] --START--
INFO: Run CheckRoute Behavior [ RunTime:0.002538s ]
INFO: [ route_check ] --END-- [ RunTime:0.002852s ]
INFO: [ app_begin ] --START--
INFO: Run ReadHtmlCache Behavior [ RunTime:0.000837s ]
INFO: [ app_begin ] --END-- [ RunTime:0.000961s ]
SQL: SHOW COLUMNS FROM `think_user_profile` [ RunTime:0.008311s ]
SQL: SELECT * FROM `think_user_profile` WHERE ( `user_name` = 'root' )  [ RunTime:0.000853s ]
INFO: [ view_template ] --START--
INFO: Run LocationTemplate Behavior [ RunTime:0.002520s ]
INFO: [ view_template ] --END-- [ RunTime:0.002815s ]
INFO: [ view_parse ] --START--
INFO: Run ParseTemplate Behavior [ RunTime:0.022304s ]
INFO: [ view_parse ] --END-- [ RunTime:0.022528s ]
INFO: [ view_filter ] --START--
INFO: Run ContentReplace Behavior [ RunTime:0.000746s ]
INFO: Run TokenBuild Behavior [ RunTime:0.000807s ]
INFO: Run WriteHtmlCache Behavior [ RunTime:0.000646s ]
INFO: Run ShowRuntime Behavior [ RunTime:0.000887s ]
INFO: [ view_filter ] --END-- [ RunTime:0.003417s ]
INFO: [ view_end ] --START--
INFO: Run ShowPageTrace Behavior [ RunTime:0.001011s ]
INFO: [ view_end ] --END-- [ RunTime:0.001125s ]
INFO: [ view_template ] --START--
INFO: Run LocationTemplate Behavior [ RunTime:0.000471s ]
INFO: [ view_template ] --END-- [ RunTime:-0.027656s ]
INFO: [ view_parse ] --START--
INFO: Run ParseTemplate Behavior [ RunTime:0.003113s ]
INFO: [ view_parse ] --END-- [ RunTime:-0.005563s ]
INFO: [ view_filter ] --START--
INFO: Run ContentReplace Behavior [ RunTime:0.000096s ]
INFO: Run TokenBuild Behavior [ RunTime:0.000090s ]
INFO: Run WriteHtmlCache Behavior [ RunTime:0.000021s ]
INFO: Run ShowRuntime Behavior [ RunTime:0.000135s ]
INFO: [ view_filter ] --END-- [ RunTime:-0.005369s ]
INFO: [ view_end ] --START--
INFO: Run ShowPageTrace Behavior [ RunTime:0.000078s ]
INFO: [ view_end ] --END-- [ RunTime:-0.004810s ]

