[ 2013-10-09T01:03:28+08:00 ] 127.0.0.1 /papawithme/index.php/Home/login
INFO: [ route_check ] --START--
INFO: Run CheckRoute Behavior [ RunTime:0.001803s ]
INFO: [ route_check ] --END-- [ RunTime:0.002077s ]
INFO: [ app_begin ] --START--
INFO: Run ReadHtmlCache Behavior [ RunTime:0.001282s ]
INFO: [ app_begin ] --END-- [ RunTime:0.001499s ]
INFO: [ view_template ] --START--
INFO: Run LocationTemplate Behavior [ RunTime:0.000692s ]
INFO: [ view_template ] --END-- [ RunTime:0.000792s ]
INFO: [ view_parse ] --START--
INFO: Run ParseTemplate Behavior [ RunTime:0.352761s ]
INFO: [ view_parse ] --END-- [ RunTime:0.352984s ]
INFO: [ view_filter ] --START--
INFO: Run ContentReplace Behavior [ RunTime:0.001182s ]
INFO: Run TokenBuild Behavior [ RunTime:0.001131s ]
INFO: Run WriteHtmlCache Behavior [ RunTime:0.000827s ]
INFO: Run ShowRuntime Behavior [ RunTime:0.001267s ]
INFO: [ view_filter ] --END-- [ RunTime:0.005008s ]
INFO: [ view_end ] --START--
INFO: Run ShowPageTrace Behavior [ RunTime:0.001403s ]
INFO: [ view_end ] --END-- [ RunTime:0.001631s ]
INFO: [ view_template ] --START--
INFO: Run LocationTemplate Behavior [ RunTime:0.000468s ]
INFO: [ view_template ] --END-- [ RunTime:-0.360345s ]
INFO: [ view_parse ] --START--
INFO: Run ParseTemplate Behavior [ RunTime:0.006240s ]
INFO: [ view_parse ] --END-- [ RunTime:-0.008129s ]
INFO: [ view_filter ] --START--
INFO: Run ContentReplace Behavior [ RunTime:0.000190s ]
INFO: Run TokenBuild Behavior [ RunTime:0.000189s ]
INFO: Run WriteHtmlCache Behavior [ RunTime:0.000043s ]
INFO: Run ShowRuntime Behavior [ RunTime:0.000287s ]
INFO: [ view_filter ] --END-- [ RunTime:-0.009588s ]
INFO: [ view_end ] --START--
INFO: Run ShowPageTrace Behavior [ RunTime:0.000158s ]
INFO: [ view_end ] --END-- [ RunTime:-0.009152s ]

[ 2013-10-09T01:03:35+08:00 ] 127.0.0.1 /papawithme/index.php/
INFO: [ route_check ] --START--
INFO: Run CheckRoute Behavior [ RunTime:0.001566s ]
INFO: [ route_check ] --END-- [ RunTime:0.001772s ]
INFO: [ app_begin ] --START--
INFO: Run ReadHtmlCache Behavior [ RunTime:0.001050s ]
INFO: [ app_begin ] --END-- [ RunTime:0.001222s ]
INFO: [ view_template ] --START--
INFO: Run LocationTemplate Behavior [ RunTime:0.001205s ]
INFO: [ view_template ] --END-- [ RunTime:0.001384s ]
INFO: [ view_parse ] --START--
INFO: Run ParseTemplate Behavior [ RunTime:0.009870s ]
INFO: [ view_parse ] --END-- [ RunTime:0.010009s ]
INFO: [ view_filter ] --START--
INFO: Run ContentReplace Behavior [ RunTime:0.000523s ]
INFO: Run TokenBuild Behavior [ RunTime:0.000486s ]
INFO: Run WriteHtmlCache Behavior [ RunTime:0.000371s ]
INFO: Run ShowRuntime Behavior [ RunTime:0.000522s ]
INFO: [ view_filter ] --END-- [ RunTime:0.002136s ]
INFO: [ view_end ] --START--
INFO: Run ShowPageTrace Behavior [ RunTime:0.000656s ]
INFO: [ view_end ] --END-- [ RunTime:0.000747s ]

[ 2013-10-09T20:54:38+08:00 ] 127.0.0.1 /papawithme/index.php/
INFO: [ route_check ] --START--
INFO: Run CheckRoute Behavior [ RunTime:0.000761s ]
INFO: [ route_check ] --END-- [ RunTime:0.000889s ]
INFO: [ app_begin ] --START--
INFO: Run ReadHtmlCache Behavior [ RunTime:0.000585s ]
INFO: [ app_begin ] --END-- [ RunTime:0.000671s ]
INFO: [ view_template ] --START--
INFO: Run LocationTemplate Behavior [ RunTime:0.000561s ]
INFO: [ view_template ] --END-- [ RunTime:0.000651s ]
INFO: [ view_parse ] --START--
INFO: Run ParseTemplate Behavior [ RunTime:0.007437s ]
INFO: [ view_parse ] --END-- [ RunTime:0.007556s ]
INFO: [ view_filter ] --START--
INFO: Run ContentReplace Behavior [ RunTime:0.000574s ]
INFO: Run TokenBuild Behavior [ RunTime:0.000527s ]
INFO: Run WriteHtmlCache Behavior [ RunTime:0.000404s ]
INFO: Run ShowRuntime Behavior [ RunTime:0.000587s ]
INFO: [ view_filter ] --END-- [ RunTime:0.002345s ]
INFO: [ view_end ] --START--
INFO: Run ShowPageTrace Behavior [ RunTime:0.000751s ]
INFO: [ view_end ] --END-- [ RunTime:0.000838s ]

[ 2013-10-09T20:54:43+08:00 ] 127.0.0.1 /papawithme/index.php/Home
INFO: [ route_check ] --START--
INFO: Run CheckRoute Behavior [ RunTime:0.001551s ]
INFO: [ route_check ] --END-- [ RunTime:0.001790s ]
INFO: [ app_begin ] --START--
INFO: Run ReadHtmlCache Behavior [ RunTime:0.001164s ]
INFO: [ app_begin ] --END-- [ RunTime:0.001361s ]
INFO: [ view_template ] --START--
INFO: Run LocationTemplate Behavior [ RunTime:0.001144s ]
INFO: [ view_template ] --END-- [ RunTime:0.001352s ]
INFO: [ view_parse ] --START--
INFO: Run ParseTemplate Behavior [ RunTime:0.091765s ]
INFO: [ view_parse ] --END-- [ RunTime:0.092109s ]
INFO: [ view_filter ] --START--
INFO: Run ContentReplace Behavior [ RunTime:0.001310s ]
INFO: Run TokenBuild Behavior [ RunTime:0.001207s ]
INFO: Run WriteHtmlCache Behavior [ RunTime:0.000849s ]
INFO: Run ShowRuntime Behavior [ RunTime:0.001510s ]
INFO: [ view_filter ] --END-- [ RunTime:0.005637s ]
INFO: [ view_end ] --START--
INFO: Run ShowPageTrace Behavior [ RunTime:0.001709s ]
INFO: [ view_end ] --END-- [ RunTime:0.001994s ]
INFO: [ view_template ] --START--
INFO: Run LocationTemplate Behavior [ RunTime:0.000573s ]
INFO: [ view_template ] --END-- [ RunTime:-0.100737s ]
INFO: [ view_parse ] --START--
INFO: Run ParseTemplate Behavior [ RunTime:0.007475s ]
INFO: [ view_parse ] --END-- [ RunTime:-0.009497s ]
INFO: [ view_filter ] --START--
INFO: Run ContentReplace Behavior [ RunTime:0.000232s ]
INFO: Run TokenBuild Behavior [ RunTime:0.000224s ]
INFO: Run WriteHtmlCache Behavior [ RunTime:0.000051s ]
INFO: Run ShowRuntime Behavior [ RunTime:0.000355s ]
INFO: [ view_filter ] --END-- [ RunTime:-0.011594s ]
INFO: [ view_end ] --START--
INFO: Run ShowPageTrace Behavior [ RunTime:0.000192s ]
INFO: [ view_end ] --END-- [ RunTime:-0.011101s ]

[ 2013-10-09T20:54:50+08:00 ] 127.0.0.1 /papawithme/index.php/Home/login
INFO: [ route_check ] --START--
INFO: Run CheckRoute Behavior [ RunTime:0.001508s ]
INFO: [ route_check ] --END-- [ RunTime:0.001772s ]
INFO: [ app_begin ] --START--
INFO: Run ReadHtmlCache Behavior [ RunTime:0.001104s ]
INFO: [ app_begin ] --END-- [ RunTime:0.001302s ]
INFO: [ view_template ] --START--
INFO: Run LocationTemplate Behavior [ RunTime:0.001022s ]
INFO: [ view_template ] --END-- [ RunTime:0.001231s ]
INFO: [ view_parse ] --START--
INFO: Run ParseTemplate Behavior [ RunTime:0.010373s ]
INFO: [ view_parse ] --END-- [ RunTime:0.010543s ]
INFO: [ view_filter ] --START--
INFO: Run ContentReplace Behavior [ RunTime:0.000505s ]
INFO: Run TokenBuild Behavior [ RunTime:0.000508s ]
INFO: Run WriteHtmlCache Behavior [ RunTime:0.000346s ]
INFO: Run ShowRuntime Behavior [ RunTime:0.000617s ]
INFO: [ view_filter ] --END-- [ RunTime:0.002287s ]
INFO: [ view_end ] --START--
INFO: Run ShowPageTrace Behavior [ RunTime:0.000684s ]
INFO: [ view_end ] --END-- [ RunTime:0.000799s ]
INFO: [ view_template ] --START--
INFO: Run LocationTemplate Behavior [ RunTime:0.000182s ]
INFO: [ view_template ] --END-- [ RunTime:-0.014137s ]
INFO: [ view_parse ] --START--
INFO: Run ParseTemplate Behavior [ RunTime:0.003243s ]
INFO: [ view_parse ] --END-- [ RunTime:-0.003811s ]
INFO: [ view_filter ] --START--
INFO: Run ContentReplace Behavior [ RunTime:0.000103s ]
INFO: Run TokenBuild Behavior [ RunTime:0.000102s ]
INFO: Run WriteHtmlCache Behavior [ RunTime:0.000023s ]
INFO: Run ShowRuntime Behavior [ RunTime:0.000157s ]
INFO: [ view_filter ] --END-- [ RunTime:-0.004900s ]
INFO: [ view_end ] --START--
INFO: Run ShowPageTrace Behavior [ RunTime:0.000086s ]
INFO: [ view_end ] --END-- [ RunTime:-0.004753s ]

[ 2013-10-09T20:55:02+08:00 ] 127.0.0.1 /papawithme/index.php/Index/Login
INFO: [ route_check ] --START--
INFO: Run CheckRoute Behavior [ RunTime:0.001101s ]
INFO: [ route_check ] --END-- [ RunTime:0.001270s ]
INFO: [ app_begin ] --START--
INFO: Run ReadHtmlCache Behavior [ RunTime:0.000771s ]
INFO: [ app_begin ] --END-- [ RunTime:0.000910s ]
SQL: SHOW COLUMNS FROM `think_user` [ RunTime:0.155666s ]
NOTIC: 建议使用I方法替代_param
NOTIC: 建议使用I方法替代_param
SQL: SELECT * FROM `think_user` WHERE ( `user_email` = '729279289@qq.com' ) AND ( `user_psd` = '7651063' )  [ RunTime:0.016897s ]

[ 2013-10-09T20:55:02+08:00 ] 127.0.0.1 /papawithme/index.php/Home
INFO: [ route_check ] --START--
INFO: Run CheckRoute Behavior [ RunTime:0.001355s ]
INFO: [ route_check ] --END-- [ RunTime:0.001560s ]
INFO: [ app_begin ] --START--
INFO: Run ReadHtmlCache Behavior [ RunTime:0.000981s ]
INFO: [ app_begin ] --END-- [ RunTime:0.001150s ]
INFO: [ view_template ] --START--
INFO: Run LocationTemplate Behavior [ RunTime:0.000741s ]
INFO: [ view_template ] --END-- [ RunTime:0.000936s ]
INFO: [ view_parse ] --START--
INFO: Run ParseTemplate Behavior [ RunTime:0.011105s ]
INFO: [ view_parse ] --END-- [ RunTime:0.011345s ]
INFO: [ view_filter ] --START--
INFO: Run ContentReplace Behavior [ RunTime:0.000560s ]
INFO: Run TokenBuild Behavior [ RunTime:0.000456s ]
INFO: Run WriteHtmlCache Behavior [ RunTime:0.000357s ]
INFO: Run ShowRuntime Behavior [ RunTime:0.000679s ]
INFO: [ view_filter ] --END-- [ RunTime:0.002331s ]
INFO: [ view_end ] --START--
INFO: Run ShowPageTrace Behavior [ RunTime:0.000666s ]
INFO: [ view_end ] --END-- [ RunTime:0.000776s ]
INFO: [ view_template ] --START--
INFO: Run LocationTemplate Behavior [ RunTime:0.000139s ]
INFO: [ view_template ] --END-- [ RunTime:-0.014908s ]
INFO: [ view_parse ] --START--
INFO: Run ParseTemplate Behavior [ RunTime:0.002455s ]
INFO: [ view_parse ] --END-- [ RunTime:-0.003707s ]
INFO: [ view_filter ] --START--
INFO: Run ContentReplace Behavior [ RunTime:0.000075s ]
INFO: Run TokenBuild Behavior [ RunTime:0.000074s ]
INFO: Run WriteHtmlCache Behavior [ RunTime:0.000017s ]
INFO: Run ShowRuntime Behavior [ RunTime:0.000115s ]
INFO: [ view_filter ] --END-- [ RunTime:-0.003906s ]
INFO: [ view_end ] --START--
INFO: Run ShowPageTrace Behavior [ RunTime:0.000062s ]
INFO: [ view_end ] --END-- [ RunTime:-0.003550s ]

[ 2013-10-09T20:57:15+08:00 ] 127.0.0.1 /papawithme/index.php/Board
INFO: [ route_check ] --START--
INFO: Run CheckRoute Behavior [ RunTime:0.001196s ]
INFO: [ route_check ] --END-- [ RunTime:0.001360s ]
INFO: [ app_begin ] --START--
INFO: Run ReadHtmlCache Behavior [ RunTime:0.000836s ]
INFO: [ app_begin ] --END-- [ RunTime:0.000974s ]
INFO: [ view_template ] --START--
INFO: Run LocationTemplate Behavior [ RunTime:0.001019s ]
INFO: [ view_template ] --END-- [ RunTime:0.001163s ]
INFO: [ view_parse ] --START--
INFO: Run ParseTemplate Behavior [ RunTime:0.432888s ]
INFO: [ view_parse ] --END-- [ RunTime:0.433089s ]
INFO: [ view_filter ] --START--
INFO: Run ContentReplace Behavior [ RunTime:0.001206s ]
INFO: Run TokenBuild Behavior [ RunTime:0.001036s ]
INFO: Run WriteHtmlCache Behavior [ RunTime:0.000816s ]
INFO: Run ShowRuntime Behavior [ RunTime:0.001246s ]
INFO: [ view_filter ] --END-- [ RunTime:0.004830s ]
INFO: [ view_end ] --START--
INFO: Run ShowPageTrace Behavior [ RunTime:0.001409s ]
INFO: [ view_end ] --END-- [ RunTime:0.001597s ]
INFO: [ view_template ] --START--
INFO: Run LocationTemplate Behavior [ RunTime:0.000517s ]
INFO: [ view_template ] --END-- [ RunTime:-0.440181s ]
INFO: [ view_parse ] --START--
INFO: Run ParseTemplate Behavior [ RunTime:0.008409s ]
INFO: [ view_parse ] --END-- [ RunTime:-0.007820s ]
INFO: [ view_filter ] --START--
INFO: Run ContentReplace Behavior [ RunTime:0.000167s ]
INFO: Run TokenBuild Behavior [ RunTime:0.000162s ]
INFO: Run WriteHtmlCache Behavior [ RunTime:0.000036s ]
INFO: Run ShowRuntime Behavior [ RunTime:0.000248s ]
INFO: [ view_filter ] --END-- [ RunTime:-0.011571s ]
INFO: [ view_end ] --START--
INFO: Run ShowPageTrace Behavior [ RunTime:0.000135s ]
INFO: [ view_end ] --END-- [ RunTime:-0.011005s ]

[ 2013-10-09T20:57:23+08:00 ] 127.0.0.1 /papawithme/index.php/Board
INFO: [ route_check ] --START--
INFO: Run CheckRoute Behavior [ RunTime:0.001398s ]
INFO: [ route_check ] --END-- [ RunTime:0.001584s ]
INFO: [ app_begin ] --START--
INFO: Run ReadHtmlCache Behavior [ RunTime:0.001009s ]
INFO: [ app_begin ] --END-- [ RunTime:0.001161s ]
INFO: [ view_template ] --START--
INFO: Run LocationTemplate Behavior [ RunTime:0.000959s ]
INFO: [ view_template ] --END-- [ RunTime:0.001109s ]
INFO: [ view_parse ] --START--
INFO: Run ParseTemplate Behavior [ RunTime:0.025307s ]
INFO: [ view_parse ] --END-- [ RunTime:0.025473s ]
INFO: [ view_filter ] --START--
INFO: Run ContentReplace Behavior [ RunTime:0.000935s ]
INFO: Run TokenBuild Behavior [ RunTime:0.000813s ]
INFO: Run WriteHtmlCache Behavior [ RunTime:0.000567s ]
INFO: Run ShowRuntime Behavior [ RunTime:0.000855s ]
INFO: [ view_filter ] --END-- [ RunTime:0.003571s ]
INFO: [ view_end ] --START--
INFO: Run ShowPageTrace Behavior [ RunTime:0.000900s ]
INFO: [ view_end ] --END-- [ RunTime:0.001039s ]
INFO: [ view_template ] --START--
INFO: Run LocationTemplate Behavior [ RunTime:0.000307s ]
INFO: [ view_template ] --END-- [ RunTime:-0.030681s ]
INFO: [ view_parse ] --START--
INFO: Run ParseTemplate Behavior [ RunTime:0.004186s ]
INFO: [ view_parse ] --END-- [ RunTime:-0.005645s ]
INFO: [ view_filter ] --START--
INFO: Run ContentReplace Behavior [ RunTime:0.000129s ]
INFO: Run TokenBuild Behavior [ RunTime:0.000127s ]
INFO: Run WriteHtmlCache Behavior [ RunTime:0.000028s ]
INFO: Run ShowRuntime Behavior [ RunTime:0.000197s ]
INFO: [ view_filter ] --END-- [ RunTime:-0.006394s ]
INFO: [ view_end ] --START--
INFO: Run ShowPageTrace Behavior [ RunTime:0.000104s ]
INFO: [ view_end ] --END-- [ RunTime:-0.006101s ]

[ 2013-10-09T20:57:28+08:00 ] 127.0.0.1 /papawithme/index.php
INFO: [ app_begin ] --START--
INFO: Run ReadHtmlCache Behavior [ RunTime:0.000837s ]
INFO: [ app_begin ] --END-- [ RunTime:0.001014s ]
INFO: [ view_template ] --START--
INFO: Run LocationTemplate Behavior [ RunTime:0.000877s ]
INFO: [ view_template ] --END-- [ RunTime:0.001039s ]
INFO: [ view_parse ] --START--
INFO: Run ParseTemplate Behavior [ RunTime:0.010415s ]
INFO: [ view_parse ] --END-- [ RunTime:0.010539s ]
INFO: [ view_filter ] --START--
INFO: Run ContentReplace Behavior [ RunTime:0.000361s ]
INFO: Run TokenBuild Behavior [ RunTime:0.000356s ]
INFO: Run WriteHtmlCache Behavior [ RunTime:0.000252s ]
INFO: Run ShowRuntime Behavior [ RunTime:0.000441s ]
INFO: [ view_filter ] --END-- [ RunTime:0.001637s ]
INFO: [ view_end ] --START--
INFO: Run ShowPageTrace Behavior [ RunTime:0.000541s ]
INFO: [ view_end ] --END-- [ RunTime:0.000625s ]

[ 2013-10-09T20:57:31+08:00 ] 127.0.0.1 /papawithme/index.php/Home
INFO: [ route_check ] --START--
INFO: Run CheckRoute Behavior [ RunTime:0.001240s ]
INFO: [ route_check ] --END-- [ RunTime:0.001433s ]
INFO: [ app_begin ] --START--
INFO: Run ReadHtmlCache Behavior [ RunTime:0.000890s ]
INFO: [ app_begin ] --END-- [ RunTime:0.001044s ]
INFO: [ view_template ] --START--
INFO: Run LocationTemplate Behavior [ RunTime:0.000870s ]
INFO: [ view_template ] --END-- [ RunTime:0.001040s ]
INFO: [ view_parse ] --START--
INFO: Run ParseTemplate Behavior [ RunTime:0.017432s ]
INFO: [ view_parse ] --END-- [ RunTime:0.017584s ]
INFO: [ view_filter ] --START--
INFO: Run ContentReplace Behavior [ RunTime:0.000452s ]
INFO: Run TokenBuild Behavior [ RunTime:0.000370s ]
INFO: Run WriteHtmlCache Behavior [ RunTime:0.000261s ]
INFO: Run ShowRuntime Behavior [ RunTime:0.000516s ]
INFO: [ view_filter ] --END-- [ RunTime:0.001867s ]
INFO: [ view_end ] --START--
INFO: Run ShowPageTrace Behavior [ RunTime:0.000712s ]
INFO: [ view_end ] --END-- [ RunTime:0.000819s ]
INFO: [ view_template ] --START--
INFO: Run LocationTemplate Behavior [ RunTime:0.000174s ]
INFO: [ view_template ] --END-- [ RunTime:-0.020701s ]
INFO: [ view_parse ] --START--
INFO: Run ParseTemplate Behavior [ RunTime:0.002749s ]
INFO: [ view_parse ] --END-- [ RunTime:-0.003307s ]
INFO: [ view_filter ] --START--
INFO: Run ContentReplace Behavior [ RunTime:0.000081s ]
INFO: Run TokenBuild Behavior [ RunTime:0.000079s ]
INFO: Run WriteHtmlCache Behavior [ RunTime:0.000018s ]
INFO: Run ShowRuntime Behavior [ RunTime:0.000118s ]
INFO: [ view_filter ] --END-- [ RunTime:-0.004296s ]
INFO: [ view_end ] --START--
INFO: Run ShowPageTrace Behavior [ RunTime:0.000063s ]
INFO: [ view_end ] --END-- [ RunTime:-0.003929s ]

[ 2013-10-09T20:58:53+08:00 ] 127.0.0.1 /papawithme/index.php/Home/profile
INFO: [ route_check ] --START--
INFO: Run CheckRoute Behavior [ RunTime:0.001720s ]
INFO: [ route_check ] --END-- [ RunTime:0.001958s ]
INFO: [ app_begin ] --START--
INFO: Run ReadHtmlCache Behavior [ RunTime:0.001131s ]
INFO: [ app_begin ] --END-- [ RunTime:0.001318s ]
SQL: SHOW COLUMNS FROM `think_user_profile` [ RunTime:0.412010s ]
SQL: SELECT * FROM `think_user_profile` WHERE ( `user_name` = 'cc' )  [ RunTime:0.000973s ]
SQL: SHOW COLUMNS FROM `think_user_attribute` [ RunTime:0.027395s ]
SQL: SELECT * FROM `think_user_attribute` WHERE ( `user_name` = 'cc' )  [ RunTime:0.000904s ]
INFO: [ view_template ] --START--
INFO: Run LocationTemplate Behavior [ RunTime:0.002410s ]
INFO: [ view_template ] --END-- [ RunTime:0.002741s ]
INFO: [ view_parse ] --START--
INFO: Run ParseTemplate Behavior [ RunTime:0.035246s ]
INFO: [ view_parse ] --END-- [ RunTime:0.035607s ]
INFO: [ view_filter ] --START--
INFO: Run ContentReplace Behavior [ RunTime:0.001359s ]
INFO: Run TokenBuild Behavior [ RunTime:0.001348s ]
INFO: Run WriteHtmlCache Behavior [ RunTime:0.000975s ]
INFO: Run ShowRuntime Behavior [ RunTime:0.001533s ]
INFO: [ view_filter ] --END-- [ RunTime:0.005985s ]
INFO: [ view_end ] --START--
INFO: Run ShowPageTrace Behavior [ RunTime:0.002267s ]
INFO: [ view_end ] --END-- [ RunTime:0.002536s ]
INFO: [ view_template ] --START--
INFO: Run LocationTemplate Behavior [ RunTime:0.000551s ]
INFO: [ view_template ] --END-- [ RunTime:-0.045191s ]
INFO: [ view_parse ] --START--
INFO: Run ParseTemplate Behavior [ RunTime:0.007645s ]
INFO: [ view_parse ] --END-- [ RunTime:-0.010313s ]
INFO: [ view_filter ] --START--
INFO: Run ContentReplace Behavior [ RunTime:0.000238s ]
INFO: Run TokenBuild Behavior [ RunTime:0.000226s ]
INFO: Run WriteHtmlCache Behavior [ RunTime:0.000051s ]
INFO: Run ShowRuntime Behavior [ RunTime:0.000384s ]
INFO: [ view_filter ] --END-- [ RunTime:-0.012334s ]
INFO: [ view_end ] --START--
INFO: Run ShowPageTrace Behavior [ RunTime:0.000062s ]
INFO: [ view_end ] --END-- [ RunTime:-0.011005s ]

[ 2013-10-09T20:58:56+08:00 ] 127.0.0.1 /papawithme/index.php/Home/profile
INFO: [ route_check ] --START--
INFO: Run CheckRoute Behavior [ RunTime:0.001098s ]
INFO: [ route_check ] --END-- [ RunTime:0.001262s ]
INFO: [ app_begin ] --START--
INFO: Run ReadHtmlCache Behavior [ RunTime:0.000707s ]
INFO: [ app_begin ] --END-- [ RunTime:0.000832s ]
SQL: SHOW COLUMNS FROM `think_user_profile` [ RunTime:0.004457s ]
SQL: SELECT * FROM `think_user_profile` WHERE ( `user_name` = 'cc' )  [ RunTime:0.000360s ]
SQL: SHOW COLUMNS FROM `think_user_attribute` [ RunTime:0.004167s ]
SQL: SELECT * FROM `think_user_attribute` WHERE ( `user_name` = 'cc' )  [ RunTime:0.000334s ]
INFO: [ view_template ] --START--
INFO: Run LocationTemplate Behavior [ RunTime:0.000712s ]
INFO: [ view_template ] --END-- [ RunTime:0.000854s ]
INFO: [ view_parse ] --START--
INFO: Run ParseTemplate Behavior [ RunTime:0.007841s ]
INFO: [ view_parse ] --END-- [ RunTime:0.007988s ]
INFO: [ view_filter ] --START--
INFO: Run ContentReplace Behavior [ RunTime:0.000368s ]
INFO: Run TokenBuild Behavior [ RunTime:0.000378s ]
INFO: Run WriteHtmlCache Behavior [ RunTime:0.000258s ]
INFO: Run ShowRuntime Behavior [ RunTime:0.000470s ]
INFO: [ view_filter ] --END-- [ RunTime:0.001723s ]
INFO: [ view_end ] --START--
INFO: Run ShowPageTrace Behavior [ RunTime:0.000630s ]
INFO: [ view_end ] --END-- [ RunTime:0.000720s ]
INFO: [ view_template ] --START--
INFO: Run LocationTemplate Behavior [ RunTime:0.000132s ]
INFO: [ view_template ] --END-- [ RunTime:-0.010799s ]
INFO: [ view_parse ] --START--
INFO: Run ParseTemplate Behavior [ RunTime:0.002424s ]
INFO: [ view_parse ] --END-- [ RunTime:-0.002991s ]
INFO: [ view_filter ] --START--
INFO: Run ContentReplace Behavior [ RunTime:0.000078s ]
INFO: Run TokenBuild Behavior [ RunTime:0.000075s ]
INFO: Run WriteHtmlCache Behavior [ RunTime:0.000017s ]
INFO: Run ShowRuntime Behavior [ RunTime:0.000117s ]
INFO: [ view_filter ] --END-- [ RunTime:-0.003797s ]
INFO: [ view_end ] --START--
INFO: Run ShowPageTrace Behavior [ RunTime:0.000062s ]
INFO: [ view_end ] --END-- [ RunTime:-0.003542s ]

[ 2013-10-09T20:58:57+08:00 ] 127.0.0.1 /papawithme/index.php/Home/profile
INFO: [ route_check ] --START--
INFO: Run CheckRoute Behavior [ RunTime:0.001941s ]
INFO: [ route_check ] --END-- [ RunTime:0.002240s ]
INFO: [ app_begin ] --START--
INFO: Run ReadHtmlCache Behavior [ RunTime:0.001495s ]
INFO: [ app_begin ] --END-- [ RunTime:0.001715s ]
SQL: SHOW COLUMNS FROM `think_user_profile` [ RunTime:0.003184s ]
SQL: SELECT * FROM `think_user_profile` WHERE ( `user_name` = 'cc' )  [ RunTime:0.000455s ]
SQL: SHOW COLUMNS FROM `think_user_attribute` [ RunTime:0.003739s ]
SQL: SELECT * FROM `think_user_attribute` WHERE ( `user_name` = 'cc' )  [ RunTime:0.000373s ]
INFO: [ view_template ] --START--
INFO: Run LocationTemplate Behavior [ RunTime:0.000611s ]
INFO: [ view_template ] --END-- [ RunTime:0.000738s ]
INFO: [ view_parse ] --START--
INFO: Run ParseTemplate Behavior [ RunTime:0.006883s ]
INFO: [ view_parse ] --END-- [ RunTime:0.006989s ]
INFO: [ view_filter ] --START--
INFO: Run ContentReplace Behavior [ RunTime:0.000364s ]
INFO: Run TokenBuild Behavior [ RunTime:0.000365s ]
INFO: Run WriteHtmlCache Behavior [ RunTime:0.000261s ]
INFO: Run ShowRuntime Behavior [ RunTime:0.000462s ]
INFO: [ view_filter ] --END-- [ RunTime:0.001682s ]
INFO: [ view_end ] --START--
INFO: Run ShowPageTrace Behavior [ RunTime:0.000598s ]
INFO: [ view_end ] --END-- [ RunTime:0.000685s ]
INFO: [ view_template ] --START--
INFO: Run LocationTemplate Behavior [ RunTime:0.000131s ]
INFO: [ view_template ] --END-- [ RunTime:-0.009683s ]
INFO: [ view_parse ] --START--
INFO: Run ParseTemplate Behavior [ RunTime:0.002414s ]
INFO: [ view_parse ] --END-- [ RunTime:-0.002898s ]
INFO: [ view_filter ] --START--
INFO: Run ContentReplace Behavior [ RunTime:0.000077s ]
INFO: Run TokenBuild Behavior [ RunTime:0.000076s ]
INFO: Run WriteHtmlCache Behavior [ RunTime:0.000016s ]
INFO: Run ShowRuntime Behavior [ RunTime:0.000116s ]
INFO: [ view_filter ] --END-- [ RunTime:-0.003730s ]
INFO: [ view_end ] --START--
INFO: Run ShowPageTrace Behavior [ RunTime:0.000063s ]
INFO: [ view_end ] --END-- [ RunTime:-0.003524s ]

[ 2013-10-09T20:59:20+08:00 ] 127.0.0.1 /papawithme/index.php/Home/editProfile
INFO: [ route_check ] --START--
INFO: Run CheckRoute Behavior [ RunTime:0.001275s ]
INFO: [ route_check ] --END-- [ RunTime:0.001478s ]
INFO: [ app_begin ] --START--
INFO: Run ReadHtmlCache Behavior [ RunTime:0.000955s ]
INFO: [ app_begin ] --END-- [ RunTime:0.001131s ]
NOTIC: 建议使用I方法替代_server
SQL: SHOW COLUMNS FROM `think_user_profile` [ RunTime:0.003018s ]
SQL: SELECT * FROM `think_user_profile` WHERE ( `user_name` = 'cc' )  [ RunTime:0.000307s ]
INFO: [ view_template ] --START--
INFO: Run LocationTemplate Behavior [ RunTime:0.000564s ]
INFO: [ view_template ] --END-- [ RunTime:0.000661s ]
INFO: [ view_parse ] --START--
INFO: Run ParseTemplate Behavior [ RunTime:0.183628s ]
INFO: [ view_parse ] --END-- [ RunTime:0.183808s ]
INFO: [ view_filter ] --START--
INFO: Run ContentReplace Behavior [ RunTime:0.001003s ]
INFO: Run TokenBuild Behavior [ RunTime:0.000859s ]
INFO: Run WriteHtmlCache Behavior [ RunTime:0.000670s ]
INFO: Run ShowRuntime Behavior [ RunTime:0.001213s ]
INFO: [ view_filter ] --END-- [ RunTime:0.004284s ]
INFO: [ view_end ] --START--
INFO: Run ShowPageTrace Behavior [ RunTime:0.001504s ]
INFO: [ view_end ] --END-- [ RunTime:0.001702s ]
INFO: [ view_template ] --START--
INFO: Run LocationTemplate Behavior [ RunTime:0.000332s ]
INFO: [ view_template ] --END-- [ RunTime:-0.190455s ]
INFO: [ view_parse ] --START--
INFO: Run ParseTemplate Behavior [ RunTime:0.005646s ]
INFO: [ view_parse ] --END-- [ RunTime:-0.007253s ]
INFO: [ view_filter ] --START--
INFO: Run ContentReplace Behavior [ RunTime:0.000085s ]
INFO: Run TokenBuild Behavior [ RunTime:0.000075s ]
INFO: Run WriteHtmlCache Behavior [ RunTime:0.000018s ]
INFO: Run ShowRuntime Behavior [ RunTime:0.000116s ]
INFO: [ view_filter ] --END-- [ RunTime:-0.008669s ]
INFO: [ view_end ] --START--
INFO: Run ShowPageTrace Behavior [ RunTime:0.000062s ]
INFO: [ view_end ] --END-- [ RunTime:-0.007335s ]

[ 2013-10-09T20:59:49+08:00 ] 127.0.0.1 /papawithme/index.php/Home/calenderbg.gif
INFO: [ route_check ] --START--
INFO: Run CheckRoute Behavior [ RunTime:0.001082s ]
INFO: [ route_check ] --END-- [ RunTime:0.001259s ]
INFO: [ app_begin ] --START--
INFO: Run ReadHtmlCache Behavior [ RunTime:0.000766s ]
INFO: [ app_begin ] --END-- [ RunTime:0.000911s ]
ERR: 非法操作:calenderbg.gif

[ 2013-10-09T20:59:59+08:00 ] 127.0.0.1 /papawithme/index.php/Home/updateProfile
INFO: [ route_check ] --START--
INFO: Run CheckRoute Behavior [ RunTime:0.001214s ]
INFO: [ route_check ] --END-- [ RunTime:0.001428s ]
INFO: [ app_begin ] --START--
INFO: Run ReadHtmlCache Behavior [ RunTime:0.000905s ]
INFO: [ app_begin ] --END-- [ RunTime:0.001058s ]
SQL: SHOW COLUMNS FROM `think_user_profile` [ RunTime:0.004876s ]
NOTIC: 建议使用I方法替代_param
NOTIC: 建议使用I方法替代_param
NOTIC: 建议使用I方法替代_param
NOTIC: 建议使用I方法替代_param
NOTIC: 建议使用I方法替代_param
NOTIC: 建议使用I方法替代_param
NOTIC: 建议使用I方法替代_param
NOTIC: 建议使用I方法替代_param
NOTIC: 建议使用I方法替代_param
SQL: INSERT INTO `think_user_profile` (`profile_name`,`profile_sex`,`user_name`,`profile_motto`,`profile_skill`,`profile_hobby`,`profile_now`,`profile_department`,`profile_birthday`,`profile_autobiography`) VALUES ('cc','男生','cc','AAA','SKILL','HOBBY','SINGLE','SMD','1990-10-17','COMMENT') [ RunTime:0.012964s ]
ERR: 1062:Duplicate entry 'cc' for key 'user_name'
 [ SQL语句 ] : INSERT INTO `think_user_profile` (`profile_name`,`profile_sex`,`user_name`,`profile_motto`,`profile_skill`,`profile_hobby`,`profile_now`,`profile_department`,`profile_birthday`,`profile_autobiography`) VALUES ('cc','男生','cc','AAA','SKILL','HOBBY','SINGLE','SMD','1990-10-17','COMMENT')
SQL: UPDATE `think_user_profile` SET `profile_name`='cc',`profile_sex`='男生',`user_name`='cc',`profile_motto`='AAA',`profile_skill`='SKILL',`profile_hobby`='HOBBY',`profile_now`='SINGLE',`profile_department`='SMD',`profile_birthday`='1990-10-17',`profile_autobiography`='COMMENT' WHERE ( `user_name` = 'cc' ) [ RunTime:0.013089s ]
INFO: [ view_template ] --START--
INFO: Run LocationTemplate Behavior [ RunTime:0.002409s ]
INFO: [ view_template ] --END-- [ RunTime:0.002589s ]
INFO: [ view_parse ] --START--
INFO: Run ParseTemplate Behavior [ RunTime:0.023432s ]
INFO: [ view_parse ] --END-- [ RunTime:0.023629s ]
INFO: [ view_filter ] --START--
INFO: Run ContentReplace Behavior [ RunTime:0.001626s ]
INFO: Run TokenBuild Behavior [ RunTime:0.001615s ]
INFO: Run WriteHtmlCache Behavior [ RunTime:0.001377s ]
INFO: Run ShowRuntime Behavior [ RunTime:0.001764s ]
INFO: [ view_filter ] --END-- [ RunTime:0.006865s ]
INFO: [ view_end ] --START--
INFO: Run ShowPageTrace Behavior [ RunTime:0.002143s ]
INFO: [ view_end ] --END-- [ RunTime:0.002323s ]

[ 2013-10-09T21:00:00+08:00 ] 127.0.0.1 /papawithme/index.php/Home/profile
INFO: [ route_check ] --START--
INFO: Run CheckRoute Behavior [ RunTime:0.001881s ]
INFO: [ route_check ] --END-- [ RunTime:0.002054s ]
INFO: [ app_begin ] --START--
INFO: Run ReadHtmlCache Behavior [ RunTime:0.001659s ]
INFO: [ app_begin ] --END-- [ RunTime:0.001794s ]
SQL: SHOW COLUMNS FROM `think_user_profile` [ RunTime:0.003932s ]
SQL: SELECT * FROM `think_user_profile` WHERE ( `user_name` = 'cc' )  [ RunTime:0.000341s ]
SQL: SHOW COLUMNS FROM `think_user_attribute` [ RunTime:0.003249s ]
SQL: SELECT * FROM `think_user_attribute` WHERE ( `user_name` = 'cc' )  [ RunTime:0.000260s ]
INFO: [ view_template ] --START--
INFO: Run LocationTemplate Behavior [ RunTime:0.001548s ]
INFO: [ view_template ] --END-- [ RunTime:0.001639s ]
INFO: [ view_parse ] --START--
INFO: Run ParseTemplate Behavior [ RunTime:0.010303s ]
INFO: [ view_parse ] --END-- [ RunTime:0.010440s ]
INFO: [ view_filter ] --START--
INFO: Run ContentReplace Behavior [ RunTime:0.000987s ]
INFO: Run TokenBuild Behavior [ RunTime:0.001184s ]
INFO: Run WriteHtmlCache Behavior [ RunTime:0.000893s ]
INFO: Run ShowRuntime Behavior [ RunTime:0.001213s ]
INFO: [ view_filter ] --END-- [ RunTime:0.004586s ]
INFO: [ view_end ] --START--
INFO: Run ShowPageTrace Behavior [ RunTime:0.001519s ]
INFO: [ view_end ] --END-- [ RunTime:0.001647s ]
INFO: [ view_template ] --START--
INFO: Run LocationTemplate Behavior [ RunTime:0.000531s ]
INFO: [ view_template ] --END-- [ RunTime:-0.017099s ]
INFO: [ view_parse ] --START--
INFO: Run ParseTemplate Behavior [ RunTime:0.003094s ]
INFO: [ view_parse ] --END-- [ RunTime:-0.007274s ]
INFO: [ view_filter ] --START--
INFO: Run ContentReplace Behavior [ RunTime:0.000081s ]
INFO: Run TokenBuild Behavior [ RunTime:0.000076s ]
INFO: Run WriteHtmlCache Behavior [ RunTime:0.000017s ]
INFO: Run ShowRuntime Behavior [ RunTime:0.000116s ]
INFO: [ view_filter ] --END-- [ RunTime:-0.005880s ]
INFO: [ view_end ] --START--
INFO: Run ShowPageTrace Behavior [ RunTime:0.000062s ]
INFO: [ view_end ] --END-- [ RunTime:-0.004678s ]

[ 2013-10-09T21:24:02+08:00 ] 127.0.0.1 /papawithme/index.php/
INFO: [ route_check ] --START--
INFO: Run CheckRoute Behavior [ RunTime:0.000881s ]
INFO: [ route_check ] --END-- [ RunTime:0.000990s ]
INFO: [ app_begin ] --START--
INFO: Run ReadHtmlCache Behavior [ RunTime:0.000704s ]
INFO: [ app_begin ] --END-- [ RunTime:0.000791s ]
INFO: [ view_template ] --START--
INFO: Run LocationTemplate Behavior [ RunTime:0.000740s ]
INFO: [ view_template ] --END-- [ RunTime:0.000832s ]
INFO: [ view_parse ] --START--
INFO: Run ParseTemplate Behavior [ RunTime:0.007559s ]
INFO: [ view_parse ] --END-- [ RunTime:0.007668s ]
INFO: [ view_filter ] --START--
INFO: Run ContentReplace Behavior [ RunTime:0.000586s ]
INFO: Run TokenBuild Behavior [ RunTime:0.000578s ]
INFO: Run WriteHtmlCache Behavior [ RunTime:0.000453s ]
INFO: Run ShowRuntime Behavior [ RunTime:0.000591s ]
INFO: [ view_filter ] --END-- [ RunTime:0.002449s ]
INFO: [ view_end ] --START--
INFO: Run ShowPageTrace Behavior [ RunTime:0.000762s ]
INFO: [ view_end ] --END-- [ RunTime:0.000857s ]

[ 2013-10-09T21:24:04+08:00 ] 127.0.0.1 /papawithme/index.php/Home
INFO: [ route_check ] --START--
INFO: Run CheckRoute Behavior [ RunTime:0.001256s ]
INFO: [ route_check ] --END-- [ RunTime:0.001429s ]
INFO: [ app_begin ] --START--
INFO: Run ReadHtmlCache Behavior [ RunTime:0.000965s ]
INFO: [ app_begin ] --END-- [ RunTime:0.001111s ]
INFO: [ view_template ] --START--
INFO: Run LocationTemplate Behavior [ RunTime:0.001019s ]
INFO: [ view_template ] --END-- [ RunTime:0.001169s ]
INFO: [ view_parse ] --START--
INFO: Run ParseTemplate Behavior [ RunTime:0.015426s ]
INFO: [ view_parse ] --END-- [ RunTime:0.015571s ]
INFO: [ view_filter ] --START--
INFO: Run ContentReplace Behavior [ RunTime:0.000656s ]
INFO: Run TokenBuild Behavior [ RunTime:0.000553s ]
INFO: Run WriteHtmlCache Behavior [ RunTime:0.000466s ]
INFO: Run ShowRuntime Behavior [ RunTime:0.000664s ]
INFO: [ view_filter ] --END-- [ RunTime:0.002587s ]
INFO: [ view_end ] --START--
INFO: Run ShowPageTrace Behavior [ RunTime:0.000699s ]
INFO: [ view_end ] --END-- [ RunTime:0.000785s ]
INFO: [ view_template ] --START--
INFO: Run LocationTemplate Behavior [ RunTime:0.000274s ]
INFO: [ view_template ] --END-- [ RunTime:-0.019329s ]
INFO: [ view_parse ] --START--
INFO: Run ParseTemplate Behavior [ RunTime:0.002706s ]
INFO: [ view_parse ] --END-- [ RunTime:-0.004063s ]
INFO: [ view_filter ] --START--
INFO: Run ContentReplace Behavior [ RunTime:0.000072s ]
INFO: Run TokenBuild Behavior [ RunTime:0.000071s ]
INFO: Run WriteHtmlCache Behavior [ RunTime:0.000016s ]
INFO: Run ShowRuntime Behavior [ RunTime:0.000108s ]
INFO: [ view_filter ] --END-- [ RunTime:-0.004251s ]
INFO: [ view_end ] --START--
INFO: Run ShowPageTrace Behavior [ RunTime:0.000058s ]
INFO: [ view_end ] --END-- [ RunTime:-0.003907s ]

[ 2013-10-09T21:31:07+08:00 ] 127.0.0.1 /papawithme/index.php/Home/profile
INFO: [ route_check ] --START--
INFO: Run CheckRoute Behavior [ RunTime:0.001256s ]
INFO: [ route_check ] --END-- [ RunTime:0.001414s ]
INFO: [ app_begin ] --START--
INFO: Run ReadHtmlCache Behavior [ RunTime:0.000884s ]
INFO: [ app_begin ] --END-- [ RunTime:0.001019s ]
SQL: SHOW COLUMNS FROM `think_user_profile` [ RunTime:0.004636s ]
SQL: SELECT * FROM `think_user_profile` WHERE ( `user_name` = 'cc' )  [ RunTime:0.000378s ]
SQL: SHOW COLUMNS FROM `think_user_attribute` [ RunTime:0.004324s ]
SQL: SELECT * FROM `think_user_attribute` WHERE ( `user_name` = 'cc' )  [ RunTime:0.000366s ]
INFO: [ view_template ] --START--
INFO: Run LocationTemplate Behavior [ RunTime:0.001080s ]
INFO: [ view_template ] --END-- [ RunTime:0.001229s ]
INFO: [ view_parse ] --START--
INFO: Run ParseTemplate Behavior [ RunTime:0.010790s ]
INFO: [ view_parse ] --END-- [ RunTime:0.010969s ]
INFO: [ view_filter ] --START--
INFO: Run ContentReplace Behavior [ RunTime:0.000679s ]
INFO: Run TokenBuild Behavior [ RunTime:0.000633s ]
INFO: Run WriteHtmlCache Behavior [ RunTime:0.000469s ]
INFO: Run ShowRuntime Behavior [ RunTime:0.000759s ]
INFO: [ view_filter ] --END-- [ RunTime:0.002928s ]
INFO: [ view_end ] --START--
INFO: Run ShowPageTrace Behavior [ RunTime:0.000900s ]
INFO: [ view_end ] --END-- [ RunTime:0.001032s ]
INFO: [ view_template ] --START--
INFO: Run LocationTemplate Behavior [ RunTime:0.000306s ]
INFO: [ view_template ] --END-- [ RunTime:-0.015435s ]
INFO: [ view_parse ] --START--
INFO: Run ParseTemplate Behavior [ RunTime:0.003717s ]
INFO: [ view_parse ] --END-- [ RunTime:-0.004900s ]
INFO: [ view_filter ] --START--
INFO: Run ContentReplace Behavior [ RunTime:0.000127s ]
INFO: Run TokenBuild Behavior [ RunTime:0.000120s ]
INFO: Run WriteHtmlCache Behavior [ RunTime:0.000031s ]
INFO: Run ShowRuntime Behavior [ RunTime:0.000181s ]
INFO: [ view_filter ] --END-- [ RunTime:-0.005847s ]
INFO: [ view_end ] --START--
INFO: Run ShowPageTrace Behavior [ RunTime:0.000094s ]
INFO: [ view_end ] --END-- [ RunTime:-0.005608s ]

[ 2013-10-09T21:31:10+08:00 ] 127.0.0.1 /papawithme/index.php/Home
INFO: [ route_check ] --START--
INFO: Run CheckRoute Behavior [ RunTime:0.001796s ]
INFO: [ route_check ] --END-- [ RunTime:0.002078s ]
INFO: [ app_begin ] --START--
INFO: Run ReadHtmlCache Behavior [ RunTime:0.001242s ]
INFO: [ app_begin ] --END-- [ RunTime:0.001453s ]
INFO: [ view_template ] --START--
INFO: Run LocationTemplate Behavior [ RunTime:0.001105s ]
INFO: [ view_template ] --END-- [ RunTime:0.001346s ]
INFO: [ view_parse ] --START--
INFO: Run ParseTemplate Behavior [ RunTime:0.011200s ]
INFO: [ view_parse ] --END-- [ RunTime:0.011398s ]
INFO: [ view_filter ] --START--
INFO: Run ContentReplace Behavior [ RunTime:0.000538s ]
INFO: Run TokenBuild Behavior [ RunTime:0.000439s ]
INFO: Run WriteHtmlCache Behavior [ RunTime:0.000275s ]
INFO: Run ShowRuntime Behavior [ RunTime:0.000484s ]
INFO: [ view_filter ] --END-- [ RunTime:0.002007s ]
INFO: [ view_end ] --START--
INFO: Run ShowPageTrace Behavior [ RunTime:0.000632s ]
INFO: [ view_end ] --END-- [ RunTime:0.000727s ]
INFO: [ view_template ] --START--
INFO: Run LocationTemplate Behavior [ RunTime:0.000149s ]
INFO: [ view_template ] --END-- [ RunTime:-0.014577s ]
INFO: [ view_parse ] --START--
INFO: Run ParseTemplate Behavior [ RunTime:0.002511s ]
INFO: [ view_parse ] --END-- [ RunTime:-0.003326s ]
INFO: [ view_filter ] --START--
INFO: Run ContentReplace Behavior [ RunTime:0.000086s ]
INFO: Run TokenBuild Behavior [ RunTime:0.000079s ]
INFO: Run WriteHtmlCache Behavior [ RunTime:0.000020s ]
INFO: Run ShowRuntime Behavior [ RunTime:0.000121s ]
INFO: [ view_filter ] --END-- [ RunTime:-0.003922s ]
INFO: [ view_end ] --START--
INFO: Run ShowPageTrace Behavior [ RunTime:0.000063s ]
INFO: [ view_end ] --END-- [ RunTime:-0.003713s ]

[ 2013-10-09T21:31:17+08:00 ] 127.0.0.1 /papawithme/index.php/Meet/browse/type/1
INFO: [ route_check ] --START--
INFO: Run CheckRoute Behavior [ RunTime:0.001232s ]
INFO: [ route_check ] --END-- [ RunTime:0.001437s ]
INFO: [ app_begin ] --START--
INFO: Run ReadHtmlCache Behavior [ RunTime:0.001032s ]
INFO: [ app_begin ] --END-- [ RunTime:0.001202s ]
SQL: SHOW COLUMNS FROM `think_meeting` [ RunTime:0.020265s ]
SQL: SELECT * FROM `think_meeting` WHERE ( `type` = 1 )  [ RunTime:0.000432s ]
INFO: [ view_template ] --START--
INFO: Run LocationTemplate Behavior [ RunTime:0.000967s ]
INFO: [ view_template ] --END-- [ RunTime:0.001112s ]
INFO: [ view_parse ] --START--
INFO: Run ParseTemplate Behavior [ RunTime:0.019193s ]
INFO: [ view_parse ] --END-- [ RunTime:0.019381s ]
INFO: [ view_filter ] --START--
INFO: Run ContentReplace Behavior [ RunTime:0.000559s ]
INFO: Run TokenBuild Behavior [ RunTime:0.000567s ]
INFO: Run WriteHtmlCache Behavior [ RunTime:0.000405s ]
INFO: Run ShowRuntime Behavior [ RunTime:0.000681s ]
INFO: [ view_filter ] --END-- [ RunTime:0.002586s ]
INFO: [ view_end ] --START--
INFO: Run ShowPageTrace Behavior [ RunTime:0.000925s ]
INFO: [ view_end ] --END-- [ RunTime:0.001048s ]
INFO: [ view_template ] --START--
INFO: Run LocationTemplate Behavior [ RunTime:0.000304s ]
INFO: [ view_template ] --END-- [ RunTime:-0.023544s ]
INFO: [ view_parse ] --START--
INFO: Run ParseTemplate Behavior [ RunTime:0.004097s ]
INFO: [ view_parse ] --END-- [ RunTime:-0.004594s ]
INFO: [ view_filter ] --START--
INFO: Run ContentReplace Behavior [ RunTime:0.000134s ]
INFO: Run TokenBuild Behavior [ RunTime:0.000116s ]
INFO: Run WriteHtmlCache Behavior [ RunTime:0.000026s ]
INFO: Run ShowRuntime Behavior [ RunTime:0.000175s ]
INFO: [ view_filter ] --END-- [ RunTime:-0.006278s ]
INFO: [ view_end ] --START--
INFO: Run ShowPageTrace Behavior [ RunTime:0.000095s ]
INFO: [ view_end ] --END-- [ RunTime:-0.006015s ]

