[ 2013-10-08T19:10:32+08:00 ] 127.0.0.1 /papawithme/index.php
INFO: [ app_begin ] --START--
INFO: Run ReadHtmlCache Behavior [ RunTime:0.021802s ]
INFO: [ app_begin ] --END-- [ RunTime:0.022491s ]
INFO: [ view_template ] --START--
INFO: Run LocationTemplate Behavior [ RunTime:0.003157s ]
INFO: [ view_template ] --END-- [ RunTime:0.003319s ]
INFO: [ view_parse ] --START--
INFO: Run ParseTemplate Behavior [ RunTime:0.055313s ]
INFO: [ view_parse ] --END-- [ RunTime:0.055433s ]
INFO: [ view_filter ] --START--
INFO: Run ContentReplace Behavior [ RunTime:0.001234s ]
INFO: Run TokenBuild Behavior [ RunTime:0.000889s ]
INFO: Run WriteHtmlCache Behavior [ RunTime:0.005197s ]
INFO: Run ShowRuntime Behavior [ RunTime:0.001304s ]
INFO: [ view_filter ] --END-- [ RunTime:0.008863s ]
INFO: [ view_end ] --START--
INFO: Run ShowPageTrace Behavior [ RunTime:0.001241s ]
INFO: [ view_end ] --END-- [ RunTime:0.001328s ]

[ 2013-10-08T19:10:51+08:00 ] 127.0.0.1 /papawithme/index.php
INFO: [ app_begin ] --START--
INFO: Run ReadHtmlCache Behavior [ RunTime:0.000642s ]
INFO: [ app_begin ] --END-- [ RunTime:0.000745s ]
INFO: [ view_template ] --START--
INFO: Run LocationTemplate Behavior [ RunTime:0.000572s ]
INFO: [ view_template ] --END-- [ RunTime:0.000663s ]
INFO: [ view_parse ] --START--
INFO: Run ParseTemplate Behavior [ RunTime:0.006968s ]
INFO: [ view_parse ] --END-- [ RunTime:0.007069s ]
INFO: [ view_filter ] --START--
INFO: Run ContentReplace Behavior [ RunTime:0.000429s ]
INFO: Run TokenBuild Behavior [ RunTime:0.000434s ]
INFO: Run WriteHtmlCache Behavior [ RunTime:0.000313s ]
INFO: Run ShowRuntime Behavior [ RunTime:0.000590s ]
INFO: [ view_filter ] --END-- [ RunTime:0.002005s ]
INFO: [ view_end ] --START--
INFO: Run ShowPageTrace Behavior [ RunTime:0.000652s ]
INFO: [ view_end ] --END-- [ RunTime:0.000744s ]

[ 2013-10-08T19:11:06+08:00 ] 127.0.0.1 /papawithme/index.php/Home
INFO: [ route_check ] --START--
INFO: Run CheckRoute Behavior [ RunTime:0.043785s ]
INFO: [ route_check ] --END-- [ RunTime:0.043908s ]
INFO: [ app_begin ] --START--
INFO: Run ReadHtmlCache Behavior [ RunTime:0.000715s ]
INFO: [ app_begin ] --END-- [ RunTime:0.000805s ]
INFO: [ view_template ] --START--
INFO: Run LocationTemplate Behavior [ RunTime:0.018695s ]
INFO: [ view_template ] --END-- [ RunTime:0.018881s ]
INFO: [ view_parse ] --START--
INFO: Run ParseTemplate Behavior [ RunTime:0.030407s ]
INFO: [ view_parse ] --END-- [ RunTime:0.030532s ]
INFO: [ view_filter ] --START--
INFO: Run ContentReplace Behavior [ RunTime:0.000523s ]
INFO: Run TokenBuild Behavior [ RunTime:0.000422s ]
INFO: Run WriteHtmlCache Behavior [ RunTime:0.000305s ]
INFO: Run ShowRuntime Behavior [ RunTime:0.000583s ]
INFO: [ view_filter ] --END-- [ RunTime:0.002117s ]
INFO: [ view_end ] --START--
INFO: Run ShowPageTrace Behavior [ RunTime:0.000643s ]
INFO: [ view_end ] --END-- [ RunTime:0.000728s ]
INFO: [ view_template ] --START--
INFO: Run LocationTemplate Behavior [ RunTime:0.000208s ]
INFO: [ view_template ] --END-- [ RunTime:-0.033816s ]
INFO: [ view_parse ] --START--
INFO: Run ParseTemplate Behavior [ RunTime:0.010100s ]
INFO: [ view_parse ] --END-- [ RunTime:-0.003563s ]
INFO: [ view_filter ] --START--
INFO: Run ContentReplace Behavior [ RunTime:0.000081s ]
INFO: Run TokenBuild Behavior [ RunTime:0.000077s ]
INFO: Run WriteHtmlCache Behavior [ RunTime:0.000018s ]
INFO: Run ShowRuntime Behavior [ RunTime:0.000117s ]
INFO: [ view_filter ] --END-- [ RunTime:-0.011663s ]
INFO: [ view_end ] --START--
INFO: Run ShowPageTrace Behavior [ RunTime:0.000064s ]
INFO: [ view_end ] --END-- [ RunTime:-0.011338s ]

