[ 2014-01-11T17:04:02+08:00 ] 127.0.0.1 /papawithme/
INFO: [ app_begin ] --START--
INFO: Run ReadHtmlCache Behavior [ RunTime:0.005797s ]
INFO: [ app_begin ] --END-- [ RunTime:0.006197s ]
INFO: [ view_template ] --START--
INFO: Run LocationTemplate Behavior [ RunTime:0.000661s ]
INFO: [ view_template ] --END-- [ RunTime:0.000749s ]
INFO: [ view_parse ] --START--
INFO: Run ParseTemplate Behavior [ RunTime:0.013825s ]
INFO: [ view_parse ] --END-- [ RunTime:0.013962s ]
INFO: [ view_filter ] --START--
INFO: Run ContentReplace Behavior [ RunTime:0.000594s ]
INFO: Run TokenBuild Behavior [ RunTime:0.000520s ]
INFO: Run WriteHtmlCache Behavior [ RunTime:0.000407s ]
INFO: Run ShowRuntime Behavior [ RunTime:0.000535s ]
INFO: [ view_filter ] --END-- [ RunTime:0.002242s ]
INFO: [ view_end ] --START--
INFO: Run ShowPageTrace Behavior [ RunTime:0.000640s ]
INFO: [ view_end ] --END-- [ RunTime:0.000707s ]

[ 2014-01-11T17:04:04+08:00 ] 127.0.0.1 /papawithme/index.php/Home
INFO: [ route_check ] --START--
INFO: Run CheckRoute Behavior [ RunTime:0.000786s ]
INFO: [ route_check ] --END-- [ RunTime:0.000880s ]
INFO: [ app_begin ] --START--
INFO: Run ReadHtmlCache Behavior [ RunTime:0.000449s ]
INFO: [ app_begin ] --END-- [ RunTime:0.000517s ]
INFO: [ view_template ] --START--
INFO: Run LocationTemplate Behavior [ RunTime:0.000621s ]
INFO: [ view_template ] --END-- [ RunTime:0.000721s ]
INFO: [ view_parse ] --START--
INFO: Run ParseTemplate Behavior [ RunTime:0.007799s ]
INFO: [ view_parse ] --END-- [ RunTime:0.007884s ]
INFO: [ view_filter ] --START--
INFO: Run ContentReplace Behavior [ RunTime:0.000414s ]
INFO: Run TokenBuild Behavior [ RunTime:0.000380s ]
INFO: Run WriteHtmlCache Behavior [ RunTime:0.000290s ]
INFO: Run ShowRuntime Behavior [ RunTime:0.000426s ]
INFO: [ view_filter ] --END-- [ RunTime:0.001693s ]
INFO: [ view_end ] --START--
INFO: Run ShowPageTrace Behavior [ RunTime:0.000475s ]
INFO: [ view_end ] --END-- [ RunTime:0.000538s ]
INFO: [ view_template ] --START--
INFO: Run LocationTemplate Behavior [ RunTime:0.000165s ]
INFO: [ view_template ] --END-- [ RunTime:-0.010353s ]
INFO: [ view_parse ] --START--
INFO: Run ParseTemplate Behavior [ RunTime:0.001882s ]
INFO: [ view_parse ] --END-- [ RunTime:-0.002689s ]
INFO: [ view_filter ] --START--
INFO: Run ContentReplace Behavior [ RunTime:0.000056s ]
INFO: Run TokenBuild Behavior [ RunTime:0.000050s ]
INFO: Run WriteHtmlCache Behavior [ RunTime:0.000012s ]
INFO: Run ShowRuntime Behavior [ RunTime:0.000076s ]
INFO: [ view_filter ] --END-- [ RunTime:-0.002936s ]
INFO: [ view_end ] --START--
INFO: Run ShowPageTrace Behavior [ RunTime:0.000040s ]
INFO: [ view_end ] --END-- [ RunTime:-0.002713s ]

[ 2014-01-11T17:04:08+08:00 ] 127.0.0.1 /papawithme/index.php/Home/login
INFO: [ route_check ] --START--
INFO: Run CheckRoute Behavior [ RunTime:0.000630s ]
INFO: [ route_check ] --END-- [ RunTime:0.000712s ]
INFO: [ app_begin ] --START--
INFO: Run ReadHtmlCache Behavior [ RunTime:0.000433s ]
INFO: [ app_begin ] --END-- [ RunTime:0.000501s ]
INFO: [ view_template ] --START--
INFO: Run LocationTemplate Behavior [ RunTime:0.000492s ]
INFO: [ view_template ] --END-- [ RunTime:0.000562s ]
INFO: [ view_parse ] --START--
INFO: Run ParseTemplate Behavior [ RunTime:0.005068s ]
INFO: [ view_parse ] --END-- [ RunTime:0.005142s ]
INFO: [ view_filter ] --START--
INFO: Run ContentReplace Behavior [ RunTime:0.000353s ]
INFO: Run TokenBuild Behavior [ RunTime:0.000352s ]
INFO: Run WriteHtmlCache Behavior [ RunTime:0.000274s ]
INFO: Run ShowRuntime Behavior [ RunTime:0.000426s ]
INFO: [ view_filter ] --END-- [ RunTime:0.001581s ]
INFO: [ view_end ] --START--
INFO: Run ShowPageTrace Behavior [ RunTime:0.000469s ]
INFO: [ view_end ] --END-- [ RunTime:0.000530s ]
INFO: [ view_template ] --START--
INFO: Run LocationTemplate Behavior [ RunTime:0.000170s ]
INFO: [ view_template ] --END-- [ RunTime:-0.007480s ]
INFO: [ view_parse ] --START--
INFO: Run ParseTemplate Behavior [ RunTime:0.002027s ]
INFO: [ view_parse ] --END-- [ RunTime:-0.002562s ]
INFO: [ view_filter ] --START--
INFO: Run ContentReplace Behavior [ RunTime:0.000058s ]
INFO: Run TokenBuild Behavior [ RunTime:0.000051s ]
INFO: Run WriteHtmlCache Behavior [ RunTime:0.000012s ]
INFO: Run ShowRuntime Behavior [ RunTime:0.000076s ]
INFO: [ view_filter ] --END-- [ RunTime:-0.003084s ]
INFO: [ view_end ] --START--
INFO: Run ShowPageTrace Behavior [ RunTime:0.000042s ]
INFO: [ view_end ] --END-- [ RunTime:-0.002882s ]

[ 2014-01-11T17:04:11+08:00 ] 127.0.0.1 /papawithme/index.php/Index/Login
INFO: [ route_check ] --START--
INFO: Run CheckRoute Behavior [ RunTime:0.000519s ]
INFO: [ route_check ] --END-- [ RunTime:0.000600s ]
INFO: [ app_begin ] --START--
INFO: Run ReadHtmlCache Behavior [ RunTime:0.000389s ]
INFO: [ app_begin ] --END-- [ RunTime:0.000446s ]
SQL: SHOW COLUMNS FROM `think_user` [ RunTime:0.265685s ]
NOTIC: 建议使用I方法替代_param
NOTIC: 建议使用I方法替代_param
SQL: SELECT * FROM `think_user` WHERE ( `user_email` = 'root@papawith.me' ) AND ( `user_psd` = 'papawithme~' )  [ RunTime:0.055077s ]

[ 2014-01-11T17:04:11+08:00 ] 127.0.0.1 /papawithme/index.php/Home
INFO: [ route_check ] --START--
INFO: Run CheckRoute Behavior [ RunTime:0.000863s ]
INFO: [ route_check ] --END-- [ RunTime:0.000981s ]
INFO: [ app_begin ] --START--
INFO: Run ReadHtmlCache Behavior [ RunTime:0.000676s ]
INFO: [ app_begin ] --END-- [ RunTime:0.000776s ]
INFO: [ view_template ] --START--
INFO: Run LocationTemplate Behavior [ RunTime:0.000411s ]
INFO: [ view_template ] --END-- [ RunTime:0.000485s ]
INFO: [ view_parse ] --START--
INFO: Run ParseTemplate Behavior [ RunTime:0.008086s ]
INFO: [ view_parse ] --END-- [ RunTime:0.008176s ]
INFO: [ view_filter ] --START--
INFO: Run ContentReplace Behavior [ RunTime:0.000361s ]
INFO: Run TokenBuild Behavior [ RunTime:0.000315s ]
INFO: Run WriteHtmlCache Behavior [ RunTime:0.000262s ]
INFO: Run ShowRuntime Behavior [ RunTime:0.000384s ]
INFO: [ view_filter ] --END-- [ RunTime:0.001508s ]
INFO: [ view_end ] --START--
INFO: Run ShowPageTrace Behavior [ RunTime:0.000423s ]
INFO: [ view_end ] --END-- [ RunTime:0.000484s ]
INFO: [ view_template ] --START--
INFO: Run LocationTemplate Behavior [ RunTime:0.000124s ]
INFO: [ view_template ] --END-- [ RunTime:-0.010412s ]
INFO: [ view_parse ] --START--
INFO: Run ParseTemplate Behavior [ RunTime:0.002077s ]
INFO: [ view_parse ] --END-- [ RunTime:-0.002410s ]
INFO: [ view_filter ] --START--
INFO: Run ContentReplace Behavior [ RunTime:0.000065s ]
INFO: Run TokenBuild Behavior [ RunTime:0.000051s ]
INFO: Run WriteHtmlCache Behavior [ RunTime:0.000012s ]
INFO: Run ShowRuntime Behavior [ RunTime:0.000094s ]
INFO: [ view_filter ] --END-- [ RunTime:-0.003035s ]
INFO: [ view_end ] --START--
INFO: Run ShowPageTrace Behavior [ RunTime:0.000042s ]
INFO: [ view_end ] --END-- [ RunTime:-0.002928s ]

[ 2014-01-11T17:04:46+08:00 ] 127.0.0.1 /papawithme/index.php/Board
INFO: [ route_check ] --START--
INFO: Run CheckRoute Behavior [ RunTime:0.000562s ]
INFO: [ route_check ] --END-- [ RunTime:0.000647s ]
INFO: [ app_begin ] --START--
INFO: Run ReadHtmlCache Behavior [ RunTime:0.000390s ]
INFO: [ app_begin ] --END-- [ RunTime:0.000473s ]
INFO: [ view_template ] --START--
INFO: Run LocationTemplate Behavior [ RunTime:0.000420s ]
INFO: [ view_template ] --END-- [ RunTime:0.000491s ]
INFO: [ view_parse ] --START--
INFO: Run ParseTemplate Behavior [ RunTime:0.009640s ]
INFO: [ view_parse ] --END-- [ RunTime:0.009719s ]
INFO: [ view_filter ] --START--
INFO: Run ContentReplace Behavior [ RunTime:0.000363s ]
INFO: Run TokenBuild Behavior [ RunTime:0.000322s ]
INFO: Run WriteHtmlCache Behavior [ RunTime:0.000226s ]
INFO: Run ShowRuntime Behavior [ RunTime:0.000357s ]
INFO: [ view_filter ] --END-- [ RunTime:0.001440s ]
INFO: [ view_end ] --START--
INFO: Run ShowPageTrace Behavior [ RunTime:0.000395s ]
INFO: [ view_end ] --END-- [ RunTime:0.000455s ]
INFO: [ view_template ] --START--
INFO: Run LocationTemplate Behavior [ RunTime:0.000193s ]
INFO: [ view_template ] --END-- [ RunTime:-0.011862s ]
INFO: [ view_parse ] --START--
INFO: Run ParseTemplate Behavior [ RunTime:0.002037s ]
INFO: [ view_parse ] --END-- [ RunTime:-0.002390s ]
INFO: [ view_filter ] --START--
INFO: Run ContentReplace Behavior [ RunTime:0.000059s ]
INFO: Run TokenBuild Behavior [ RunTime:0.000052s ]
INFO: Run WriteHtmlCache Behavior [ RunTime:0.000011s ]
INFO: Run ShowRuntime Behavior [ RunTime:0.000078s ]
INFO: [ view_filter ] --END-- [ RunTime:-0.003047s ]
INFO: [ view_end ] --START--
INFO: Run ShowPageTrace Behavior [ RunTime:0.000041s ]
INFO: [ view_end ] --END-- [ RunTime:-0.002907s ]

[ 2014-01-11T17:04:56+08:00 ] 127.0.0.1 /papawithme/index.php/Home/profile
INFO: [ route_check ] --START--
INFO: Run CheckRoute Behavior [ RunTime:0.000580s ]
INFO: [ route_check ] --END-- [ RunTime:0.000667s ]
INFO: [ app_begin ] --START--
INFO: Run ReadHtmlCache Behavior [ RunTime:0.000460s ]
INFO: [ app_begin ] --END-- [ RunTime:0.000545s ]
SQL: SHOW COLUMNS FROM `think_user_profile` [ RunTime:0.113048s ]
SQL: SELECT * FROM `think_user_profile` WHERE ( `user_name` = 'root' )  [ RunTime:0.000295s ]
SQL: SHOW COLUMNS FROM `think_user_attribute` [ RunTime:0.101980s ]
SQL: SELECT * FROM `think_user_attribute` WHERE ( `user_name` = 'root' )  [ RunTime:0.000260s ]
INFO: [ view_template ] --START--
INFO: Run LocationTemplate Behavior [ RunTime:0.000479s ]
INFO: [ view_template ] --END-- [ RunTime:0.000561s ]
INFO: [ view_parse ] --START--
INFO: Run ParseTemplate Behavior [ RunTime:0.005607s ]
INFO: [ view_parse ] --END-- [ RunTime:0.005691s ]
INFO: [ view_filter ] --START--
INFO: Run ContentReplace Behavior [ RunTime:0.000342s ]
INFO: Run TokenBuild Behavior [ RunTime:0.000340s ]
INFO: Run WriteHtmlCache Behavior [ RunTime:0.000260s ]
INFO: Run ShowRuntime Behavior [ RunTime:0.000370s ]
INFO: [ view_filter ] --END-- [ RunTime:0.001493s ]
INFO: [ view_end ] --START--
INFO: Run ShowPageTrace Behavior [ RunTime:0.000428s ]
INFO: [ view_end ] --END-- [ RunTime:0.000489s ]
INFO: [ view_template ] --START--
INFO: Run LocationTemplate Behavior [ RunTime:0.000126s ]
INFO: [ view_template ] --END-- [ RunTime:-0.007913s ]
INFO: [ view_parse ] --START--
INFO: Run ParseTemplate Behavior [ RunTime:0.001925s ]
INFO: [ view_parse ] --END-- [ RunTime:-0.002395s ]
INFO: [ view_filter ] --START--
INFO: Run ContentReplace Behavior [ RunTime:0.000055s ]
INFO: Run TokenBuild Behavior [ RunTime:0.000051s ]
INFO: Run WriteHtmlCache Behavior [ RunTime:0.000011s ]
INFO: Run ShowRuntime Behavior [ RunTime:0.000084s ]
INFO: [ view_filter ] --END-- [ RunTime:-0.002894s ]
INFO: [ view_end ] --START--
INFO: Run ShowPageTrace Behavior [ RunTime:0.000040s ]
INFO: [ view_end ] --END-- [ RunTime:-0.002728s ]

[ 2014-01-11T17:05:05+08:00 ] 127.0.0.1 /papawithme/index.php/Home/editAttribute
INFO: [ route_check ] --START--
INFO: Run CheckRoute Behavior [ RunTime:0.000590s ]
INFO: [ route_check ] --END-- [ RunTime:0.000674s ]
INFO: [ app_begin ] --START--
INFO: Run ReadHtmlCache Behavior [ RunTime:0.000412s ]
INFO: [ app_begin ] --END-- [ RunTime:0.000486s ]
SQL: SHOW COLUMNS FROM `think_user_attribute` [ RunTime:0.002450s ]
SQL: SELECT * FROM `think_user_attribute` WHERE ( `user_name` = 'root' )  [ RunTime:0.000246s ]
INFO: [ view_template ] --START--
INFO: Run LocationTemplate Behavior [ RunTime:0.000504s ]
INFO: [ view_template ] --END-- [ RunTime:0.000583s ]
INFO: [ view_parse ] --START--
INFO: Run ParseTemplate Behavior [ RunTime:0.005271s ]
INFO: [ view_parse ] --END-- [ RunTime:0.005344s ]
INFO: [ view_filter ] --START--
INFO: Run ContentReplace Behavior [ RunTime:0.000316s ]
INFO: Run TokenBuild Behavior [ RunTime:0.000305s ]
INFO: Run WriteHtmlCache Behavior [ RunTime:0.000233s ]
INFO: Run ShowRuntime Behavior [ RunTime:0.000359s ]
INFO: [ view_filter ] --END-- [ RunTime:0.001385s ]
INFO: [ view_end ] --START--
INFO: Run ShowPageTrace Behavior [ RunTime:0.000406s ]
INFO: [ view_end ] --END-- [ RunTime:0.000465s ]
INFO: [ view_template ] --START--
INFO: Run LocationTemplate Behavior [ RunTime:0.000123s ]
INFO: [ view_template ] --END-- [ RunTime:-0.007426s ]
INFO: [ view_parse ] --START--
INFO: Run ParseTemplate Behavior [ RunTime:0.002182s ]
INFO: [ view_parse ] --END-- [ RunTime:-0.002251s ]
INFO: [ view_filter ] --START--
INFO: Run ContentReplace Behavior [ RunTime:0.000060s ]
INFO: Run TokenBuild Behavior [ RunTime:0.000051s ]
INFO: Run WriteHtmlCache Behavior [ RunTime:0.000011s ]
INFO: Run ShowRuntime Behavior [ RunTime:0.000077s ]
INFO: [ view_filter ] --END-- [ RunTime:-0.003112s ]
INFO: [ view_end ] --START--
INFO: Run ShowPageTrace Behavior [ RunTime:0.000041s ]
INFO: [ view_end ] --END-- [ RunTime:-0.002973s ]

